2024-09-15 16:15:08.957 [info] [основное] Уровень ведения журнала: Info
2024-09-15 16:15:08.957 [info] [основное] Проверка найденного Git в: "git"
2024-09-15 16:15:08.957 [info] [основное] Используется Git "2.34.1" из "git"
2024-09-15 16:15:08.957 [info] [Model][doInitialScan] Initial repository scan started
2024-09-15 16:15:08.957 [info] > git rev-parse --show-toplevel [265ms]
2024-09-15 16:15:08.959 [info] > git rev-parse --git-dir --git-common-dir [4ms]
2024-09-15 16:15:09.001 [info] [Model][openRepository] Opened repository: /home/olga/frontend-project-44
2024-09-15 16:15:09.095 [info] > git config --get commit.template [55ms]
2024-09-15 16:15:09.124 [info] > git rev-parse --show-toplevel [81ms]
2024-09-15 16:15:09.135 [info] > git for-each-ref --format=%(refname)%00%(upstream:short)%00%(objectname)%00%(upstream:track)%00%(upstream:remotename)%00%(upstream:remoteref) refs/heads/main refs/remotes/main [16ms]
2024-09-15 16:15:09.149 [info] > git rev-parse --show-toplevel [15ms]
2024-09-15 16:15:09.186 [info] > git status -z -uall [15ms]
2024-09-15 16:15:09.260 [info] > git rev-parse --show-toplevel [95ms]
2024-09-15 16:15:09.270 [info] [Model][doInitialScan] Initial repository scan completed - repositories (1), closed repositories (0), parent repositories (0), unsafe repositories (0)
2024-09-15 16:15:09.335 [info] > git for-each-ref --format=%(refname)%00%(upstream:short)%00%(objectname)%00%(upstream:track)%00%(upstream:remotename)%00%(upstream:remoteref) refs/heads/main refs/remotes/main [104ms]
2024-09-15 16:15:09.360 [info] > git config --local branch.main.vscode-merge-base [6ms]
2024-09-15 16:15:09.396 [info] > git config --get commit.template [118ms]
2024-09-15 16:15:09.398 [info] > git for-each-ref --format=%(refname)%00%(upstream:short)%00%(objectname)%00%(upstream:track)%00%(upstream:remotename)%00%(upstream:remoteref) refs/heads/origin/main refs/remotes/origin/main [3ms]
2024-09-15 16:15:09.525 [info] > git merge-base refs/heads/main refs/remotes/origin/main [91ms]
2024-09-15 16:15:09.549 [info] > git for-each-ref --format=%(refname)%00%(upstream:short)%00%(objectname)%00%(upstream:track)%00%(upstream:remotename)%00%(upstream:remoteref) refs/heads/main refs/remotes/main [30ms]
2024-09-15 16:15:09.552 [info] > git rev-list --count --left-right refs/heads/main...refs/remotes/origin/main [11ms]
2024-09-15 16:15:09.588 [info] > git diff --name-status -z --diff-filter=ADMR 4d6a7b5311521b182d060240737432bc2bef42f4...refs/remotes/origin/main [9ms]
2024-09-15 16:15:09.633 [info] > git check-ignore -v -z --stdin [2ms]
2024-09-15 16:15:09.655 [info] > git status -z -uall [2ms]
2024-09-15 16:15:09.673 [info] > git for-each-ref --format=%(refname)%00%(upstream:short)%00%(objectname)%00%(upstream:track)%00%(upstream:remotename)%00%(upstream:remoteref) refs/heads/main refs/remotes/main [12ms]
2024-09-15 16:15:09.692 [info] > git config --local branch.main.vscode-merge-base [14ms]
2024-09-15 16:15:09.721 [info] > git for-each-ref --format=%(refname)%00%(upstream:short)%00%(objectname)%00%(upstream:track)%00%(upstream:remotename)%00%(upstream:remoteref) refs/heads/origin/main refs/remotes/origin/main [14ms]
2024-09-15 16:16:31.583 [info] > git ls-files --stage -- /home/olga/frontend-project-44/src/games/brain-gcd.js [21ms]
2024-09-15 16:16:31.696 [info] > git show --textconv :src/games/brain-gcd.js [148ms]
2024-09-15 16:16:31.705 [info] > git cat-file -s 1ee4aa85f77e7d05a8939c29c69489fbc2dfff8f [108ms]
2024-09-15 16:16:33.075 [info] > git show --textconv :src/games/brain-prime.js [22ms]
2024-09-15 16:16:33.077 [info] > git ls-files --stage -- /home/olga/frontend-project-44/src/games/brain-prime.js [15ms]
2024-09-15 16:16:33.098 [info] > git cat-file -s 2784d92f689f7c66a8b0ad63c797d312f30285eb [14ms]
2024-09-15 16:18:27.469 [info] > git ls-files --stage -- /home/olga/frontend-project-44/src/helpers.js [2ms]
2024-09-15 16:18:27.485 [info] > git show --textconv :src/helpers.js [23ms]
2024-09-15 16:18:27.486 [info] > git cat-file -s 4888ec3d9621fbf2fbf9ba7f6f44dd021ee65dd4 [6ms]
2024-09-15 16:18:32.851 [info] > git ls-files --stage -- /home/olga/frontend-project-44/src/index.js [13ms]
2024-09-15 16:18:32.867 [info] > git show --textconv :src/index.js [34ms]
2024-09-15 16:18:32.867 [info] > git cat-file -s 175a04714376265a04228fa5845ce8a5f4e2a2e9 [11ms]
