2024-09-15 16:13:30.557 [info] Extension host with pid 1123 started
2024-09-15 16:13:30.573 [error] Error: EEXIST: file already exists, open '/home/olga/.vscode-server/data/User/workspaceStorage/db7a62c6def52f476d957972c2ecfd69/vscode.lock'
2024-09-15 16:13:30.609 [info] Lock '/home/olga/.vscode-server/data/User/workspaceStorage/db7a62c6def52f476d957972c2ecfd69/vscode.lock': Could not acquire lock, checking if the file is stale.
2024-09-15 16:13:30.629 [info] Lock '/home/olga/.vscode-server/data/User/workspaceStorage/db7a62c6def52f476d957972c2ecfd69/vscode.lock': The pid 221293 appears to be gone.
2024-09-15 16:13:30.629 [info] Lock '/home/olga/.vscode-server/data/User/workspaceStorage/db7a62c6def52f476d957972c2ecfd69/vscode.lock': Deleting a stale lock.
2024-09-15 16:13:30.681 [info] Lock '/home/olga/.vscode-server/data/User/workspaceStorage/db7a62c6def52f476d957972c2ecfd69/vscode.lock': Lock acquired.
2024-09-15 16:13:30.999 [info] ExtensionService#_doActivateExtension vscode.emmet, startup: false, activationEvent: 'onLanguage'
2024-09-15 16:13:31.002 [info] ExtensionService#_doActivateExtension vscode.typescript-language-features, startup: false, activationEvent: 'onLanguage:javascript'
2024-09-15 16:13:32.006 [info] ExtensionService#_doActivateExtension vscode.git-base, startup: true, activationEvent: '*', root cause: vscode.git
2024-09-15 16:13:32.014 [info] ExtensionService#_doActivateExtension vscode.npm, startup: true, activationEvent: 'workspaceContains:package.json'
2024-09-15 16:13:33.545 [info] ExtensionService#_doActivateExtension vscode.git, startup: true, activationEvent: '*'
2024-09-15 16:13:33.546 [info] ExtensionService#_doActivateExtension vscode.github, startup: true, activationEvent: '*'
2024-09-15 16:13:35.165 [info] Eager extensions activated
2024-09-15 16:13:35.166 [info] ExtensionService#_doActivateExtension vscode.debug-auto-launch, startup: false, activationEvent: 'onStartupFinished'
2024-09-15 16:13:35.167 [info] ExtensionService#_doActivateExtension vscode.merge-conflict, startup: false, activationEvent: 'onStartupFinished'
2024-09-15 16:14:18.921 [info] Extension host terminating: received terminate message from renderer
2024-09-15 16:14:18.922 [info] Lock '/home/olga/.vscode-server/data/User/workspaceStorage/db7a62c6def52f476d957972c2ecfd69/vscode.lock': Marking the lockfile as scheduled to be released in 6000 ms.
2024-09-15 16:14:19.087 [error] Canceled: Canceled
	at new C (/home/olga/.vscode-server/bin/fee1edb8d6d72a0ddff41e5f71a671c23ed924b9/out/vs/workbench/api/node/extensionHostProcess.js:144:35204)
	at y.U (/home/olga/.vscode-server/bin/fee1edb8d6d72a0ddff41e5f71a671c23ed924b9/out/vs/workbench/api/node/extensionHostProcess.js:151:6017)
	at z.<computed>.j.charCodeAt.R.CharCode.DollarSign.z.<computed> (/home/olga/.vscode-server/bin/fee1edb8d6d72a0ddff41e5f71a671c23ed924b9/out/vs/workbench/api/node/extensionHostProcess.js:151:3107)
	at d.g (/home/olga/.vscode-server/bin/fee1edb8d6d72a0ddff41e5f71a671c23ed924b9/out/vs/workbench/api/node/extensionHostProcess.js:154:205942)
	at d.executeCommand (/home/olga/.vscode-server/bin/fee1edb8d6d72a0ddff41e5f71a671c23ed924b9/out/vs/workbench/api/node/extensionHostProcess.js:154:205380)
	at A.registerCommand.description (/home/olga/.vscode-server/bin/fee1edb8d6d72a0ddff41e5f71a671c23ed924b9/out/vs/workbench/api/node/extensionHostProcess.js:154:204704)
	at d.h (/home/olga/.vscode-server/bin/fee1edb8d6d72a0ddff41e5f71a671c23ed924b9/out/vs/workbench/api/node/extensionHostProcess.js:154:206481)
	at d.g (/home/olga/.vscode-server/bin/fee1edb8d6d72a0ddff41e5f71a671c23ed924b9/out/vs/workbench/api/node/extensionHostProcess.js:154:205473)
	at d.executeCommand (/home/olga/.vscode-server/bin/fee1edb8d6d72a0ddff41e5f71a671c23ed924b9/out/vs/workbench/api/node/extensionHostProcess.js:154:205380)
	at Object.executeCommand (/home/olga/.vscode-server/bin/fee1edb8d6d72a0ddff41e5f71a671c23ed924b9/out/vs/workbench/api/node/extensionHostProcess.js:164:23060)
	at i.O [as value] (/home/olga/.vscode-server/bin/fee1edb8d6d72a0ddff41e5f71a671c23ed924b9/extensions/git/dist/main.js:2:951642)
	at n.B (/home/olga/.vscode-server/bin/fee1edb8d6d72a0ddff41e5f71a671c23ed924b9/out/vs/workbench/api/node/extensionHostProcess.js:83:737)
	at n.C (/home/olga/.vscode-server/bin/fee1edb8d6d72a0ddff41e5f71a671c23ed924b9/out/vs/workbench/api/node/extensionHostProcess.js:83:807)
	at n.fire (/home/olga/.vscode-server/bin/fee1edb8d6d72a0ddff41e5f71a671c23ed924b9/out/vs/workbench/api/node/extensionHostProcess.js:83:1023)
	at Object.p [as dispose] (/home/olga/.vscode-server/bin/fee1edb8d6d72a0ddff41e5f71a671c23ed924b9/extensions/git/dist/main.js:2:972220)
	at /home/olga/.vscode-server/bin/fee1edb8d6d72a0ddff41e5f71a671c23ed924b9/extensions/git/dist/main.js:2:978342
	at Array.forEach (<anonymous>)
	at f.dispose (/home/olga/.vscode-server/bin/fee1edb8d6d72a0ddff41e5f71a671c23ed924b9/extensions/git/dist/main.js:2:978328)
	at a.<anonymous> (/home/olga/.vscode-server/bin/fee1edb8d6d72a0ddff41e5f71a671c23ed924b9/out/vs/workbench/api/node/extensionHostProcess.js:152:4173)
	at a.dispose (/home/olga/.vscode-server/bin/fee1edb8d6d72a0ddff41e5f71a671c23ed924b9/out/vs/workbench/api/node/extensionHostProcess.js:152:4270)
	at a.<anonymous> (/home/olga/.vscode-server/bin/fee1edb8d6d72a0ddff41e5f71a671c23ed924b9/extensions/git/dist/main.js:2:953940)
	at a.dispose (/home/olga/.vscode-server/bin/fee1edb8d6d72a0ddff41e5f71a671c23ed924b9/out/vs/workbench/api/node/extensionHostProcess.js:152:4270)
	at $ (/home/olga/.vscode-server/bin/fee1edb8d6d72a0ddff41e5f71a671c23ed924b9/out/vs/workbench/api/node/extensionHostProcess.js:30:744)
	at /home/olga/.vscode-server/bin/fee1edb8d6d72a0ddff41e5f71a671c23ed924b9/out/vs/workbench/api/node/extensionHostProcess.js:160:13379
	at /home/olga/.vscode-server/bin/fee1edb8d6d72a0ddff41e5f71a671c23ed924b9/out/vs/workbench/api/node/extensionHostProcess.js:30:1112
	at Object.dispose (/home/olga/.vscode-server/bin/fee1edb8d6d72a0ddff41e5f71a671c23ed924b9/out/vs/workbench/api/node/extensionHostProcess.js:11:11354)
	at m.eb (/home/olga/.vscode-server/bin/fee1edb8d6d72a0ddff41e5f71a671c23ed924b9/out/vs/workbench/api/node/extensionHostProcess.js:160:10056)
	at /home/olga/.vscode-server/bin/fee1edb8d6d72a0ddff41e5f71a671c23ed924b9/out/vs/workbench/api/node/extensionHostProcess.js:160:7927
	at Array.map (<anonymous>)
	at m.$ (/home/olga/.vscode-server/bin/fee1edb8d6d72a0ddff41e5f71a671c23ed924b9/out/vs/workbench/api/node/extensionHostProcess.js:160:7914)
	at m.terminate (/home/olga/.vscode-server/bin/fee1edb8d6d72a0ddff41e5f71a671c23ed924b9/out/vs/workbench/api/node/extensionHostProcess.js:160:8187)
	at $.terminate (/home/olga/.vscode-server/bin/fee1edb8d6d72a0ddff41e5f71a671c23ed924b9/out/vs/workbench/api/node/extensionHostProcess.js:164:1513)
	at o (/home/olga/.vscode-server/bin/fee1edb8d6d72a0ddff41e5f71a671c23ed924b9/out/vs/workbench/api/node/extensionHostProcess.js:177:10633)
	at i.value (/home/olga/.vscode-server/bin/fee1edb8d6d72a0ddff41e5f71a671c23ed924b9/out/vs/workbench/api/node/extensionHostProcess.js:177:8601)
	at n.B (/home/olga/.vscode-server/bin/fee1edb8d6d72a0ddff41e5f71a671c23ed924b9/out/vs/workbench/api/node/extensionHostProcess.js:83:737)
	at n.fire (/home/olga/.vscode-server/bin/fee1edb8d6d72a0ddff41e5f71a671c23ed924b9/out/vs/workbench/api/node/extensionHostProcess.js:83:954)
	at s.fire (/home/olga/.vscode-server/bin/fee1edb8d6d72a0ddff41e5f71a671c23ed924b9/out/vs/workbench/api/node/extensionHostProcess.js:97:14453)
	at d.A (/home/olga/.vscode-server/bin/fee1edb8d6d72a0ddff41e5f71a671c23ed924b9/out/vs/workbench/api/node/extensionHostProcess.js:97:17612)
	at i.value (/home/olga/.vscode-server/bin/fee1edb8d6d72a0ddff41e5f71a671c23ed924b9/out/vs/workbench/api/node/extensionHostProcess.js:97:15970)
	at n.B (/home/olga/.vscode-server/bin/fee1edb8d6d72a0ddff41e5f71a671c23ed924b9/out/vs/workbench/api/node/extensionHostProcess.js:83:737)
	at n.fire (/home/olga/.vscode-server/bin/fee1edb8d6d72a0ddff41e5f71a671c23ed924b9/out/vs/workbench/api/node/extensionHostProcess.js:83:954)
	at m.acceptChunk (/home/olga/.vscode-server/bin/fee1edb8d6d72a0ddff41e5f71a671c23ed924b9/out/vs/workbench/api/node/extensionHostProcess.js:97:12199)
	at i.value (/home/olga/.vscode-server/bin/fee1edb8d6d72a0ddff41e5f71a671c23ed924b9/out/vs/workbench/api/node/extensionHostProcess.js:97:11469)
	at n.B (/home/olga/.vscode-server/bin/fee1edb8d6d72a0ddff41e5f71a671c23ed924b9/out/vs/workbench/api/node/extensionHostProcess.js:83:737)
	at n.fire (/home/olga/.vscode-server/bin/fee1edb8d6d72a0ddff41e5f71a671c23ed924b9/out/vs/workbench/api/node/extensionHostProcess.js:83:954)
	at s.z (/home/olga/.vscode-server/bin/fee1edb8d6d72a0ddff41e5f71a671c23ed924b9/out/vs/workbench/api/node/extensionHostProcess.js:174:21458)
	at s.acceptFrame (/home/olga/.vscode-server/bin/fee1edb8d6d72a0ddff41e5f71a671c23ed924b9/out/vs/workbench/api/node/extensionHostProcess.js:174:21264)
	at i.n (/home/olga/.vscode-server/bin/fee1edb8d6d72a0ddff41e5f71a671c23ed924b9/out/vs/workbench/api/node/extensionHostProcess.js:174:19709)
	at /home/olga/.vscode-server/bin/fee1edb8d6d72a0ddff41e5f71a671c23ed924b9/out/vs/workbench/api/node/extensionHostProcess.js:174:16636
	at Socket.v (/home/olga/.vscode-server/bin/fee1edb8d6d72a0ddff41e5f71a671c23ed924b9/out/vs/workbench/api/node/extensionHostProcess.js:174:14266)
	at Socket.emit (node:events:519:28)
	at addChunk (node:internal/streams/readable:559:12)
	at readableAddChunkPushByteMode (node:internal/streams/readable:510:3)
	at Readable.push (node:internal/streams/readable:390:5)
	at TCP.onStreamRead (node:internal/stream_base_commons:191:23) setContext undefined
2024-09-15 16:14:19.103 [error] Canceled: Canceled
	at new C (/home/olga/.vscode-server/bin/fee1edb8d6d72a0ddff41e5f71a671c23ed924b9/out/vs/workbench/api/node/extensionHostProcess.js:144:35204)
	at y.U (/home/olga/.vscode-server/bin/fee1edb8d6d72a0ddff41e5f71a671c23ed924b9/out/vs/workbench/api/node/extensionHostProcess.js:151:6017)
	at z.<computed>.j.charCodeAt.R.CharCode.DollarSign.z.<computed> (/home/olga/.vscode-server/bin/fee1edb8d6d72a0ddff41e5f71a671c23ed924b9/out/vs/workbench/api/node/extensionHostProcess.js:151:3107)
	at d.g (/home/olga/.vscode-server/bin/fee1edb8d6d72a0ddff41e5f71a671c23ed924b9/out/vs/workbench/api/node/extensionHostProcess.js:154:205942)
	at d.executeCommand (/home/olga/.vscode-server/bin/fee1edb8d6d72a0ddff41e5f71a671c23ed924b9/out/vs/workbench/api/node/extensionHostProcess.js:154:205380)
	at A.registerCommand.description (/home/olga/.vscode-server/bin/fee1edb8d6d72a0ddff41e5f71a671c23ed924b9/out/vs/workbench/api/node/extensionHostProcess.js:154:204704)
	at d.h (/home/olga/.vscode-server/bin/fee1edb8d6d72a0ddff41e5f71a671c23ed924b9/out/vs/workbench/api/node/extensionHostProcess.js:154:206481)
	at d.g (/home/olga/.vscode-server/bin/fee1edb8d6d72a0ddff41e5f71a671c23ed924b9/out/vs/workbench/api/node/extensionHostProcess.js:154:205473)
	at d.executeCommand (/home/olga/.vscode-server/bin/fee1edb8d6d72a0ddff41e5f71a671c23ed924b9/out/vs/workbench/api/node/extensionHostProcess.js:154:205380)
	at Object.executeCommand (/home/olga/.vscode-server/bin/fee1edb8d6d72a0ddff41e5f71a671c23ed924b9/out/vs/workbench/api/node/extensionHostProcess.js:164:23060)
	at set hasGitHubRepositories [as hasGitHubRepositories] (/home/olga/.vscode-server/bin/fee1edb8d6d72a0ddff41e5f71a671c23ed924b9/extensions/github/dist/extension.js:2:322969)
	at /home/olga/.vscode-server/bin/fee1edb8d6d72a0ddff41e5f71a671c23ed924b9/extensions/github/dist/extension.js:2:323928
	at i.value (/home/olga/.vscode-server/bin/fee1edb8d6d72a0ddff41e5f71a671c23ed924b9/extensions/git/dist/main.js:2:1060193)
	at n.B (/home/olga/.vscode-server/bin/fee1edb8d6d72a0ddff41e5f71a671c23ed924b9/out/vs/workbench/api/node/extensionHostProcess.js:83:737)
	at n.C (/home/olga/.vscode-server/bin/fee1edb8d6d72a0ddff41e5f71a671c23ed924b9/out/vs/workbench/api/node/extensionHostProcess.js:83:807)
	at n.fire (/home/olga/.vscode-server/bin/fee1edb8d6d72a0ddff41e5f71a671c23ed924b9/out/vs/workbench/api/node/extensionHostProcess.js:83:1023)
	at Object.p [as dispose] (/home/olga/.vscode-server/bin/fee1edb8d6d72a0ddff41e5f71a671c23ed924b9/extensions/git/dist/main.js:2:972220)
	at /home/olga/.vscode-server/bin/fee1edb8d6d72a0ddff41e5f71a671c23ed924b9/extensions/git/dist/main.js:2:978342
	at Array.forEach (<anonymous>)
	at f.dispose (/home/olga/.vscode-server/bin/fee1edb8d6d72a0ddff41e5f71a671c23ed924b9/extensions/git/dist/main.js:2:978328)
	at a.<anonymous> (/home/olga/.vscode-server/bin/fee1edb8d6d72a0ddff41e5f71a671c23ed924b9/out/vs/workbench/api/node/extensionHostProcess.js:152:4173)
	at a.dispose (/home/olga/.vscode-server/bin/fee1edb8d6d72a0ddff41e5f71a671c23ed924b9/out/vs/workbench/api/node/extensionHostProcess.js:152:4270)
	at a.<anonymous> (/home/olga/.vscode-server/bin/fee1edb8d6d72a0ddff41e5f71a671c23ed924b9/extensions/git/dist/main.js:2:953940)
	at a.dispose (/home/olga/.vscode-server/bin/fee1edb8d6d72a0ddff41e5f71a671c23ed924b9/out/vs/workbench/api/node/extensionHostProcess.js:152:4270)
	at $ (/home/olga/.vscode-server/bin/fee1edb8d6d72a0ddff41e5f71a671c23ed924b9/out/vs/workbench/api/node/extensionHostProcess.js:30:744)
	at /home/olga/.vscode-server/bin/fee1edb8d6d72a0ddff41e5f71a671c23ed924b9/out/vs/workbench/api/node/extensionHostProcess.js:160:13379
	at /home/olga/.vscode-server/bin/fee1edb8d6d72a0ddff41e5f71a671c23ed924b9/out/vs/workbench/api/node/extensionHostProcess.js:30:1112
	at Object.dispose (/home/olga/.vscode-server/bin/fee1edb8d6d72a0ddff41e5f71a671c23ed924b9/out/vs/workbench/api/node/extensionHostProcess.js:11:11354)
	at m.eb (/home/olga/.vscode-server/bin/fee1edb8d6d72a0ddff41e5f71a671c23ed924b9/out/vs/workbench/api/node/extensionHostProcess.js:160:10056)
	at /home/olga/.vscode-server/bin/fee1edb8d6d72a0ddff41e5f71a671c23ed924b9/out/vs/workbench/api/node/extensionHostProcess.js:160:7927
	at Array.map (<anonymous>)
	at m.$ (/home/olga/.vscode-server/bin/fee1edb8d6d72a0ddff41e5f71a671c23ed924b9/out/vs/workbench/api/node/extensionHostProcess.js:160:7914)
	at m.terminate (/home/olga/.vscode-server/bin/fee1edb8d6d72a0ddff41e5f71a671c23ed924b9/out/vs/workbench/api/node/extensionHostProcess.js:160:8187)
	at $.terminate (/home/olga/.vscode-server/bin/fee1edb8d6d72a0ddff41e5f71a671c23ed924b9/out/vs/workbench/api/node/extensionHostProcess.js:164:1513)
	at o (/home/olga/.vscode-server/bin/fee1edb8d6d72a0ddff41e5f71a671c23ed924b9/out/vs/workbench/api/node/extensionHostProcess.js:177:10633)
	at i.value (/home/olga/.vscode-server/bin/fee1edb8d6d72a0ddff41e5f71a671c23ed924b9/out/vs/workbench/api/node/extensionHostProcess.js:177:8601)
	at n.B (/home/olga/.vscode-server/bin/fee1edb8d6d72a0ddff41e5f71a671c23ed924b9/out/vs/workbench/api/node/extensionHostProcess.js:83:737)
	at n.fire (/home/olga/.vscode-server/bin/fee1edb8d6d72a0ddff41e5f71a671c23ed924b9/out/vs/workbench/api/node/extensionHostProcess.js:83:954)
	at s.fire (/home/olga/.vscode-server/bin/fee1edb8d6d72a0ddff41e5f71a671c23ed924b9/out/vs/workbench/api/node/extensionHostProcess.js:97:14453)
	at d.A (/home/olga/.vscode-server/bin/fee1edb8d6d72a0ddff41e5f71a671c23ed924b9/out/vs/workbench/api/node/extensionHostProcess.js:97:17612)
	at i.value (/home/olga/.vscode-server/bin/fee1edb8d6d72a0ddff41e5f71a671c23ed924b9/out/vs/workbench/api/node/extensionHostProcess.js:97:15970)
	at n.B (/home/olga/.vscode-server/bin/fee1edb8d6d72a0ddff41e5f71a671c23ed924b9/out/vs/workbench/api/node/extensionHostProcess.js:83:737)
	at n.fire (/home/olga/.vscode-server/bin/fee1edb8d6d72a0ddff41e5f71a671c23ed924b9/out/vs/workbench/api/node/extensionHostProcess.js:83:954)
	at m.acceptChunk (/home/olga/.vscode-server/bin/fee1edb8d6d72a0ddff41e5f71a671c23ed924b9/out/vs/workbench/api/node/extensionHostProcess.js:97:12199)
	at i.value (/home/olga/.vscode-server/bin/fee1edb8d6d72a0ddff41e5f71a671c23ed924b9/out/vs/workbench/api/node/extensionHostProcess.js:97:11469)
	at n.B (/home/olga/.vscode-server/bin/fee1edb8d6d72a0ddff41e5f71a671c23ed924b9/out/vs/workbench/api/node/extensionHostProcess.js:83:737)
	at n.fire (/home/olga/.vscode-server/bin/fee1edb8d6d72a0ddff41e5f71a671c23ed924b9/out/vs/workbench/api/node/extensionHostProcess.js:83:954)
	at s.z (/home/olga/.vscode-server/bin/fee1edb8d6d72a0ddff41e5f71a671c23ed924b9/out/vs/workbench/api/node/extensionHostProcess.js:174:21458)
	at s.acceptFrame (/home/olga/.vscode-server/bin/fee1edb8d6d72a0ddff41e5f71a671c23ed924b9/out/vs/workbench/api/node/extensionHostProcess.js:174:21264)
	at i.n (/home/olga/.vscode-server/bin/fee1edb8d6d72a0ddff41e5f71a671c23ed924b9/out/vs/workbench/api/node/extensionHostProcess.js:174:19709)
	at /home/olga/.vscode-server/bin/fee1edb8d6d72a0ddff41e5f71a671c23ed924b9/out/vs/workbench/api/node/extensionHostProcess.js:174:16636
	at Socket.v (/home/olga/.vscode-server/bin/fee1edb8d6d72a0ddff41e5f71a671c23ed924b9/out/vs/workbench/api/node/extensionHostProcess.js:174:14266)
	at Socket.emit (node:events:519:28)
	at addChunk (node:internal/streams/readable:559:12)
	at readableAddChunkPushByteMode (node:internal/streams/readable:510:3)
	at Readable.push (node:internal/streams/readable:390:5)
	at TCP.onStreamRead (node:internal/stream_base_commons:191:23) setContext undefined
2024-09-15 16:14:19.115 [info] Extension host with pid 1123 exiting with code 0
