2024-11-04 14:19:07.771 [info] Extension host with pid 11607 started
2024-11-04 14:19:07.902 [info] Lock '/home/olga/.vscode-server/data/User/workspaceStorage/0bb3009dac514289d12237e5ad0f5441/vscode.lock': Lock acquired.
2024-11-04 14:19:08.561 [info] ExtensionService#_doActivateExtension vscode.git-base, startup: true, activationEvent: '*', root cause: vscode.git
2024-11-04 14:19:08.567 [info] ExtensionService#_doActivateExtension vscode.npm, startup: true, activationEvent: 'workspaceContains:package.json'
2024-11-04 14:19:09.120 [info] ExtensionService#_doActivateExtension vscode.git, startup: true, activationEvent: '*'
2024-11-04 14:19:09.121 [info] ExtensionService#_doActivateExtension vscode.github, startup: true, activationEvent: '*'
2024-11-04 14:19:09.185 [info] ExtensionService#_doActivateExtension github.vscode-github-actions, startup: true, activationEvent: 'workspaceContains:**/.github/workflows/**'
2024-11-04 14:19:10.524 [info] ExtensionService#_doActivateExtension vscode.emmet, startup: false, activationEvent: 'onLanguage'
2024-11-04 14:19:11.029 [warning] [Decorations] CAPPING events from decorations provider vscode.git 1685
2024-11-04 14:19:11.750 [info] Eager extensions activated
2024-11-04 14:19:11.750 [info] ExtensionService#_doActivateExtension vscode.debug-auto-launch, startup: false, activationEvent: 'onStartupFinished'
2024-11-04 14:19:11.751 [info] ExtensionService#_doActivateExtension vscode.merge-conflict, startup: false, activationEvent: 'onStartupFinished'
2024-11-04 14:19:12.197 [warning] [Decorations] CAPPING events from decorations provider vscode.git 1685
2024-11-04 14:19:14.353 [info] ExtensionService#_doActivateExtension vscode.configuration-editing, startup: false, activationEvent: 'onLanguage:json'
2024-11-04 14:19:14.354 [info] ExtensionService#_doActivateExtension vscode.extension-editing, startup: false, activationEvent: 'onLanguage:json'
2024-11-04 14:19:14.354 [info] ExtensionService#_doActivateExtension vscode.json-language-features, startup: false, activationEvent: 'onLanguage:json'
2024-11-04 14:21:28.339 [info] ExtensionService#_doActivateExtension vscode.markdown-language-features, startup: false, activationEvent: 'onLanguage:markdown'
2024-11-04 14:21:29.904 [info] ExtensionService#_doActivateExtension vscode.markdown-math, startup: false, activationEvent: 'api', root cause: vscode.markdown-language-features
2024-11-04 14:23:48.754 [warning] [Decorations] CAPPING events from decorations provider vscode.git 1687
2024-11-04 14:23:53.971 [warning] [Decorations] CAPPING events from decorations provider vscode.git 1686
2024-11-04 14:23:59.233 [warning] [Decorations] CAPPING events from decorations provider vscode.git 1686
2024-11-04 14:24:04.390 [warning] [Decorations] CAPPING events from decorations provider vscode.git 1686
2024-11-04 14:24:09.543 [warning] [Decorations] CAPPING events from decorations provider vscode.git 1686
2024-11-04 14:24:19.287 [warning] [Decorations] CAPPING events from decorations provider vscode.git 1686
2024-11-04 14:24:24.498 [warning] [Decorations] CAPPING events from decorations provider vscode.git 1686
2024-11-04 14:24:29.787 [warning] [Decorations] CAPPING events from decorations provider vscode.git 1686
2024-11-04 14:24:34.991 [warning] [Decorations] CAPPING events from decorations provider vscode.git 1686
2024-11-04 14:24:40.181 [warning] [Decorations] CAPPING events from decorations provider vscode.git 1686
2024-11-04 14:24:45.411 [warning] [Decorations] CAPPING events from decorations provider vscode.git 1686
2024-11-04 14:24:53.929 [warning] [Decorations] CAPPING events from decorations provider vscode.git 1686
2024-11-04 14:24:59.158 [warning] [Decorations] CAPPING events from decorations provider vscode.git 1686
2024-11-04 14:25:04.335 [warning] [Decorations] CAPPING events from decorations provider vscode.git 1686
2024-11-04 14:25:09.531 [warning] [Decorations] CAPPING events from decorations provider vscode.git 1686
2024-11-04 14:25:10.467 [info] ExtensionService#_doActivateExtension vscode.typescript-language-features, startup: false, activationEvent: 'onLanguage:javascript'
2024-11-04 14:25:14.844 [warning] [Decorations] CAPPING events from decorations provider vscode.git 1690
2024-11-04 14:25:20.051 [warning] [Decorations] CAPPING events from decorations provider vscode.git 1696
2024-11-04 14:26:04.235 [warning] [Decorations] CAPPING events from decorations provider vscode.git 1713
2024-11-04 14:26:09.420 [warning] [Decorations] CAPPING events from decorations provider vscode.git 1713
2024-11-04 14:26:14.931 [warning] [Decorations] CAPPING events from decorations provider vscode.git 1713
2024-11-04 14:26:20.153 [warning] [Decorations] CAPPING events from decorations provider vscode.git 1713
2024-11-04 14:26:25.324 [warning] [Decorations] CAPPING events from decorations provider vscode.git 1713
2024-11-04 14:26:30.488 [warning] [Decorations] CAPPING events from decorations provider vscode.git 1713
2024-11-04 14:26:35.673 [warning] [Decorations] CAPPING events from decorations provider vscode.git 1713
2024-11-04 14:26:40.822 [warning] [Decorations] CAPPING events from decorations provider vscode.git 1713
2024-11-04 14:26:45.971 [warning] [Decorations] CAPPING events from decorations provider vscode.git 1713
2024-11-04 14:26:51.119 [warning] [Decorations] CAPPING events from decorations provider vscode.git 1713
2024-11-04 14:26:56.277 [warning] [Decorations] CAPPING events from decorations provider vscode.git 1713
2024-11-04 14:27:01.484 [warning] [Decorations] CAPPING events from decorations provider vscode.git 1713
2024-11-04 14:27:07.043 [warning] [Decorations] CAPPING events from decorations provider vscode.git 1713
2024-11-04 14:27:12.216 [warning] [Decorations] CAPPING events from decorations provider vscode.git 1717
2024-11-04 14:27:18.031 [warning] [Decorations] CAPPING events from decorations provider vscode.git 1717
2024-11-04 14:27:23.199 [warning] [Decorations] CAPPING events from decorations provider vscode.git 1717
2024-11-04 14:27:28.350 [warning] [Decorations] CAPPING events from decorations provider vscode.git 1717
2024-11-04 14:27:33.500 [warning] [Decorations] CAPPING events from decorations provider vscode.git 1717
2024-11-04 14:27:38.656 [warning] [Decorations] CAPPING events from decorations provider vscode.git 1717
2024-11-04 14:27:45.060 [warning] [Decorations] CAPPING events from decorations provider vscode.git 1717
2024-11-04 14:27:50.295 [warning] [Decorations] CAPPING events from decorations provider vscode.git 1717
