2024-08-28 15:28:59.179 [info] [основное] Уровень ведения журнала: Info
2024-08-28 15:28:59.179 [info] [основное] Проверка найденного Git в: "git"
2024-08-28 15:28:59.179 [info] [основное] Используется Git "2.34.1" из "git"
2024-08-28 15:28:59.179 [info] [Model][doInitialScan] Initial repository scan started
2024-08-28 15:28:59.179 [info] > git rev-parse --show-toplevel [27ms]
2024-08-28 15:28:59.195 [info] > git rev-parse --git-dir --git-common-dir [12ms]
2024-08-28 15:28:59.221 [info] [Model][openRepository] Opened repository: /home/olga/frontend-project-44
2024-08-28 15:28:59.239 [info] > git rev-parse --show-toplevel [5ms]
2024-08-28 15:28:59.241 [info] > git config --get commit.template [10ms]
2024-08-28 15:28:59.258 [info] > git rev-parse --show-toplevel [13ms]
2024-08-28 15:28:59.269 [info] > git for-each-ref --format=%(refname)%00%(upstream:short)%00%(objectname)%00%(upstream:track)%00%(upstream:remotename)%00%(upstream:remoteref) refs/heads/main refs/remotes/main [12ms]
2024-08-28 15:28:59.297 [info] > git rev-parse --show-toplevel [31ms]
2024-08-28 15:28:59.303 [info] [Model][doInitialScan] Initial repository scan completed - repositories (1), closed repositories (0), parent repositories (0), unsafe repositories (0)
2024-08-28 15:28:59.445 [info] > git status -z -uall [52ms]
2024-08-28 15:28:59.562 [info] > git for-each-ref --format=%(refname)%00%(upstream:short)%00%(objectname)%00%(upstream:track)%00%(upstream:remotename)%00%(upstream:remoteref) refs/heads/main refs/remotes/main [111ms]
2024-08-28 15:28:59.599 [info] > git config --local branch.main.vscode-merge-base [27ms]
2024-08-28 15:28:59.599 [warning] [Git][config] git config failed: Failed to execute git
2024-08-28 15:28:59.604 [info] > git config --get commit.template [134ms]
2024-08-28 15:28:59.621 [info] > git for-each-ref --format=%(refname)%00%(upstream:short)%00%(objectname)%00%(upstream:track)%00%(upstream:remotename)%00%(upstream:remoteref) refs/heads/main refs/remotes/main [11ms]
2024-08-28 15:28:59.664 [info] > git reflog main --grep-reflog=branch: Created from *. [60ms]
2024-08-28 15:28:59.696 [info] > git status -z -uall [70ms]
2024-08-28 15:28:59.709 [info] > git symbolic-ref --short refs/remotes/origin/HEAD [42ms]
2024-08-28 15:28:59.719 [info] > git for-each-ref --format=%(refname)%00%(upstream:short)%00%(objectname)%00%(upstream:track)%00%(upstream:remotename)%00%(upstream:remoteref) refs/heads/main refs/remotes/main [17ms]
2024-08-28 15:28:59.733 [info] > git config --local branch.main.vscode-merge-base [3ms]
2024-08-28 15:28:59.733 [warning] [Git][config] git config failed: Failed to execute git
2024-08-28 15:28:59.738 [info] > git for-each-ref --format=%(refname)%00%(upstream:short)%00%(objectname)%00%(upstream:track)%00%(upstream:remotename)%00%(upstream:remoteref) refs/heads/origin/main refs/remotes/origin/main [19ms]
2024-08-28 15:28:59.765 [info] > git reflog main --grep-reflog=branch: Created from *. [28ms]
2024-08-28 15:28:59.770 [info] > git config --local branch.main.vscode-merge-base origin/main [16ms]
2024-08-28 15:28:59.789 [info] > git symbolic-ref --short refs/remotes/origin/HEAD [20ms]
2024-08-28 15:28:59.844 [info] > git check-ignore -v -z --stdin [31ms]
2024-08-28 15:28:59.846 [info] > git for-each-ref --format=%(refname)%00%(upstream:short)%00%(objectname)%00%(upstream:track)%00%(upstream:remotename)%00%(upstream:remoteref) refs/heads/origin/main refs/remotes/origin/main [43ms]
2024-08-28 15:28:59.850 [info] > git config --get commit.template [61ms]
2024-08-28 15:28:59.859 [info] > git config --local branch.main.vscode-merge-base origin/main [10ms]
2024-08-28 15:28:59.865 [info] > git for-each-ref --format=%(refname)%00%(upstream:short)%00%(objectname)%00%(upstream:track)%00%(upstream:remotename)%00%(upstream:remoteref) refs/heads/main refs/remotes/main [7ms]
2024-08-28 15:28:59.866 [info] > git config --get commit.template [3ms]
2024-08-28 15:28:59.880 [info] > git for-each-ref --format=%(refname)%00%(upstream:short)%00%(objectname)%00%(upstream:track)%00%(upstream:remotename)%00%(upstream:remoteref) refs/heads/main refs/remotes/main [11ms]
2024-08-28 15:28:59.881 [info] > git merge-base refs/heads/main refs/remotes/origin/main [4ms]
2024-08-28 15:28:59.893 [info] > git rev-list --count --left-right refs/heads/main...refs/remotes/origin/main [6ms]
2024-08-28 15:28:59.901 [info] > git diff --name-status -z --diff-filter=ADMR 34ea3f4668f41dc335757d3853b7a59430d570f5...refs/remotes/origin/main [3ms]
2024-08-28 15:28:59.928 [info] > git status -z -uall [36ms]
2024-08-28 15:28:59.934 [info] > git for-each-ref --format=%(refname)%00%(upstream:short)%00%(objectname)%00%(upstream:track)%00%(upstream:remotename)%00%(upstream:remoteref) refs/heads/main refs/remotes/main [2ms]
2024-08-28 15:28:59.948 [info] > git config --local branch.main.vscode-merge-base [6ms]
2024-08-28 15:28:59.953 [info] > git for-each-ref --format=%(refname)%00%(upstream:short)%00%(objectname)%00%(upstream:track)%00%(upstream:remotename)%00%(upstream:remoteref) refs/heads/origin/main refs/remotes/origin/main [2ms]
2024-08-28 15:29:01.034 [info] > git config --get commit.template [9ms]
2024-08-28 15:29:01.037 [info] > git for-each-ref --format=%(refname)%00%(upstream:short)%00%(objectname)%00%(upstream:track)%00%(upstream:remotename)%00%(upstream:remoteref) refs/heads/main refs/remotes/main [4ms]
2024-08-28 15:29:01.069 [info] > git status -z -uall [27ms]
2024-08-28 15:29:01.083 [info] > git for-each-ref --format=%(refname)%00%(upstream:short)%00%(objectname)%00%(upstream:track)%00%(upstream:remotename)%00%(upstream:remoteref) refs/heads/main refs/remotes/main [11ms]
2024-08-28 15:29:01.091 [info] > git config --local branch.main.vscode-merge-base [3ms]
2024-08-28 15:29:01.101 [info] > git for-each-ref --format=%(refname)%00%(upstream:short)%00%(objectname)%00%(upstream:track)%00%(upstream:remotename)%00%(upstream:remoteref) refs/heads/origin/main refs/remotes/origin/main [4ms]
2024-08-28 15:29:21.698 [info] > git check-ignore -v -z --stdin [10ms]
2024-08-28 15:29:28.741 [info] > git check-ignore -v -z --stdin [10ms]
2024-08-28 15:29:29.980 [info] > git show --textconv :bin/brain-even [13ms]
2024-08-28 15:29:29.980 [info] > git ls-files --stage -- /home/olga/frontend-project-44/bin/brain-even [8ms]
2024-08-28 15:29:29.994 [info] > git cat-file -s 51b3975736f0574a85dd9fea6256729dc654e3e0 [9ms]
2024-08-28 15:30:23.395 [info] > git check-ignore -v -z --stdin [6ms]
2024-08-28 15:30:28.353 [info] > git config --get commit.template [22ms]
2024-08-28 15:30:28.354 [info] > git for-each-ref --format=%(refname)%00%(upstream:short)%00%(objectname)%00%(upstream:track)%00%(upstream:remotename)%00%(upstream:remoteref) refs/heads/main refs/remotes/main [4ms]
2024-08-28 15:30:28.394 [info] > git status -z -uall [34ms]
2024-08-28 15:30:28.410 [info] > git for-each-ref --format=%(refname)%00%(upstream:short)%00%(objectname)%00%(upstream:track)%00%(upstream:remotename)%00%(upstream:remoteref) refs/heads/main refs/remotes/main [8ms]
2024-08-28 15:30:28.417 [info] > git config --local branch.main.vscode-merge-base [2ms]
2024-08-28 15:30:28.424 [info] > git for-each-ref --format=%(refname)%00%(upstream:short)%00%(objectname)%00%(upstream:track)%00%(upstream:remotename)%00%(upstream:remoteref) refs/heads/origin/main refs/remotes/origin/main [3ms]
2024-08-28 15:31:12.651 [info] > git show --textconv :bin/brain-even [20ms]
2024-08-28 15:31:12.654 [info] > git ls-files --stage -- /home/olga/frontend-project-44/bin/brain-even [16ms]
2024-08-28 15:31:12.686 [info] > git cat-file -s 51b3975736f0574a85dd9fea6256729dc654e3e0 [15ms]
2024-08-28 15:31:19.713 [info] > git show --textconv :bin/brain-even [18ms]
2024-08-28 15:31:19.717 [info] > git ls-files --stage -- /home/olga/frontend-project-44/bin/brain-even [9ms]
2024-08-28 15:31:19.743 [info] > git cat-file -s 51b3975736f0574a85dd9fea6256729dc654e3e0 [14ms]
2024-08-28 15:31:26.017 [info] > git config --get commit.template [10ms]
2024-08-28 15:31:26.018 [info] > git for-each-ref --format=%(refname)%00%(upstream:short)%00%(objectname)%00%(upstream:track)%00%(upstream:remotename)%00%(upstream:remoteref) refs/heads/main refs/remotes/main [3ms]
2024-08-28 15:31:26.070 [info] > git status -z -uall [45ms]
2024-08-28 15:31:26.078 [info] > git for-each-ref --format=%(refname)%00%(upstream:short)%00%(objectname)%00%(upstream:track)%00%(upstream:remotename)%00%(upstream:remoteref) refs/heads/main refs/remotes/main [3ms]
2024-08-28 15:31:26.090 [info] > git config --local branch.main.vscode-merge-base [2ms]
2024-08-28 15:31:26.099 [info] > git for-each-ref --format=%(refname)%00%(upstream:short)%00%(objectname)%00%(upstream:track)%00%(upstream:remotename)%00%(upstream:remoteref) refs/heads/origin/main refs/remotes/origin/main [4ms]
2024-08-28 15:31:31.762 [info] > git merge-base refs/heads/main refs/remotes/origin/main [2ms]
2024-08-28 15:31:31.840 [info] > git show -s --decorate=full --shortstat --format=%H%n%aN%n%aE%n%at%n%ct%n%P%n%D%n%B -z 34ea3f4668f41dc335757d3853b7a59430d570f5 [10ms]
2024-08-28 15:31:31.843 [info] > git log --format=%H%n%aN%n%aE%n%at%n%ct%n%P%n%D%n%B -z --shortstat --diff-merges=first-parent 34ea3f4668f41dc335757d3853b7a59430d570f5.. --topo-order --decorate=full refs/heads/main refs/remotes/origin/main [7ms]
2024-08-28 15:31:32.180 [info] > git merge-base refs/heads/main refs/remotes/origin/main [65ms]
2024-08-28 15:31:32.326 [info] > git show -s --decorate=full --shortstat --format=%H%n%aN%n%aE%n%at%n%ct%n%P%n%D%n%B -z 34ea3f4668f41dc335757d3853b7a59430d570f5 [8ms]
2024-08-28 15:31:32.339 [info] > git log --format=%H%n%aN%n%aE%n%at%n%ct%n%P%n%D%n%B -z --shortstat --diff-merges=first-parent 34ea3f4668f41dc335757d3853b7a59430d570f5.. --topo-order --decorate=full refs/heads/main refs/remotes/origin/main [14ms]
2024-08-28 15:31:50.398 [info] > git merge-base refs/heads/main refs/remotes/origin/main [3ms]
2024-08-28 15:31:50.469 [info] > git show -s --decorate=full --shortstat --format=%H%n%aN%n%aE%n%at%n%ct%n%P%n%D%n%B -z 34ea3f4668f41dc335757d3853b7a59430d570f5 [8ms]
2024-08-28 15:31:50.476 [info] > git log --format=%H%n%aN%n%aE%n%at%n%ct%n%P%n%D%n%B -z --shortstat --diff-merges=first-parent 34ea3f4668f41dc335757d3853b7a59430d570f5.. --topo-order --decorate=full refs/heads/main refs/remotes/origin/main [10ms]
2024-08-28 15:31:52.476 [info] > git merge-base refs/heads/main refs/remotes/origin/main [3ms]
2024-08-28 15:31:52.584 [info] > git show -s --decorate=full --shortstat --format=%H%n%aN%n%aE%n%at%n%ct%n%P%n%D%n%B -z 34ea3f4668f41dc335757d3853b7a59430d570f5 [5ms]
2024-08-28 15:31:52.588 [info] > git log --format=%H%n%aN%n%aE%n%at%n%ct%n%P%n%D%n%B -z --shortstat --diff-merges=first-parent 34ea3f4668f41dc335757d3853b7a59430d570f5.. --topo-order --decorate=full refs/heads/main refs/remotes/origin/main [4ms]
2024-08-28 15:32:12.258 [info] > git config --get commit.template [7ms]
2024-08-28 15:32:12.266 [info] > git for-each-ref --format=%(refname)%00%(upstream:short)%00%(objectname)%00%(upstream:track)%00%(upstream:remotename)%00%(upstream:remoteref) refs/heads/main refs/remotes/main [9ms]
2024-08-28 15:32:12.311 [info] > git status -z -uall [41ms]
2024-08-28 15:32:12.322 [info] > git for-each-ref --format=%(refname)%00%(upstream:short)%00%(objectname)%00%(upstream:track)%00%(upstream:remotename)%00%(upstream:remoteref) refs/heads/main refs/remotes/main [7ms]
2024-08-28 15:32:12.330 [info] > git config --local branch.main.vscode-merge-base [2ms]
2024-08-28 15:32:12.337 [info] > git for-each-ref --format=%(refname)%00%(upstream:short)%00%(objectname)%00%(upstream:track)%00%(upstream:remotename)%00%(upstream:remoteref) refs/heads/origin/main refs/remotes/origin/main [3ms]
2024-08-28 15:32:17.328 [info] > git config --get commit.template [5ms]
2024-08-28 15:32:17.330 [info] > git for-each-ref --format=%(refname)%00%(upstream:short)%00%(objectname)%00%(upstream:track)%00%(upstream:remotename)%00%(upstream:remoteref) refs/heads/main refs/remotes/main [4ms]
2024-08-28 15:32:17.385 [info] > git status -z -uall [51ms]
2024-08-28 15:32:17.401 [info] > git for-each-ref --format=%(refname)%00%(upstream:short)%00%(objectname)%00%(upstream:track)%00%(upstream:remotename)%00%(upstream:remoteref) refs/heads/main refs/remotes/main [9ms]
2024-08-28 15:32:17.418 [info] > git config --local branch.main.vscode-merge-base [9ms]
2024-08-28 15:32:17.425 [info] > git for-each-ref --format=%(refname)%00%(upstream:short)%00%(objectname)%00%(upstream:track)%00%(upstream:remotename)%00%(upstream:remoteref) refs/heads/origin/main refs/remotes/origin/main [2ms]
2024-08-28 15:34:09.028 [info] > git config --get commit.template [9ms]
2024-08-28 15:34:09.042 [info] > git for-each-ref --format=%(refname)%00%(upstream:short)%00%(objectname)%00%(upstream:track)%00%(upstream:remotename)%00%(upstream:remoteref) refs/heads/main refs/remotes/main [9ms]
2024-08-28 15:34:09.102 [info] > git status -z -uall [44ms]
2024-08-28 15:34:09.115 [info] > git for-each-ref --format=%(refname)%00%(upstream:short)%00%(objectname)%00%(upstream:track)%00%(upstream:remotename)%00%(upstream:remoteref) refs/heads/main refs/remotes/main [6ms]
2024-08-28 15:34:09.121 [info] > git config --local branch.main.vscode-merge-base [2ms]
2024-08-28 15:34:09.130 [info] > git for-each-ref --format=%(refname)%00%(upstream:short)%00%(objectname)%00%(upstream:track)%00%(upstream:remotename)%00%(upstream:remoteref) refs/heads/origin/main refs/remotes/origin/main [3ms]
2024-08-28 15:34:09.812 [info] > git check-ignore -v -z --stdin [17ms]
2024-08-28 15:34:14.125 [info] > git config --get commit.template [5ms]
2024-08-28 15:34:14.127 [info] > git for-each-ref --format=%(refname)%00%(upstream:short)%00%(objectname)%00%(upstream:track)%00%(upstream:remotename)%00%(upstream:remoteref) refs/heads/main refs/remotes/main [4ms]
2024-08-28 15:34:14.178 [info] > git status -z -uall [46ms]
2024-08-28 15:34:14.185 [info] > git for-each-ref --format=%(refname)%00%(upstream:short)%00%(objectname)%00%(upstream:track)%00%(upstream:remotename)%00%(upstream:remoteref) refs/heads/main refs/remotes/main [2ms]
2024-08-28 15:34:14.197 [info] > git config --local branch.main.vscode-merge-base [5ms]
2024-08-28 15:34:14.210 [info] > git for-each-ref --format=%(refname)%00%(upstream:short)%00%(objectname)%00%(upstream:track)%00%(upstream:remotename)%00%(upstream:remoteref) refs/heads/origin/main refs/remotes/origin/main [6ms]
2024-08-28 15:37:33.799 [info] > git config --get commit.template [10ms]
2024-08-28 15:37:33.800 [info] > git for-each-ref --format=%(refname)%00%(upstream:short)%00%(objectname)%00%(upstream:track)%00%(upstream:remotename)%00%(upstream:remoteref) refs/heads/main refs/remotes/main [6ms]
2024-08-28 15:37:33.846 [info] > git status -z -uall [42ms]
2024-08-28 15:37:33.855 [info] > git for-each-ref --format=%(refname)%00%(upstream:short)%00%(objectname)%00%(upstream:track)%00%(upstream:remotename)%00%(upstream:remoteref) refs/heads/main refs/remotes/main [2ms]
2024-08-28 15:37:33.866 [info] > git config --local branch.main.vscode-merge-base [1ms]
2024-08-28 15:37:33.876 [info] > git for-each-ref --format=%(refname)%00%(upstream:short)%00%(objectname)%00%(upstream:track)%00%(upstream:remotename)%00%(upstream:remoteref) refs/heads/origin/main refs/remotes/origin/main [3ms]
2024-08-28 15:38:16.160 [info] > git config --get commit.template [2ms]
2024-08-28 15:38:16.176 [info] > git for-each-ref --format=%(refname)%00%(upstream:short)%00%(objectname)%00%(upstream:track)%00%(upstream:remotename)%00%(upstream:remoteref) refs/heads/main refs/remotes/main [5ms]
2024-08-28 15:38:16.236 [info] > git status -z -uall [49ms]
2024-08-28 15:38:16.249 [info] > git for-each-ref --format=%(refname)%00%(upstream:short)%00%(objectname)%00%(upstream:track)%00%(upstream:remotename)%00%(upstream:remoteref) refs/heads/main refs/remotes/main [3ms]
2024-08-28 15:38:16.262 [info] > git config --local branch.main.vscode-merge-base [2ms]
2024-08-28 15:38:16.270 [info] > git for-each-ref --format=%(refname)%00%(upstream:short)%00%(objectname)%00%(upstream:track)%00%(upstream:remotename)%00%(upstream:remoteref) refs/heads/origin/main refs/remotes/origin/main [3ms]
2024-08-28 15:38:22.630 [info] > git merge-base refs/heads/main refs/remotes/origin/main [2ms]
2024-08-28 15:38:22.643 [info] > git show -s --decorate=full --shortstat --format=%H%n%aN%n%aE%n%at%n%ct%n%P%n%D%n%B -z 34ea3f4668f41dc335757d3853b7a59430d570f5 [5ms]
2024-08-28 15:38:22.646 [info] > git log --format=%H%n%aN%n%aE%n%at%n%ct%n%P%n%D%n%B -z --shortstat --diff-merges=first-parent 34ea3f4668f41dc335757d3853b7a59430d570f5.. --topo-order --decorate=full refs/heads/main refs/remotes/origin/main [4ms]
2024-08-28 15:38:47.809 [info] > git merge-base refs/heads/main refs/remotes/origin/main [3ms]
2024-08-28 15:38:47.866 [info] > git show -s --decorate=full --shortstat --format=%H%n%aN%n%aE%n%at%n%ct%n%P%n%D%n%B -z 34ea3f4668f41dc335757d3853b7a59430d570f5 [9ms]
2024-08-28 15:38:47.870 [info] > git log --format=%H%n%aN%n%aE%n%at%n%ct%n%P%n%D%n%B -z --shortstat --diff-merges=first-parent 34ea3f4668f41dc335757d3853b7a59430d570f5.. --topo-order --decorate=full refs/heads/main refs/remotes/origin/main [5ms]
2024-08-28 16:30:25.775 [info] > git diff --name-status -z --diff-filter=ADMR 72d05724d9f7bc493a76b5721a4a5ae75ebadcbb...e31d0d4a14b6fb12542700ace174651fefb3c386 [3ms]
2024-08-28 16:30:25.875 [info] > git show --textconv 72d05724d9f7bc493a76b5721a4a5ae75ebadcbb:package.json [31ms]
2024-08-28 16:30:25.875 [info] > git show --textconv e31d0d4a14b6fb12542700ace174651fefb3c386:package.json [25ms]
2024-08-28 16:30:25.885 [info] > git ls-tree -l e31d0d4a14b6fb12542700ace174651fefb3c386 -- /home/olga/frontend-project-44/package.json [15ms]
2024-08-28 16:30:25.887 [info] > git ls-tree -l 72d05724d9f7bc493a76b5721a4a5ae75ebadcbb -- /home/olga/frontend-project-44/package.json [25ms]
2024-08-28 16:30:26.538 [info] > git check-ignore -v -z --stdin [77ms]
2024-08-28 16:32:34.783 [info] > git ls-tree -l e31d0d4a14b6fb12542700ace174651fefb3c386 -- /home/olga/frontend-project-44/package.json [26ms]
2024-08-28 16:32:34.784 [info] > git ls-tree -l 72d05724d9f7bc493a76b5721a4a5ae75ebadcbb -- /home/olga/frontend-project-44/package.json [31ms]
2024-08-28 16:32:34.786 [info] > git config --get commit.template [14ms]
2024-08-28 16:32:34.866 [info] > git show --textconv e31d0d4a14b6fb12542700ace174651fefb3c386:package.json [24ms]
2024-08-28 16:32:34.866 [info] > git show --textconv 72d05724d9f7bc493a76b5721a4a5ae75ebadcbb:package.json [2ms]
2024-08-28 16:32:34.866 [info] > git ls-tree -l 72d05724d9f7bc493a76b5721a4a5ae75ebadcbb -- /home/olga/frontend-project-44/package.json [41ms]
2024-08-28 16:32:34.869 [info] > git for-each-ref --format=%(refname)%00%(upstream:short)%00%(objectname)%00%(upstream:track)%00%(upstream:remotename)%00%(upstream:remoteref) refs/heads/main refs/remotes/main [65ms]
2024-08-28 16:32:34.875 [info] > git ls-tree -l e31d0d4a14b6fb12542700ace174651fefb3c386 -- /home/olga/frontend-project-44/package.json [40ms]
2024-08-28 16:32:34.933 [info] > git show --textconv 72d05724d9f7bc493a76b5721a4a5ae75ebadcbb:package.json [2ms]
2024-08-28 16:32:34.944 [info] > git show --textconv e31d0d4a14b6fb12542700ace174651fefb3c386:package.json [5ms]
2024-08-28 16:32:34.961 [info] > git status -z -uall [67ms]
2024-08-28 16:32:34.978 [info] > git for-each-ref --format=%(refname)%00%(upstream:short)%00%(objectname)%00%(upstream:track)%00%(upstream:remotename)%00%(upstream:remoteref) refs/heads/main refs/remotes/main [10ms]
2024-08-28 16:32:34.985 [info] > git config --local branch.main.vscode-merge-base [2ms]
2024-08-28 16:32:35.001 [info] > git for-each-ref --format=%(refname)%00%(upstream:short)%00%(objectname)%00%(upstream:track)%00%(upstream:remotename)%00%(upstream:remoteref) refs/heads/origin/main refs/remotes/origin/main [6ms]
2024-08-28 16:32:35.017 [info] > git merge-base refs/heads/main refs/remotes/origin/main [7ms]
2024-08-28 16:32:35.027 [info] > git rev-list --count --left-right refs/heads/main...refs/remotes/origin/main [2ms]
2024-08-28 16:32:35.040 [info] > git diff --name-status -z --diff-filter=ADMR 34ea3f4668f41dc335757d3853b7a59430d570f5...refs/remotes/origin/main [2ms]
2024-08-28 16:32:35.132 [info] > git merge-base refs/heads/main refs/remotes/origin/main [8ms]
2024-08-28 16:32:35.236 [info] > git show -s --decorate=full --shortstat --format=%H%n%aN%n%aE%n%at%n%ct%n%P%n%D%n%B -z 34ea3f4668f41dc335757d3853b7a59430d570f5 [24ms]
2024-08-28 16:32:35.246 [info] > git log --format=%H%n%aN%n%aE%n%at%n%ct%n%P%n%D%n%B -z --shortstat --diff-merges=first-parent 34ea3f4668f41dc335757d3853b7a59430d570f5.. --topo-order --decorate=full refs/heads/main refs/remotes/origin/main [13ms]
2024-08-28 16:32:40.016 [info] > git config --get commit.template [12ms]
2024-08-28 16:32:40.018 [info] > git for-each-ref --format=%(refname)%00%(upstream:short)%00%(objectname)%00%(upstream:track)%00%(upstream:remotename)%00%(upstream:remoteref) refs/heads/main refs/remotes/main [6ms]
2024-08-28 16:32:40.064 [info] > git status -z -uall [29ms]
2024-08-28 16:32:40.073 [info] > git for-each-ref --format=%(refname)%00%(upstream:short)%00%(objectname)%00%(upstream:track)%00%(upstream:remotename)%00%(upstream:remoteref) refs/heads/main refs/remotes/main [3ms]
2024-08-28 16:32:40.088 [info] > git config --local branch.main.vscode-merge-base [5ms]
2024-08-28 16:32:40.099 [info] > git for-each-ref --format=%(refname)%00%(upstream:short)%00%(objectname)%00%(upstream:track)%00%(upstream:remotename)%00%(upstream:remoteref) refs/heads/origin/main refs/remotes/origin/main [2ms]
2024-08-28 16:32:51.184 [info] > git merge-base refs/heads/main refs/remotes/origin/main [3ms]
2024-08-28 16:32:51.200 [info] > git show -s --decorate=full --shortstat --format=%H%n%aN%n%aE%n%at%n%ct%n%P%n%D%n%B -z 34ea3f4668f41dc335757d3853b7a59430d570f5 [8ms]
2024-08-28 16:32:51.205 [info] > git log --format=%H%n%aN%n%aE%n%at%n%ct%n%P%n%D%n%B -z --shortstat --diff-merges=first-parent 34ea3f4668f41dc335757d3853b7a59430d570f5.. --topo-order --decorate=full refs/heads/main refs/remotes/origin/main [7ms]
2024-08-28 16:32:52.573 [info] > git merge-base refs/heads/main refs/remotes/origin/main [3ms]
2024-08-28 16:32:52.638 [info] > git show -s --decorate=full --shortstat --format=%H%n%aN%n%aE%n%at%n%ct%n%P%n%D%n%B -z 34ea3f4668f41dc335757d3853b7a59430d570f5 [8ms]
2024-08-28 16:32:52.643 [info] > git log --format=%H%n%aN%n%aE%n%at%n%ct%n%P%n%D%n%B -z --shortstat --diff-merges=first-parent 34ea3f4668f41dc335757d3853b7a59430d570f5.. --topo-order --decorate=full refs/heads/main refs/remotes/origin/main [5ms]
2024-08-28 16:32:55.317 [info] > git diff --name-status -z --diff-filter=ADMR e31d0d4a14b6fb12542700ace174651fefb3c386...0d1df9699bf4724a68bd575b6d88b8e3dd1dd4b6 [4ms]
2024-08-28 16:32:55.398 [info] > git show --textconv e31d0d4a14b6fb12542700ace174651fefb3c386:bin/brain-even [23ms]
2024-08-28 16:32:55.398 [info] > git show --textconv 0d1df9699bf4724a68bd575b6d88b8e3dd1dd4b6:bin/brain-even [18ms]
2024-08-28 16:32:55.398 [info] > git ls-tree -l e31d0d4a14b6fb12542700ace174651fefb3c386 -- /home/olga/frontend-project-44/bin/brain-even [6ms]
2024-08-28 16:32:55.410 [info] > git ls-tree -l 0d1df9699bf4724a68bd575b6d88b8e3dd1dd4b6 -- /home/olga/frontend-project-44/bin/brain-even [14ms]
2024-08-28 16:32:55.881 [info] > git check-ignore -v -z --stdin [7ms]
2024-08-28 16:32:56.336 [info] > git diff --name-status -z --diff-filter=ADMR 72d05724d9f7bc493a76b5721a4a5ae75ebadcbb...e31d0d4a14b6fb12542700ace174651fefb3c386 [3ms]
2024-08-28 16:32:58.120 [info] > git diff --name-status -z --diff-filter=ADMR e31d0d4a14b6fb12542700ace174651fefb3c386...0d1df9699bf4724a68bd575b6d88b8e3dd1dd4b6 [14ms]
2024-08-28 16:33:39.163 [info] > git diff --name-status -z --diff-filter=ADMR 0d1df9699bf4724a68bd575b6d88b8e3dd1dd4b6...5ee55d248a98c7e27fb554942a804025e4e3f138 [5ms]
2024-08-28 16:33:39.250 [info] > git show --textconv 5ee55d248a98c7e27fb554942a804025e4e3f138:bin/brain-even [26ms]
2024-08-28 16:33:39.250 [info] > git show --textconv 0d1df9699bf4724a68bd575b6d88b8e3dd1dd4b6:package.json [21ms]
2024-08-28 16:33:39.250 [info] > git show --textconv 5ee55d248a98c7e27fb554942a804025e4e3f138:package.json [17ms]
2024-08-28 16:33:39.250 [info] > git ls-tree -l 0d1df9699bf4724a68bd575b6d88b8e3dd1dd4b6 -- /home/olga/frontend-project-44/package.json [9ms]
2024-08-28 16:33:39.251 [info] > git ls-tree -l 5ee55d248a98c7e27fb554942a804025e4e3f138 -- /home/olga/frontend-project-44/bin/brain-even [15ms]
2024-08-28 16:33:39.254 [info] > git ls-tree -l 5ee55d248a98c7e27fb554942a804025e4e3f138 -- /home/olga/frontend-project-44/package.json [7ms]
2024-08-28 16:33:39.759 [info] > git check-ignore -v -z --stdin [6ms]
2024-08-28 16:36:17.548 [info] > git ls-tree -l 5ee55d248a98c7e27fb554942a804025e4e3f138 -- /home/olga/frontend-project-44/package.json [18ms]
2024-08-28 16:36:17.549 [info] > git ls-tree -l 0d1df9699bf4724a68bd575b6d88b8e3dd1dd4b6 -- /home/olga/frontend-project-44/package.json [25ms]
2024-08-28 16:36:17.551 [info] > git ls-tree -l 5ee55d248a98c7e27fb554942a804025e4e3f138 -- /home/olga/frontend-project-44/bin/brain-even [33ms]
2024-08-28 16:36:17.552 [info] > git ls-tree -l 0d1df9699bf4724a68bd575b6d88b8e3dd1dd4b6 -- /home/olga/frontend-project-44/bin/brain-even [40ms]
2024-08-28 16:36:17.599 [info] > git config --get commit.template [52ms]
2024-08-28 16:36:17.724 [info] > git show --textconv 5ee55d248a98c7e27fb554942a804025e4e3f138:package.json [113ms]
2024-08-28 16:36:17.724 [info] > git show --textconv 0d1df9699bf4724a68bd575b6d88b8e3dd1dd4b6:package.json [110ms]
2024-08-28 16:36:17.724 [info] > git show --textconv 5ee55d248a98c7e27fb554942a804025e4e3f138:bin/brain-even [106ms]
2024-08-28 16:36:17.729 [info] > git ls-tree -l 0d1df9699bf4724a68bd575b6d88b8e3dd1dd4b6 -- /home/olga/frontend-project-44/package.json [135ms]
2024-08-28 16:36:17.730 [info] > git ls-tree -l 5ee55d248a98c7e27fb554942a804025e4e3f138 -- /home/olga/frontend-project-44/bin/brain-even [141ms]
2024-08-28 16:36:17.732 [info] > git ls-tree -l 0d1df9699bf4724a68bd575b6d88b8e3dd1dd4b6 -- /home/olga/frontend-project-44/bin/brain-even [149ms]
2024-08-28 16:36:17.732 [info] > git ls-tree -l e31d0d4a14b6fb12542700ace174651fefb3c386 -- /home/olga/frontend-project-44/package.json [156ms]
2024-08-28 16:36:17.734 [info] > git ls-tree -l 72d05724d9f7bc493a76b5721a4a5ae75ebadcbb -- /home/olga/frontend-project-44/package.json [165ms]
2024-08-28 16:36:17.745 [info] > git show --textconv 0d1df9699bf4724a68bd575b6d88b8e3dd1dd4b6:bin/brain-even [26ms]
2024-08-28 16:36:17.746 [info] > git ls-tree -l 5ee55d248a98c7e27fb554942a804025e4e3f138 -- /home/olga/frontend-project-44/package.json [147ms]
2024-08-28 16:36:17.779 [info] > git for-each-ref --format=%(refname)%00%(upstream:short)%00%(objectname)%00%(upstream:track)%00%(upstream:remotename)%00%(upstream:remoteref) refs/heads/main refs/remotes/main [38ms]
2024-08-28 16:36:17.788 [info] > git show --textconv 0d1df9699bf4724a68bd575b6d88b8e3dd1dd4b6:package.json [27ms]
2024-08-28 16:36:17.788 [info] > git show --textconv 5ee55d248a98c7e27fb554942a804025e4e3f138:bin/brain-even [23ms]
2024-08-28 16:36:17.788 [info] > git show --textconv 0d1df9699bf4724a68bd575b6d88b8e3dd1dd4b6:bin/brain-even [20ms]
2024-08-28 16:36:17.788 [info] > git show --textconv e31d0d4a14b6fb12542700ace174651fefb3c386:package.json [13ms]
2024-08-28 16:36:17.788 [info] > git show --textconv 72d05724d9f7bc493a76b5721a4a5ae75ebadcbb:package.json [9ms]
2024-08-28 16:36:17.788 [info] > git show --textconv 5ee55d248a98c7e27fb554942a804025e4e3f138:package.json [4ms]
2024-08-28 16:36:17.833 [info] > git status -z -uall [33ms]
2024-08-28 16:36:17.844 [info] > git for-each-ref --format=%(refname)%00%(upstream:short)%00%(objectname)%00%(upstream:track)%00%(upstream:remotename)%00%(upstream:remoteref) refs/heads/main refs/remotes/main [5ms]
2024-08-28 16:36:17.849 [info] > git config --local branch.main.vscode-merge-base [1ms]
2024-08-28 16:36:17.860 [info] > git for-each-ref --format=%(refname)%00%(upstream:short)%00%(objectname)%00%(upstream:track)%00%(upstream:remotename)%00%(upstream:remoteref) refs/heads/origin/main refs/remotes/origin/main [5ms]
2024-08-28 16:36:17.871 [info] > git merge-base refs/heads/main refs/remotes/origin/main [7ms]
2024-08-28 16:36:17.880 [info] > git rev-list --count --left-right refs/heads/main...refs/remotes/origin/main [3ms]
2024-08-28 16:36:17.894 [info] > git diff --name-status -z --diff-filter=ADMR 34ea3f4668f41dc335757d3853b7a59430d570f5...refs/remotes/origin/main [10ms]
2024-08-28 16:36:17.963 [info] > git merge-base refs/heads/main refs/remotes/origin/main [1ms]
2024-08-28 16:36:18.053 [info] > git show -s --decorate=full --shortstat --format=%H%n%aN%n%aE%n%at%n%ct%n%P%n%D%n%B -z 34ea3f4668f41dc335757d3853b7a59430d570f5 [15ms]
2024-08-28 16:36:18.066 [info] > git log --format=%H%n%aN%n%aE%n%at%n%ct%n%P%n%D%n%B -z --shortstat --diff-merges=first-parent 34ea3f4668f41dc335757d3853b7a59430d570f5.. --topo-order --decorate=full refs/heads/main refs/remotes/origin/main [15ms]
2024-08-28 16:36:22.860 [info] > git config --get commit.template [8ms]
2024-08-28 16:36:22.872 [info] > git for-each-ref --format=%(refname)%00%(upstream:short)%00%(objectname)%00%(upstream:track)%00%(upstream:remotename)%00%(upstream:remoteref) refs/heads/main refs/remotes/main [4ms]
2024-08-28 16:36:22.915 [info] > git status -z -uall [36ms]
2024-08-28 16:36:22.923 [info] > git for-each-ref --format=%(refname)%00%(upstream:short)%00%(objectname)%00%(upstream:track)%00%(upstream:remotename)%00%(upstream:remoteref) refs/heads/main refs/remotes/main [3ms]
2024-08-28 16:36:22.937 [info] > git config --local branch.main.vscode-merge-base [2ms]
2024-08-28 16:36:22.946 [info] > git for-each-ref --format=%(refname)%00%(upstream:short)%00%(objectname)%00%(upstream:track)%00%(upstream:remotename)%00%(upstream:remoteref) refs/heads/origin/main refs/remotes/origin/main [2ms]
2024-08-28 16:36:56.648 [info] > git merge-base refs/heads/main refs/remotes/origin/main [3ms]
2024-08-28 16:36:56.720 [info] > git show -s --decorate=full --shortstat --format=%H%n%aN%n%aE%n%at%n%ct%n%P%n%D%n%B -z 34ea3f4668f41dc335757d3853b7a59430d570f5 [9ms]
2024-08-28 16:36:56.726 [info] > git log --format=%H%n%aN%n%aE%n%at%n%ct%n%P%n%D%n%B -z --shortstat --diff-merges=first-parent 34ea3f4668f41dc335757d3853b7a59430d570f5.. --topo-order --decorate=full refs/heads/main refs/remotes/origin/main [6ms]
2024-08-28 16:36:58.338 [info] > git merge-base refs/heads/main refs/remotes/origin/main [4ms]
2024-08-28 16:36:58.422 [info] > git show -s --decorate=full --shortstat --format=%H%n%aN%n%aE%n%at%n%ct%n%P%n%D%n%B -z 34ea3f4668f41dc335757d3853b7a59430d570f5 [12ms]
2024-08-28 16:36:58.423 [info] > git log --format=%H%n%aN%n%aE%n%at%n%ct%n%P%n%D%n%B -z --shortstat --diff-merges=first-parent 34ea3f4668f41dc335757d3853b7a59430d570f5.. --topo-order --decorate=full refs/heads/main refs/remotes/origin/main [8ms]
2024-08-28 16:37:16.350 [info] > git show --textconv :bin/brain-even [6ms]
2024-08-28 16:37:16.361 [info] > git ls-files --stage -- /home/olga/frontend-project-44/bin/brain-even [12ms]
2024-08-28 16:37:16.384 [info] > git cat-file -s 1f6a1bf7a06f8b71478dd659bbc67115e1327ffb [14ms]
2024-08-28 16:37:40.203 [info] > git diff --name-status -z --diff-filter=ADMR 02eba029e29a704550637831c2250faab7066e65...72d05724d9f7bc493a76b5721a4a5ae75ebadcbb [2ms]
2024-08-28 16:37:40.255 [info] > git show --textconv 02eba029e29a704550637831c2250faab7066e65:bin/brain-even [23ms]
2024-08-28 16:37:40.255 [info] > git show --textconv 72d05724d9f7bc493a76b5721a4a5ae75ebadcbb:bin/brain-even [19ms]
2024-08-28 16:37:40.255 [info] > git ls-tree -l 72d05724d9f7bc493a76b5721a4a5ae75ebadcbb -- /home/olga/frontend-project-44/bin/brain-even [9ms]
2024-08-28 16:37:40.256 [info] > git ls-tree -l 02eba029e29a704550637831c2250faab7066e65 -- /home/olga/frontend-project-44/bin/brain-even [15ms]
2024-08-28 16:37:40.783 [info] > git check-ignore -v -z --stdin [20ms]
2024-08-28 16:37:48.396 [info] > git diff --name-status -z --diff-filter=ADMR 34ea3f4668f41dc335757d3853b7a59430d570f5...02eba029e29a704550637831c2250faab7066e65 [3ms]
2024-08-28 16:37:48.498 [info] > git show --textconv 34ea3f4668f41dc335757d3853b7a59430d570f5:package.json [20ms]
2024-08-28 16:37:48.498 [info] > git show --textconv 02eba029e29a704550637831c2250faab7066e65:package.json [15ms]
2024-08-28 16:37:48.499 [info] > git ls-tree -l 34ea3f4668f41dc335757d3853b7a59430d570f5 -- /home/olga/frontend-project-44/package.json [9ms]
2024-08-28 16:37:48.504 [info] > git ls-tree -l 02eba029e29a704550637831c2250faab7066e65 -- /home/olga/frontend-project-44/package.json [9ms]
2024-08-28 16:37:49.038 [info] > git check-ignore -v -z --stdin [31ms]
2024-08-28 16:37:50.930 [info] > git diff --name-status -z --diff-filter=ADMR 02eba029e29a704550637831c2250faab7066e65...72d05724d9f7bc493a76b5721a4a5ae75ebadcbb [3ms]
2024-08-28 16:37:58.273 [info] > git diff --name-status -z --diff-filter=ADMR 0d1df9699bf4724a68bd575b6d88b8e3dd1dd4b6...5ee55d248a98c7e27fb554942a804025e4e3f138 [8ms]
2024-08-28 16:37:58.364 [info] > git show --textconv 0d1df9699bf4724a68bd575b6d88b8e3dd1dd4b6:bin/brain-even [36ms]
2024-08-28 16:37:58.364 [info] > git show --textconv 5ee55d248a98c7e27fb554942a804025e4e3f138:bin/brain-even [31ms]
2024-08-28 16:37:58.365 [info] > git show --textconv 0d1df9699bf4724a68bd575b6d88b8e3dd1dd4b6:package.json [25ms]
2024-08-28 16:37:58.365 [info] > git show --textconv 5ee55d248a98c7e27fb554942a804025e4e3f138:package.json [23ms]
2024-08-28 16:37:58.365 [info] > git ls-tree -l 0d1df9699bf4724a68bd575b6d88b8e3dd1dd4b6 -- /home/olga/frontend-project-44/package.json [9ms]
2024-08-28 16:37:58.366 [info] > git ls-tree -l 5ee55d248a98c7e27fb554942a804025e4e3f138 -- /home/olga/frontend-project-44/bin/brain-even [13ms]
2024-08-28 16:37:58.367 [info] > git ls-tree -l 0d1df9699bf4724a68bd575b6d88b8e3dd1dd4b6 -- /home/olga/frontend-project-44/bin/brain-even [21ms]
2024-08-28 16:37:58.377 [info] > git ls-tree -l 5ee55d248a98c7e27fb554942a804025e4e3f138 -- /home/olga/frontend-project-44/package.json [16ms]
2024-08-28 16:38:00.138 [info] > git diff --name-status -z --diff-filter=ADMR 5ee55d248a98c7e27fb554942a804025e4e3f138...9298502e37668714205fd6e96ce98c1100a0e217 [4ms]
2024-08-28 16:38:00.222 [info] > git show --textconv 9298502e37668714205fd6e96ce98c1100a0e217:package.json [9ms]
2024-08-28 16:38:00.231 [info] > git ls-tree -l 9298502e37668714205fd6e96ce98c1100a0e217 -- /home/olga/frontend-project-44/package.json [11ms]
2024-08-28 16:38:00.713 [info] > git check-ignore -v -z --stdin [7ms]
2024-08-28 16:38:02.684 [info] > git merge-base refs/heads/main refs/remotes/origin/main [3ms]
2024-08-28 16:38:02.766 [info] > git show -s --decorate=full --shortstat --format=%H%n%aN%n%aE%n%at%n%ct%n%P%n%D%n%B -z 34ea3f4668f41dc335757d3853b7a59430d570f5 [11ms]
2024-08-28 16:38:02.772 [info] > git log --format=%H%n%aN%n%aE%n%at%n%ct%n%P%n%D%n%B -z --shortstat --diff-merges=first-parent 34ea3f4668f41dc335757d3853b7a59430d570f5.. --topo-order --decorate=full refs/heads/main refs/remotes/origin/main [10ms]
2024-08-28 16:38:04.628 [info] > git merge-base refs/heads/main refs/remotes/origin/main [3ms]
2024-08-28 16:38:04.648 [info] > git show -s --decorate=full --shortstat --format=%H%n%aN%n%aE%n%at%n%ct%n%P%n%D%n%B -z 34ea3f4668f41dc335757d3853b7a59430d570f5 [6ms]
2024-08-28 16:38:04.654 [info] > git log --format=%H%n%aN%n%aE%n%at%n%ct%n%P%n%D%n%B -z --shortstat --diff-merges=first-parent 34ea3f4668f41dc335757d3853b7a59430d570f5.. --topo-order --decorate=full refs/heads/main refs/remotes/origin/main [7ms]
2024-08-28 16:38:05.492 [info] > git merge-base refs/heads/main refs/remotes/origin/main [2ms]
2024-08-28 16:38:05.564 [info] > git show -s --decorate=full --shortstat --format=%H%n%aN%n%aE%n%at%n%ct%n%P%n%D%n%B -z 34ea3f4668f41dc335757d3853b7a59430d570f5 [5ms]
2024-08-28 16:38:05.566 [info] > git log --format=%H%n%aN%n%aE%n%at%n%ct%n%P%n%D%n%B -z --shortstat --diff-merges=first-parent 34ea3f4668f41dc335757d3853b7a59430d570f5.. --topo-order --decorate=full refs/heads/main refs/remotes/origin/main [5ms]
2024-08-28 16:38:07.821 [info] > git merge-base refs/heads/main refs/remotes/origin/main [2ms]
2024-08-28 16:38:07.895 [info] > git show -s --decorate=full --shortstat --format=%H%n%aN%n%aE%n%at%n%ct%n%P%n%D%n%B -z 34ea3f4668f41dc335757d3853b7a59430d570f5 [14ms]
2024-08-28 16:38:07.904 [info] > git log --format=%H%n%aN%n%aE%n%at%n%ct%n%P%n%D%n%B -z --shortstat --diff-merges=first-parent 34ea3f4668f41dc335757d3853b7a59430d570f5.. --topo-order --decorate=full refs/heads/main refs/remotes/origin/main [11ms]
2024-08-28 16:38:10.635 [info] > git merge-base refs/heads/main refs/remotes/origin/main [3ms]
2024-08-28 16:38:10.738 [info] > git show -s --decorate=full --shortstat --format=%H%n%aN%n%aE%n%at%n%ct%n%P%n%D%n%B -z 34ea3f4668f41dc335757d3853b7a59430d570f5 [7ms]
2024-08-28 16:38:10.743 [info] > git log --format=%H%n%aN%n%aE%n%at%n%ct%n%P%n%D%n%B -z --shortstat --diff-merges=first-parent 34ea3f4668f41dc335757d3853b7a59430d570f5.. --topo-order --decorate=full refs/heads/main refs/remotes/origin/main [6ms]
2024-08-28 16:38:15.754 [info] > git merge-base refs/heads/main refs/remotes/origin/main [5ms]
2024-08-28 16:38:15.843 [info] > git show -s --decorate=full --shortstat --format=%H%n%aN%n%aE%n%at%n%ct%n%P%n%D%n%B -z 34ea3f4668f41dc335757d3853b7a59430d570f5 [11ms]
2024-08-28 16:38:15.847 [info] > git log --format=%H%n%aN%n%aE%n%at%n%ct%n%P%n%D%n%B -z --shortstat --diff-merges=first-parent 34ea3f4668f41dc335757d3853b7a59430d570f5.. --topo-order --decorate=full refs/heads/main refs/remotes/origin/main [4ms]
2024-08-28 16:38:37.637 [info] > git ls-tree -l 5ee55d248a98c7e27fb554942a804025e4e3f138 -- /home/olga/frontend-project-44/package.json [7ms]
2024-08-28 16:38:37.638 [info] > git ls-tree -l 5ee55d248a98c7e27fb554942a804025e4e3f138 -- /home/olga/frontend-project-44/bin/brain-even [14ms]
2024-08-28 16:38:37.639 [info] > git ls-tree -l 0d1df9699bf4724a68bd575b6d88b8e3dd1dd4b6 -- /home/olga/frontend-project-44/bin/brain-even [21ms]
2024-08-28 16:38:37.640 [info] > git ls-tree -l 9298502e37668714205fd6e96ce98c1100a0e217 -- /home/olga/frontend-project-44/package.json [6ms]
2024-08-28 16:46:16.393 [info] > git ls-tree -l 9298502e37668714205fd6e96ce98c1100a0e217 -- /home/olga/frontend-project-44/package.json [8ms]
2024-08-28 16:46:16.394 [info] > git ls-tree -l 5ee55d248a98c7e27fb554942a804025e4e3f138 -- /home/olga/frontend-project-44/package.json [17ms]
2024-08-28 16:46:16.395 [info] > git ls-tree -l 5ee55d248a98c7e27fb554942a804025e4e3f138 -- /home/olga/frontend-project-44/bin/brain-even [22ms]
2024-08-28 16:46:16.395 [info] > git ls-tree -l 0d1df9699bf4724a68bd575b6d88b8e3dd1dd4b6 -- /home/olga/frontend-project-44/bin/brain-even [30ms]
2024-08-28 16:46:16.397 [info] > git config --get commit.template [5ms]
2024-08-28 16:46:16.404 [info] > git for-each-ref --format=%(refname)%00%(upstream:short)%00%(objectname)%00%(upstream:track)%00%(upstream:remotename)%00%(upstream:remoteref) refs/heads/main refs/remotes/main [3ms]
2024-08-28 16:46:16.468 [info] > git status -z -uall [54ms]
2024-08-28 16:46:16.484 [info] > git for-each-ref --format=%(refname)%00%(upstream:short)%00%(objectname)%00%(upstream:track)%00%(upstream:remotename)%00%(upstream:remoteref) refs/heads/main refs/remotes/main [11ms]
2024-08-28 16:46:16.494 [info] > git config --local branch.main.vscode-merge-base [2ms]
2024-08-28 16:46:16.507 [info] > git for-each-ref --format=%(refname)%00%(upstream:short)%00%(objectname)%00%(upstream:track)%00%(upstream:remotename)%00%(upstream:remoteref) refs/heads/origin/main refs/remotes/origin/main [9ms]
2024-08-28 16:46:16.513 [info] > git merge-base refs/heads/main refs/remotes/origin/main [2ms]
2024-08-28 16:46:16.521 [info] > git rev-list --count --left-right refs/heads/main...refs/remotes/origin/main [3ms]
2024-08-28 16:46:16.528 [info] > git diff --name-status -z --diff-filter=ADMR 34ea3f4668f41dc335757d3853b7a59430d570f5...refs/remotes/origin/main [2ms]
2024-08-28 16:46:16.611 [info] > git merge-base refs/heads/main refs/remotes/origin/main [6ms]
2024-08-28 16:46:16.626 [info] > git show -s --decorate=full --shortstat --format=%H%n%aN%n%aE%n%at%n%ct%n%P%n%D%n%B -z 34ea3f4668f41dc335757d3853b7a59430d570f5 [3ms]
2024-08-28 16:46:16.629 [info] > git log --format=%H%n%aN%n%aE%n%at%n%ct%n%P%n%D%n%B -z --shortstat --diff-merges=first-parent 34ea3f4668f41dc335757d3853b7a59430d570f5.. --topo-order --decorate=full refs/heads/main refs/remotes/origin/main [4ms]
2024-08-28 16:46:19.849 [info] > git diff --name-status -z --diff-filter=ADMR 9298502e37668714205fd6e96ce98c1100a0e217...931a2fa88674884b0913ceb69d1eadf3837b4ae4 [4ms]
2024-08-28 16:46:19.880 [info] > git show --textconv 931a2fa88674884b0913ceb69d1eadf3837b4ae4:package.json [4ms]
2024-08-28 16:46:19.881 [info] > git ls-tree -l 931a2fa88674884b0913ceb69d1eadf3837b4ae4 -- /home/olga/frontend-project-44/package.json [2ms]
2024-08-28 16:46:20.409 [info] > git check-ignore -v -z --stdin [16ms]
2024-08-28 16:46:21.507 [info] > git config --get commit.template [16ms]
2024-08-28 16:46:21.514 [info] > git for-each-ref --format=%(refname)%00%(upstream:short)%00%(objectname)%00%(upstream:track)%00%(upstream:remotename)%00%(upstream:remoteref) refs/heads/main refs/remotes/main [8ms]
2024-08-28 16:46:21.563 [info] > git status -z -uall [38ms]
2024-08-28 16:46:21.572 [info] > git for-each-ref --format=%(refname)%00%(upstream:short)%00%(objectname)%00%(upstream:track)%00%(upstream:remotename)%00%(upstream:remoteref) refs/heads/main refs/remotes/main [4ms]
2024-08-28 16:46:21.578 [info] > git config --local branch.main.vscode-merge-base [2ms]
2024-08-28 16:46:21.588 [info] > git for-each-ref --format=%(refname)%00%(upstream:short)%00%(objectname)%00%(upstream:track)%00%(upstream:remotename)%00%(upstream:remoteref) refs/heads/origin/main refs/remotes/origin/main [2ms]
2024-08-28 16:46:28.944 [info] > git diff --name-status -z --diff-filter=ADMR 5ee55d248a98c7e27fb554942a804025e4e3f138...9298502e37668714205fd6e96ce98c1100a0e217 [3ms]
2024-08-28 16:46:30.531 [info] > git diff --name-status -z --diff-filter=ADMR 0d1df9699bf4724a68bd575b6d88b8e3dd1dd4b6...5ee55d248a98c7e27fb554942a804025e4e3f138 [8ms]
2024-08-28 16:46:30.580 [info] > git show --textconv 0d1df9699bf4724a68bd575b6d88b8e3dd1dd4b6:bin/brain-even [24ms]
2024-08-28 16:46:30.581 [info] > git show --textconv 5ee55d248a98c7e27fb554942a804025e4e3f138:bin/brain-even [21ms]
2024-08-28 16:46:30.581 [info] > git show --textconv 0d1df9699bf4724a68bd575b6d88b8e3dd1dd4b6:package.json [17ms]
2024-08-28 16:46:30.581 [info] > git ls-tree -l 5ee55d248a98c7e27fb554942a804025e4e3f138 -- /home/olga/frontend-project-44/bin/brain-even [7ms]
2024-08-28 16:46:30.582 [info] > git ls-tree -l 0d1df9699bf4724a68bd575b6d88b8e3dd1dd4b6 -- /home/olga/frontend-project-44/bin/brain-even [12ms]
2024-08-28 16:46:30.585 [info] > git ls-tree -l 0d1df9699bf4724a68bd575b6d88b8e3dd1dd4b6 -- /home/olga/frontend-project-44/package.json [5ms]
2024-08-28 16:46:41.591 [info] > git diff --name-status -z --diff-filter=ADMR 9298502e37668714205fd6e96ce98c1100a0e217...931a2fa88674884b0913ceb69d1eadf3837b4ae4 [4ms]
2024-08-28 16:46:41.674 [info] > git show --textconv 9298502e37668714205fd6e96ce98c1100a0e217:package.json [22ms]
2024-08-28 16:46:41.674 [info] > git show --textconv 931a2fa88674884b0913ceb69d1eadf3837b4ae4:package.json [17ms]
2024-08-28 16:46:41.675 [info] > git ls-tree -l 9298502e37668714205fd6e96ce98c1100a0e217 -- /home/olga/frontend-project-44/package.json [13ms]
2024-08-28 16:46:41.678 [info] > git ls-tree -l 931a2fa88674884b0913ceb69d1eadf3837b4ae4 -- /home/olga/frontend-project-44/package.json [6ms]
2024-08-28 16:53:10.955 [info] > git config --get commit.template [63ms]
2024-08-28 16:53:10.968 [info] > git ls-tree -l 5ee55d248a98c7e27fb554942a804025e4e3f138 -- /home/olga/frontend-project-44/bin/brain-even [113ms]
2024-08-28 16:53:10.968 [info] > git ls-tree -l 0d1df9699bf4724a68bd575b6d88b8e3dd1dd4b6 -- /home/olga/frontend-project-44/bin/brain-even [120ms]
2024-08-28 16:53:10.969 [info] > git ls-tree -l 931a2fa88674884b0913ceb69d1eadf3837b4ae4 -- /home/olga/frontend-project-44/package.json [103ms]
2024-08-28 16:53:10.971 [info] > git ls-tree -l 9298502e37668714205fd6e96ce98c1100a0e217 -- /home/olga/frontend-project-44/package.json [110ms]
2024-08-28 16:53:10.975 [info] > git for-each-ref --format=%(refname)%00%(upstream:short)%00%(objectname)%00%(upstream:track)%00%(upstream:remotename)%00%(upstream:remoteref) refs/heads/main refs/remotes/main [87ms]
2024-08-28 16:53:11.414 [info] > git status -z -uall [433ms]
2024-08-28 16:53:11.431 [info] > git for-each-ref --format=%(refname)%00%(upstream:short)%00%(objectname)%00%(upstream:track)%00%(upstream:remotename)%00%(upstream:remoteref) refs/heads/main refs/remotes/main [5ms]
2024-08-28 16:53:11.441 [info] > git config --local branch.main.vscode-merge-base [2ms]
2024-08-28 16:53:11.457 [info] > git for-each-ref --format=%(refname)%00%(upstream:short)%00%(objectname)%00%(upstream:track)%00%(upstream:remotename)%00%(upstream:remoteref) refs/heads/origin/main refs/remotes/origin/main [3ms]
2024-08-28 16:53:16.447 [info] > git config --get commit.template [4ms]
2024-08-28 16:53:16.455 [info] > git for-each-ref --format=%(refname)%00%(upstream:short)%00%(objectname)%00%(upstream:track)%00%(upstream:remotename)%00%(upstream:remoteref) refs/heads/main refs/remotes/main [3ms]
2024-08-28 16:53:16.508 [info] > git status -z -uall [44ms]
2024-08-28 16:53:16.519 [info] > git for-each-ref --format=%(refname)%00%(upstream:short)%00%(objectname)%00%(upstream:track)%00%(upstream:remotename)%00%(upstream:remoteref) refs/heads/main refs/remotes/main [3ms]
2024-08-28 16:53:16.530 [info] > git config --local branch.main.vscode-merge-base [3ms]
2024-08-28 16:53:16.537 [info] > git for-each-ref --format=%(refname)%00%(upstream:short)%00%(objectname)%00%(upstream:track)%00%(upstream:remotename)%00%(upstream:remoteref) refs/heads/origin/main refs/remotes/origin/main [2ms]
2024-08-28 16:53:18.102 [info] > git diff --name-status -z --diff-filter=ADMR 02eba029e29a704550637831c2250faab7066e65...72d05724d9f7bc493a76b5721a4a5ae75ebadcbb [18ms]
2024-08-28 16:53:18.184 [info] > git show --textconv 02eba029e29a704550637831c2250faab7066e65:bin/brain-even [22ms]
2024-08-28 16:53:18.184 [info] > git show --textconv 72d05724d9f7bc493a76b5721a4a5ae75ebadcbb:bin/brain-even [17ms]
2024-08-28 16:53:18.185 [info] > git ls-tree -l 02eba029e29a704550637831c2250faab7066e65 -- /home/olga/frontend-project-44/bin/brain-even [13ms]
2024-08-28 16:53:18.190 [info] > git ls-tree -l 72d05724d9f7bc493a76b5721a4a5ae75ebadcbb -- /home/olga/frontend-project-44/bin/brain-even [7ms]
2024-08-28 16:53:32.197 [info] > git ls-tree -l 72d05724d9f7bc493a76b5721a4a5ae75ebadcbb -- /home/olga/frontend-project-44/bin/brain-even [4ms]
2024-08-28 16:53:32.747 [info] > git check-ignore -v -z --stdin [20ms]
2024-08-28 16:55:51.742 [info] > git ls-tree -l 02eba029e29a704550637831c2250faab7066e65 -- /home/olga/frontend-project-44/bin/brain-even [48ms]
2024-08-28 16:55:51.743 [info] > git ls-tree -l 9298502e37668714205fd6e96ce98c1100a0e217 -- /home/olga/frontend-project-44/package.json [42ms]
2024-08-28 16:55:51.744 [info] > git ls-tree -l 931a2fa88674884b0913ceb69d1eadf3837b4ae4 -- /home/olga/frontend-project-44/package.json [39ms]
2024-08-28 16:55:51.744 [info] > git ls-tree -l 72d05724d9f7bc493a76b5721a4a5ae75ebadcbb -- /home/olga/frontend-project-44/bin/brain-even [55ms]
2024-08-28 16:56:09.078 [info] > git for-each-ref --format=%(refname)%00%(upstream:short)%00%(objectname)%00%(upstream:track)%00%(upstream:remotename)%00%(upstream:remoteref) refs/remotes/origin/main [11ms]
2024-08-28 16:56:10.298 [info] > git ls-tree -l 02eba029e29a704550637831c2250faab7066e65 -- /home/olga/frontend-project-44/bin/brain-even [7ms]
2024-08-28 16:56:10.303 [info] > git ls-tree -l 72d05724d9f7bc493a76b5721a4a5ae75ebadcbb -- /home/olga/frontend-project-44/bin/brain-even [6ms]
2024-08-28 16:56:10.323 [info] > git show --textconv 02eba029e29a704550637831c2250faab7066e65:bin/brain-even [13ms]
2024-08-28 16:56:10.324 [info] > git show --textconv 72d05724d9f7bc493a76b5721a4a5ae75ebadcbb:bin/brain-even [9ms]
2024-08-28 16:56:11.897 [info] > git fetch origin main [2815ms]
2024-08-28 16:56:11.897 [info] From github.com:olga-treushkova/frontend-project-44
 * branch            main       -> FETCH_HEAD
2024-08-28 16:56:11.912 [info] > git config --get commit.template [6ms]
2024-08-28 16:56:11.917 [info] > git for-each-ref --format=%(refname)%00%(upstream:short)%00%(objectname)%00%(upstream:track)%00%(upstream:remotename)%00%(upstream:remoteref) refs/heads/main refs/remotes/main [7ms]
2024-08-28 16:56:12.278 [info] > git status -z -uall [355ms]
2024-08-28 16:56:12.287 [info] > git for-each-ref --format=%(refname)%00%(upstream:short)%00%(objectname)%00%(upstream:track)%00%(upstream:remotename)%00%(upstream:remoteref) refs/heads/main refs/remotes/main [2ms]
2024-08-28 16:56:12.293 [info] > git config --local branch.main.vscode-merge-base [2ms]
2024-08-28 16:56:12.307 [info] > git for-each-ref --format=%(refname)%00%(upstream:short)%00%(objectname)%00%(upstream:track)%00%(upstream:remotename)%00%(upstream:remoteref) refs/heads/origin/main refs/remotes/origin/main [3ms]
2024-08-28 16:56:12.876 [info] > git ls-tree -l 02eba029e29a704550637831c2250faab7066e65 -- /home/olga/frontend-project-44/bin/brain-even [11ms]
2024-08-28 16:56:12.882 [info] > git ls-tree -l 72d05724d9f7bc493a76b5721a4a5ae75ebadcbb -- /home/olga/frontend-project-44/bin/brain-even [8ms]
2024-08-28 16:56:12.900 [info] > git show --textconv 02eba029e29a704550637831c2250faab7066e65:bin/brain-even [8ms]
2024-08-28 16:56:12.900 [info] > git show --textconv 72d05724d9f7bc493a76b5721a4a5ae75ebadcbb:bin/brain-even [3ms]
2024-08-28 16:56:13.881 [info] > git config --get commit.template [10ms]
2024-08-28 16:56:13.885 [info] > git for-each-ref --format=%(refname)%00%(upstream:short)%00%(objectname)%00%(upstream:track)%00%(upstream:remotename)%00%(upstream:remoteref) refs/heads/main refs/remotes/main [6ms]
2024-08-28 16:56:13.923 [info] > git status -z -uall [32ms]
2024-08-28 16:56:13.930 [info] > git for-each-ref --format=%(refname)%00%(upstream:short)%00%(objectname)%00%(upstream:track)%00%(upstream:remotename)%00%(upstream:remoteref) refs/heads/main refs/remotes/main [4ms]
2024-08-28 16:56:13.938 [info] > git config --local branch.main.vscode-merge-base [2ms]
2024-08-28 16:56:13.944 [info] > git for-each-ref --format=%(refname)%00%(upstream:short)%00%(objectname)%00%(upstream:track)%00%(upstream:remotename)%00%(upstream:remoteref) refs/heads/origin/main refs/remotes/origin/main [3ms]
