2024-11-04 14:00:38.565 [info] [основное] Уровень ведения журнала: Info
2024-11-04 14:00:38.565 [info] [основное] Проверка найденного Git в: "git"
2024-11-04 14:00:38.565 [info] [основное] Используется Git "2.34.1" из "git"
2024-11-04 14:00:38.565 [info] [Model][doInitialScan] Initial repository scan started
2024-11-04 14:00:38.565 [info] > git rev-parse --show-toplevel [19ms]
2024-11-04 14:00:38.565 [info] > git rev-parse --git-dir --git-common-dir [4ms]
2024-11-04 14:00:38.565 [info] [Model][openRepository] Opened repository: /home/olga
2024-11-04 14:00:38.565 [info] > git config --get commit.template [3ms]
2024-11-04 14:00:38.565 [info] > git rev-parse --show-toplevel [4ms]
2024-11-04 14:00:38.565 [info] > git rev-parse --git-dir --git-common-dir [2ms]
2024-11-04 14:00:38.565 [info] [Model][openRepository] Opened repository: /home/olga/.asdf
2024-11-04 14:00:38.565 [info] > git rev-parse --show-toplevel [21ms]
2024-11-04 14:00:38.565 [info] > git config --get commit.template [27ms]
2024-11-04 14:00:38.565 [info] > git for-each-ref --format=%(refname)%00%(upstream:short)%00%(objectname)%00%(upstream:track)%00%(upstream:remotename)%00%(upstream:remoteref) refs/heads/main refs/remotes/main [80ms]
2024-11-04 14:00:38.565 [warning] [Git][revParse] Unable to read file: ENOENT: no such file or directory, open '/home/olga/.git/refs/remotes/origin/main'
2024-11-04 14:00:38.565 [info] > git rev-parse refs/remotes/origin/main [24ms]
2024-11-04 14:00:38.565 [info] > git rev-parse --show-toplevel [45ms]
2024-11-04 14:00:38.565 [info] > git for-each-ref --sort -committerdate --format %(refname) %(objectname) %(*objectname) [11ms]
2024-11-04 14:00:38.565 [info] > git rev-parse --show-toplevel [5ms]
2024-11-04 14:00:38.565 [info] > git rev-parse --show-toplevel [1ms]
2024-11-04 14:00:38.565 [info] > git rev-parse --show-toplevel [1ms]
2024-11-04 14:00:38.565 [info] > git rev-parse --show-toplevel [12ms]
2024-11-04 14:00:38.565 [info] > git rev-parse --git-dir --git-common-dir [2ms]
2024-11-04 14:00:38.565 [info] [Model][openRepository] Opened repository: /home/olga/.nvm
2024-11-04 14:00:38.565 [info] > git for-each-ref --format %(refname) %(objectname) %(*objectname) refs/tags [102ms]
2024-11-04 14:00:38.565 [info] > git rev-parse --show-toplevel [23ms]
2024-11-04 14:00:38.565 [info] > git config --get commit.template [27ms]
2024-11-04 14:00:38.565 [info] > git rev-parse --show-toplevel [6ms]
2024-11-04 14:00:38.565 [info] > git for-each-ref --sort -committerdate --format %(refname) %(objectname) %(*objectname) [19ms]
2024-11-04 14:00:38.565 [info] > git rev-parse --show-toplevel [6ms]
2024-11-04 14:00:38.565 [info] > git for-each-ref --format %(refname) %(objectname) %(*objectname) refs/tags [25ms]
2024-11-04 14:00:38.565 [info] > git for-each-ref --sort -committerdate --format %(refname) %(objectname) %(*objectname) [13ms]
2024-11-04 14:00:38.565 [info] > git rev-parse --show-toplevel [11ms]
2024-11-04 14:00:38.565 [info] > git rev-parse --git-dir --git-common-dir [4ms]
2024-11-04 14:00:38.565 [info] [Model][openRepository] Opened repository: /home/olga/frontend-project-44
2024-11-04 14:00:38.565 [info] > git config --get commit.template [7ms]
2024-11-04 14:00:38.565 [info] > git rev-parse --show-toplevel [5ms]
2024-11-04 14:00:38.565 [info] > git rev-parse --git-dir --git-common-dir [4ms]
2024-11-04 14:00:38.565 [info] [Model][openRepository] Opened repository: /home/olga/frontend-project-46
2024-11-04 14:00:38.565 [info] > git config --get commit.template [5ms]
2024-11-04 14:00:38.566 [info] > git for-each-ref --format=%(refname)%00%(upstream:short)%00%(objectname)%00%(upstream:track)%00%(upstream:remotename)%00%(upstream:remoteref) refs/heads/main refs/remotes/main [2ms]
2024-11-04 14:00:38.571 [warning] [Git][revParse] Unable to read file: ENOENT: no such file or directory, open '/home/olga/frontend-project-46/.git/refs/remotes/origin/main'
2024-11-04 14:00:38.573 [info] > git rev-parse refs/remotes/origin/main [2ms]
2024-11-04 14:00:38.593 [info] > git status -z -uall [216ms]
2024-11-04 14:00:38.593 [info] > git status -z -uall [15ms]
2024-11-04 14:00:38.593 [info] > git for-each-ref --sort -committerdate --format %(refname) %(objectname) %(*objectname) [5ms]
2024-11-04 14:00:38.615 [info] > git for-each-ref --format=%(refname)%00%(upstream:short)%00%(objectname)%00%(upstream:track)%00%(upstream:remotename)%00%(upstream:remoteref) refs/heads/main refs/remotes/main [116ms]
2024-11-04 14:00:38.615 [info] > git rev-parse --show-toplevel [62ms]
2024-11-04 14:00:38.627 [info] > git for-each-ref --format=%(refname)%00%(upstream:short)%00%(objectname)%00%(upstream:track)%00%(upstream:remotename)%00%(upstream:remoteref) refs/heads/main refs/remotes/main [19ms]
2024-11-04 14:00:38.687 [info] > git status -z -uall [261ms]
2024-11-04 14:00:38.687 [info] > git config --local branch.main.vscode-merge-base [56ms]
2024-11-04 14:00:38.688 [warning] [Git][config] git config failed: Failed to execute git
2024-11-04 14:00:38.692 [info] > git rev-parse --git-dir --git-common-dir [67ms]
2024-11-04 14:00:38.707 [info] [Model][openRepository] Opened repository: /home/olga/hexlet-git
2024-11-04 14:00:38.708 [info] > git config --get commit.template [88ms]
2024-11-04 14:00:38.741 [info] > git reflog main --grep-reflog=branch: Created from *. [50ms]
2024-11-04 14:00:38.751 [info] > git config --get commit.template [66ms]
2024-11-04 14:00:38.787 [info] > git symbolic-ref --short refs/remotes/origin/HEAD [36ms]
2024-11-04 14:00:38.791 [info] > git config --get commit.template [55ms]
2024-11-04 14:00:38.792 [info] > git rev-parse --show-toplevel [63ms]
2024-11-04 14:00:38.793 [info] > git config --get commit.template [68ms]
2024-11-04 14:00:38.818 [info] > git for-each-ref --format=%(refname)%00%(upstream:short)%00%(objectname)%00%(upstream:track)%00%(upstream:remotename)%00%(upstream:remoteref) refs/heads/origin/main refs/remotes/origin/main [27ms]
2024-11-04 14:00:38.833 [info] > git for-each-ref --sort -committerdate --format %(refname) %(objectname) %(*objectname) [52ms]
2024-11-04 14:00:38.834 [info] > git for-each-ref --format=%(refname)%00%(upstream:short)%00%(objectname)%00%(upstream:track)%00%(upstream:remotename)%00%(upstream:remoteref) refs/heads/main refs/remotes/main [63ms]
2024-11-04 14:00:38.862 [warning] [Git][revParse] Unable to read file: ENOENT: no such file or directory, open '/home/olga/frontend-project-46/.git/refs/remotes/origin/main'
2024-11-04 14:00:38.866 [info] > git status -z -uall [90ms]
2024-11-04 14:00:38.867 [info] > git config --local branch.main.vscode-merge-base origin/main [34ms]
2024-11-04 14:00:38.873 [info] > git rev-parse --show-toplevel [64ms]
2024-11-04 14:00:38.874 [info] > git for-each-ref --format %(refname) %(objectname) %(*objectname) refs/tags [77ms]
2024-11-04 14:00:38.917 [info] > git status -z -uall [34ms]
2024-11-04 14:00:38.918 [info] > git rev-parse refs/remotes/origin/main [57ms]
2024-11-04 14:00:38.926 [info] > git for-each-ref --format %(refname) %(objectname) %(*objectname) refs/tags [75ms]
2024-11-04 14:00:38.936 [info] > git for-each-ref --format=%(refname)%00%(upstream:short)%00%(objectname)%00%(upstream:track)%00%(upstream:remotename)%00%(upstream:remoteref) refs/heads/main refs/remotes/main [94ms]
2024-11-04 14:00:38.977 [info] > git status -z -uall [48ms]
2024-11-04 14:00:38.978 [info] > git for-each-ref --format=%(refname)%00%(upstream:short)%00%(objectname)%00%(upstream:track)%00%(upstream:remotename)%00%(upstream:remoteref) refs/heads/main refs/remotes/main [21ms]
2024-11-04 14:00:38.988 [info] > git for-each-ref --sort -committerdate --format %(refname) %(objectname) %(*objectname) [51ms]
2024-11-04 14:00:38.996 [info] > git for-each-ref --format=%(refname)%00%(upstream:short)%00%(objectname)%00%(upstream:track)%00%(upstream:remotename)%00%(upstream:remoteref) refs/heads/main refs/remotes/main [73ms]
2024-11-04 14:00:39.007 [info] > git rev-parse --show-toplevel [97ms]
2024-11-04 14:00:39.007 [info] > git config --get commit.template [109ms]
2024-11-04 14:00:39.008 [info] > git for-each-ref --sort -committerdate --format %(refname) %(objectname) %(*objectname) [120ms]
2024-11-04 14:00:39.054 [info] > git config --local branch.main.vscode-merge-base [48ms]
2024-11-04 14:00:39.069 [info] > git config --local branch.main.vscode-merge-base [82ms]
2024-11-04 14:00:39.079 [info] > git config --get commit.template [103ms]
2024-11-04 14:00:39.103 [info] > git for-each-ref --format=%(refname)%00%(upstream:short)%00%(objectname)%00%(upstream:track)%00%(upstream:remotename)%00%(upstream:remoteref) refs/heads/origin/main refs/remotes/origin/main [27ms]
2024-11-04 14:00:39.124 [info] > git for-each-ref --format=%(refname)%00%(upstream:short)%00%(objectname)%00%(upstream:track)%00%(upstream:remotename)%00%(upstream:remoteref) refs/heads/origin/main refs/remotes/origin/main [54ms]
2024-11-04 14:00:39.139 [info] > git rev-parse --git-dir --git-common-dir [111ms]
2024-11-04 14:00:39.159 [info] [Model][openRepository] Opened repository: /home/olga/hexlet-js
2024-11-04 14:00:39.234 [info] > git status -z -uall [39ms]
2024-11-04 14:00:39.235 [info] > git merge-base refs/heads/main refs/remotes/origin/main [97ms]
2024-11-04 14:00:39.244 [info] > git merge-base refs/heads/main refs/remotes/origin/main [123ms]
2024-11-04 14:00:39.257 [info] > git for-each-ref --format=%(refname)%00%(upstream:short)%00%(objectname)%00%(upstream:track)%00%(upstream:remotename)%00%(upstream:remoteref) refs/heads/main refs/remotes/main [168ms]
2024-11-04 14:00:39.263 [warning] [Git][revParse] Unable to read file: ENOENT: no such file or directory, open '/home/olga/frontend-project-46/.git/refs/remotes/origin/main'
2024-11-04 14:00:39.273 [info] > git diff --name-status -z --diff-filter=ADMR 266c8897e36b47a81268cae87f85a28f7d19108d...refs/remotes/origin/main [33ms]
2024-11-04 14:00:39.274 [info] > git rev-parse --show-toplevel [43ms]
2024-11-04 14:00:39.281 [info] [Model][doInitialScan] Initial repository scan completed - repositories (7), closed repositories (0), parent repositories (0), unsafe repositories (0)
2024-11-04 14:00:39.281 [info] > git config --get commit.template [63ms]
2024-11-04 14:00:39.281 [info] > git for-each-ref --format=%(refname)%00%(upstream:short)%00%(objectname)%00%(upstream:track)%00%(upstream:remotename)%00%(upstream:remoteref) refs/heads/main refs/remotes/main [68ms]
2024-11-04 14:00:39.283 [info] > git for-each-ref --sort -committerdate --format %(refname) %(objectname) %(*objectname) [76ms]
2024-11-04 14:00:39.332 [info] > git for-each-ref --format=%(refname)%00%(upstream:short)%00%(objectname)%00%(upstream:track)%00%(upstream:remotename)%00%(upstream:remoteref) refs/heads/main refs/remotes/main [32ms]
2024-11-04 14:00:39.336 [info] > git rev-parse refs/remotes/origin/main [73ms]
2024-11-04 14:00:39.346 [info] > git diff --name-status -z --diff-filter=ADMR 4d6a7b5311521b182d060240737432bc2bef42f4...refs/remotes/origin/main [89ms]
2024-11-04 14:00:39.399 [info] > git status -z -uall [59ms]
2024-11-04 14:00:39.401 [info] > git config --local branch.main.vscode-merge-base [64ms]
2024-11-04 14:00:39.409 [info] > git config --get commit.template [81ms]
2024-11-04 14:00:39.414 [info] > git for-each-ref --sort -committerdate --format %(refname) %(objectname) %(*objectname) [67ms]
2024-11-04 14:00:39.489 [info] > git status -z -uall [20ms]
2024-11-04 14:00:39.491 [info] > git for-each-ref --format=%(refname)%00%(upstream:short)%00%(objectname)%00%(upstream:track)%00%(upstream:remotename)%00%(upstream:remoteref) refs/heads/origin/main refs/remotes/origin/main [83ms]
2024-11-04 14:00:39.531 [info] > git merge-base refs/heads/main refs/remotes/origin/main [27ms]
2024-11-04 14:00:39.551 [info] > git for-each-ref --format=%(refname)%00%(upstream:short)%00%(objectname)%00%(upstream:track)%00%(upstream:remotename)%00%(upstream:remoteref) refs/heads/main refs/remotes/main [64ms]
2024-11-04 14:00:39.552 [info] > git for-each-ref --sort -committerdate --format %(refname) %(objectname) %(*objectname) [78ms]
2024-11-04 14:00:39.585 [info] > git for-each-ref --format=%(refname)%00%(upstream:short)%00%(objectname)%00%(upstream:track)%00%(upstream:remotename)%00%(upstream:remoteref) refs/heads/main refs/remotes/main [197ms]
2024-11-04 14:00:39.608 [warning] [Git][revParse] Unable to read file: ENOENT: no such file or directory, open '/home/olga/hexlet-js/.git/refs/remotes/origin/main'
2024-11-04 14:00:39.623 [info] > git diff --name-status -z --diff-filter=ADMR 5cd9030637160ceea4e800aac11068a3cc210de8...refs/remotes/origin/main [73ms]
2024-11-04 14:00:39.661 [info] > git rev-parse refs/remotes/origin/main [54ms]
2024-11-04 14:00:40.129 [info] > git status -z -uall [453ms]
2024-11-04 14:00:40.140 [info] > git status -z -uall [400ms]
2024-11-04 14:00:40.142 [info] > git for-each-ref --sort -committerdate --format %(refname) %(objectname) %(*objectname) [449ms]
2024-11-04 14:00:40.219 [info] > git for-each-ref --sort -committerdate --format %(refname) %(objectname) %(*objectname) [472ms]
2024-11-04 14:00:40.242 [info] > git for-each-ref --format=%(refname)%00%(upstream:short)%00%(objectname)%00%(upstream:track)%00%(upstream:remotename)%00%(upstream:remoteref) refs/heads/main refs/remotes/main [38ms]
2024-11-04 14:00:40.278 [info] > git config --local branch.main.vscode-merge-base [4ms]
2024-11-04 14:00:40.308 [info] > git config --get commit.template [67ms]
2024-11-04 14:00:40.311 [info] > git for-each-ref --format=%(refname)%00%(upstream:short)%00%(objectname)%00%(upstream:track)%00%(upstream:remotename)%00%(upstream:remoteref) refs/heads/origin/main refs/remotes/origin/main [3ms]
2024-11-04 14:00:40.356 [info] > git merge-base refs/heads/main refs/remotes/origin/main [16ms]
2024-11-04 14:00:40.635 [info] > git diff --name-status -z --diff-filter=ADMR 2ec9b6fe510f2076127e2aedb2d374ff9f80fac2...refs/remotes/origin/main [216ms]
2024-11-04 14:00:40.636 [info] > git for-each-ref --format=%(refname)%00%(upstream:short)%00%(objectname)%00%(upstream:track)%00%(upstream:remotename)%00%(upstream:remoteref) refs/heads/main refs/remotes/main [290ms]
2024-11-04 14:00:40.652 [warning] [Git][revParse] Unable to read file: ENOENT: no such file or directory, open '/home/olga/hexlet-js/.git/refs/remotes/origin/main'
2024-11-04 14:00:40.751 [info] > git rev-parse refs/remotes/origin/main [100ms]
2024-11-04 14:00:40.792 [info] > git status -z -uall [26ms]
2024-11-04 14:00:40.802 [info] > git for-each-ref --sort -committerdate --format %(refname) %(objectname) %(*objectname) [20ms]
2024-11-04 14:00:41.629 [info] > git status -z -uall [3350ms]
2024-11-04 14:00:41.732 [info] > git for-each-ref --format=%(refname)%00%(upstream:short)%00%(objectname)%00%(upstream:track)%00%(upstream:remotename)%00%(upstream:remoteref) refs/heads/main refs/remotes/main [12ms]
2024-11-04 14:00:41.737 [info] > git config --get commit.template [7ms]
2024-11-04 14:00:42.006 [info] > git config --local branch.main.vscode-merge-base [270ms]
2024-11-04 14:00:42.006 [warning] [Git][config] git config failed: Failed to execute git
2024-11-04 14:00:42.045 [info] > git reflog main --grep-reflog=branch: Created from *. [23ms]
2024-11-04 14:00:42.067 [info] > git symbolic-ref --short refs/remotes/origin/HEAD [4ms]
2024-11-04 14:00:42.067 [info] fatal: ref refs/remotes/origin/HEAD is not a symbolic ref
2024-11-04 14:00:42.067 [warning] [Repository][getDefaultBranch] Failed to get default branch details: Failed to execute git.
2024-11-04 14:00:42.085 [info] > git for-each-ref --format=%(refname)%00%(upstream:short)%00%(objectname)%00%(upstream:track)%00%(upstream:remotename)%00%(upstream:remoteref) refs/heads/main refs/remotes/main [41ms]
2024-11-04 14:00:42.101 [warning] [Git][revParse] Unable to read file: ENOENT: no such file or directory, open '/home/olga/.git/refs/remotes/origin/main'
2024-11-04 14:00:42.102 [info] > git merge-base refs/heads/main refs/remotes/origin/main [18ms]
2024-11-04 14:00:42.108 [info] > git rev-parse refs/remotes/origin/main [7ms]
2024-11-04 14:00:42.203 [info] > git for-each-ref --sort -committerdate --format %(refname) %(objectname) %(*objectname) [48ms]
2024-11-04 14:00:42.204 [info] > git diff --name-status -z --diff-filter=ADMR 5cd9030637160ceea4e800aac11068a3cc210de8...refs/remotes/origin/main [97ms]
2024-11-04 14:00:42.412 [info] > git status -z -uall [295ms]
2024-11-04 14:00:44.278 [info] > git check-ignore -v -z --stdin [14ms]
2024-11-04 14:00:53.393 [info] > git config --get commit.template [4ms]
2024-11-04 14:00:53.403 [info] > git for-each-ref --format=%(refname)%00%(upstream:short)%00%(objectname)%00%(upstream:track)%00%(upstream:remotename)%00%(upstream:remoteref) refs/heads/main refs/remotes/main [3ms]
2024-11-04 14:00:53.406 [warning] [Git][revParse] Unable to read file: ENOENT: no such file or directory, open '/home/olga/.git/refs/remotes/origin/main'
2024-11-04 14:00:53.408 [info] > git rev-parse refs/remotes/origin/main [2ms]
2024-11-04 14:00:53.419 [info] > git for-each-ref --sort -committerdate --format %(refname) %(objectname) %(*objectname) [4ms]
2024-11-04 14:00:53.526 [info] > git status -z -uall [115ms]
