2024-08-28 16:57:00.568 [info] [основное] Уровень ведения журнала: Info
2024-08-28 16:57:00.568 [info] [основное] Проверка найденного Git в: "git"
2024-08-28 16:57:00.568 [info] [основное] Используется Git "2.34.1" из "git"
2024-08-28 16:57:00.568 [info] [Model][doInitialScan] Initial repository scan started
2024-08-28 16:57:00.568 [info] > git rev-parse --show-toplevel [5ms]
2024-08-28 16:57:00.568 [info] > git rev-parse --git-dir --git-common-dir [2ms]
2024-08-28 16:57:00.568 [info] [Model][openRepository] Opened repository: /home/olga/frontend-project-44
2024-08-28 16:57:00.664 [info] > git rev-parse --show-toplevel [83ms]
2024-08-28 16:57:00.665 [info] > git config --get commit.template [86ms]
2024-08-28 16:57:00.677 [info] > git rev-parse --show-toplevel [7ms]
2024-08-28 16:57:00.678 [info] > git for-each-ref --format=%(refname)%00%(upstream:short)%00%(objectname)%00%(upstream:track)%00%(upstream:remotename)%00%(upstream:remoteref) refs/heads/main refs/remotes/main [3ms]
2024-08-28 16:57:00.686 [info] > git rev-parse --show-toplevel [6ms]
2024-08-28 16:57:00.693 [info] [Model][doInitialScan] Initial repository scan completed - repositories (1), closed repositories (0), parent repositories (0), unsafe repositories (0)
2024-08-28 16:57:00.715 [info] > git status -z -uall [30ms]
2024-08-28 16:57:00.796 [info] > git for-each-ref --format=%(refname)%00%(upstream:short)%00%(objectname)%00%(upstream:track)%00%(upstream:remotename)%00%(upstream:remoteref) refs/heads/main refs/remotes/main [74ms]
2024-08-28 16:57:00.804 [info] > git config --get commit.template [73ms]
2024-08-28 16:57:00.806 [info] > git config --local branch.main.vscode-merge-base [4ms]
2024-08-28 16:57:00.835 [info] > git for-each-ref --format=%(refname)%00%(upstream:short)%00%(objectname)%00%(upstream:track)%00%(upstream:remotename)%00%(upstream:remoteref) refs/heads/main refs/remotes/main [11ms]
2024-08-28 16:57:00.835 [info] > git for-each-ref --format=%(refname)%00%(upstream:short)%00%(objectname)%00%(upstream:track)%00%(upstream:remotename)%00%(upstream:remoteref) refs/heads/origin/main refs/remotes/origin/main [16ms]
2024-08-28 16:57:00.853 [info] > git merge-base refs/heads/main refs/remotes/origin/main [12ms]
2024-08-28 16:57:00.870 [info] > git rev-list --count --left-right refs/heads/main...refs/remotes/origin/main [3ms]
2024-08-28 16:57:00.878 [info] > git diff --name-status -z --diff-filter=ADMR 34ea3f4668f41dc335757d3853b7a59430d570f5...refs/remotes/origin/main [3ms]
2024-08-28 16:57:00.885 [info] > git status -z -uall [33ms]
2024-08-28 16:57:00.891 [info] > git for-each-ref --format=%(refname)%00%(upstream:short)%00%(objectname)%00%(upstream:track)%00%(upstream:remotename)%00%(upstream:remoteref) refs/heads/main refs/remotes/main [3ms]
2024-08-28 16:57:00.898 [info] > git config --local branch.main.vscode-merge-base [1ms]
2024-08-28 16:57:00.906 [info] > git for-each-ref --format=%(refname)%00%(upstream:short)%00%(objectname)%00%(upstream:track)%00%(upstream:remotename)%00%(upstream:remoteref) refs/heads/origin/main refs/remotes/origin/main [2ms]
2024-08-28 16:57:01.191 [info] > git check-ignore -v -z --stdin [19ms]
2024-08-28 16:57:25.264 [info] > git check-ignore -v -z --stdin [4ms]
2024-08-28 16:57:42.703 [info] > git show --textconv :bin/brain-even [23ms]
2024-08-28 16:57:42.705 [info] > git ls-files --stage -- /home/olga/frontend-project-44/bin/brain-even [18ms]
2024-08-28 16:57:42.712 [info] > git cat-file -s 1f6a1bf7a06f8b71478dd659bbc67115e1327ffb [3ms]
2024-08-28 16:58:16.500 [info] > git show --textconv :bin/brain-even.js [10ms]
2024-08-28 16:58:16.506 [info] > git ls-files --stage -- /home/olga/frontend-project-44/bin/brain-even.js [12ms]
2024-08-28 16:58:16.714 [info] > git check-ignore -v -z --stdin [23ms]
2024-08-28 16:58:17.346 [info] > git config --get commit.template [13ms]
2024-08-28 16:58:17.349 [info] > git for-each-ref --format=%(refname)%00%(upstream:short)%00%(objectname)%00%(upstream:track)%00%(upstream:remotename)%00%(upstream:remoteref) refs/heads/main refs/remotes/main [8ms]
2024-08-28 16:58:17.409 [info] > git status -z -uall [51ms]
2024-08-28 16:58:17.432 [info] > git for-each-ref --format=%(refname)%00%(upstream:short)%00%(objectname)%00%(upstream:track)%00%(upstream:remotename)%00%(upstream:remoteref) refs/heads/main refs/remotes/main [11ms]
2024-08-28 16:58:17.441 [info] > git config --local branch.main.vscode-merge-base [3ms]
2024-08-28 16:58:17.473 [info] > git for-each-ref --format=%(refname)%00%(upstream:short)%00%(objectname)%00%(upstream:track)%00%(upstream:remotename)%00%(upstream:remoteref) refs/heads/origin/main refs/remotes/origin/main [7ms]
2024-08-28 16:58:33.325 [info] > git config --get commit.template [6ms]
2024-08-28 16:58:33.327 [info] > git for-each-ref --format=%(refname)%00%(upstream:short)%00%(objectname)%00%(upstream:track)%00%(upstream:remotename)%00%(upstream:remoteref) refs/heads/main refs/remotes/main [3ms]
2024-08-28 16:58:33.357 [info] > git status -z -uall [24ms]
2024-08-28 16:58:33.365 [info] > git for-each-ref --format=%(refname)%00%(upstream:short)%00%(objectname)%00%(upstream:track)%00%(upstream:remotename)%00%(upstream:remoteref) refs/heads/main refs/remotes/main [3ms]
2024-08-28 16:58:33.373 [info] > git config --local branch.main.vscode-merge-base [2ms]
2024-08-28 16:58:33.380 [info] > git for-each-ref --format=%(refname)%00%(upstream:short)%00%(objectname)%00%(upstream:track)%00%(upstream:remotename)%00%(upstream:remoteref) refs/heads/origin/main refs/remotes/origin/main [2ms]
2024-08-28 16:58:37.004 [info] > git merge-base refs/heads/main refs/remotes/origin/main [2ms]
2024-08-28 16:58:37.042 [info] > git show -s --decorate=full --shortstat --format=%H%n%aN%n%aE%n%at%n%ct%n%P%n%D%n%B -z 34ea3f4668f41dc335757d3853b7a59430d570f5 [23ms]
2024-08-28 16:58:37.047 [info] > git log --format=%H%n%aN%n%aE%n%at%n%ct%n%P%n%D%n%B -z --shortstat --diff-merges=first-parent 34ea3f4668f41dc335757d3853b7a59430d570f5.. --topo-order --decorate=full refs/heads/main refs/remotes/origin/main [17ms]
2024-08-28 16:58:37.312 [info] > git merge-base refs/heads/main refs/remotes/origin/main [68ms]
2024-08-28 16:58:37.437 [info] > git show -s --decorate=full --shortstat --format=%H%n%aN%n%aE%n%at%n%ct%n%P%n%D%n%B -z 34ea3f4668f41dc335757d3853b7a59430d570f5 [9ms]
2024-08-28 16:58:37.449 [info] > git log --format=%H%n%aN%n%aE%n%at%n%ct%n%P%n%D%n%B -z --shortstat --diff-merges=first-parent 34ea3f4668f41dc335757d3853b7a59430d570f5.. --topo-order --decorate=full refs/heads/main refs/remotes/origin/main [14ms]
2024-08-28 16:58:47.058 [info] > git merge-base refs/heads/main refs/remotes/origin/main [3ms]
2024-08-28 16:58:47.114 [info] > git show -s --decorate=full --shortstat --format=%H%n%aN%n%aE%n%at%n%ct%n%P%n%D%n%B -z 34ea3f4668f41dc335757d3853b7a59430d570f5 [6ms]
2024-08-28 16:58:47.120 [info] > git log --format=%H%n%aN%n%aE%n%at%n%ct%n%P%n%D%n%B -z --shortstat --diff-merges=first-parent 34ea3f4668f41dc335757d3853b7a59430d570f5.. --topo-order --decorate=full refs/heads/main refs/remotes/origin/main [6ms]
2024-08-28 17:03:05.280 [info] > git config --get commit.template [2ms]
2024-08-28 17:03:05.293 [info] > git for-each-ref --format=%(refname)%00%(upstream:short)%00%(objectname)%00%(upstream:track)%00%(upstream:remotename)%00%(upstream:remoteref) refs/heads/main refs/remotes/main [7ms]
2024-08-28 17:03:05.387 [info] > git status -z -uall [88ms]
2024-08-28 17:03:05.397 [info] > git for-each-ref --format=%(refname)%00%(upstream:short)%00%(objectname)%00%(upstream:track)%00%(upstream:remotename)%00%(upstream:remoteref) refs/heads/main refs/remotes/main [2ms]
2024-08-28 17:03:05.408 [info] > git config --local branch.main.vscode-merge-base [4ms]
2024-08-28 17:03:05.414 [info] > git for-each-ref --format=%(refname)%00%(upstream:short)%00%(objectname)%00%(upstream:track)%00%(upstream:remotename)%00%(upstream:remoteref) refs/heads/origin/main refs/remotes/origin/main [1ms]
2024-08-28 17:09:26.499 [info] > git ls-files --stage -- /home/olga/frontend-project-44/package-lock.json [5ms]
2024-08-28 17:09:26.552 [info] > git cat-file -s f437dd49a61760a8621b417db53114cb0061afe6 [43ms]
2024-08-28 17:09:26.906 [info] > git show --textconv :package-lock.json [416ms]
2024-08-28 17:09:27.586 [info] > git show --textconv :package.json [29ms]
2024-08-28 17:09:27.587 [info] > git ls-files --stage -- /home/olga/frontend-project-44/package.json [19ms]
2024-08-28 17:09:27.601 [info] > git cat-file -s 967dacf2f63171376afb605ee03c2f0b275a7d54 [10ms]
2024-08-28 17:09:30.871 [info] > git show --textconv :brain-games.js [14ms]
2024-08-28 17:09:30.875 [info] > git ls-files --stage -- /home/olga/frontend-project-44/brain-games.js [8ms]
2024-08-28 17:09:30.882 [info] > git cat-file -s 93b01acfbab7e519c7fffedf27bea54ed7f9041d [3ms]
2024-08-28 17:09:36.968 [info] > git show --textconv :bin/brain-even.js [8ms]
2024-08-28 17:09:36.973 [info] > git ls-files --stage -- /home/olga/frontend-project-44/bin/brain-even.js [6ms]
2024-08-28 17:11:15.246 [info] > git show --textconv :bin/brain-games.js [12ms]
2024-08-28 17:11:15.249 [info] > git ls-files --stage -- /home/olga/frontend-project-44/bin/brain-games.js [6ms]
2024-08-28 17:11:15.255 [info] > git cat-file -s a6fffe535769f72e4d4120408ab25053599f8221 [3ms]
2024-08-28 17:11:20.648 [info] > git show --textconv :bin/brain-even.js [6ms]
2024-08-28 17:11:20.652 [info] > git ls-files --stage -- /home/olga/frontend-project-44/bin/brain-even.js [6ms]
2024-08-28 17:11:32.018 [info] > git show --textconv :bin/brain-games.js [15ms]
2024-08-28 17:11:32.020 [info] > git ls-files --stage -- /home/olga/frontend-project-44/bin/brain-games.js [7ms]
2024-08-28 17:11:32.027 [info] > git cat-file -s a6fffe535769f72e4d4120408ab25053599f8221 [2ms]
2024-08-28 17:11:36.471 [info] > git show --textconv :src/cli.js [6ms]
2024-08-28 17:11:36.474 [info] > git ls-files --stage -- /home/olga/frontend-project-44/src/cli.js [4ms]
2024-08-28 17:11:36.480 [info] > git cat-file -s 3030d2368e45062b1a1080ad48aad219a4f26a39 [2ms]
2024-08-28 17:11:48.259 [info] > git show --textconv :bin/brain-even.js [9ms]
2024-08-28 17:11:48.265 [info] > git ls-files --stage -- /home/olga/frontend-project-44/bin/brain-even.js [7ms]
2024-08-28 17:13:39.516 [info] > git show --textconv :src/cli.js [8ms]
2024-08-28 17:13:39.522 [info] > git ls-files --stage -- /home/olga/frontend-project-44/src/cli.js [7ms]
2024-08-28 17:13:39.542 [info] > git cat-file -s 3030d2368e45062b1a1080ad48aad219a4f26a39 [15ms]
2024-08-28 17:13:47.489 [info] > git show --textconv :bin/brain-even.js [16ms]
2024-08-28 17:13:47.491 [info] > git ls-files --stage -- /home/olga/frontend-project-44/bin/brain-even.js [9ms]
2024-08-28 17:13:58.560 [info] > git config --get commit.template [6ms]
2024-08-28 17:13:58.561 [info] > git for-each-ref --format=%(refname)%00%(upstream:short)%00%(objectname)%00%(upstream:track)%00%(upstream:remotename)%00%(upstream:remoteref) refs/heads/main refs/remotes/main [2ms]
2024-08-28 17:13:58.591 [info] > git status -z -uall [26ms]
2024-08-28 17:13:58.600 [info] > git for-each-ref --format=%(refname)%00%(upstream:short)%00%(objectname)%00%(upstream:track)%00%(upstream:remotename)%00%(upstream:remoteref) refs/heads/main refs/remotes/main [4ms]
2024-08-28 17:13:58.609 [info] > git config --local branch.main.vscode-merge-base [3ms]
2024-08-28 17:13:58.622 [info] > git for-each-ref --format=%(refname)%00%(upstream:short)%00%(objectname)%00%(upstream:track)%00%(upstream:remotename)%00%(upstream:remoteref) refs/heads/origin/main refs/remotes/origin/main [4ms]
2024-08-28 17:18:45.232 [info] > git config --get commit.template [7ms]
2024-08-28 17:18:45.233 [info] > git for-each-ref --format=%(refname)%00%(upstream:short)%00%(objectname)%00%(upstream:track)%00%(upstream:remotename)%00%(upstream:remoteref) refs/heads/main refs/remotes/main [2ms]
2024-08-28 17:18:45.268 [info] > git status -z -uall [29ms]
2024-08-28 17:18:45.279 [info] > git for-each-ref --format=%(refname)%00%(upstream:short)%00%(objectname)%00%(upstream:track)%00%(upstream:remotename)%00%(upstream:remoteref) refs/heads/main refs/remotes/main [7ms]
2024-08-28 17:18:45.290 [info] > git config --local branch.main.vscode-merge-base [5ms]
2024-08-28 17:18:45.302 [info] > git for-each-ref --format=%(refname)%00%(upstream:short)%00%(objectname)%00%(upstream:track)%00%(upstream:remotename)%00%(upstream:remoteref) refs/heads/origin/main refs/remotes/origin/main [4ms]
2024-08-28 17:19:54.752 [info] > git config --get commit.template [11ms]
2024-08-28 17:19:54.772 [info] > git for-each-ref --format=%(refname)%00%(upstream:short)%00%(objectname)%00%(upstream:track)%00%(upstream:remotename)%00%(upstream:remoteref) refs/heads/main refs/remotes/main [22ms]
2024-08-28 17:19:54.833 [info] > git status -z -uall [51ms]
2024-08-28 17:19:54.850 [info] > git for-each-ref --format=%(refname)%00%(upstream:short)%00%(objectname)%00%(upstream:track)%00%(upstream:remotename)%00%(upstream:remoteref) refs/heads/main refs/remotes/main [10ms]
2024-08-28 17:19:54.858 [info] > git ls-files --stage -- /home/olga/frontend-project-44/bin/brain-even.js [25ms]
2024-08-28 17:19:54.865 [info] > git config --local branch.main.vscode-merge-base [7ms]
2024-08-28 17:19:54.874 [info] > git cat-file -s e30149f015e5e453d49358eb3e487dbc480e1513 [11ms]
2024-08-28 17:19:54.879 [info] > git for-each-ref --format=%(refname)%00%(upstream:short)%00%(objectname)%00%(upstream:track)%00%(upstream:remotename)%00%(upstream:remoteref) refs/heads/origin/main refs/remotes/origin/main [6ms]
2024-08-28 17:19:54.898 [info] > git merge-base refs/heads/main refs/remotes/origin/main [10ms]
2024-08-28 17:19:54.908 [info] > git show --textconv :bin/brain-even.js [12ms]
2024-08-28 17:19:54.909 [info] > git rev-list --count --left-right refs/heads/main...refs/remotes/origin/main [2ms]
2024-08-28 17:19:54.926 [info] > git diff --name-status -z --diff-filter=ADMR 34ea3f4668f41dc335757d3853b7a59430d570f5...refs/remotes/origin/main [8ms]
2024-08-28 17:19:59.889 [info] > git config --get commit.template [16ms]
2024-08-28 17:19:59.894 [info] > git for-each-ref --format=%(refname)%00%(upstream:short)%00%(objectname)%00%(upstream:track)%00%(upstream:remotename)%00%(upstream:remoteref) refs/heads/main refs/remotes/main [7ms]
2024-08-28 17:19:59.947 [info] > git status -z -uall [41ms]
2024-08-28 17:19:59.953 [info] > git for-each-ref --format=%(refname)%00%(upstream:short)%00%(objectname)%00%(upstream:track)%00%(upstream:remotename)%00%(upstream:remoteref) refs/heads/main refs/remotes/main [2ms]
2024-08-28 17:19:59.959 [info] > git config --local branch.main.vscode-merge-base [2ms]
2024-08-28 17:19:59.968 [info] > git for-each-ref --format=%(refname)%00%(upstream:short)%00%(objectname)%00%(upstream:track)%00%(upstream:remotename)%00%(upstream:remoteref) refs/heads/origin/main refs/remotes/origin/main [3ms]
2024-08-28 17:23:17.094 [info] > git config --get commit.template [6ms]
2024-08-28 17:23:17.095 [info] > git for-each-ref --format=%(refname)%00%(upstream:short)%00%(objectname)%00%(upstream:track)%00%(upstream:remotename)%00%(upstream:remoteref) refs/heads/main refs/remotes/main [2ms]
2024-08-28 17:23:17.124 [info] > git status -z -uall [24ms]
2024-08-28 17:23:17.130 [info] > git for-each-ref --format=%(refname)%00%(upstream:short)%00%(objectname)%00%(upstream:track)%00%(upstream:remotename)%00%(upstream:remoteref) refs/heads/main refs/remotes/main [3ms]
2024-08-28 17:23:17.137 [info] > git config --local branch.main.vscode-merge-base [1ms]
2024-08-28 17:23:17.143 [info] > git for-each-ref --format=%(refname)%00%(upstream:short)%00%(objectname)%00%(upstream:track)%00%(upstream:remotename)%00%(upstream:remoteref) refs/heads/origin/main refs/remotes/origin/main [1ms]
2024-08-28 17:27:39.943 [info] > git config --get commit.template [11ms]
2024-08-28 17:27:39.944 [info] > git for-each-ref --format=%(refname)%00%(upstream:short)%00%(objectname)%00%(upstream:track)%00%(upstream:remotename)%00%(upstream:remoteref) refs/heads/main refs/remotes/main [3ms]
2024-08-28 17:27:39.964 [info] > git ls-files --stage -- /home/olga/frontend-project-44/bin/brain-even.js [13ms]
2024-08-28 17:27:39.978 [info] > git cat-file -s 75832c9b5bfb014e0471d13c0bd87d500c4a47b6 [3ms]
2024-08-28 17:27:40.031 [info] > git show --textconv :bin/brain-even.js [26ms]
2024-08-28 17:27:40.068 [info] > git status -z -uall [105ms]
2024-08-28 17:27:40.078 [info] > git for-each-ref --format=%(refname)%00%(upstream:short)%00%(objectname)%00%(upstream:track)%00%(upstream:remotename)%00%(upstream:remoteref) refs/heads/main refs/remotes/main [3ms]
2024-08-28 17:27:40.090 [info] > git config --local branch.main.vscode-merge-base [2ms]
2024-08-28 17:27:40.096 [info] > git for-each-ref --format=%(refname)%00%(upstream:short)%00%(objectname)%00%(upstream:track)%00%(upstream:remotename)%00%(upstream:remoteref) refs/heads/origin/main refs/remotes/origin/main [1ms]
2024-08-28 17:27:40.109 [info] > git merge-base refs/heads/main refs/remotes/origin/main [8ms]
2024-08-28 17:27:40.117 [info] > git rev-list --count --left-right refs/heads/main...refs/remotes/origin/main [4ms]
2024-08-28 17:27:40.130 [info] > git diff --name-status -z --diff-filter=ADMR 0de975aa499b6723934e9a375b37846e3a8867c0...refs/remotes/origin/main [2ms]
2024-08-28 18:11:02.670 [info] > git config --get commit.template [42ms]
2024-08-28 18:11:02.673 [info] > git for-each-ref --format=%(refname)%00%(upstream:short)%00%(objectname)%00%(upstream:track)%00%(upstream:remotename)%00%(upstream:remoteref) refs/heads/main refs/remotes/main [29ms]
2024-08-28 18:11:02.925 [info] > git status -z -uall [246ms]
2024-08-28 18:11:02.934 [info] > git for-each-ref --format=%(refname)%00%(upstream:short)%00%(objectname)%00%(upstream:track)%00%(upstream:remotename)%00%(upstream:remoteref) refs/heads/main refs/remotes/main [3ms]
2024-08-28 18:11:02.947 [info] > git config --local branch.main.vscode-merge-base [1ms]
2024-08-28 18:11:02.961 [info] > git for-each-ref --format=%(refname)%00%(upstream:short)%00%(objectname)%00%(upstream:track)%00%(upstream:remotename)%00%(upstream:remoteref) refs/heads/origin/main refs/remotes/origin/main [9ms]
2024-08-28 18:25:25.344 [info] > git check-ignore -v -z --stdin [39ms]
2024-08-28 18:28:28.583 [info] > git config --get commit.template [46ms]
2024-08-28 18:28:28.587 [info] > git for-each-ref --format=%(refname)%00%(upstream:short)%00%(objectname)%00%(upstream:track)%00%(upstream:remotename)%00%(upstream:remoteref) refs/heads/main refs/remotes/main [24ms]
2024-08-28 18:28:28.914 [info] > git status -z -uall [322ms]
2024-08-28 18:28:28.925 [info] > git for-each-ref --format=%(refname)%00%(upstream:short)%00%(objectname)%00%(upstream:track)%00%(upstream:remotename)%00%(upstream:remoteref) refs/heads/main refs/remotes/main [5ms]
2024-08-28 18:28:28.930 [info] > git config --local branch.main.vscode-merge-base [1ms]
2024-08-28 18:28:28.939 [info] > git for-each-ref --format=%(refname)%00%(upstream:short)%00%(objectname)%00%(upstream:track)%00%(upstream:remotename)%00%(upstream:remoteref) refs/heads/origin/main refs/remotes/origin/main [4ms]
2024-08-28 18:28:33.933 [info] > git config --get commit.template [5ms]
2024-08-28 18:28:33.934 [info] > git for-each-ref --format=%(refname)%00%(upstream:short)%00%(objectname)%00%(upstream:track)%00%(upstream:remotename)%00%(upstream:remoteref) refs/heads/main refs/remotes/main [2ms]
2024-08-28 18:28:33.963 [info] > git status -z -uall [25ms]
2024-08-28 18:28:33.969 [info] > git for-each-ref --format=%(refname)%00%(upstream:short)%00%(objectname)%00%(upstream:track)%00%(upstream:remotename)%00%(upstream:remoteref) refs/heads/main refs/remotes/main [2ms]
2024-08-28 18:28:33.976 [info] > git config --local branch.main.vscode-merge-base [2ms]
2024-08-28 18:28:33.982 [info] > git for-each-ref --format=%(refname)%00%(upstream:short)%00%(objectname)%00%(upstream:track)%00%(upstream:remotename)%00%(upstream:remoteref) refs/heads/origin/main refs/remotes/origin/main [2ms]
2024-08-28 18:31:49.357 [info] > git config --get commit.template [24ms]
2024-08-28 18:31:49.366 [info] > git for-each-ref --format=%(refname)%00%(upstream:short)%00%(objectname)%00%(upstream:track)%00%(upstream:remotename)%00%(upstream:remoteref) refs/heads/main refs/remotes/main [28ms]
2024-08-28 18:31:49.779 [info] > git status -z -uall [409ms]
2024-08-28 18:31:49.786 [info] > git for-each-ref --format=%(refname)%00%(upstream:short)%00%(objectname)%00%(upstream:track)%00%(upstream:remotename)%00%(upstream:remoteref) refs/heads/main refs/remotes/main [3ms]
2024-08-28 18:31:49.793 [info] > git config --local branch.main.vscode-merge-base [2ms]
2024-08-28 18:31:49.800 [info] > git for-each-ref --format=%(refname)%00%(upstream:short)%00%(objectname)%00%(upstream:track)%00%(upstream:remotename)%00%(upstream:remoteref) refs/heads/origin/main refs/remotes/origin/main [3ms]
2024-08-28 18:34:31.733 [info] > git show --textconv :demo.cast [5ms]
2024-08-28 18:34:31.738 [info] > git ls-files --stage -- /home/olga/frontend-project-44/demo.cast [7ms]
2024-08-28 18:34:41.828 [info] > git show --textconv :bin/brain-even.js [24ms]
2024-08-28 18:34:41.829 [info] > git ls-files --stage -- /home/olga/frontend-project-44/bin/brain-even.js [16ms]
2024-08-28 18:34:41.844 [info] > git cat-file -s 75832c9b5bfb014e0471d13c0bd87d500c4a47b6 [11ms]
2024-08-28 18:38:15.311 [info] > git config --get commit.template [9ms]
2024-08-28 18:38:15.312 [info] > git for-each-ref --format=%(refname)%00%(upstream:short)%00%(objectname)%00%(upstream:track)%00%(upstream:remotename)%00%(upstream:remoteref) refs/heads/main refs/remotes/main [3ms]
2024-08-28 18:38:15.341 [info] > git status -z -uall [24ms]
2024-08-28 18:38:15.348 [info] > git for-each-ref --format=%(refname)%00%(upstream:short)%00%(objectname)%00%(upstream:track)%00%(upstream:remotename)%00%(upstream:remoteref) refs/heads/main refs/remotes/main [3ms]
2024-08-28 18:38:15.357 [info] > git config --local branch.main.vscode-merge-base [4ms]
2024-08-28 18:38:15.367 [info] > git for-each-ref --format=%(refname)%00%(upstream:short)%00%(objectname)%00%(upstream:track)%00%(upstream:remotename)%00%(upstream:remoteref) refs/heads/origin/main refs/remotes/origin/main [2ms]
2024-08-28 18:40:38.555 [info] > git config --get commit.template [10ms]
2024-08-28 18:40:38.557 [info] > git for-each-ref --format=%(refname)%00%(upstream:short)%00%(objectname)%00%(upstream:track)%00%(upstream:remotename)%00%(upstream:remoteref) refs/heads/main refs/remotes/main [4ms]
2024-08-28 18:40:38.589 [info] > git status -z -uall [27ms]
2024-08-28 18:40:38.597 [info] > git for-each-ref --format=%(refname)%00%(upstream:short)%00%(objectname)%00%(upstream:track)%00%(upstream:remotename)%00%(upstream:remoteref) refs/heads/main refs/remotes/main [4ms]
2024-08-28 18:40:38.605 [info] > git config --local branch.main.vscode-merge-base [2ms]
2024-08-28 18:40:38.612 [info] > git for-each-ref --format=%(refname)%00%(upstream:short)%00%(objectname)%00%(upstream:track)%00%(upstream:remotename)%00%(upstream:remoteref) refs/heads/origin/main refs/remotes/origin/main [3ms]
2024-08-28 18:43:11.878 [info] > git config --get commit.template [10ms]
2024-08-28 18:43:11.879 [info] > git for-each-ref --format=%(refname)%00%(upstream:short)%00%(objectname)%00%(upstream:track)%00%(upstream:remotename)%00%(upstream:remoteref) refs/heads/main refs/remotes/main [3ms]
2024-08-28 18:43:11.914 [info] > git status -z -uall [30ms]
2024-08-28 18:43:11.920 [info] > git for-each-ref --format=%(refname)%00%(upstream:short)%00%(objectname)%00%(upstream:track)%00%(upstream:remotename)%00%(upstream:remoteref) refs/heads/main refs/remotes/main [2ms]
2024-08-28 18:43:11.932 [info] > git config --local branch.main.vscode-merge-base [2ms]
2024-08-28 18:43:11.944 [info] > git for-each-ref --format=%(refname)%00%(upstream:short)%00%(objectname)%00%(upstream:track)%00%(upstream:remotename)%00%(upstream:remoteref) refs/heads/origin/main refs/remotes/origin/main [5ms]
2024-08-28 18:43:17.883 [info] > git config --get commit.template [6ms]
2024-08-28 18:43:17.884 [info] > git for-each-ref --format=%(refname)%00%(upstream:short)%00%(objectname)%00%(upstream:track)%00%(upstream:remotename)%00%(upstream:remoteref) refs/heads/main refs/remotes/main [2ms]
2024-08-28 18:43:17.908 [info] > git status -z -uall [20ms]
2024-08-28 18:43:17.914 [info] > git for-each-ref --format=%(refname)%00%(upstream:short)%00%(objectname)%00%(upstream:track)%00%(upstream:remotename)%00%(upstream:remoteref) refs/heads/main refs/remotes/main [1ms]
2024-08-28 18:43:17.921 [info] > git config --local branch.main.vscode-merge-base [2ms]
2024-08-28 18:43:17.930 [info] > git for-each-ref --format=%(refname)%00%(upstream:short)%00%(objectname)%00%(upstream:track)%00%(upstream:remotename)%00%(upstream:remoteref) refs/heads/origin/main refs/remotes/origin/main [3ms]
2024-08-28 18:43:33.020 [info] > git config --get commit.template [9ms]
2024-08-28 18:43:33.021 [info] > git for-each-ref --format=%(refname)%00%(upstream:short)%00%(objectname)%00%(upstream:track)%00%(upstream:remotename)%00%(upstream:remoteref) refs/heads/main refs/remotes/main [3ms]
2024-08-28 18:43:33.049 [info] > git status -z -uall [22ms]
2024-08-28 18:43:33.056 [info] > git for-each-ref --format=%(refname)%00%(upstream:short)%00%(objectname)%00%(upstream:track)%00%(upstream:remotename)%00%(upstream:remoteref) refs/heads/main refs/remotes/main [3ms]
2024-08-28 18:43:33.061 [info] > git config --local branch.main.vscode-merge-base [2ms]
2024-08-28 18:43:33.068 [info] > git for-each-ref --format=%(refname)%00%(upstream:short)%00%(objectname)%00%(upstream:track)%00%(upstream:remotename)%00%(upstream:remoteref) refs/heads/origin/main refs/remotes/origin/main [2ms]
2024-08-28 18:43:39.235 [info] > git check-ignore -v -z --stdin [7ms]
2024-08-28 18:44:17.142 [info] > git config --get commit.template [14ms]
2024-08-28 18:44:17.145 [info] > git for-each-ref --format=%(refname)%00%(upstream:short)%00%(objectname)%00%(upstream:track)%00%(upstream:remotename)%00%(upstream:remoteref) refs/heads/main refs/remotes/main [5ms]
2024-08-28 18:44:17.175 [info] > git status -z -uall [24ms]
2024-08-28 18:44:17.182 [info] > git for-each-ref --format=%(refname)%00%(upstream:short)%00%(objectname)%00%(upstream:track)%00%(upstream:remotename)%00%(upstream:remoteref) refs/heads/main refs/remotes/main [2ms]
2024-08-28 18:44:17.189 [info] > git config --local branch.main.vscode-merge-base [3ms]
2024-08-28 18:44:17.194 [info] > git for-each-ref --format=%(refname)%00%(upstream:short)%00%(objectname)%00%(upstream:track)%00%(upstream:remotename)%00%(upstream:remoteref) refs/heads/origin/main refs/remotes/origin/main [1ms]
2024-08-28 18:44:53.639 [info] > git config --get commit.template [4ms]
2024-08-28 18:44:53.640 [info] > git for-each-ref --format=%(refname)%00%(upstream:short)%00%(objectname)%00%(upstream:track)%00%(upstream:remotename)%00%(upstream:remoteref) refs/heads/main refs/remotes/main [2ms]
2024-08-28 18:44:53.664 [info] > git status -z -uall [20ms]
2024-08-28 18:44:53.671 [info] > git for-each-ref --format=%(refname)%00%(upstream:short)%00%(objectname)%00%(upstream:track)%00%(upstream:remotename)%00%(upstream:remoteref) refs/heads/main refs/remotes/main [2ms]
2024-08-28 18:44:53.678 [info] > git config --local branch.main.vscode-merge-base [3ms]
2024-08-28 18:44:53.687 [info] > git for-each-ref --format=%(refname)%00%(upstream:short)%00%(objectname)%00%(upstream:track)%00%(upstream:remotename)%00%(upstream:remoteref) refs/heads/origin/main refs/remotes/origin/main [3ms]
2024-08-28 18:50:00.998 [info] > git config --get commit.template [3ms]
2024-08-28 18:50:01.006 [info] > git for-each-ref --format=%(refname)%00%(upstream:short)%00%(objectname)%00%(upstream:track)%00%(upstream:remotename)%00%(upstream:remoteref) refs/heads/main refs/remotes/main [2ms]
2024-08-28 18:50:01.074 [info] > git status -z -uall [63ms]
2024-08-28 18:50:01.093 [info] > git for-each-ref --format=%(refname)%00%(upstream:short)%00%(objectname)%00%(upstream:track)%00%(upstream:remotename)%00%(upstream:remoteref) refs/heads/main refs/remotes/main [11ms]
2024-08-28 18:50:01.100 [info] > git config --local branch.main.vscode-merge-base [2ms]
2024-08-28 18:50:01.128 [info] > git for-each-ref --format=%(refname)%00%(upstream:short)%00%(objectname)%00%(upstream:track)%00%(upstream:remotename)%00%(upstream:remoteref) refs/heads/origin/main refs/remotes/origin/main [11ms]
2024-08-28 18:53:28.543 [info] > git config --get commit.template [12ms]
2024-08-28 18:53:28.544 [info] > git for-each-ref --format=%(refname)%00%(upstream:short)%00%(objectname)%00%(upstream:track)%00%(upstream:remotename)%00%(upstream:remoteref) refs/heads/main refs/remotes/main [8ms]
2024-08-28 18:53:28.633 [info] > git status -z -uall [72ms]
2024-08-28 18:53:28.649 [info] > git for-each-ref --format=%(refname)%00%(upstream:short)%00%(objectname)%00%(upstream:track)%00%(upstream:remotename)%00%(upstream:remoteref) refs/heads/main refs/remotes/main [11ms]
2024-08-28 18:53:28.659 [info] > git ls-files --stage -- /home/olga/frontend-project-44/bin/brain-even.js [24ms]
2024-08-28 18:53:28.669 [info] > git config --local branch.main.vscode-merge-base [13ms]
2024-08-28 18:53:28.677 [info] > git cat-file -s 75832c9b5bfb014e0471d13c0bd87d500c4a47b6 [10ms]
2024-08-28 18:53:28.682 [info] > git for-each-ref --format=%(refname)%00%(upstream:short)%00%(objectname)%00%(upstream:track)%00%(upstream:remotename)%00%(upstream:remoteref) refs/heads/origin/main refs/remotes/origin/main [7ms]
2024-08-28 18:53:28.756 [info] > git show --textconv :bin/brain-even.js [5ms]
2024-08-28 18:57:07.404 [info] > git config --get commit.template [3ms]
2024-08-28 18:57:07.416 [info] > git for-each-ref --format=%(refname)%00%(upstream:short)%00%(objectname)%00%(upstream:track)%00%(upstream:remotename)%00%(upstream:remoteref) refs/heads/main refs/remotes/main [6ms]
2024-08-28 18:57:07.480 [info] > git ls-files --stage -- /home/olga/frontend-project-44/bin/brain-even.js [3ms]
2024-08-28 18:57:07.491 [info] > git cat-file -s c715556bb7dbd37c194ff8b63d9521d4eddc1a68 [1ms]
2024-08-28 18:57:07.495 [info] > git status -z -uall [71ms]
2024-08-28 18:57:07.515 [info] > git for-each-ref --format=%(refname)%00%(upstream:short)%00%(objectname)%00%(upstream:track)%00%(upstream:remotename)%00%(upstream:remoteref) refs/heads/main refs/remotes/main [14ms]
2024-08-28 18:57:07.522 [info] > git show --textconv :bin/brain-even.js [8ms]
2024-08-28 18:57:07.523 [info] > git config --local branch.main.vscode-merge-base [2ms]
2024-08-28 18:57:07.531 [info] > git for-each-ref --format=%(refname)%00%(upstream:short)%00%(objectname)%00%(upstream:track)%00%(upstream:remotename)%00%(upstream:remoteref) refs/heads/origin/main refs/remotes/origin/main [1ms]
2024-08-28 18:57:07.538 [info] > git merge-base refs/heads/main refs/remotes/origin/main [2ms]
2024-08-28 18:57:07.545 [info] > git rev-list --count --left-right refs/heads/main...refs/remotes/origin/main [3ms]
2024-08-28 18:57:07.552 [info] > git diff --name-status -z --diff-filter=ADMR c73e40db2d79edd947d16555344df0f3f923bcab...refs/remotes/origin/main [2ms]
2024-08-28 19:19:23.585 [info] > git config --get commit.template [42ms]
2024-08-28 19:19:23.592 [info] > git for-each-ref --format=%(refname)%00%(upstream:short)%00%(objectname)%00%(upstream:track)%00%(upstream:remotename)%00%(upstream:remoteref) refs/heads/main refs/remotes/main [39ms]
2024-08-28 19:19:23.892 [info] > git status -z -uall [295ms]
2024-08-28 19:19:23.902 [info] > git for-each-ref --format=%(refname)%00%(upstream:short)%00%(objectname)%00%(upstream:track)%00%(upstream:remotename)%00%(upstream:remoteref) refs/heads/main refs/remotes/main [5ms]
2024-08-28 19:19:23.911 [info] > git config --local branch.main.vscode-merge-base [4ms]
2024-08-28 19:19:23.921 [info] > git for-each-ref --format=%(refname)%00%(upstream:short)%00%(objectname)%00%(upstream:track)%00%(upstream:remotename)%00%(upstream:remoteref) refs/heads/origin/main refs/remotes/origin/main [5ms]
2024-08-28 19:19:28.915 [info] > git config --get commit.template [3ms]
2024-08-28 19:19:28.916 [info] > git for-each-ref --format=%(refname)%00%(upstream:short)%00%(objectname)%00%(upstream:track)%00%(upstream:remotename)%00%(upstream:remoteref) refs/heads/main refs/remotes/main [2ms]
2024-08-28 19:19:28.944 [info] > git status -z -uall [24ms]
2024-08-28 19:19:28.952 [info] > git for-each-ref --format=%(refname)%00%(upstream:short)%00%(objectname)%00%(upstream:track)%00%(upstream:remotename)%00%(upstream:remoteref) refs/heads/main refs/remotes/main [5ms]
2024-08-28 19:19:28.965 [info] > git config --local branch.main.vscode-merge-base [7ms]
2024-08-28 19:19:28.972 [info] > git for-each-ref --format=%(refname)%00%(upstream:short)%00%(objectname)%00%(upstream:track)%00%(upstream:remotename)%00%(upstream:remoteref) refs/heads/origin/main refs/remotes/origin/main [3ms]
2024-08-28 19:20:37.350 [info] > git ls-files --stage -- /home/olga/frontend-project-44/README.md [64ms]
2024-08-28 19:20:37.365 [info] > git show --textconv :README.md [83ms]
2024-08-28 19:20:37.365 [info] > git cat-file -s 7f18fa4623637e699314b6c85842d4c64bcc4cac [12ms]
2024-08-28 19:21:26.876 [info] > git config --get commit.template [16ms]
2024-08-28 19:21:26.878 [info] > git for-each-ref --format=%(refname)%00%(upstream:short)%00%(objectname)%00%(upstream:track)%00%(upstream:remotename)%00%(upstream:remoteref) refs/heads/main refs/remotes/main [11ms]
2024-08-28 19:21:27.337 [info] > git status -z -uall [454ms]
2024-08-28 19:21:27.347 [info] > git for-each-ref --format=%(refname)%00%(upstream:short)%00%(objectname)%00%(upstream:track)%00%(upstream:remotename)%00%(upstream:remoteref) refs/heads/main refs/remotes/main [5ms]
2024-08-28 19:21:27.359 [info] > git config --local branch.main.vscode-merge-base [6ms]
2024-08-28 19:21:27.369 [info] > git for-each-ref --format=%(refname)%00%(upstream:short)%00%(objectname)%00%(upstream:track)%00%(upstream:remotename)%00%(upstream:remoteref) refs/heads/origin/main refs/remotes/origin/main [4ms]
2024-08-28 19:32:46.563 [info] > git config --get commit.template [15ms]
2024-08-28 19:32:46.598 [info] > git for-each-ref --format=%(refname)%00%(upstream:short)%00%(objectname)%00%(upstream:track)%00%(upstream:remotename)%00%(upstream:remoteref) refs/heads/main refs/remotes/main [38ms]
2024-08-28 19:32:46.648 [info] > git ls-files --stage -- /home/olga/frontend-project-44/README.md [6ms]
2024-08-28 19:32:46.655 [info] > git cat-file -s 14ed0d7b4352482ce53678ded85af69520fb34c4 [1ms]
2024-08-28 19:32:46.669 [info] > git show --textconv :README.md [4ms]
2024-08-28 19:32:46.887 [info] > git status -z -uall [279ms]
2024-08-28 19:32:46.895 [info] > git for-each-ref --format=%(refname)%00%(upstream:short)%00%(objectname)%00%(upstream:track)%00%(upstream:remotename)%00%(upstream:remoteref) refs/heads/main refs/remotes/main [4ms]
2024-08-28 19:32:46.901 [info] > git config --local branch.main.vscode-merge-base [1ms]
2024-08-28 19:32:46.910 [info] > git for-each-ref --format=%(refname)%00%(upstream:short)%00%(objectname)%00%(upstream:track)%00%(upstream:remotename)%00%(upstream:remoteref) refs/heads/origin/main refs/remotes/origin/main [2ms]
2024-08-28 19:32:46.921 [info] > git merge-base refs/heads/main refs/remotes/origin/main [2ms]
2024-08-28 19:32:46.934 [info] > git rev-list --count --left-right refs/heads/main...refs/remotes/origin/main [7ms]
2024-08-28 19:32:46.943 [info] > git diff --name-status -z --diff-filter=ADMR a7deeba9e2754d93fbe15522d1bd56a8504b989d...refs/remotes/origin/main [3ms]
2024-08-28 19:32:51.919 [info] > git config --get commit.template [9ms]
2024-08-28 19:32:51.921 [info] > git for-each-ref --format=%(refname)%00%(upstream:short)%00%(objectname)%00%(upstream:track)%00%(upstream:remotename)%00%(upstream:remoteref) refs/heads/main refs/remotes/main [2ms]
2024-08-28 19:32:51.948 [info] > git status -z -uall [23ms]
2024-08-28 19:32:51.953 [info] > git for-each-ref --format=%(refname)%00%(upstream:short)%00%(objectname)%00%(upstream:track)%00%(upstream:remotename)%00%(upstream:remoteref) refs/heads/main refs/remotes/main [1ms]
2024-08-28 19:32:51.961 [info] > git config --local branch.main.vscode-merge-base [3ms]
2024-08-28 19:32:51.968 [info] > git for-each-ref --format=%(refname)%00%(upstream:short)%00%(objectname)%00%(upstream:track)%00%(upstream:remotename)%00%(upstream:remoteref) refs/heads/origin/main refs/remotes/origin/main [1ms]
2024-08-28 19:35:19.235 [info] > git config --get commit.template [6ms]
2024-08-28 19:35:19.236 [info] > git for-each-ref --format=%(refname)%00%(upstream:short)%00%(objectname)%00%(upstream:track)%00%(upstream:remotename)%00%(upstream:remoteref) refs/heads/main refs/remotes/main [4ms]
2024-08-28 19:35:19.274 [info] > git status -z -uall [31ms]
2024-08-28 19:35:19.293 [info] > git for-each-ref --format=%(refname)%00%(upstream:short)%00%(objectname)%00%(upstream:track)%00%(upstream:remotename)%00%(upstream:remoteref) refs/heads/main refs/remotes/main [12ms]
2024-08-28 19:35:19.310 [info] > git config --local branch.main.vscode-merge-base [8ms]
2024-08-28 19:35:19.318 [info] > git for-each-ref --format=%(refname)%00%(upstream:short)%00%(objectname)%00%(upstream:track)%00%(upstream:remotename)%00%(upstream:remoteref) refs/heads/origin/main refs/remotes/origin/main [3ms]
2024-08-28 21:32:03.228 [info] > git config --get commit.template [51ms]
2024-08-28 21:32:03.240 [info] > git ls-files --stage -- /home/olga/frontend-project-44/README.md [54ms]
2024-08-28 21:32:03.246 [info] > git for-each-ref --format=%(refname)%00%(upstream:short)%00%(objectname)%00%(upstream:track)%00%(upstream:remotename)%00%(upstream:remoteref) refs/heads/main refs/remotes/main [51ms]
2024-08-28 21:32:03.255 [info] > git cat-file -s b34f6a51b2c1f7ec2b7e69de977cee14c5a196ff [9ms]
2024-08-28 21:32:03.270 [info] > git show --textconv :README.md [6ms]
2024-08-28 21:32:03.533 [info] > git status -z -uall [279ms]
2024-08-28 21:32:03.546 [info] > git for-each-ref --format=%(refname)%00%(upstream:short)%00%(objectname)%00%(upstream:track)%00%(upstream:remotename)%00%(upstream:remoteref) refs/heads/main refs/remotes/main [8ms]
2024-08-28 21:32:03.553 [info] > git config --local branch.main.vscode-merge-base [2ms]
2024-08-28 21:32:03.560 [info] > git for-each-ref --format=%(refname)%00%(upstream:short)%00%(objectname)%00%(upstream:track)%00%(upstream:remotename)%00%(upstream:remoteref) refs/heads/origin/main refs/remotes/origin/main [2ms]
2024-08-28 21:32:03.575 [info] > git merge-base refs/heads/main refs/remotes/origin/main [4ms]
2024-08-28 21:32:03.588 [info] > git rev-list --count --left-right refs/heads/main...refs/remotes/origin/main [6ms]
2024-08-28 21:32:03.596 [info] > git diff --name-status -z --diff-filter=ADMR b35220d44a30f6e6916f4726bb0108b34e09bfc3...refs/remotes/origin/main [2ms]
2024-08-29 23:08:32.819 [info] > git config --get commit.template [75ms]
2024-08-29 23:08:32.827 [info] > git for-each-ref --format=%(refname)%00%(upstream:short)%00%(objectname)%00%(upstream:track)%00%(upstream:remotename)%00%(upstream:remoteref) refs/heads/main refs/remotes/main [52ms]
2024-08-29 23:08:33.302 [info] > git status -z -uall [470ms]
2024-08-29 23:08:33.317 [info] > git for-each-ref --format=%(refname)%00%(upstream:short)%00%(objectname)%00%(upstream:track)%00%(upstream:remotename)%00%(upstream:remoteref) refs/heads/main refs/remotes/main [6ms]
2024-08-29 23:08:33.333 [info] > git config --local branch.main.vscode-merge-base [5ms]
2024-08-29 23:08:33.358 [info] > git for-each-ref --format=%(refname)%00%(upstream:short)%00%(objectname)%00%(upstream:track)%00%(upstream:remotename)%00%(upstream:remoteref) refs/heads/origin/main refs/remotes/origin/main [15ms]
2024-08-29 23:08:47.494 [info] > git show --textconv :bin/brain-calc.js. [55ms]
2024-08-29 23:08:47.495 [info] > git ls-files --stage -- /home/olga/frontend-project-44/bin/brain-calc.js. [52ms]
2024-08-29 23:08:47.649 [info] > git check-ignore -v -z --stdin [13ms]
2024-08-29 23:08:48.171 [info] > git config --get commit.template [15ms]
2024-08-29 23:08:48.175 [info] > git for-each-ref --format=%(refname)%00%(upstream:short)%00%(objectname)%00%(upstream:track)%00%(upstream:remotename)%00%(upstream:remoteref) refs/heads/main refs/remotes/main [6ms]
2024-08-29 23:08:48.287 [info] > git status -z -uall [100ms]
2024-08-29 23:08:48.324 [info] > git for-each-ref --format=%(refname)%00%(upstream:short)%00%(objectname)%00%(upstream:track)%00%(upstream:remotename)%00%(upstream:remoteref) refs/heads/main refs/remotes/main [22ms]
2024-08-29 23:08:48.350 [info] > git config --local branch.main.vscode-merge-base [12ms]
2024-08-29 23:08:48.370 [info] > git for-each-ref --format=%(refname)%00%(upstream:short)%00%(objectname)%00%(upstream:track)%00%(upstream:remotename)%00%(upstream:remoteref) refs/heads/origin/main refs/remotes/origin/main [8ms]
2024-08-29 23:08:52.032 [info] > git show --textconv :bin/brain-even.js [17ms]
2024-08-29 23:08:52.034 [info] > git ls-files --stage -- /home/olga/frontend-project-44/bin/brain-even.js [8ms]
2024-08-29 23:08:52.043 [info] > git cat-file -s c715556bb7dbd37c194ff8b63d9521d4eddc1a68 [4ms]
2024-08-29 23:08:54.174 [info] > git show --textconv :bin/brain-calc.js. [32ms]
2024-08-29 23:08:54.193 [info] > git ls-files --stage -- /home/olga/frontend-project-44/bin/brain-calc.js. [34ms]
2024-08-29 23:14:38.319 [info] > git show --textconv :bin/brain-calc.js [564ms]
2024-08-29 23:14:38.337 [info] > git config --get commit.template [30ms]
2024-08-29 23:14:38.338 [info] > git ls-files --stage -- /home/olga/frontend-project-44/bin/brain-calc.js [547ms]
2024-08-29 23:14:38.356 [info] > git check-ignore -v -z --stdin [515ms]
2024-08-29 23:14:38.403 [info] > git for-each-ref --format=%(refname)%00%(upstream:short)%00%(objectname)%00%(upstream:track)%00%(upstream:remotename)%00%(upstream:remoteref) refs/heads/main refs/remotes/main [89ms]
2024-08-29 23:14:38.914 [info] > git status -z -uall [503ms]
2024-08-29 23:14:38.926 [info] > git for-each-ref --format=%(refname)%00%(upstream:short)%00%(objectname)%00%(upstream:track)%00%(upstream:remotename)%00%(upstream:remoteref) refs/heads/main refs/remotes/main [4ms]
2024-08-29 23:14:38.941 [info] > git config --local branch.main.vscode-merge-base [6ms]
2024-08-29 23:14:38.954 [info] > git for-each-ref --format=%(refname)%00%(upstream:short)%00%(objectname)%00%(upstream:track)%00%(upstream:remotename)%00%(upstream:remoteref) refs/heads/origin/main refs/remotes/origin/main [6ms]
2024-08-29 23:16:28.091 [info] > git config --get commit.template [7ms]
2024-08-29 23:16:28.102 [info] > git for-each-ref --format=%(refname)%00%(upstream:short)%00%(objectname)%00%(upstream:track)%00%(upstream:remotename)%00%(upstream:remoteref) refs/heads/main refs/remotes/main [12ms]
2024-08-29 23:16:28.142 [info] > git status -z -uall [35ms]
2024-08-29 23:16:28.172 [info] > git for-each-ref --format=%(refname)%00%(upstream:short)%00%(objectname)%00%(upstream:track)%00%(upstream:remotename)%00%(upstream:remoteref) refs/heads/main refs/remotes/main [9ms]
2024-08-29 23:16:28.191 [info] > git config --local branch.main.vscode-merge-base [7ms]
2024-08-29 23:16:28.204 [info] > git ls-files --stage -- /home/olga/frontend-project-44/bin/brain-calc.js [14ms]
2024-08-29 23:16:28.215 [info] > git for-each-ref --format=%(refname)%00%(upstream:short)%00%(objectname)%00%(upstream:track)%00%(upstream:remotename)%00%(upstream:remoteref) refs/heads/origin/main refs/remotes/origin/main [15ms]
2024-08-29 23:16:28.245 [info] > git cat-file -s e69de29bb2d1d6434b8b29ae775ad8c2e48c5391 [35ms]
2024-08-29 23:16:28.258 [info] > git merge-base refs/heads/main refs/remotes/origin/main [16ms]
2024-08-29 23:16:28.284 [info] > git rev-list --count --left-right refs/heads/main...refs/remotes/origin/main [20ms]
2024-08-29 23:16:28.314 [info] > git diff --name-status -z --diff-filter=ADMR b35220d44a30f6e6916f4726bb0108b34e09bfc3...refs/remotes/origin/main [22ms]
2024-08-29 23:16:28.380 [info] > git show --textconv :bin/brain-calc.js [33ms]
2024-08-29 23:16:33.211 [info] > git config --get commit.template [20ms]
2024-08-29 23:16:33.219 [info] > git for-each-ref --format=%(refname)%00%(upstream:short)%00%(objectname)%00%(upstream:track)%00%(upstream:remotename)%00%(upstream:remoteref) refs/heads/main refs/remotes/main [11ms]
2024-08-29 23:16:33.325 [info] > git status -z -uall [94ms]
2024-08-29 23:16:33.350 [info] > git for-each-ref --format=%(refname)%00%(upstream:short)%00%(objectname)%00%(upstream:track)%00%(upstream:remotename)%00%(upstream:remoteref) refs/heads/main refs/remotes/main [11ms]
2024-08-29 23:16:33.374 [info] > git config --local branch.main.vscode-merge-base [11ms]
2024-08-29 23:16:33.393 [info] > git for-each-ref --format=%(refname)%00%(upstream:short)%00%(objectname)%00%(upstream:track)%00%(upstream:remotename)%00%(upstream:remoteref) refs/heads/origin/main refs/remotes/origin/main [9ms]
2024-08-29 23:16:41.280 [info] > git ls-files --stage -- /home/olga/frontend-project-44/bin/brain-even.js [16ms]
2024-08-29 23:16:41.320 [info] > git cat-file -s c715556bb7dbd37c194ff8b63d9521d4eddc1a68 [34ms]
2024-08-29 23:16:41.321 [info] > git show --textconv :bin/brain-even.js [86ms]
2024-08-30 00:08:36.453 [info] > git ls-files --stage -- /home/olga/frontend-project-44/bin/brain-calc.js [33ms]
2024-08-30 00:08:36.457 [info] > git show --textconv :bin/brain-calc.js [40ms]
2024-08-30 00:08:36.460 [info] > git cat-file -s e69de29bb2d1d6434b8b29ae775ad8c2e48c5391 [4ms]
2024-08-30 00:09:28.912 [info] > git config --get commit.template [11ms]
2024-08-30 00:09:28.921 [info] > git for-each-ref --format=%(refname)%00%(upstream:short)%00%(objectname)%00%(upstream:track)%00%(upstream:remotename)%00%(upstream:remoteref) refs/heads/main refs/remotes/main [14ms]
2024-08-30 00:09:29.247 [info] > git status -z -uall [320ms]
2024-08-30 00:09:29.259 [info] > git for-each-ref --format=%(refname)%00%(upstream:short)%00%(objectname)%00%(upstream:track)%00%(upstream:remotename)%00%(upstream:remoteref) refs/heads/main refs/remotes/main [7ms]
2024-08-30 00:09:29.268 [info] > git config --local branch.main.vscode-merge-base [2ms]
2024-08-30 00:09:29.287 [info] > git for-each-ref --format=%(refname)%00%(upstream:short)%00%(objectname)%00%(upstream:track)%00%(upstream:remotename)%00%(upstream:remoteref) refs/heads/origin/main refs/remotes/origin/main [12ms]
2024-08-30 00:10:00.532 [info] > git ls-files --stage -- /home/olga/frontend-project-44/package.json [104ms]
2024-08-30 00:10:00.541 [info] > git show --textconv :package.json [121ms]
2024-08-30 00:10:00.542 [info] > git cat-file -s 967dacf2f63171376afb605ee03c2f0b275a7d54 [2ms]
2024-08-30 00:10:35.794 [info] > git config --get commit.template [15ms]
2024-08-30 00:10:35.800 [info] > git for-each-ref --format=%(refname)%00%(upstream:short)%00%(objectname)%00%(upstream:track)%00%(upstream:remotename)%00%(upstream:remoteref) refs/heads/main refs/remotes/main [17ms]
2024-08-30 00:10:36.198 [info] > git status -z -uall [393ms]
2024-08-30 00:10:36.205 [info] > git for-each-ref --format=%(refname)%00%(upstream:short)%00%(objectname)%00%(upstream:track)%00%(upstream:remotename)%00%(upstream:remoteref) refs/heads/main refs/remotes/main [3ms]
2024-08-30 00:10:36.219 [info] > git config --local branch.main.vscode-merge-base [6ms]
2024-08-30 00:10:36.230 [info] > git for-each-ref --format=%(refname)%00%(upstream:short)%00%(objectname)%00%(upstream:track)%00%(upstream:remotename)%00%(upstream:remoteref) refs/heads/origin/main refs/remotes/origin/main [5ms]
