2024-11-04 14:02:04.221 [info] [основное] Уровень ведения журнала: Info
2024-11-04 14:02:04.221 [info] [основное] Проверка найденного Git в: "git"
2024-11-04 14:02:04.221 [info] [основное] Используется Git "2.34.1" из "git"
2024-11-04 14:02:04.221 [info] [Model][doInitialScan] Initial repository scan started
2024-11-04 14:02:04.221 [info] > git rev-parse --show-toplevel [6ms]
2024-11-04 14:02:04.223 [info] > git rev-parse --git-dir --git-common-dir [2ms]
2024-11-04 14:02:04.248 [info] [Model][openRepository] Opened repository: /home/olga/frontend-project-46-1
2024-11-04 14:02:04.362 [info] > git rev-parse --show-toplevel [102ms]
2024-11-04 14:02:04.366 [info] [Model][doInitialScan] Initial repository scan completed - repositories (1), closed repositories (0), parent repositories (0), unsafe repositories (0)
2024-11-04 14:02:04.369 [info] > git config --get commit.template [15ms]
2024-11-04 14:02:04.376 [info] > git for-each-ref --format=%(refname)%00%(upstream:short)%00%(objectname)%00%(upstream:track)%00%(upstream:remotename)%00%(upstream:remoteref) refs/heads/main refs/remotes/main [2ms]
2024-11-04 14:02:04.384 [warning] [Git][revParse] Unable to read file: ENOENT: no such file or directory, open '/home/olga/frontend-project-46-1/.git/refs/remotes/origin/main'
2024-11-04 14:02:04.386 [info] > git rev-parse refs/remotes/origin/main [3ms]
2024-11-04 14:02:04.406 [info] > git status -z -uall [17ms]
2024-11-04 14:02:04.414 [info] > git for-each-ref --sort -committerdate --format %(refname) %(objectname) %(*objectname) [16ms]
2024-11-04 14:02:04.498 [info] > git for-each-ref --format=%(refname)%00%(upstream:short)%00%(objectname)%00%(upstream:track)%00%(upstream:remotename)%00%(upstream:remoteref) refs/heads/main refs/remotes/main [62ms]
2024-11-04 14:02:04.506 [info] > git config --get commit.template [9ms]
2024-11-04 14:02:04.509 [info] > git config --local branch.main.vscode-merge-base [6ms]
2024-11-04 14:02:04.509 [warning] [Git][config] git config failed: Failed to execute git
2024-11-04 14:02:04.526 [info] > git for-each-ref --format=%(refname)%00%(upstream:short)%00%(objectname)%00%(upstream:track)%00%(upstream:remotename)%00%(upstream:remoteref) refs/heads/main refs/remotes/main [6ms]
2024-11-04 14:02:04.527 [info] > git reflog main --grep-reflog=branch: Created from *. [13ms]
2024-11-04 14:02:04.534 [warning] [Git][revParse] Unable to read file: ENOENT: no such file or directory, open '/home/olga/frontend-project-46-1/.git/refs/remotes/origin/main'
2024-11-04 14:02:04.537 [info] > git symbolic-ref --short refs/remotes/origin/HEAD [5ms]
2024-11-04 14:02:04.543 [info] > git rev-parse refs/remotes/origin/main [9ms]
2024-11-04 14:02:04.562 [info] > git status -z -uall [10ms]
2024-11-04 14:02:04.563 [info] > git for-each-ref --format=%(refname)%00%(upstream:short)%00%(objectname)%00%(upstream:track)%00%(upstream:remotename)%00%(upstream:remoteref) refs/heads/origin/main refs/remotes/origin/main [23ms]
2024-11-04 14:02:04.573 [info] > git for-each-ref --sort -committerdate --format %(refname) %(objectname) %(*objectname) [14ms]
2024-11-04 14:02:04.583 [info] > git for-each-ref --format=%(refname)%00%(upstream:short)%00%(objectname)%00%(upstream:track)%00%(upstream:remotename)%00%(upstream:remoteref) refs/heads/main refs/remotes/main [3ms]
2024-11-04 14:02:04.594 [info] > git config --local branch.main.vscode-merge-base origin/main [27ms]
2024-11-04 14:02:04.605 [info] > git config --local branch.main.vscode-merge-base [11ms]
2024-11-04 14:02:04.615 [info] > git config --get commit.template [12ms]
2024-11-04 14:02:04.622 [info] > git for-each-ref --format=%(refname)%00%(upstream:short)%00%(objectname)%00%(upstream:track)%00%(upstream:remotename)%00%(upstream:remoteref) refs/heads/origin/main refs/remotes/origin/main [11ms]
2024-11-04 14:02:04.677 [info] > git merge-base refs/heads/main refs/remotes/origin/main [44ms]
2024-11-04 14:02:04.681 [info] > git for-each-ref --format=%(refname)%00%(upstream:short)%00%(objectname)%00%(upstream:track)%00%(upstream:remotename)%00%(upstream:remoteref) refs/heads/main refs/remotes/main [61ms]
2024-11-04 14:02:04.692 [warning] [Git][revParse] Unable to read file: ENOENT: no such file or directory, open '/home/olga/frontend-project-46-1/.git/refs/remotes/origin/main'
2024-11-04 14:02:04.694 [info] > git rev-parse refs/remotes/origin/main [2ms]
2024-11-04 14:02:04.703 [info] > git diff --name-status -z --diff-filter=ADMR 266c8897e36b47a81268cae87f85a28f7d19108d...refs/remotes/origin/main [22ms]
2024-11-04 14:02:04.708 [info] > git status -z -uall [9ms]
2024-11-04 14:02:04.709 [info] > git for-each-ref --sort -committerdate --format %(refname) %(objectname) %(*objectname) [6ms]
2024-11-04 14:02:04.865 [info] > git check-ignore -v -z --stdin [2ms]
2024-11-04 14:02:21.708 [info] > git log --format=%H%n%aN%n%aE%n%at%n%ct%n%P%n%D%n%B -z --shortstat --diff-merges=first-parent -n50 --skip=0 --topo-order --decorate=full --stdin [45ms]
2024-11-04 14:02:44.880 [info] > git log --format=%H%n%aN%n%aE%n%at%n%ct%n%P%n%D%n%B -z --shortstat --diff-merges=first-parent -n50 --skip=0 --topo-order --decorate=full --stdin [3ms]
2024-11-04 14:03:02.405 [info] > git show --textconv :README.md [7ms]
2024-11-04 14:03:02.407 [info] > git ls-files --stage -- /home/olga/frontend-project-46-1/README.md [3ms]
2024-11-04 14:03:02.418 [info] > git cat-file -s 821c93140288445412b10ae6bb085dd4b2e4a1b7 [2ms]
2024-11-04 14:06:50.969 [info] > git check-ignore -v -z --stdin [2ms]
2024-11-04 14:06:55.819 [info] > git show --textconv :.github/workflows/hexlet-check.yml [6ms]
2024-11-04 14:06:55.822 [info] > git ls-files --stage -- /home/olga/frontend-project-46-1/.github/workflows/hexlet-check.yml [4ms]
2024-11-04 14:06:55.830 [info] > git cat-file -s e7a851dc38f78be48b40fc70b10b08a8ae3cc257 [4ms]
2024-11-04 14:11:15.564 [info] > git show --textconv :.github/workflows/README.md [12ms]
2024-11-04 14:11:15.567 [info] > git ls-files --stage -- /home/olga/frontend-project-46-1/.github/workflows/README.md [10ms]
2024-11-04 14:11:15.572 [info] > git cat-file -s a62bf2d27b969aba99b50a4e4542a8c2162c9a8c [2ms]
2024-11-04 14:11:16.736 [info] > git show --textconv :README.md [9ms]
2024-11-04 14:11:16.739 [info] > git ls-files --stage -- /home/olga/frontend-project-46-1/README.md [5ms]
2024-11-04 14:11:16.747 [info] > git cat-file -s 821c93140288445412b10ae6bb085dd4b2e4a1b7 [3ms]
2024-11-04 14:11:18.437 [info] > git show --textconv :.github/workflows/README.md [24ms]
2024-11-04 14:11:18.440 [info] > git ls-files --stage -- /home/olga/frontend-project-46-1/.github/workflows/README.md [7ms]
2024-11-04 14:11:18.447 [info] > git cat-file -s a62bf2d27b969aba99b50a4e4542a8c2162c9a8c [3ms]
2024-11-04 14:11:23.367 [info] > git show --textconv :.github/workflows/hexlet-check.yml [5ms]
2024-11-04 14:11:23.368 [info] > git ls-files --stage -- /home/olga/frontend-project-46-1/.github/workflows/hexlet-check.yml [2ms]
2024-11-04 14:11:23.379 [info] > git cat-file -s e7a851dc38f78be48b40fc70b10b08a8ae3cc257 [7ms]
2024-11-04 14:12:16.543 [info] > git show --textconv :.github/workflows/hexlet-check.yml [5ms]
2024-11-04 14:12:16.546 [info] > git ls-files --stage -- /home/olga/frontend-project-46-1/.github/workflows/hexlet-check.yml [3ms]
2024-11-04 14:12:16.560 [info] > git cat-file -s e7a851dc38f78be48b40fc70b10b08a8ae3cc257 [3ms]
2024-11-04 14:12:29.277 [info] > git log --format=%H%n%aN%n%aE%n%at%n%ct%n%P%n%D%n%B -z --shortstat --diff-merges=first-parent -n50 --skip=0 --topo-order --decorate=full --stdin [7ms]
2024-11-04 14:12:42.466 [info] > git show --textconv :.github/workflows/hexlet-check.yml [8ms]
2024-11-04 14:12:42.469 [info] > git ls-files --stage -- /home/olga/frontend-project-46-1/.github/workflows/hexlet-check.yml [5ms]
2024-11-04 14:12:42.487 [info] > git cat-file -s e7a851dc38f78be48b40fc70b10b08a8ae3cc257 [10ms]
2024-11-04 14:15:47.560 [info] > git show --textconv :.github/workflows/README.md [5ms]
2024-11-04 14:15:47.562 [info] > git ls-files --stage -- /home/olga/frontend-project-46-1/.github/workflows/README.md [3ms]
2024-11-04 14:15:47.572 [info] > git cat-file -s a62bf2d27b969aba99b50a4e4542a8c2162c9a8c [3ms]
2024-11-04 14:17:16.649 [info] > git show --textconv :.github/workflows/hexlet-check.yml [7ms]
2024-11-04 14:17:16.653 [info] > git ls-files --stage -- /home/olga/frontend-project-46-1/.github/workflows/hexlet-check.yml [6ms]
2024-11-04 14:17:16.658 [info] > git cat-file -s e7a851dc38f78be48b40fc70b10b08a8ae3cc257 [1ms]
2024-11-04 14:17:17.890 [info] > git show --textconv :.github/workflows/README.md [8ms]
2024-11-04 14:17:17.892 [info] > git ls-files --stage -- /home/olga/frontend-project-46-1/.github/workflows/README.md [4ms]
2024-11-04 14:17:17.901 [info] > git cat-file -s a62bf2d27b969aba99b50a4e4542a8c2162c9a8c [4ms]
2024-11-04 14:17:18.751 [info] > git show --textconv :README.md [5ms]
2024-11-04 14:17:18.752 [info] > git ls-files --stage -- /home/olga/frontend-project-46-1/README.md [2ms]
2024-11-04 14:17:18.761 [info] > git cat-file -s 821c93140288445412b10ae6bb085dd4b2e4a1b7 [4ms]
2024-11-04 14:17:19.344 [info] > git show --textconv :.github/workflows/README.md [6ms]
2024-11-04 14:17:19.348 [info] > git ls-files --stage -- /home/olga/frontend-project-46-1/.github/workflows/README.md [5ms]
2024-11-04 14:17:19.353 [info] > git cat-file -s a62bf2d27b969aba99b50a4e4542a8c2162c9a8c [2ms]
2024-11-04 14:17:20.268 [info] > git show --textconv :.github/workflows/hexlet-check.yml [6ms]
2024-11-04 14:17:20.270 [info] > git ls-files --stage -- /home/olga/frontend-project-46-1/.github/workflows/hexlet-check.yml [3ms]
2024-11-04 14:17:20.276 [info] > git cat-file -s e7a851dc38f78be48b40fc70b10b08a8ae3cc257 [2ms]
2024-11-04 14:17:20.740 [info] > git show --textconv :README.md [6ms]
2024-11-04 14:17:20.742 [info] > git ls-files --stage -- /home/olga/frontend-project-46-1/README.md [2ms]
2024-11-04 14:17:20.748 [info] > git cat-file -s 821c93140288445412b10ae6bb085dd4b2e4a1b7 [1ms]
