2024-11-04 18:11:24.846 [info] [основное] Уровень ведения журнала: Info
2024-11-04 18:11:24.846 [info] [основное] Проверка найденного Git в: "git"
2024-11-04 18:11:24.846 [info] [основное] Используется Git "2.34.1" из "git"
2024-11-04 18:11:24.846 [info] [Model][doInitialScan] Initial repository scan started
2024-11-04 18:11:24.846 [info] > git rev-parse --show-toplevel [31ms]
2024-11-04 18:11:24.846 [info] fatal: not a git repository (or any of the parent directories): .git
2024-11-04 18:11:24.862 [info] > git rev-parse --show-toplevel [18ms]
2024-11-04 18:11:24.886 [info] > git rev-parse --git-dir --git-common-dir [2ms]
2024-11-04 18:11:24.908 [info] [Model][openRepository] Opened repository: /home/olga
2024-11-04 18:11:24.940 [info] [Model][doInitialScan] Initial repository scan completed - repositories (1), closed repositories (0), parent repositories (0), unsafe repositories (0)
2024-11-04 18:11:24.956 [info] > git config --get commit.template [10ms]
2024-11-04 18:11:25.051 [info] > git for-each-ref --format=%(refname)%00%(upstream:short)%00%(objectname)%00%(upstream:track)%00%(upstream:remotename)%00%(upstream:remoteref) refs/heads/main refs/remotes/main [90ms]
2024-11-04 18:11:25.056 [warning] [Git][revParse] Unable to read file: ENOENT: no such file or directory, open '/home/olga/.git/refs/remotes/origin/main'
2024-11-04 18:11:25.057 [info] > git rev-parse refs/remotes/origin/main [2ms]
2024-11-04 18:11:25.198 [info] > git for-each-ref --sort -committerdate --format %(refname) %(objectname) %(*objectname) [123ms]
2024-11-04 18:11:25.411 [info] > git status -z -uall [349ms]
2024-11-04 18:11:25.870 [info] > git check-ignore -v -z --stdin [316ms]
2024-11-04 18:11:25.871 [info] > git for-each-ref --format=%(refname)%00%(upstream:short)%00%(objectname)%00%(upstream:track)%00%(upstream:remotename)%00%(upstream:remoteref) refs/heads/main refs/remotes/main [328ms]
2024-11-04 18:11:25.915 [info] > git config --local branch.main.vscode-merge-base [41ms]
2024-11-04 18:11:25.916 [warning] [Git][config] git config failed: Failed to execute git
2024-11-04 18:11:25.922 [info] > git config --get commit.template [58ms]
2024-11-04 18:11:25.932 [info] > git reflog main --grep-reflog=branch: Created from *. [10ms]
2024-11-04 18:11:25.936 [info] > git for-each-ref --format=%(refname)%00%(upstream:short)%00%(objectname)%00%(upstream:track)%00%(upstream:remotename)%00%(upstream:remoteref) refs/heads/main refs/remotes/main [6ms]
2024-11-04 18:11:25.939 [warning] [Git][revParse] Unable to read file: ENOENT: no such file or directory, open '/home/olga/.git/refs/remotes/origin/main'
2024-11-04 18:11:25.940 [info] > git symbolic-ref --short refs/remotes/origin/HEAD [5ms]
2024-11-04 18:11:25.940 [info] fatal: ref refs/remotes/origin/HEAD is not a symbolic ref
2024-11-04 18:11:25.940 [warning] [Repository][getDefaultBranch] Failed to get default branch details: Failed to execute git.
2024-11-04 18:11:25.956 [info] > git merge-base refs/heads/main refs/remotes/origin/main [10ms]
2024-11-04 18:11:25.961 [info] > git rev-parse refs/remotes/origin/main [22ms]
2024-11-04 18:11:25.972 [info] > git diff --name-status -z --diff-filter=ADMR 5cd9030637160ceea4e800aac11068a3cc210de8...refs/remotes/origin/main [11ms]
2024-11-04 18:11:25.975 [info] > git for-each-ref --sort -committerdate --format %(refname) %(objectname) %(*objectname) [4ms]
2024-11-04 18:11:26.094 [info] > git status -z -uall [128ms]
2024-11-04 18:11:27.711 [info] > git rev-parse --show-toplevel [2ms]
2024-11-04 18:11:27.711 [info] fatal: not a git repository (or any of the parent directories): .git
2024-11-04 18:11:28.242 [info] > git check-ignore -v -z --stdin [16ms]
2024-11-04 18:11:37.011 [info] > git config --get commit.template [3ms]
2024-11-04 18:11:37.019 [info] > git for-each-ref --format=%(refname)%00%(upstream:short)%00%(objectname)%00%(upstream:track)%00%(upstream:remotename)%00%(upstream:remoteref) refs/heads/main refs/remotes/main [4ms]
2024-11-04 18:11:37.025 [warning] [Git][revParse] Unable to read file: ENOENT: no such file or directory, open '/home/olga/.git/refs/remotes/origin/main'
2024-11-04 18:11:37.027 [info] > git rev-parse refs/remotes/origin/main [2ms]
2024-11-04 18:11:37.058 [info] > git for-each-ref --sort -committerdate --format %(refname) %(objectname) %(*objectname) [14ms]
2024-11-04 18:11:37.225 [info] > git status -z -uall [194ms]
2024-11-04 18:11:40.592 [info] > git check-ignore -v -z --stdin [16ms]
2024-11-04 18:11:41.388 [info] > git log --format=%H%n%aN%n%aE%n%at%n%ct%n%P%n%D%n%B -z --shortstat --diff-merges=first-parent -n50 --skip=0 --topo-order --decorate=full --stdin [13697ms]
2024-11-04 18:11:41.388 [info] warning: exhaustive rename detection was skipped due to too many files.
warning: you may want to set your diff.renameLimit variable to at least 4655 and retry the command.
2024-11-04 18:11:42.292 [info] > git config --get commit.template [7ms]
2024-11-04 18:11:42.296 [info] > git for-each-ref --format=%(refname)%00%(upstream:short)%00%(objectname)%00%(upstream:track)%00%(upstream:remotename)%00%(upstream:remoteref) refs/heads/main refs/remotes/main [4ms]
2024-11-04 18:11:42.300 [warning] [Git][revParse] Unable to read file: ENOENT: no such file or directory, open '/home/olga/.git/refs/remotes/origin/main'
2024-11-04 18:11:42.302 [info] > git rev-parse refs/remotes/origin/main [2ms]
2024-11-04 18:11:42.319 [info] > git for-each-ref --sort -committerdate --format %(refname) %(objectname) %(*objectname) [3ms]
2024-11-04 18:11:42.527 [info] > git status -z -uall [220ms]
2024-11-04 18:11:43.629 [info] > git check-ignore -v -z --stdin [20ms]
2024-11-04 18:11:48.229 [info] > git config --get commit.template [13ms]
2024-11-04 18:11:48.250 [info] > git for-each-ref --format=%(refname)%00%(upstream:short)%00%(objectname)%00%(upstream:track)%00%(upstream:remotename)%00%(upstream:remoteref) refs/heads/main refs/remotes/main [16ms]
2024-11-04 18:11:48.263 [warning] [Git][revParse] Unable to read file: ENOENT: no such file or directory, open '/home/olga/.git/refs/remotes/origin/main'
2024-11-04 18:11:48.284 [info] > git rev-parse refs/remotes/origin/main [20ms]
2024-11-04 18:11:48.302 [info] > git for-each-ref --sort -committerdate --format %(refname) %(objectname) %(*objectname) [4ms]
2024-11-04 18:11:48.450 [info] > git status -z -uall [163ms]
2024-11-04 18:11:53.535 [info] > git config --get commit.template [9ms]
2024-11-04 18:11:53.537 [info] > git for-each-ref --format=%(refname)%00%(upstream:short)%00%(objectname)%00%(upstream:track)%00%(upstream:remotename)%00%(upstream:remoteref) refs/heads/main refs/remotes/main [4ms]
2024-11-04 18:11:53.541 [warning] [Git][revParse] Unable to read file: ENOENT: no such file or directory, open '/home/olga/.git/refs/remotes/origin/main'
2024-11-04 18:11:53.542 [info] > git rev-parse refs/remotes/origin/main [1ms]
2024-11-04 18:11:53.551 [info] > git for-each-ref --sort -committerdate --format %(refname) %(objectname) %(*objectname) [2ms]
2024-11-04 18:11:53.652 [info] > git status -z -uall [107ms]
2024-11-04 18:11:58.693 [info] > git config --get commit.template [4ms]
2024-11-04 18:11:58.694 [info] > git for-each-ref --format=%(refname)%00%(upstream:short)%00%(objectname)%00%(upstream:track)%00%(upstream:remotename)%00%(upstream:remoteref) refs/heads/main refs/remotes/main [3ms]
2024-11-04 18:11:58.697 [warning] [Git][revParse] Unable to read file: ENOENT: no such file or directory, open '/home/olga/.git/refs/remotes/origin/main'
2024-11-04 18:11:58.698 [info] > git rev-parse refs/remotes/origin/main [1ms]
2024-11-04 18:11:58.706 [info] > git for-each-ref --sort -committerdate --format %(refname) %(objectname) %(*objectname) [2ms]
2024-11-04 18:11:58.802 [info] > git status -z -uall [102ms]
2024-11-04 18:12:01.322 [info] > git check-ignore -v -z --stdin [9ms]
2024-11-04 18:12:03.859 [info] > git config --get commit.template [12ms]
2024-11-04 18:12:03.861 [info] > git for-each-ref --format=%(refname)%00%(upstream:short)%00%(objectname)%00%(upstream:track)%00%(upstream:remotename)%00%(upstream:remoteref) refs/heads/main refs/remotes/main [5ms]
2024-11-04 18:12:03.866 [warning] [Git][revParse] Unable to read file: ENOENT: no such file or directory, open '/home/olga/.git/refs/remotes/origin/main'
2024-11-04 18:12:03.867 [info] > git rev-parse refs/remotes/origin/main [2ms]
2024-11-04 18:12:03.878 [info] > git for-each-ref --sort -committerdate --format %(refname) %(objectname) %(*objectname) [3ms]
2024-11-04 18:12:03.971 [info] > git check-ignore -v -z --stdin [7ms]
2024-11-04 18:12:03.986 [info] > git status -z -uall [115ms]
2024-11-04 18:12:05.985 [info] > git show --textconv :frontend-project-46/gendiff.js [6ms]
2024-11-04 18:12:05.993 [info] > git ls-files --stage -- /home/olga/frontend-project-46/gendiff.js [9ms]
2024-11-04 18:12:09.074 [info] > git config --get commit.template [27ms]
2024-11-04 18:12:09.079 [info] > git for-each-ref --format=%(refname)%00%(upstream:short)%00%(objectname)%00%(upstream:track)%00%(upstream:remotename)%00%(upstream:remoteref) refs/heads/main refs/remotes/main [8ms]
2024-11-04 18:12:09.087 [warning] [Git][revParse] Unable to read file: ENOENT: no such file or directory, open '/home/olga/.git/refs/remotes/origin/main'
2024-11-04 18:12:09.097 [info] > git rev-parse refs/remotes/origin/main [10ms]
2024-11-04 18:12:09.184 [info] > git for-each-ref --sort -committerdate --format %(refname) %(objectname) %(*objectname) [12ms]
2024-11-04 18:12:09.511 [info] > git status -z -uall [393ms]
2024-11-04 18:12:17.398 [info] > git config --get commit.template [4ms]
2024-11-04 18:12:17.407 [info] > git for-each-ref --format=%(refname)%00%(upstream:short)%00%(objectname)%00%(upstream:track)%00%(upstream:remotename)%00%(upstream:remoteref) refs/heads/main refs/remotes/main [3ms]
2024-11-04 18:12:17.410 [warning] [Git][revParse] Unable to read file: ENOENT: no such file or directory, open '/home/olga/.git/refs/remotes/origin/main'
2024-11-04 18:12:17.414 [info] > git rev-parse refs/remotes/origin/main [3ms]
2024-11-04 18:12:17.425 [info] > git for-each-ref --sort -committerdate --format %(refname) %(objectname) %(*objectname) [3ms]
2024-11-04 18:12:17.572 [info] > git status -z -uall [153ms]
2024-11-04 18:12:24.406 [info] > git config --get commit.template [1ms]
2024-11-04 18:12:24.412 [info] > git for-each-ref --format=%(refname)%00%(upstream:short)%00%(objectname)%00%(upstream:track)%00%(upstream:remotename)%00%(upstream:remoteref) refs/heads/main refs/remotes/main [2ms]
2024-11-04 18:12:24.415 [warning] [Git][revParse] Unable to read file: ENOENT: no such file or directory, open '/home/olga/.git/refs/remotes/origin/main'
2024-11-04 18:12:24.416 [info] > git rev-parse refs/remotes/origin/main [1ms]
2024-11-04 18:12:24.427 [info] > git for-each-ref --sort -committerdate --format %(refname) %(objectname) %(*objectname) [4ms]
2024-11-04 18:12:24.544 [info] > git status -z -uall [126ms]
2024-11-04 18:12:29.597 [info] > git config --get commit.template [2ms]
2024-11-04 18:12:29.609 [info] > git for-each-ref --format=%(refname)%00%(upstream:short)%00%(objectname)%00%(upstream:track)%00%(upstream:remotename)%00%(upstream:remoteref) refs/heads/main refs/remotes/main [4ms]
2024-11-04 18:12:29.613 [warning] [Git][revParse] Unable to read file: ENOENT: no such file or directory, open '/home/olga/.git/refs/remotes/origin/main'
2024-11-04 18:12:29.616 [info] > git rev-parse refs/remotes/origin/main [4ms]
2024-11-04 18:12:29.629 [info] > git for-each-ref --sort -committerdate --format %(refname) %(objectname) %(*objectname) [2ms]
2024-11-04 18:12:29.744 [info] > git status -z -uall [122ms]
2024-11-04 18:12:34.795 [info] > git config --get commit.template [7ms]
2024-11-04 18:12:34.797 [info] > git for-each-ref --format=%(refname)%00%(upstream:short)%00%(objectname)%00%(upstream:track)%00%(upstream:remotename)%00%(upstream:remoteref) refs/heads/main refs/remotes/main [2ms]
2024-11-04 18:12:34.801 [warning] [Git][revParse] Unable to read file: ENOENT: no such file or directory, open '/home/olga/.git/refs/remotes/origin/main'
2024-11-04 18:12:34.802 [info] > git rev-parse refs/remotes/origin/main [2ms]
2024-11-04 18:12:34.815 [info] > git for-each-ref --sort -committerdate --format %(refname) %(objectname) %(*objectname) [5ms]
2024-11-04 18:12:34.915 [info] > git status -z -uall [109ms]
2024-11-04 18:12:39.976 [info] > git config --get commit.template [10ms]
2024-11-04 18:12:39.979 [info] > git for-each-ref --format=%(refname)%00%(upstream:short)%00%(objectname)%00%(upstream:track)%00%(upstream:remotename)%00%(upstream:remoteref) refs/heads/main refs/remotes/main [5ms]
2024-11-04 18:12:39.983 [warning] [Git][revParse] Unable to read file: ENOENT: no such file or directory, open '/home/olga/.git/refs/remotes/origin/main'
2024-11-04 18:12:39.986 [info] > git rev-parse refs/remotes/origin/main [3ms]
2024-11-04 18:12:39.995 [info] > git for-each-ref --sort -committerdate --format %(refname) %(objectname) %(*objectname) [3ms]
2024-11-04 18:12:40.098 [info] > git status -z -uall [109ms]
2024-11-04 18:12:45.157 [info] > git config --get commit.template [16ms]
2024-11-04 18:12:45.163 [info] > git for-each-ref --format=%(refname)%00%(upstream:short)%00%(objectname)%00%(upstream:track)%00%(upstream:remotename)%00%(upstream:remoteref) refs/heads/main refs/remotes/main [9ms]
2024-11-04 18:12:45.170 [warning] [Git][revParse] Unable to read file: ENOENT: no such file or directory, open '/home/olga/.git/refs/remotes/origin/main'
2024-11-04 18:12:45.173 [info] > git rev-parse refs/remotes/origin/main [4ms]
2024-11-04 18:12:45.185 [info] > git for-each-ref --sort -committerdate --format %(refname) %(objectname) %(*objectname) [3ms]
2024-11-04 18:12:45.299 [info] > git status -z -uall [122ms]
2024-11-04 18:14:27.119 [info] > git config --get commit.template [13ms]
2024-11-04 18:14:27.121 [info] > git for-each-ref --format=%(refname)%00%(upstream:short)%00%(objectname)%00%(upstream:track)%00%(upstream:remotename)%00%(upstream:remoteref) refs/heads/main refs/remotes/main [6ms]
2024-11-04 18:14:27.127 [warning] [Git][revParse] Unable to read file: ENOENT: no such file or directory, open '/home/olga/.git/refs/remotes/origin/main'
2024-11-04 18:14:27.130 [info] > git rev-parse refs/remotes/origin/main [3ms]
2024-11-04 18:14:27.147 [info] > git for-each-ref --sort -committerdate --format %(refname) %(objectname) %(*objectname) [7ms]
2024-11-04 18:14:27.299 [info] > git status -z -uall [165ms]
2024-11-04 18:15:21.224 [info] > git config --get commit.template [18ms]
2024-11-04 18:15:21.227 [info] > git for-each-ref --format=%(refname)%00%(upstream:short)%00%(objectname)%00%(upstream:track)%00%(upstream:remotename)%00%(upstream:remoteref) refs/heads/main refs/remotes/main [3ms]
2024-11-04 18:15:21.241 [warning] [Git][revParse] Unable to read file: ENOENT: no such file or directory, open '/home/olga/.git/refs/remotes/origin/main'
2024-11-04 18:15:21.243 [info] > git rev-parse refs/remotes/origin/main [2ms]
2024-11-04 18:15:21.260 [info] > git for-each-ref --sort -committerdate --format %(refname) %(objectname) %(*objectname) [2ms]
2024-11-04 18:15:21.406 [info] > git status -z -uall [155ms]
2024-11-04 18:15:26.491 [info] > git config --get commit.template [11ms]
2024-11-04 18:15:26.496 [info] > git for-each-ref --format=%(refname)%00%(upstream:short)%00%(objectname)%00%(upstream:track)%00%(upstream:remotename)%00%(upstream:remoteref) refs/heads/main refs/remotes/main [7ms]
2024-11-04 18:15:26.500 [warning] [Git][revParse] Unable to read file: ENOENT: no such file or directory, open '/home/olga/.git/refs/remotes/origin/main'
2024-11-04 18:15:26.502 [info] > git rev-parse refs/remotes/origin/main [2ms]
2024-11-04 18:15:26.514 [info] > git for-each-ref --sort -committerdate --format %(refname) %(objectname) %(*objectname) [4ms]
2024-11-04 18:15:26.628 [info] > git status -z -uall [123ms]
2024-11-04 18:15:31.698 [info] > git config --get commit.template [19ms]
2024-11-04 18:15:31.702 [info] > git for-each-ref --format=%(refname)%00%(upstream:short)%00%(objectname)%00%(upstream:track)%00%(upstream:remotename)%00%(upstream:remoteref) refs/heads/main refs/remotes/main [6ms]
2024-11-04 18:15:31.707 [warning] [Git][revParse] Unable to read file: ENOENT: no such file or directory, open '/home/olga/.git/refs/remotes/origin/main'
2024-11-04 18:15:31.711 [info] > git rev-parse refs/remotes/origin/main [4ms]
2024-11-04 18:15:31.724 [info] > git for-each-ref --sort -committerdate --format %(refname) %(objectname) %(*objectname) [3ms]
2024-11-04 18:15:31.821 [info] > git status -z -uall [106ms]
2024-11-04 18:15:36.882 [info] > git config --get commit.template [12ms]
2024-11-04 18:15:36.884 [info] > git for-each-ref --format=%(refname)%00%(upstream:short)%00%(objectname)%00%(upstream:track)%00%(upstream:remotename)%00%(upstream:remoteref) refs/heads/main refs/remotes/main [5ms]
2024-11-04 18:15:36.888 [warning] [Git][revParse] Unable to read file: ENOENT: no such file or directory, open '/home/olga/.git/refs/remotes/origin/main'
2024-11-04 18:15:36.889 [info] > git rev-parse refs/remotes/origin/main [1ms]
2024-11-04 18:15:36.900 [info] > git for-each-ref --sort -committerdate --format %(refname) %(objectname) %(*objectname) [4ms]
2024-11-04 18:15:36.996 [info] > git status -z -uall [104ms]
2024-11-04 18:15:42.042 [info] > git config --get commit.template [11ms]
2024-11-04 18:15:42.045 [info] > git for-each-ref --format=%(refname)%00%(upstream:short)%00%(objectname)%00%(upstream:track)%00%(upstream:remotename)%00%(upstream:remoteref) refs/heads/main refs/remotes/main [6ms]
2024-11-04 18:15:42.053 [warning] [Git][revParse] Unable to read file: ENOENT: no such file or directory, open '/home/olga/.git/refs/remotes/origin/main'
2024-11-04 18:15:42.055 [info] > git rev-parse refs/remotes/origin/main [2ms]
2024-11-04 18:15:42.071 [info] > git for-each-ref --sort -committerdate --format %(refname) %(objectname) %(*objectname) [6ms]
2024-11-04 18:15:42.162 [info] > git status -z -uall [102ms]
2024-11-04 18:15:47.201 [info] > git config --get commit.template [7ms]
2024-11-04 18:15:47.205 [info] > git for-each-ref --format=%(refname)%00%(upstream:short)%00%(objectname)%00%(upstream:track)%00%(upstream:remotename)%00%(upstream:remoteref) refs/heads/main refs/remotes/main [5ms]
2024-11-04 18:15:47.208 [warning] [Git][revParse] Unable to read file: ENOENT: no such file or directory, open '/home/olga/.git/refs/remotes/origin/main'
2024-11-04 18:15:47.209 [info] > git rev-parse refs/remotes/origin/main [1ms]
2024-11-04 18:15:47.220 [info] > git for-each-ref --sort -committerdate --format %(refname) %(objectname) %(*objectname) [3ms]
2024-11-04 18:15:47.328 [info] > git status -z -uall [115ms]
2024-11-04 18:15:52.374 [info] > git for-each-ref --format=%(refname)%00%(upstream:short)%00%(objectname)%00%(upstream:track)%00%(upstream:remotename)%00%(upstream:remoteref) refs/heads/main refs/remotes/main [1ms]
2024-11-04 18:15:52.375 [info] > git config --get commit.template [8ms]
2024-11-04 18:15:52.378 [warning] [Git][revParse] Unable to read file: ENOENT: no such file or directory, open '/home/olga/.git/refs/remotes/origin/main'
2024-11-04 18:15:52.379 [info] > git rev-parse refs/remotes/origin/main [1ms]
2024-11-04 18:15:52.388 [info] > git for-each-ref --sort -committerdate --format %(refname) %(objectname) %(*objectname) [3ms]
2024-11-04 18:15:52.489 [info] > git status -z -uall [107ms]
2024-11-04 18:15:57.572 [info] > git config --get commit.template [9ms]
2024-11-04 18:15:57.575 [info] > git for-each-ref --format=%(refname)%00%(upstream:short)%00%(objectname)%00%(upstream:track)%00%(upstream:remotename)%00%(upstream:remoteref) refs/heads/main refs/remotes/main [6ms]
2024-11-04 18:15:57.579 [warning] [Git][revParse] Unable to read file: ENOENT: no such file or directory, open '/home/olga/.git/refs/remotes/origin/main'
2024-11-04 18:15:57.581 [info] > git rev-parse refs/remotes/origin/main [2ms]
2024-11-04 18:15:57.595 [info] > git for-each-ref --sort -committerdate --format %(refname) %(objectname) %(*objectname) [4ms]
2024-11-04 18:15:57.751 [info] > git status -z -uall [166ms]
2024-11-04 18:16:02.820 [info] > git config --get commit.template [8ms]
2024-11-04 18:16:02.826 [info] > git for-each-ref --format=%(refname)%00%(upstream:short)%00%(objectname)%00%(upstream:track)%00%(upstream:remotename)%00%(upstream:remoteref) refs/heads/main refs/remotes/main [9ms]
2024-11-04 18:16:02.831 [warning] [Git][revParse] Unable to read file: ENOENT: no such file or directory, open '/home/olga/.git/refs/remotes/origin/main'
2024-11-04 18:16:02.832 [info] > git rev-parse refs/remotes/origin/main [1ms]
2024-11-04 18:16:02.844 [info] > git for-each-ref --sort -committerdate --format %(refname) %(objectname) %(*objectname) [3ms]
2024-11-04 18:16:03.028 [info] > git status -z -uall [192ms]
2024-11-04 18:16:04.029 [info] > git check-ignore -v -z --stdin [31ms]
2024-11-04 18:16:08.093 [info] > git config --get commit.template [5ms]
2024-11-04 18:16:08.095 [info] > git for-each-ref --format=%(refname)%00%(upstream:short)%00%(objectname)%00%(upstream:track)%00%(upstream:remotename)%00%(upstream:remoteref) refs/heads/main refs/remotes/main [3ms]
2024-11-04 18:16:08.098 [warning] [Git][revParse] Unable to read file: ENOENT: no such file or directory, open '/home/olga/.git/refs/remotes/origin/main'
2024-11-04 18:16:08.099 [info] > git rev-parse refs/remotes/origin/main [2ms]
2024-11-04 18:16:08.108 [info] > git for-each-ref --sort -committerdate --format %(refname) %(objectname) %(*objectname) [3ms]
2024-11-04 18:16:08.228 [info] > git status -z -uall [126ms]
2024-11-04 18:16:13.282 [info] > git config --get commit.template [7ms]
2024-11-04 18:16:13.284 [info] > git for-each-ref --format=%(refname)%00%(upstream:short)%00%(objectname)%00%(upstream:track)%00%(upstream:remotename)%00%(upstream:remoteref) refs/heads/main refs/remotes/main [3ms]
2024-11-04 18:16:13.289 [warning] [Git][revParse] Unable to read file: ENOENT: no such file or directory, open '/home/olga/.git/refs/remotes/origin/main'
2024-11-04 18:16:13.291 [info] > git rev-parse refs/remotes/origin/main [2ms]
2024-11-04 18:16:13.312 [info] > git for-each-ref --sort -committerdate --format %(refname) %(objectname) %(*objectname) [3ms]
2024-11-04 18:16:13.555 [info] > git status -z -uall [259ms]
2024-11-04 18:16:15.546 [info] > git log --format=%H%n%aN%n%aE%n%at%n%ct%n%P%n%D%n%B -z --shortstat --diff-merges=first-parent -n50 --skip=0 --topo-order --decorate=full --stdin [4967ms]
2024-11-04 18:16:15.546 [info] warning: exhaustive rename detection was skipped due to too many files.
warning: you may want to set your diff.renameLimit variable to at least 4655 and retry the command.
2024-11-04 18:16:18.701 [info] > git config --get commit.template [26ms]
2024-11-04 18:16:18.706 [info] > git for-each-ref --format=%(refname)%00%(upstream:short)%00%(objectname)%00%(upstream:track)%00%(upstream:remotename)%00%(upstream:remoteref) refs/heads/main refs/remotes/main [7ms]
2024-11-04 18:16:18.713 [warning] [Git][revParse] Unable to read file: ENOENT: no such file or directory, open '/home/olga/.git/refs/remotes/origin/main'
2024-11-04 18:16:18.715 [info] > git rev-parse refs/remotes/origin/main [2ms]
2024-11-04 18:16:18.730 [info] > git for-each-ref --sort -committerdate --format %(refname) %(objectname) %(*objectname) [7ms]
2024-11-04 18:16:18.822 [info] > git status -z -uall [103ms]
2024-11-04 18:16:20.967 [info] > git check-ignore -v -z --stdin [5ms]
2024-11-04 18:16:23.857 [info] > git config --get commit.template [6ms]
2024-11-04 18:16:23.859 [info] > git for-each-ref --format=%(refname)%00%(upstream:short)%00%(objectname)%00%(upstream:track)%00%(upstream:remotename)%00%(upstream:remoteref) refs/heads/main refs/remotes/main [3ms]
2024-11-04 18:16:23.863 [warning] [Git][revParse] Unable to read file: ENOENT: no such file or directory, open '/home/olga/.git/refs/remotes/origin/main'
2024-11-04 18:16:23.865 [info] > git rev-parse refs/remotes/origin/main [2ms]
2024-11-04 18:16:23.876 [info] > git for-each-ref --sort -committerdate --format %(refname) %(objectname) %(*objectname) [3ms]
2024-11-04 18:16:23.982 [info] > git status -z -uall [114ms]
2024-11-04 18:16:29.025 [info] > git config --get commit.template [4ms]
2024-11-04 18:16:29.027 [info] > git for-each-ref --format=%(refname)%00%(upstream:short)%00%(objectname)%00%(upstream:track)%00%(upstream:remotename)%00%(upstream:remoteref) refs/heads/main refs/remotes/main [3ms]
2024-11-04 18:16:29.030 [warning] [Git][revParse] Unable to read file: ENOENT: no such file or directory, open '/home/olga/.git/refs/remotes/origin/main'
2024-11-04 18:16:29.031 [info] > git rev-parse refs/remotes/origin/main [1ms]
2024-11-04 18:16:29.041 [info] > git for-each-ref --sort -committerdate --format %(refname) %(objectname) %(*objectname) [2ms]
2024-11-04 18:16:29.136 [info] > git status -z -uall [102ms]
2024-11-04 18:16:34.180 [info] > git config --get commit.template [8ms]
2024-11-04 18:16:34.185 [info] > git for-each-ref --format=%(refname)%00%(upstream:short)%00%(objectname)%00%(upstream:track)%00%(upstream:remotename)%00%(upstream:remoteref) refs/heads/main refs/remotes/main [6ms]
2024-11-04 18:16:34.189 [warning] [Git][revParse] Unable to read file: ENOENT: no such file or directory, open '/home/olga/.git/refs/remotes/origin/main'
2024-11-04 18:16:34.192 [info] > git rev-parse refs/remotes/origin/main [2ms]
2024-11-04 18:16:34.203 [info] > git for-each-ref --sort -committerdate --format %(refname) %(objectname) %(*objectname) [5ms]
2024-11-04 18:16:34.299 [info] > git status -z -uall [103ms]
2024-11-04 18:16:39.341 [info] > git config --get commit.template [2ms]
2024-11-04 18:16:39.359 [info] > git for-each-ref --format=%(refname)%00%(upstream:short)%00%(objectname)%00%(upstream:track)%00%(upstream:remotename)%00%(upstream:remoteref) refs/heads/main refs/remotes/main [10ms]
2024-11-04 18:16:39.364 [warning] [Git][revParse] Unable to read file: ENOENT: no such file or directory, open '/home/olga/.git/refs/remotes/origin/main'
2024-11-04 18:16:39.366 [info] > git rev-parse refs/remotes/origin/main [2ms]
2024-11-04 18:16:39.386 [info] > git for-each-ref --sort -committerdate --format %(refname) %(objectname) %(*objectname) [8ms]
2024-11-04 18:16:39.583 [info] > git status -z -uall [210ms]
2024-11-04 18:21:19.892 [info] > git config --get commit.template [18ms]
2024-11-04 18:21:19.893 [info] > git for-each-ref --format=%(refname)%00%(upstream:short)%00%(objectname)%00%(upstream:track)%00%(upstream:remotename)%00%(upstream:remoteref) refs/heads/main refs/remotes/main [3ms]
2024-11-04 18:21:19.901 [warning] [Git][revParse] Unable to read file: ENOENT: no such file or directory, open '/home/olga/.git/refs/remotes/origin/main'
2024-11-04 18:21:19.903 [info] > git rev-parse refs/remotes/origin/main [4ms]
2024-11-04 18:21:19.931 [info] > git for-each-ref --sort -committerdate --format %(refname) %(objectname) %(*objectname) [11ms]
2024-11-04 18:21:20.098 [info] > git status -z -uall [184ms]
2024-11-04 18:21:25.181 [info] > git config --get commit.template [9ms]
2024-11-04 18:21:25.184 [info] > git for-each-ref --format=%(refname)%00%(upstream:short)%00%(objectname)%00%(upstream:track)%00%(upstream:remotename)%00%(upstream:remoteref) refs/heads/main refs/remotes/main [4ms]
2024-11-04 18:21:25.188 [warning] [Git][revParse] Unable to read file: ENOENT: no such file or directory, open '/home/olga/.git/refs/remotes/origin/main'
2024-11-04 18:21:25.190 [info] > git rev-parse refs/remotes/origin/main [2ms]
2024-11-04 18:21:25.206 [info] > git for-each-ref --sort -committerdate --format %(refname) %(objectname) %(*objectname) [7ms]
2024-11-04 18:21:25.350 [info] > git status -z -uall [156ms]
2024-11-04 18:21:29.465 [info] > git check-ignore -v -z --stdin [23ms]
2024-11-04 18:21:30.412 [info] > git config --get commit.template [14ms]
2024-11-04 18:21:30.416 [info] > git for-each-ref --format=%(refname)%00%(upstream:short)%00%(objectname)%00%(upstream:track)%00%(upstream:remotename)%00%(upstream:remoteref) refs/heads/main refs/remotes/main [6ms]
2024-11-04 18:21:30.420 [warning] [Git][revParse] Unable to read file: ENOENT: no such file or directory, open '/home/olga/.git/refs/remotes/origin/main'
2024-11-04 18:21:30.422 [info] > git rev-parse refs/remotes/origin/main [2ms]
2024-11-04 18:21:30.435 [info] > git for-each-ref --sort -committerdate --format %(refname) %(objectname) %(*objectname) [3ms]
2024-11-04 18:21:30.599 [info] > git status -z -uall [173ms]
2024-11-04 18:21:32.299 [info] > git show --textconv :frontend-project-46/.github/workflows/README.md [467ms]
2024-11-04 18:21:32.303 [info] > git ls-files --stage -- /home/olga/frontend-project-46/.github/workflows/README.md [462ms]
2024-11-04 18:21:35.683 [info] > git config --get commit.template [12ms]
2024-11-04 18:21:35.686 [info] > git for-each-ref --format=%(refname)%00%(upstream:short)%00%(objectname)%00%(upstream:track)%00%(upstream:remotename)%00%(upstream:remoteref) refs/heads/main refs/remotes/main [4ms]
2024-11-04 18:21:35.691 [warning] [Git][revParse] Unable to read file: ENOENT: no such file or directory, open '/home/olga/.git/refs/remotes/origin/main'
2024-11-04 18:21:35.692 [info] > git rev-parse refs/remotes/origin/main [1ms]
2024-11-04 18:21:35.704 [info] > git for-each-ref --sort -committerdate --format %(refname) %(objectname) %(*objectname) [3ms]
2024-11-04 18:21:35.807 [info] > git status -z -uall [111ms]
2024-11-04 18:21:39.691 [info] > git show --textconv :frontend-project-46/gendiff.js [11ms]
2024-11-04 18:21:39.696 [info] > git ls-files --stage -- /home/olga/frontend-project-46/gendiff.js [8ms]
2024-11-04 18:21:40.852 [info] > git config --get commit.template [9ms]
2024-11-04 18:21:40.858 [info] > git for-each-ref --format=%(refname)%00%(upstream:short)%00%(objectname)%00%(upstream:track)%00%(upstream:remotename)%00%(upstream:remoteref) refs/heads/main refs/remotes/main [7ms]
2024-11-04 18:21:40.861 [warning] [Git][revParse] Unable to read file: ENOENT: no such file or directory, open '/home/olga/.git/refs/remotes/origin/main'
2024-11-04 18:21:40.863 [info] > git rev-parse refs/remotes/origin/main [2ms]
2024-11-04 18:21:40.878 [info] > git for-each-ref --sort -committerdate --format %(refname) %(objectname) %(*objectname) [4ms]
2024-11-04 18:21:41.042 [info] > git status -z -uall [173ms]
2024-11-04 18:21:46.097 [info] > git config --get commit.template [6ms]
2024-11-04 18:21:46.102 [info] > git for-each-ref --format=%(refname)%00%(upstream:short)%00%(objectname)%00%(upstream:track)%00%(upstream:remotename)%00%(upstream:remoteref) refs/heads/main refs/remotes/main [6ms]
2024-11-04 18:21:46.106 [warning] [Git][revParse] Unable to read file: ENOENT: no such file or directory, open '/home/olga/.git/refs/remotes/origin/main'
2024-11-04 18:21:46.107 [info] > git rev-parse refs/remotes/origin/main [1ms]
2024-11-04 18:21:46.122 [info] > git for-each-ref --sort -committerdate --format %(refname) %(objectname) %(*objectname) [7ms]
2024-11-04 18:21:46.220 [info] > git status -z -uall [110ms]
2024-11-04 18:21:50.484 [info] > git check-ignore -v -z --stdin [19ms]
2024-11-04 18:21:51.290 [info] > git for-each-ref --format=%(refname)%00%(upstream:short)%00%(objectname)%00%(upstream:track)%00%(upstream:remotename)%00%(upstream:remoteref) refs/heads/main refs/remotes/main [10ms]
2024-11-04 18:21:51.290 [info] > git config --get commit.template [20ms]
2024-11-04 18:21:51.293 [warning] [Git][revParse] Unable to read file: ENOENT: no such file or directory, open '/home/olga/.git/refs/remotes/origin/main'
2024-11-04 18:21:51.295 [info] > git rev-parse refs/remotes/origin/main [2ms]
2024-11-04 18:21:51.310 [info] > git for-each-ref --sort -committerdate --format %(refname) %(objectname) %(*objectname) [5ms]
2024-11-04 18:21:51.451 [info] > git status -z -uall [151ms]
2024-11-04 18:21:57.650 [info] > git config --get commit.template [6ms]
2024-11-04 18:21:57.652 [info] > git for-each-ref --format=%(refname)%00%(upstream:short)%00%(objectname)%00%(upstream:track)%00%(upstream:remotename)%00%(upstream:remoteref) refs/heads/main refs/remotes/main [3ms]
2024-11-04 18:21:57.656 [warning] [Git][revParse] Unable to read file: ENOENT: no such file or directory, open '/home/olga/.git/refs/remotes/origin/main'
2024-11-04 18:21:57.658 [info] > git rev-parse refs/remotes/origin/main [1ms]
2024-11-04 18:21:57.669 [info] > git for-each-ref --sort -committerdate --format %(refname) %(objectname) %(*objectname) [3ms]
2024-11-04 18:21:57.786 [info] > git status -z -uall [125ms]
2024-11-04 18:22:11.492 [info] > git check-ignore -v -z --stdin [33ms]
2024-11-04 18:22:29.695 [info] > git check-ignore -v -z --stdin [9ms]
2024-11-04 18:24:23.927 [info] > git config --get commit.template [11ms]
2024-11-04 18:24:23.928 [info] > git for-each-ref --format=%(refname)%00%(upstream:short)%00%(objectname)%00%(upstream:track)%00%(upstream:remotename)%00%(upstream:remoteref) refs/heads/main refs/remotes/main [3ms]
2024-11-04 18:24:23.938 [warning] [Git][revParse] Unable to read file: ENOENT: no such file or directory, open '/home/olga/.git/refs/remotes/origin/main'
2024-11-04 18:24:23.953 [info] > git rev-parse refs/remotes/origin/main [14ms]
2024-11-04 18:24:23.965 [info] > git ls-files --stage -- /home/olga/frontend-project-46/gendiff.js [19ms]
2024-11-04 18:24:23.967 [info] > git for-each-ref --sort -committerdate --format %(refname) %(objectname) %(*objectname) [3ms]
2024-11-04 18:24:24.049 [info] > git show --textconv :frontend-project-46/gendiff.js [8ms]
2024-11-04 18:24:25.915 [info] > git status -z -uall [1957ms]
2024-11-04 18:24:30.969 [info] > git config --get commit.template [13ms]
2024-11-04 18:24:30.972 [info] > git for-each-ref --format=%(refname)%00%(upstream:short)%00%(objectname)%00%(upstream:track)%00%(upstream:remotename)%00%(upstream:remoteref) refs/heads/main refs/remotes/main [5ms]
2024-11-04 18:24:30.975 [warning] [Git][revParse] Unable to read file: ENOENT: no such file or directory, open '/home/olga/.git/refs/remotes/origin/main'
2024-11-04 18:24:30.977 [info] > git rev-parse refs/remotes/origin/main [2ms]
2024-11-04 18:24:30.998 [info] > git for-each-ref --sort -committerdate --format %(refname) %(objectname) %(*objectname) [12ms]
2024-11-04 18:24:32.567 [info] > git status -z -uall [1586ms]
2024-11-04 18:24:37.601 [info] > git config --get commit.template [9ms]
2024-11-04 18:24:37.603 [info] > git for-each-ref --format=%(refname)%00%(upstream:short)%00%(objectname)%00%(upstream:track)%00%(upstream:remotename)%00%(upstream:remoteref) refs/heads/main refs/remotes/main [4ms]
2024-11-04 18:24:37.606 [warning] [Git][revParse] Unable to read file: ENOENT: no such file or directory, open '/home/olga/.git/refs/remotes/origin/main'
2024-11-04 18:24:37.608 [info] > git rev-parse refs/remotes/origin/main [2ms]
2024-11-04 18:24:37.624 [info] > git for-each-ref --sort -committerdate --format %(refname) %(objectname) %(*objectname) [9ms]
2024-11-04 18:24:39.554 [info] > git status -z -uall [1944ms]
2024-11-04 18:24:52.760 [info] > git config --get commit.template [20ms]
2024-11-04 18:24:52.774 [info] > git for-each-ref --format=%(refname)%00%(upstream:short)%00%(objectname)%00%(upstream:track)%00%(upstream:remotename)%00%(upstream:remoteref) refs/heads/main refs/remotes/main [18ms]
2024-11-04 18:24:52.781 [warning] [Git][revParse] Unable to read file: ENOENT: no such file or directory, open '/home/olga/.git/refs/remotes/origin/main'
2024-11-04 18:24:52.783 [info] > git rev-parse refs/remotes/origin/main [2ms]
2024-11-04 18:24:52.825 [info] > git for-each-ref --sort -committerdate --format %(refname) %(objectname) %(*objectname) [14ms]
2024-11-04 18:24:54.576 [info] > git status -z -uall [1784ms]
2024-11-04 18:25:43.184 [info] > git config --get commit.template [13ms]
2024-11-04 18:25:43.186 [info] > git for-each-ref --format=%(refname)%00%(upstream:short)%00%(objectname)%00%(upstream:track)%00%(upstream:remotename)%00%(upstream:remoteref) refs/heads/main refs/remotes/main [4ms]
2024-11-04 18:25:43.198 [warning] [Git][revParse] Unable to read file: ENOENT: no such file or directory, open '/home/olga/.git/refs/remotes/origin/main'
2024-11-04 18:25:43.199 [info] > git rev-parse refs/remotes/origin/main [1ms]
2024-11-04 18:25:43.216 [info] > git for-each-ref --sort -committerdate --format %(refname) %(objectname) %(*objectname) [4ms]
2024-11-04 18:25:44.990 [info] > git status -z -uall [1783ms]
2024-11-04 18:26:01.476 [info] > git config --get commit.template [10ms]
2024-11-04 18:26:01.491 [info] > git for-each-ref --format=%(refname)%00%(upstream:short)%00%(objectname)%00%(upstream:track)%00%(upstream:remotename)%00%(upstream:remoteref) refs/heads/main refs/remotes/main [9ms]
2024-11-04 18:26:01.498 [warning] [Git][revParse] Unable to read file: ENOENT: no such file or directory, open '/home/olga/.git/refs/remotes/origin/main'
2024-11-04 18:26:01.500 [info] > git rev-parse refs/remotes/origin/main [2ms]
2024-11-04 18:26:01.517 [info] > git for-each-ref --sort -committerdate --format %(refname) %(objectname) %(*objectname) [3ms]
2024-11-04 18:26:03.261 [info] > git status -z -uall [1752ms]
2024-11-04 18:26:08.323 [info] > git config --get commit.template [16ms]
2024-11-04 18:26:08.326 [info] > git for-each-ref --format=%(refname)%00%(upstream:short)%00%(objectname)%00%(upstream:track)%00%(upstream:remotename)%00%(upstream:remoteref) refs/heads/main refs/remotes/main [6ms]
2024-11-04 18:26:08.331 [warning] [Git][revParse] Unable to read file: ENOENT: no such file or directory, open '/home/olga/.git/refs/remotes/origin/main'
2024-11-04 18:26:08.333 [info] > git rev-parse refs/remotes/origin/main [2ms]
2024-11-04 18:26:08.358 [info] > git for-each-ref --sort -committerdate --format %(refname) %(objectname) %(*objectname) [12ms]
2024-11-04 18:26:09.849 [info] > git status -z -uall [1510ms]
2024-11-04 18:26:14.898 [info] > git config --get commit.template [14ms]
2024-11-04 18:26:14.901 [info] > git for-each-ref --format=%(refname)%00%(upstream:short)%00%(objectname)%00%(upstream:track)%00%(upstream:remotename)%00%(upstream:remoteref) refs/heads/main refs/remotes/main [5ms]
2024-11-04 18:26:14.906 [warning] [Git][revParse] Unable to read file: ENOENT: no such file or directory, open '/home/olga/.git/refs/remotes/origin/main'
2024-11-04 18:26:14.908 [info] > git rev-parse refs/remotes/origin/main [2ms]
2024-11-04 18:26:14.920 [info] > git for-each-ref --sort -committerdate --format %(refname) %(objectname) %(*objectname) [3ms]
2024-11-04 18:26:16.403 [info] > git status -z -uall [1491ms]
2024-11-04 18:26:21.450 [info] > git config --get commit.template [17ms]
2024-11-04 18:26:21.454 [info] > git for-each-ref --format=%(refname)%00%(upstream:short)%00%(objectname)%00%(upstream:track)%00%(upstream:remotename)%00%(upstream:remoteref) refs/heads/main refs/remotes/main [5ms]
2024-11-04 18:26:21.460 [warning] [Git][revParse] Unable to read file: ENOENT: no such file or directory, open '/home/olga/.git/refs/remotes/origin/main'
2024-11-04 18:26:21.463 [info] > git rev-parse refs/remotes/origin/main [3ms]
2024-11-04 18:26:21.477 [info] > git for-each-ref --sort -committerdate --format %(refname) %(objectname) %(*objectname) [3ms]
2024-11-04 18:26:22.973 [info] > git status -z -uall [1506ms]
2024-11-04 18:26:28.021 [info] > git config --get commit.template [9ms]
2024-11-04 18:26:28.023 [info] > git for-each-ref --format=%(refname)%00%(upstream:short)%00%(objectname)%00%(upstream:track)%00%(upstream:remotename)%00%(upstream:remoteref) refs/heads/main refs/remotes/main [4ms]
2024-11-04 18:26:28.028 [warning] [Git][revParse] Unable to read file: ENOENT: no such file or directory, open '/home/olga/.git/refs/remotes/origin/main'
2024-11-04 18:26:28.029 [info] > git rev-parse refs/remotes/origin/main [1ms]
2024-11-04 18:26:28.040 [info] > git for-each-ref --sort -committerdate --format %(refname) %(objectname) %(*objectname) [3ms]
2024-11-04 18:26:29.536 [info] > git status -z -uall [1504ms]
2024-11-04 18:26:34.584 [info] > git config --get commit.template [18ms]
2024-11-04 18:26:34.588 [info] > git for-each-ref --format=%(refname)%00%(upstream:short)%00%(objectname)%00%(upstream:track)%00%(upstream:remotename)%00%(upstream:remoteref) refs/heads/main refs/remotes/main [7ms]
2024-11-04 18:26:34.594 [warning] [Git][revParse] Unable to read file: ENOENT: no such file or directory, open '/home/olga/.git/refs/remotes/origin/main'
2024-11-04 18:26:34.596 [info] > git rev-parse refs/remotes/origin/main [3ms]
2024-11-04 18:26:34.608 [info] > git for-each-ref --sort -committerdate --format %(refname) %(objectname) %(*objectname) [4ms]
2024-11-04 18:26:36.091 [info] > git status -z -uall [1491ms]
2024-11-04 18:26:41.150 [info] > git config --get commit.template [15ms]
2024-11-04 18:26:41.154 [info] > git for-each-ref --format=%(refname)%00%(upstream:short)%00%(objectname)%00%(upstream:track)%00%(upstream:remotename)%00%(upstream:remoteref) refs/heads/main refs/remotes/main [5ms]
2024-11-04 18:26:41.159 [warning] [Git][revParse] Unable to read file: ENOENT: no such file or directory, open '/home/olga/.git/refs/remotes/origin/main'
2024-11-04 18:26:41.161 [info] > git rev-parse refs/remotes/origin/main [2ms]
2024-11-04 18:26:41.174 [info] > git for-each-ref --sort -committerdate --format %(refname) %(objectname) %(*objectname) [3ms]
2024-11-04 18:26:42.710 [info] > git status -z -uall [1544ms]
2024-11-04 18:26:47.759 [info] > git config --get commit.template [17ms]
2024-11-04 18:26:47.772 [info] > git for-each-ref --format=%(refname)%00%(upstream:short)%00%(objectname)%00%(upstream:track)%00%(upstream:remotename)%00%(upstream:remoteref) refs/heads/main refs/remotes/main [15ms]
2024-11-04 18:26:47.781 [warning] [Git][revParse] Unable to read file: ENOENT: no such file or directory, open '/home/olga/.git/refs/remotes/origin/main'
2024-11-04 18:26:47.786 [info] > git rev-parse refs/remotes/origin/main [4ms]
2024-11-04 18:26:47.804 [info] > git for-each-ref --sort -committerdate --format %(refname) %(objectname) %(*objectname) [6ms]
2024-11-04 18:26:49.306 [info] > git status -z -uall [1514ms]
2024-11-04 18:26:54.361 [info] > git config --get commit.template [21ms]
2024-11-04 18:26:54.370 [info] > git for-each-ref --format=%(refname)%00%(upstream:short)%00%(objectname)%00%(upstream:track)%00%(upstream:remotename)%00%(upstream:remoteref) refs/heads/main refs/remotes/main [10ms]
2024-11-04 18:26:54.376 [warning] [Git][revParse] Unable to read file: ENOENT: no such file or directory, open '/home/olga/.git/refs/remotes/origin/main'
2024-11-04 18:26:54.378 [info] > git rev-parse refs/remotes/origin/main [2ms]
2024-11-04 18:26:54.394 [info] > git for-each-ref --sort -committerdate --format %(refname) %(objectname) %(*objectname) [4ms]
2024-11-04 18:26:55.882 [info] > git status -z -uall [1498ms]
2024-11-04 18:27:00.964 [info] > git config --get commit.template [18ms]
2024-11-04 18:27:00.973 [info] > git for-each-ref --format=%(refname)%00%(upstream:short)%00%(objectname)%00%(upstream:track)%00%(upstream:remotename)%00%(upstream:remoteref) refs/heads/main refs/remotes/main [12ms]
2024-11-04 18:27:00.984 [warning] [Git][revParse] Unable to read file: ENOENT: no such file or directory, open '/home/olga/.git/refs/remotes/origin/main'
2024-11-04 18:27:00.991 [info] > git rev-parse refs/remotes/origin/main [6ms]
2024-11-04 18:27:01.014 [info] > git for-each-ref --sort -committerdate --format %(refname) %(objectname) %(*objectname) [4ms]
2024-11-04 18:27:02.593 [info] > git status -z -uall [1591ms]
2024-11-04 18:27:07.643 [info] > git config --get commit.template [15ms]
2024-11-04 18:27:07.648 [info] > git for-each-ref --format=%(refname)%00%(upstream:short)%00%(objectname)%00%(upstream:track)%00%(upstream:remotename)%00%(upstream:remoteref) refs/heads/main refs/remotes/main [8ms]
2024-11-04 18:27:07.655 [warning] [Git][revParse] Unable to read file: ENOENT: no such file or directory, open '/home/olga/.git/refs/remotes/origin/main'
2024-11-04 18:27:07.674 [info] > git rev-parse refs/remotes/origin/main [19ms]
2024-11-04 18:27:07.703 [info] > git for-each-ref --sort -committerdate --format %(refname) %(objectname) %(*objectname) [1ms]
2024-11-04 18:27:09.240 [info] > git status -z -uall [1561ms]
2024-11-04 18:27:14.271 [info] > git config --get commit.template [6ms]
2024-11-04 18:27:14.273 [info] > git for-each-ref --format=%(refname)%00%(upstream:short)%00%(objectname)%00%(upstream:track)%00%(upstream:remotename)%00%(upstream:remoteref) refs/heads/main refs/remotes/main [3ms]
2024-11-04 18:27:14.276 [warning] [Git][revParse] Unable to read file: ENOENT: no such file or directory, open '/home/olga/.git/refs/remotes/origin/main'
2024-11-04 18:27:14.278 [info] > git rev-parse refs/remotes/origin/main [2ms]
2024-11-04 18:27:14.289 [info] > git for-each-ref --sort -committerdate --format %(refname) %(objectname) %(*objectname) [4ms]
2024-11-04 18:27:15.811 [info] > git status -z -uall [1530ms]
2024-11-04 18:27:20.860 [info] > git config --get commit.template [14ms]
2024-11-04 18:27:20.863 [info] > git for-each-ref --format=%(refname)%00%(upstream:short)%00%(objectname)%00%(upstream:track)%00%(upstream:remotename)%00%(upstream:remoteref) refs/heads/main refs/remotes/main [5ms]
2024-11-04 18:27:20.867 [warning] [Git][revParse] Unable to read file: ENOENT: no such file or directory, open '/home/olga/.git/refs/remotes/origin/main'
2024-11-04 18:27:20.869 [info] > git rev-parse refs/remotes/origin/main [2ms]
2024-11-04 18:27:20.880 [info] > git for-each-ref --sort -committerdate --format %(refname) %(objectname) %(*objectname) [3ms]
2024-11-04 18:27:22.395 [info] > git status -z -uall [1522ms]
2024-11-04 18:27:27.438 [info] > git config --get commit.template [11ms]
2024-11-04 18:27:27.443 [info] > git for-each-ref --format=%(refname)%00%(upstream:short)%00%(objectname)%00%(upstream:track)%00%(upstream:remotename)%00%(upstream:remoteref) refs/heads/main refs/remotes/main [7ms]
2024-11-04 18:27:27.448 [warning] [Git][revParse] Unable to read file: ENOENT: no such file or directory, open '/home/olga/.git/refs/remotes/origin/main'
2024-11-04 18:27:27.450 [info] > git rev-parse refs/remotes/origin/main [2ms]
2024-11-04 18:27:27.464 [info] > git for-each-ref --sort -committerdate --format %(refname) %(objectname) %(*objectname) [3ms]
2024-11-04 18:27:28.967 [info] > git status -z -uall [1512ms]
2024-11-04 18:27:34.016 [info] > git config --get commit.template [11ms]
2024-11-04 18:27:34.019 [info] > git for-each-ref --format=%(refname)%00%(upstream:short)%00%(objectname)%00%(upstream:track)%00%(upstream:remotename)%00%(upstream:remoteref) refs/heads/main refs/remotes/main [3ms]
2024-11-04 18:27:34.023 [warning] [Git][revParse] Unable to read file: ENOENT: no such file or directory, open '/home/olga/.git/refs/remotes/origin/main'
2024-11-04 18:27:34.024 [info] > git rev-parse refs/remotes/origin/main [1ms]
2024-11-04 18:27:34.036 [info] > git for-each-ref --sort -committerdate --format %(refname) %(objectname) %(*objectname) [3ms]
2024-11-04 18:27:35.519 [info] > git status -z -uall [1490ms]
2024-11-04 18:27:40.577 [info] > git config --get commit.template [18ms]
2024-11-04 18:27:40.582 [info] > git for-each-ref --format=%(refname)%00%(upstream:short)%00%(objectname)%00%(upstream:track)%00%(upstream:remotename)%00%(upstream:remoteref) refs/heads/main refs/remotes/main [6ms]
2024-11-04 18:27:40.587 [warning] [Git][revParse] Unable to read file: ENOENT: no such file or directory, open '/home/olga/.git/refs/remotes/origin/main'
2024-11-04 18:27:40.589 [info] > git rev-parse refs/remotes/origin/main [2ms]
2024-11-04 18:27:40.603 [info] > git for-each-ref --sort -committerdate --format %(refname) %(objectname) %(*objectname) [5ms]
2024-11-04 18:27:42.128 [info] > git status -z -uall [1536ms]
2024-11-04 18:27:47.187 [info] > git config --get commit.template [20ms]
2024-11-04 18:27:47.191 [info] > git for-each-ref --format=%(refname)%00%(upstream:short)%00%(objectname)%00%(upstream:track)%00%(upstream:remotename)%00%(upstream:remoteref) refs/heads/main refs/remotes/main [8ms]
2024-11-04 18:27:47.199 [warning] [Git][revParse] Unable to read file: ENOENT: no such file or directory, open '/home/olga/.git/refs/remotes/origin/main'
2024-11-04 18:27:47.203 [info] > git rev-parse refs/remotes/origin/main [3ms]
2024-11-04 18:27:47.224 [info] > git for-each-ref --sort -committerdate --format %(refname) %(objectname) %(*objectname) [8ms]
2024-11-04 18:27:48.759 [info] > git status -z -uall [1550ms]
2024-11-04 18:27:53.823 [info] > git config --get commit.template [24ms]
2024-11-04 18:27:53.828 [info] > git for-each-ref --format=%(refname)%00%(upstream:short)%00%(objectname)%00%(upstream:track)%00%(upstream:remotename)%00%(upstream:remoteref) refs/heads/main refs/remotes/main [8ms]
2024-11-04 18:27:53.840 [warning] [Git][revParse] Unable to read file: ENOENT: no such file or directory, open '/home/olga/.git/refs/remotes/origin/main'
2024-11-04 18:27:53.844 [info] > git rev-parse refs/remotes/origin/main [5ms]
2024-11-04 18:27:53.858 [info] > git for-each-ref --sort -committerdate --format %(refname) %(objectname) %(*objectname) [4ms]
2024-11-04 18:27:55.349 [info] > git status -z -uall [1499ms]
2024-11-04 18:28:00.396 [info] > git config --get commit.template [11ms]
2024-11-04 18:28:00.398 [info] > git for-each-ref --format=%(refname)%00%(upstream:short)%00%(objectname)%00%(upstream:track)%00%(upstream:remotename)%00%(upstream:remoteref) refs/heads/main refs/remotes/main [4ms]
2024-11-04 18:28:00.405 [warning] [Git][revParse] Unable to read file: ENOENT: no such file or directory, open '/home/olga/.git/refs/remotes/origin/main'
2024-11-04 18:28:00.406 [info] > git rev-parse refs/remotes/origin/main [2ms]
2024-11-04 18:28:00.417 [info] > git for-each-ref --sort -committerdate --format %(refname) %(objectname) %(*objectname) [4ms]
2024-11-04 18:28:02.063 [info] > git status -z -uall [1652ms]
2024-11-04 18:28:07.119 [info] > git config --get commit.template [20ms]
2024-11-04 18:28:07.124 [info] > git for-each-ref --format=%(refname)%00%(upstream:short)%00%(objectname)%00%(upstream:track)%00%(upstream:remotename)%00%(upstream:remoteref) refs/heads/main refs/remotes/main [7ms]
2024-11-04 18:28:07.131 [warning] [Git][revParse] Unable to read file: ENOENT: no such file or directory, open '/home/olga/.git/refs/remotes/origin/main'
2024-11-04 18:28:07.133 [info] > git rev-parse refs/remotes/origin/main [3ms]
2024-11-04 18:28:07.148 [info] > git for-each-ref --sort -committerdate --format %(refname) %(objectname) %(*objectname) [4ms]
2024-11-04 18:28:08.711 [info] > git status -z -uall [1572ms]
2024-11-04 18:28:13.743 [info] > git config --get commit.template [8ms]
2024-11-04 18:28:13.749 [info] > git for-each-ref --format=%(refname)%00%(upstream:short)%00%(objectname)%00%(upstream:track)%00%(upstream:remotename)%00%(upstream:remoteref) refs/heads/main refs/remotes/main [6ms]
2024-11-04 18:28:13.753 [warning] [Git][revParse] Unable to read file: ENOENT: no such file or directory, open '/home/olga/.git/refs/remotes/origin/main'
2024-11-04 18:28:13.758 [info] > git rev-parse refs/remotes/origin/main [5ms]
2024-11-04 18:28:13.775 [info] > git for-each-ref --sort -committerdate --format %(refname) %(objectname) %(*objectname) [4ms]
2024-11-04 18:28:15.432 [info] > git status -z -uall [1668ms]
2024-11-04 18:28:20.477 [info] > git config --get commit.template [12ms]
2024-11-04 18:28:20.481 [info] > git for-each-ref --format=%(refname)%00%(upstream:short)%00%(objectname)%00%(upstream:track)%00%(upstream:remotename)%00%(upstream:remoteref) refs/heads/main refs/remotes/main [6ms]
2024-11-04 18:28:20.487 [warning] [Git][revParse] Unable to read file: ENOENT: no such file or directory, open '/home/olga/.git/refs/remotes/origin/main'
2024-11-04 18:28:20.488 [info] > git rev-parse refs/remotes/origin/main [2ms]
2024-11-04 18:28:20.508 [info] > git for-each-ref --sort -committerdate --format %(refname) %(objectname) %(*objectname) [10ms]
2024-11-04 18:28:22.109 [info] > git status -z -uall [1616ms]
2024-11-04 18:28:27.136 [info] > git config --get commit.template [2ms]
2024-11-04 18:28:27.145 [info] > git for-each-ref --format=%(refname)%00%(upstream:short)%00%(objectname)%00%(upstream:track)%00%(upstream:remotename)%00%(upstream:remoteref) refs/heads/main refs/remotes/main [4ms]
2024-11-04 18:28:27.148 [warning] [Git][revParse] Unable to read file: ENOENT: no such file or directory, open '/home/olga/.git/refs/remotes/origin/main'
2024-11-04 18:28:27.150 [info] > git rev-parse refs/remotes/origin/main [2ms]
2024-11-04 18:28:27.164 [info] > git for-each-ref --sort -committerdate --format %(refname) %(objectname) %(*objectname) [5ms]
2024-11-04 18:28:28.651 [info] > git status -z -uall [1498ms]
2024-11-04 18:28:33.702 [info] > git config --get commit.template [15ms]
2024-11-04 18:28:33.706 [info] > git for-each-ref --format=%(refname)%00%(upstream:short)%00%(objectname)%00%(upstream:track)%00%(upstream:remotename)%00%(upstream:remoteref) refs/heads/main refs/remotes/main [6ms]
2024-11-04 18:28:33.713 [warning] [Git][revParse] Unable to read file: ENOENT: no such file or directory, open '/home/olga/.git/refs/remotes/origin/main'
2024-11-04 18:28:33.715 [info] > git rev-parse refs/remotes/origin/main [2ms]
2024-11-04 18:28:33.730 [info] > git for-each-ref --sort -committerdate --format %(refname) %(objectname) %(*objectname) [5ms]
2024-11-04 18:28:35.213 [info] > git status -z -uall [1493ms]
2024-11-04 18:28:40.261 [info] > git config --get commit.template [12ms]
2024-11-04 18:28:40.265 [info] > git for-each-ref --format=%(refname)%00%(upstream:short)%00%(objectname)%00%(upstream:track)%00%(upstream:remotename)%00%(upstream:remoteref) refs/heads/main refs/remotes/main [6ms]
2024-11-04 18:28:40.269 [warning] [Git][revParse] Unable to read file: ENOENT: no such file or directory, open '/home/olga/.git/refs/remotes/origin/main'
2024-11-04 18:28:40.271 [info] > git rev-parse refs/remotes/origin/main [2ms]
2024-11-04 18:28:40.283 [info] > git for-each-ref --sort -committerdate --format %(refname) %(objectname) %(*objectname) [3ms]
2024-11-04 18:28:41.858 [info] > git status -z -uall [1583ms]
2024-11-04 18:28:46.909 [info] > git config --get commit.template [19ms]
2024-11-04 18:28:46.920 [info] > git for-each-ref --format=%(refname)%00%(upstream:short)%00%(objectname)%00%(upstream:track)%00%(upstream:remotename)%00%(upstream:remoteref) refs/heads/main refs/remotes/main [14ms]
2024-11-04 18:28:46.927 [warning] [Git][revParse] Unable to read file: ENOENT: no such file or directory, open '/home/olga/.git/refs/remotes/origin/main'
2024-11-04 18:28:46.930 [info] > git rev-parse refs/remotes/origin/main [2ms]
2024-11-04 18:28:46.943 [info] > git for-each-ref --sort -committerdate --format %(refname) %(objectname) %(*objectname) [4ms]
2024-11-04 18:28:48.454 [info] > git status -z -uall [1520ms]
2024-11-04 18:28:53.491 [info] > git config --get commit.template [7ms]
2024-11-04 18:28:53.494 [info] > git for-each-ref --format=%(refname)%00%(upstream:short)%00%(objectname)%00%(upstream:track)%00%(upstream:remotename)%00%(upstream:remoteref) refs/heads/main refs/remotes/main [4ms]
2024-11-04 18:28:53.498 [warning] [Git][revParse] Unable to read file: ENOENT: no such file or directory, open '/home/olga/.git/refs/remotes/origin/main'
2024-11-04 18:28:53.500 [info] > git rev-parse refs/remotes/origin/main [2ms]
2024-11-04 18:28:53.511 [info] > git for-each-ref --sort -committerdate --format %(refname) %(objectname) %(*objectname) [3ms]
2024-11-04 18:28:55.467 [info] > git status -z -uall [1964ms]
2024-11-04 18:42:37.597 [info] > git config --get commit.template [18ms]
2024-11-04 18:42:37.599 [info] > git for-each-ref --format=%(refname)%00%(upstream:short)%00%(objectname)%00%(upstream:track)%00%(upstream:remotename)%00%(upstream:remoteref) refs/heads/main refs/remotes/main [4ms]
2024-11-04 18:42:37.603 [warning] [Git][revParse] Unable to read file: ENOENT: no such file or directory, open '/home/olga/.git/refs/remotes/origin/main'
2024-11-04 18:42:37.606 [info] > git rev-parse refs/remotes/origin/main [2ms]
2024-11-04 18:42:37.628 [info] > git for-each-ref --sort -committerdate --format %(refname) %(objectname) %(*objectname) [8ms]
2024-11-04 18:42:39.241 [info] > git status -z -uall [1627ms]
2024-11-04 18:42:44.305 [info] > git config --get commit.template [12ms]
2024-11-04 18:42:44.310 [info] > git for-each-ref --format=%(refname)%00%(upstream:short)%00%(objectname)%00%(upstream:track)%00%(upstream:remotename)%00%(upstream:remoteref) refs/heads/main refs/remotes/main [7ms]
2024-11-04 18:42:44.317 [warning] [Git][revParse] Unable to read file: ENOENT: no such file or directory, open '/home/olga/.git/refs/remotes/origin/main'
2024-11-04 18:42:44.319 [info] > git rev-parse refs/remotes/origin/main [2ms]
2024-11-04 18:42:44.334 [info] > git for-each-ref --sort -committerdate --format %(refname) %(objectname) %(*objectname) [4ms]
2024-11-04 18:42:45.965 [info] > git status -z -uall [1642ms]
2024-11-04 18:42:50.993 [info] > git config --get commit.template [6ms]
2024-11-04 18:42:50.995 [info] > git for-each-ref --format=%(refname)%00%(upstream:short)%00%(objectname)%00%(upstream:track)%00%(upstream:remotename)%00%(upstream:remoteref) refs/heads/main refs/remotes/main [3ms]
2024-11-04 18:42:50.998 [warning] [Git][revParse] Unable to read file: ENOENT: no such file or directory, open '/home/olga/.git/refs/remotes/origin/main'
2024-11-04 18:42:50.999 [info] > git rev-parse refs/remotes/origin/main [1ms]
2024-11-04 18:42:51.011 [info] > git for-each-ref --sort -committerdate --format %(refname) %(objectname) %(*objectname) [1ms]
2024-11-04 18:42:52.533 [info] > git status -z -uall [1531ms]
2024-11-04 18:43:18.538 [info] > git config --get commit.template [21ms]
2024-11-04 18:43:18.538 [info] > git for-each-ref --format=%(refname)%00%(upstream:short)%00%(objectname)%00%(upstream:track)%00%(upstream:remotename)%00%(upstream:remoteref) refs/heads/main refs/remotes/main [13ms]
2024-11-04 18:43:18.562 [warning] [Git][revParse] Unable to read file: ENOENT: no such file or directory, open '/home/olga/.git/refs/remotes/origin/main'
2024-11-04 18:43:18.564 [info] > git rev-parse refs/remotes/origin/main [3ms]
2024-11-04 18:43:18.585 [info] > git for-each-ref --sort -committerdate --format %(refname) %(objectname) %(*objectname) [2ms]
2024-11-04 18:43:20.166 [info] > git status -z -uall [1593ms]
2024-11-04 18:44:16.537 [info] > git config --get commit.template [9ms]
2024-11-04 18:44:16.538 [info] > git for-each-ref --format=%(refname)%00%(upstream:short)%00%(objectname)%00%(upstream:track)%00%(upstream:remotename)%00%(upstream:remoteref) refs/heads/main refs/remotes/main [4ms]
2024-11-04 18:44:16.549 [warning] [Git][revParse] Unable to read file: ENOENT: no such file or directory, open '/home/olga/.git/refs/remotes/origin/main'
2024-11-04 18:44:16.550 [info] > git rev-parse refs/remotes/origin/main [2ms]
2024-11-04 18:44:16.578 [info] > git for-each-ref --sort -committerdate --format %(refname) %(objectname) %(*objectname) [3ms]
2024-11-04 18:44:18.199 [info] > git status -z -uall [1643ms]
2024-11-04 18:44:25.862 [info] > git config --get commit.template [10ms]
2024-11-04 18:44:25.871 [info] > git for-each-ref --format=%(refname)%00%(upstream:short)%00%(objectname)%00%(upstream:track)%00%(upstream:remotename)%00%(upstream:remoteref) refs/heads/main refs/remotes/main [10ms]
2024-11-04 18:44:25.875 [warning] [Git][revParse] Unable to read file: ENOENT: no such file or directory, open '/home/olga/.git/refs/remotes/origin/main'
2024-11-04 18:44:25.877 [info] > git rev-parse refs/remotes/origin/main [1ms]
2024-11-04 18:44:25.893 [info] > git for-each-ref --sort -committerdate --format %(refname) %(objectname) %(*objectname) [2ms]
2024-11-04 18:44:27.456 [info] > git status -z -uall [1574ms]
2024-11-04 18:49:09.336 [info] > git config --get commit.template [8ms]
2024-11-04 18:49:09.341 [info] > git for-each-ref --format=%(refname)%00%(upstream:short)%00%(objectname)%00%(upstream:track)%00%(upstream:remotename)%00%(upstream:remoteref) refs/heads/main refs/remotes/main [7ms]
2024-11-04 18:49:09.348 [warning] [Git][revParse] Unable to read file: ENOENT: no such file or directory, open '/home/olga/.git/refs/remotes/origin/main'
2024-11-04 18:49:09.351 [info] > git rev-parse refs/remotes/origin/main [3ms]
2024-11-04 18:49:09.367 [info] > git for-each-ref --sort -committerdate --format %(refname) %(objectname) %(*objectname) [3ms]
2024-11-04 18:49:09.459 [info] > git ls-files --stage -- /home/olga/frontend-project-46/gendiff.js [9ms]
2024-11-04 18:49:09.522 [info] > git show --textconv :frontend-project-46/gendiff.js [8ms]
2024-11-04 18:49:09.565 [info] > git status -z -uall [208ms]
2024-11-04 18:49:09.621 [info] > git merge-base refs/heads/main refs/remotes/origin/main [6ms]
2024-11-04 18:49:09.631 [info] > git diff --name-status -z --diff-filter=ADMR 5cd9030637160ceea4e800aac11068a3cc210de8...refs/remotes/origin/main [4ms]
2024-11-04 18:49:13.101 [info] > git show --textconv :frontend-project-46/.github/workflows/README.md [24ms]
2024-11-04 18:49:13.102 [info] > git ls-files --stage -- /home/olga/frontend-project-46/.github/workflows/README.md [19ms]
2024-11-04 18:49:14.626 [info] > git config --get commit.template [4ms]
2024-11-04 18:49:14.640 [info] > git for-each-ref --format=%(refname)%00%(upstream:short)%00%(objectname)%00%(upstream:track)%00%(upstream:remotename)%00%(upstream:remoteref) refs/heads/main refs/remotes/main [6ms]
2024-11-04 18:49:14.648 [warning] [Git][revParse] Unable to read file: ENOENT: no such file or directory, open '/home/olga/.git/refs/remotes/origin/main'
2024-11-04 18:49:14.651 [info] > git rev-parse refs/remotes/origin/main [3ms]
2024-11-04 18:49:14.669 [info] > git for-each-ref --sort -committerdate --format %(refname) %(objectname) %(*objectname) [3ms]
2024-11-04 18:49:14.865 [info] > git show --textconv :frontend-project-46/gendiff.js [73ms]
2024-11-04 18:49:14.866 [info] > git ls-files --stage -- /home/olga/frontend-project-46/gendiff.js [69ms]
2024-11-04 18:49:14.965 [info] > git status -z -uall [307ms]
2024-11-04 18:49:18.787 [info] > git log --format=%H%n%aN%n%aE%n%at%n%ct%n%P%n%D%n%B -z --shortstat --diff-merges=first-parent -n50 --skip=0 --topo-order --decorate=full --stdin [9138ms]
2024-11-04 18:49:18.787 [info] warning: exhaustive rename detection was skipped due to too many files.
warning: you may want to set your diff.renameLimit variable to at least 4655 and retry the command.
2024-11-04 18:49:19.997 [info] > git config --get commit.template [15ms]
2024-11-04 18:49:20.003 [info] > git for-each-ref --format=%(refname)%00%(upstream:short)%00%(objectname)%00%(upstream:track)%00%(upstream:remotename)%00%(upstream:remoteref) refs/heads/main refs/remotes/main [9ms]
2024-11-04 18:49:20.012 [warning] [Git][revParse] Unable to read file: ENOENT: no such file or directory, open '/home/olga/.git/refs/remotes/origin/main'
2024-11-04 18:49:20.016 [info] > git rev-parse refs/remotes/origin/main [4ms]
2024-11-04 18:49:20.033 [info] > git for-each-ref --sort -committerdate --format %(refname) %(objectname) %(*objectname) [4ms]
2024-11-04 18:49:20.134 [info] > git status -z -uall [111ms]
2024-11-04 18:49:25.150 [info] > git config --get commit.template [7ms]
2024-11-04 18:49:25.153 [info] > git for-each-ref --format=%(refname)%00%(upstream:short)%00%(objectname)%00%(upstream:track)%00%(upstream:remotename)%00%(upstream:remoteref) refs/heads/main refs/remotes/main [4ms]
2024-11-04 18:49:25.156 [warning] [Git][revParse] Unable to read file: ENOENT: no such file or directory, open '/home/olga/.git/refs/remotes/origin/main'
2024-11-04 18:49:25.158 [info] > git rev-parse refs/remotes/origin/main [2ms]
2024-11-04 18:49:25.169 [info] > git for-each-ref --sort -committerdate --format %(refname) %(objectname) %(*objectname) [3ms]
2024-11-04 18:49:25.270 [info] > git status -z -uall [109ms]
2024-11-04 18:50:38.977 [info] > git check-ignore -v -z --stdin [6ms]
2024-11-04 18:52:11.350 [info] > git config --get commit.template [12ms]
2024-11-04 18:52:11.351 [info] > git for-each-ref --format=%(refname)%00%(upstream:short)%00%(objectname)%00%(upstream:track)%00%(upstream:remotename)%00%(upstream:remoteref) refs/heads/main refs/remotes/main [7ms]
2024-11-04 18:52:11.358 [warning] [Git][revParse] Unable to read file: ENOENT: no such file or directory, open '/home/olga/.git/refs/remotes/origin/main'
2024-11-04 18:52:11.365 [info] > git rev-parse refs/remotes/origin/main [7ms]
2024-11-04 18:52:11.382 [info] > git for-each-ref --sort -committerdate --format %(refname) %(objectname) %(*objectname) [3ms]
2024-11-04 18:52:11.512 [info] > git status -z -uall [143ms]
2024-11-08 17:02:40.237 [info] > git config --get commit.template [18ms]
2024-11-08 17:02:40.263 [info] > git for-each-ref --format=%(refname)%00%(upstream:short)%00%(objectname)%00%(upstream:track)%00%(upstream:remotename)%00%(upstream:remoteref) refs/heads/main refs/remotes/main [35ms]
2024-11-08 17:02:40.267 [warning] [Git][revParse] Unable to read file: ENOENT: no such file or directory, open '/home/olga/.git/refs/remotes/origin/main'
2024-11-08 17:02:40.269 [info] > git rev-parse refs/remotes/origin/main [2ms]
2024-11-08 17:02:40.287 [info] > git for-each-ref --sort -committerdate --format %(refname) %(objectname) %(*objectname) [4ms]
