Activating GitHub Actions extension...

Cannot fetch github context
Error: Cannot fetch github context
	at vt (/home/olga/.vscode-server/extensions/github.vscode-github-actions-0.27.0/dist/extension-node.js:2:1447918)
	at process.processTicksAndRejections (node:internal/process/task_queues:95:5)
	at async /home/olga/.vscode-server/extensions/github.vscode-github-actions-0.27.0/dist/extension-node.js:2:1629947
	at async Os (/home/olga/.vscode-server/extensions/github.vscode-github-actions-0.27.0/dist/extension-node.js:2:1629019)
	at async K0.n (file:///home/olga/.vscode-server/bin/138f619c86f1199955d53b4166bef66ef252935c/out/vs/workbench/api/node/extensionHostProcess.js:115:4447)
	at async K0.m (file:///home/olga/.vscode-server/bin/138f619c86f1199955d53b4166bef66ef252935c/out/vs/workbench/api/node/extensionHostProcess.js:115:4410)
	at async K0.l (file:///home/olga/.vscode-server/bin/138f619c86f1199955d53b4166bef66ef252935c/out/vs/workbench/api/node/extensionHostProcess.js:115:3866)

Cannot fetch github context
Error: Cannot fetch github context
	at vt (/home/olga/.vscode-server/extensions/github.vscode-github-actions-0.27.0/dist/extension-node.js:2:1447918)
	at process.processTicksAndRejections (node:internal/process/task_queues:95:5)
	at async Bt (/home/olga/.vscode-server/extensions/github.vscode-github-actions-0.27.0/dist/extension-node.js:2:1448248)
	at async Os (/home/olga/.vscode-server/extensions/github.vscode-github-actions-0.27.0/dist/extension-node.js:2:1640706)
	at async K0.n (file:///home/olga/.vscode-server/bin/138f619c86f1199955d53b4166bef66ef252935c/out/vs/workbench/api/node/extensionHostProcess.js:115:4447)
	at async K0.m (file:///home/olga/.vscode-server/bin/138f619c86f1199955d53b4166bef66ef252935c/out/vs/workbench/api/node/extensionHostProcess.js:115:4410)
	at async K0.l (file:///home/olga/.vscode-server/bin/138f619c86f1199955d53b4166bef66ef252935c/out/vs/workbench/api/node/extensionHostProcess.js:115:3866)
...initialized
