2024-12-16 13:27:15.701 [info] Extension host with pid 170534 started
2024-12-16 13:27:15.701 [error] Error: EEXIST: file already exists, open '/home/olga/.vscode-server/data/User/workspaceStorage/0bb3009dac514289d12237e5ad0f5441/vscode.lock'
2024-12-16 13:27:15.701 [info] Lock '/home/olga/.vscode-server/data/User/workspaceStorage/0bb3009dac514289d12237e5ad0f5441/vscode.lock': Could not acquire lock, checking if the file is stale.
2024-12-16 13:27:15.778 [info] Lock '/home/olga/.vscode-server/data/User/workspaceStorage/0bb3009dac514289d12237e5ad0f5441/vscode.lock': The pid 169511 appears to be gone.
2024-12-16 13:27:15.778 [info] Lock '/home/olga/.vscode-server/data/User/workspaceStorage/0bb3009dac514289d12237e5ad0f5441/vscode.lock': Deleting a stale lock.
2024-12-16 13:27:15.908 [info] ExtensionService#_doActivateExtension vscode.emmet, startup: false, activationEvent: 'onLanguage'
2024-12-16 13:27:15.923 [info] ExtensionService#_doActivateExtension vscode.typescript-language-features, startup: false, activationEvent: 'onLanguage:javascript'
2024-12-16 13:27:16.607 [info] Lock '/home/olga/.vscode-server/data/User/workspaceStorage/0bb3009dac514289d12237e5ad0f5441/vscode.lock': Lock acquired.
2024-12-16 13:27:17.071 [info] ExtensionService#_doActivateExtension vscode.git-base, startup: true, activationEvent: '*', root cause: vscode.git
2024-12-16 13:27:17.159 [info] ExtensionService#_doActivateExtension vscode.npm, startup: true, activationEvent: 'workspaceContains:package.json'
2024-12-16 13:27:20.880 [info] ExtensionService#_doActivateExtension vscode.git, startup: true, activationEvent: '*'
2024-12-16 13:27:20.881 [info] ExtensionService#_doActivateExtension vscode.github, startup: true, activationEvent: '*'
2024-12-16 13:27:20.970 [info] ExtensionService#_doActivateExtension github.vscode-github-actions, startup: true, activationEvent: 'workspaceContains:**/.github/workflows/**'
2024-12-16 13:27:24.488 [error] Error: Git error
	at ChildProcess.<anonymous> (/home/olga/.vscode-server/bin/138f619c86f1199955d53b4166bef66ef252935c/extensions/git/dist/main.js:2:1058252)
	at ChildProcess.emit (node:events:530:35)
	at ChildProcess._handle.onexit (node:internal/child_process:293:12)
2024-12-16 13:27:24.488 [error] Error: Git error
	at ChildProcess.<anonymous> (/home/olga/.vscode-server/bin/138f619c86f1199955d53b4166bef66ef252935c/extensions/git/dist/main.js:2:1058252)
	at ChildProcess.emit (node:events:530:35)
	at ChildProcess._handle.onexit (node:internal/child_process:293:12)
2024-12-16 13:27:24.488 [error] Error: Git error
	at ChildProcess.<anonymous> (/home/olga/.vscode-server/bin/138f619c86f1199955d53b4166bef66ef252935c/extensions/git/dist/main.js:2:1058252)
	at ChildProcess.emit (node:events:530:35)
	at ChildProcess._handle.onexit (node:internal/child_process:293:12)
2024-12-16 13:27:24.488 [error] Error: Git error
	at ChildProcess.<anonymous> (/home/olga/.vscode-server/bin/138f619c86f1199955d53b4166bef66ef252935c/extensions/git/dist/main.js:2:1058252)
	at ChildProcess.emit (node:events:530:35)
	at ChildProcess._handle.onexit (node:internal/child_process:293:12)
2024-12-16 13:27:24.488 [error] Error: Git error
	at ChildProcess.<anonymous> (/home/olga/.vscode-server/bin/138f619c86f1199955d53b4166bef66ef252935c/extensions/git/dist/main.js:2:1058252)
	at ChildProcess.emit (node:events:530:35)
	at ChildProcess._handle.onexit (node:internal/child_process:293:12)
2024-12-16 13:27:24.488 [error] Error: Git error
	at ChildProcess.<anonymous> (/home/olga/.vscode-server/bin/138f619c86f1199955d53b4166bef66ef252935c/extensions/git/dist/main.js:2:1058252)
	at ChildProcess.emit (node:events:530:35)
	at ChildProcess._handle.onexit (node:internal/child_process:293:12)
2024-12-16 13:27:24.488 [error] Error: Git error
	at ChildProcess.<anonymous> (/home/olga/.vscode-server/bin/138f619c86f1199955d53b4166bef66ef252935c/extensions/git/dist/main.js:2:1058252)
	at ChildProcess.emit (node:events:530:35)
	at ChildProcess._handle.onexit (node:internal/child_process:293:12)
2024-12-16 13:27:24.488 [error] Error: Git error
	at ChildProcess.<anonymous> (/home/olga/.vscode-server/bin/138f619c86f1199955d53b4166bef66ef252935c/extensions/git/dist/main.js:2:1058252)
	at ChildProcess.emit (node:events:530:35)
	at ChildProcess._handle.onexit (node:internal/child_process:293:12)
2024-12-16 13:27:24.488 [error] Error: Git error
	at ChildProcess.<anonymous> (/home/olga/.vscode-server/bin/138f619c86f1199955d53b4166bef66ef252935c/extensions/git/dist/main.js:2:1058252)
	at ChildProcess.emit (node:events:530:35)
	at ChildProcess._handle.onexit (node:internal/child_process:293:12)
2024-12-16 13:27:24.488 [error] Error: Git error
	at ChildProcess.<anonymous> (/home/olga/.vscode-server/bin/138f619c86f1199955d53b4166bef66ef252935c/extensions/git/dist/main.js:2:1058252)
	at ChildProcess.emit (node:events:530:35)
	at ChildProcess._handle.onexit (node:internal/child_process:293:12)
2024-12-16 13:27:24.488 [error] Error: Git error
	at ChildProcess.<anonymous> (/home/olga/.vscode-server/bin/138f619c86f1199955d53b4166bef66ef252935c/extensions/git/dist/main.js:2:1058252)
	at ChildProcess.emit (node:events:530:35)
	at ChildProcess._handle.onexit (node:internal/child_process:293:12)
2024-12-16 13:27:24.488 [error] Error: Git error
	at ChildProcess.<anonymous> (/home/olga/.vscode-server/bin/138f619c86f1199955d53b4166bef66ef252935c/extensions/git/dist/main.js:2:1058252)
	at ChildProcess.emit (node:events:530:35)
	at ChildProcess._handle.onexit (node:internal/child_process:293:12)
2024-12-16 13:27:24.488 [error] Error: Git error
	at ChildProcess.<anonymous> (/home/olga/.vscode-server/bin/138f619c86f1199955d53b4166bef66ef252935c/extensions/git/dist/main.js:2:1058252)
	at ChildProcess.emit (node:events:530:35)
	at ChildProcess._handle.onexit (node:internal/child_process:293:12)
2024-12-16 13:27:24.488 [error] Error: Git error
	at ChildProcess.<anonymous> (/home/olga/.vscode-server/bin/138f619c86f1199955d53b4166bef66ef252935c/extensions/git/dist/main.js:2:1058252)
	at ChildProcess.emit (node:events:530:35)
	at ChildProcess._handle.onexit (node:internal/child_process:293:12)
2024-12-16 13:27:24.488 [error] Error: Git error
	at ChildProcess.<anonymous> (/home/olga/.vscode-server/bin/138f619c86f1199955d53b4166bef66ef252935c/extensions/git/dist/main.js:2:1058252)
	at ChildProcess.emit (node:events:530:35)
	at ChildProcess._handle.onexit (node:internal/child_process:293:12)
2024-12-16 13:27:24.488 [error] Error: Git error
	at ChildProcess.<anonymous> (/home/olga/.vscode-server/bin/138f619c86f1199955d53b4166bef66ef252935c/extensions/git/dist/main.js:2:1058252)
	at ChildProcess.emit (node:events:530:35)
	at ChildProcess._handle.onexit (node:internal/child_process:293:12)
2024-12-16 13:27:24.488 [error] Error: Git error
	at ChildProcess.<anonymous> (/home/olga/.vscode-server/bin/138f619c86f1199955d53b4166bef66ef252935c/extensions/git/dist/main.js:2:1058252)
	at ChildProcess.emit (node:events:530:35)
	at ChildProcess._handle.onexit (node:internal/child_process:293:12)
2024-12-16 13:27:24.488 [error] Error: Git error
	at ChildProcess.<anonymous> (/home/olga/.vscode-server/bin/138f619c86f1199955d53b4166bef66ef252935c/extensions/git/dist/main.js:2:1058252)
	at ChildProcess.emit (node:events:530:35)
	at ChildProcess._handle.onexit (node:internal/child_process:293:12)
2024-12-16 13:27:24.488 [error] Error: Git error
	at ChildProcess.<anonymous> (/home/olga/.vscode-server/bin/138f619c86f1199955d53b4166bef66ef252935c/extensions/git/dist/main.js:2:1058252)
	at ChildProcess.emit (node:events:530:35)
	at ChildProcess._handle.onexit (node:internal/child_process:293:12)
2024-12-16 13:27:24.489 [error] Error: Git error
	at ChildProcess.<anonymous> (/home/olga/.vscode-server/bin/138f619c86f1199955d53b4166bef66ef252935c/extensions/git/dist/main.js:2:1058252)
	at ChildProcess.emit (node:events:530:35)
	at ChildProcess._handle.onexit (node:internal/child_process:293:12)
2024-12-16 13:27:24.489 [error] Error: Git error
	at ChildProcess.<anonymous> (/home/olga/.vscode-server/bin/138f619c86f1199955d53b4166bef66ef252935c/extensions/git/dist/main.js:2:1058252)
	at ChildProcess.emit (node:events:530:35)
	at ChildProcess._handle.onexit (node:internal/child_process:293:12)
2024-12-16 13:27:24.489 [error] Error: Git error
	at ChildProcess.<anonymous> (/home/olga/.vscode-server/bin/138f619c86f1199955d53b4166bef66ef252935c/extensions/git/dist/main.js:2:1058252)
	at ChildProcess.emit (node:events:530:35)
	at ChildProcess._handle.onexit (node:internal/child_process:293:12)
2024-12-16 13:27:24.489 [error] Error: Git error
	at ChildProcess.<anonymous> (/home/olga/.vscode-server/bin/138f619c86f1199955d53b4166bef66ef252935c/extensions/git/dist/main.js:2:1058252)
	at ChildProcess.emit (node:events:530:35)
	at ChildProcess._handle.onexit (node:internal/child_process:293:12)
2024-12-16 13:27:24.489 [error] Error: Git error
	at ChildProcess.<anonymous> (/home/olga/.vscode-server/bin/138f619c86f1199955d53b4166bef66ef252935c/extensions/git/dist/main.js:2:1058252)
	at ChildProcess.emit (node:events:530:35)
	at ChildProcess._handle.onexit (node:internal/child_process:293:12)
2024-12-16 13:27:24.489 [error] Error: Git error
	at ChildProcess.<anonymous> (/home/olga/.vscode-server/bin/138f619c86f1199955d53b4166bef66ef252935c/extensions/git/dist/main.js:2:1058252)
	at ChildProcess.emit (node:events:530:35)
	at ChildProcess._handle.onexit (node:internal/child_process:293:12)
2024-12-16 13:27:24.489 [error] Error: Git error
	at ChildProcess.<anonymous> (/home/olga/.vscode-server/bin/138f619c86f1199955d53b4166bef66ef252935c/extensions/git/dist/main.js:2:1058252)
	at ChildProcess.emit (node:events:530:35)
	at ChildProcess._handle.onexit (node:internal/child_process:293:12)
2024-12-16 13:27:24.489 [error] Error: Git error
	at ChildProcess.<anonymous> (/home/olga/.vscode-server/bin/138f619c86f1199955d53b4166bef66ef252935c/extensions/git/dist/main.js:2:1058252)
	at ChildProcess.emit (node:events:530:35)
	at ChildProcess._handle.onexit (node:internal/child_process:293:12)
2024-12-16 13:27:24.489 [error] Error: Git error
	at ChildProcess.<anonymous> (/home/olga/.vscode-server/bin/138f619c86f1199955d53b4166bef66ef252935c/extensions/git/dist/main.js:2:1058252)
	at ChildProcess.emit (node:events:530:35)
	at ChildProcess._handle.onexit (node:internal/child_process:293:12)
2024-12-16 13:27:24.489 [error] Error: Git error
	at ChildProcess.<anonymous> (/home/olga/.vscode-server/bin/138f619c86f1199955d53b4166bef66ef252935c/extensions/git/dist/main.js:2:1058252)
	at ChildProcess.emit (node:events:530:35)
	at ChildProcess._handle.onexit (node:internal/child_process:293:12)
2024-12-16 13:27:24.489 [error] Error: Git error
	at ChildProcess.<anonymous> (/home/olga/.vscode-server/bin/138f619c86f1199955d53b4166bef66ef252935c/extensions/git/dist/main.js:2:1058252)
	at ChildProcess.emit (node:events:530:35)
	at ChildProcess._handle.onexit (node:internal/child_process:293:12)
2024-12-16 13:27:24.489 [error] Error: Git error
	at ChildProcess.<anonymous> (/home/olga/.vscode-server/bin/138f619c86f1199955d53b4166bef66ef252935c/extensions/git/dist/main.js:2:1058252)
	at ChildProcess.emit (node:events:530:35)
	at ChildProcess._handle.onexit (node:internal/child_process:293:12)
2024-12-16 13:27:24.489 [error] Error: Git error
	at ChildProcess.<anonymous> (/home/olga/.vscode-server/bin/138f619c86f1199955d53b4166bef66ef252935c/extensions/git/dist/main.js:2:1058252)
	at ChildProcess.emit (node:events:530:35)
	at ChildProcess._handle.onexit (node:internal/child_process:293:12)
2024-12-16 13:27:24.489 [error] Error: Git error
	at ChildProcess.<anonymous> (/home/olga/.vscode-server/bin/138f619c86f1199955d53b4166bef66ef252935c/extensions/git/dist/main.js:2:1058252)
	at ChildProcess.emit (node:events:530:35)
	at ChildProcess._handle.onexit (node:internal/child_process:293:12)
2024-12-16 13:27:24.489 [error] Error: Git error
	at ChildProcess.<anonymous> (/home/olga/.vscode-server/bin/138f619c86f1199955d53b4166bef66ef252935c/extensions/git/dist/main.js:2:1058252)
	at ChildProcess.emit (node:events:530:35)
	at ChildProcess._handle.onexit (node:internal/child_process:293:12)
2024-12-16 13:27:24.489 [error] Error: Git error
	at ChildProcess.<anonymous> (/home/olga/.vscode-server/bin/138f619c86f1199955d53b4166bef66ef252935c/extensions/git/dist/main.js:2:1058252)
	at ChildProcess.emit (node:events:530:35)
	at ChildProcess._handle.onexit (node:internal/child_process:293:12)
2024-12-16 13:27:24.489 [error] Error: Git error
	at ChildProcess.<anonymous> (/home/olga/.vscode-server/bin/138f619c86f1199955d53b4166bef66ef252935c/extensions/git/dist/main.js:2:1058252)
	at ChildProcess.emit (node:events:530:35)
	at ChildProcess._handle.onexit (node:internal/child_process:293:12)
2024-12-16 13:27:24.489 [error] Error: Git error
	at ChildProcess.<anonymous> (/home/olga/.vscode-server/bin/138f619c86f1199955d53b4166bef66ef252935c/extensions/git/dist/main.js:2:1058252)
	at ChildProcess.emit (node:events:530:35)
	at ChildProcess._handle.onexit (node:internal/child_process:293:12)
2024-12-16 13:27:24.489 [error] Error: Git error
	at ChildProcess.<anonymous> (/home/olga/.vscode-server/bin/138f619c86f1199955d53b4166bef66ef252935c/extensions/git/dist/main.js:2:1058252)
	at ChildProcess.emit (node:events:530:35)
	at ChildProcess._handle.onexit (node:internal/child_process:293:12)
2024-12-16 13:27:24.489 [error] Error: Git error
	at ChildProcess.<anonymous> (/home/olga/.vscode-server/bin/138f619c86f1199955d53b4166bef66ef252935c/extensions/git/dist/main.js:2:1058252)
	at ChildProcess.emit (node:events:530:35)
	at ChildProcess._handle.onexit (node:internal/child_process:293:12)
2024-12-16 13:27:24.489 [error] Error: Git error
	at ChildProcess.<anonymous> (/home/olga/.vscode-server/bin/138f619c86f1199955d53b4166bef66ef252935c/extensions/git/dist/main.js:2:1058252)
	at ChildProcess.emit (node:events:530:35)
	at ChildProcess._handle.onexit (node:internal/child_process:293:12)
2024-12-16 13:27:24.489 [error] Error: Git error
	at ChildProcess.<anonymous> (/home/olga/.vscode-server/bin/138f619c86f1199955d53b4166bef66ef252935c/extensions/git/dist/main.js:2:1058252)
	at ChildProcess.emit (node:events:530:35)
	at ChildProcess._handle.onexit (node:internal/child_process:293:12)
2024-12-16 13:27:24.489 [error] Error: Git error
	at ChildProcess.<anonymous> (/home/olga/.vscode-server/bin/138f619c86f1199955d53b4166bef66ef252935c/extensions/git/dist/main.js:2:1058252)
	at ChildProcess.emit (node:events:530:35)
	at ChildProcess._handle.onexit (node:internal/child_process:293:12)
2024-12-16 13:27:24.489 [error] Error: Git error
	at ChildProcess.<anonymous> (/home/olga/.vscode-server/bin/138f619c86f1199955d53b4166bef66ef252935c/extensions/git/dist/main.js:2:1058252)
	at ChildProcess.emit (node:events:530:35)
	at ChildProcess._handle.onexit (node:internal/child_process:293:12)
2024-12-16 13:27:24.489 [error] Error: Git error
	at ChildProcess.<anonymous> (/home/olga/.vscode-server/bin/138f619c86f1199955d53b4166bef66ef252935c/extensions/git/dist/main.js:2:1058252)
	at ChildProcess.emit (node:events:530:35)
	at ChildProcess._handle.onexit (node:internal/child_process:293:12)
2024-12-16 13:27:24.489 [error] Error: Git error
	at ChildProcess.<anonymous> (/home/olga/.vscode-server/bin/138f619c86f1199955d53b4166bef66ef252935c/extensions/git/dist/main.js:2:1058252)
	at ChildProcess.emit (node:events:530:35)
	at ChildProcess._handle.onexit (node:internal/child_process:293:12)
2024-12-16 13:27:24.489 [error] Error: Git error
	at ChildProcess.<anonymous> (/home/olga/.vscode-server/bin/138f619c86f1199955d53b4166bef66ef252935c/extensions/git/dist/main.js:2:1058252)
	at ChildProcess.emit (node:events:530:35)
	at ChildProcess._handle.onexit (node:internal/child_process:293:12)
2024-12-16 13:27:24.489 [error] Error: Git error
	at ChildProcess.<anonymous> (/home/olga/.vscode-server/bin/138f619c86f1199955d53b4166bef66ef252935c/extensions/git/dist/main.js:2:1058252)
	at ChildProcess.emit (node:events:530:35)
	at ChildProcess._handle.onexit (node:internal/child_process:293:12)
2024-12-16 13:27:24.489 [error] Error: Git error
	at ChildProcess.<anonymous> (/home/olga/.vscode-server/bin/138f619c86f1199955d53b4166bef66ef252935c/extensions/git/dist/main.js:2:1058252)
	at ChildProcess.emit (node:events:530:35)
	at ChildProcess._handle.onexit (node:internal/child_process:293:12)
2024-12-16 13:27:24.489 [error] Error: Git error
	at ChildProcess.<anonymous> (/home/olga/.vscode-server/bin/138f619c86f1199955d53b4166bef66ef252935c/extensions/git/dist/main.js:2:1058252)
	at ChildProcess.emit (node:events:530:35)
	at ChildProcess._handle.onexit (node:internal/child_process:293:12)
2024-12-16 13:27:24.489 [error] Error: Git error
	at ChildProcess.<anonymous> (/home/olga/.vscode-server/bin/138f619c86f1199955d53b4166bef66ef252935c/extensions/git/dist/main.js:2:1058252)
	at ChildProcess.emit (node:events:530:35)
	at ChildProcess._handle.onexit (node:internal/child_process:293:12)
2024-12-16 13:27:24.982 [warning] [Decorations] CAPPING events from decorations provider vscode.git 1779
2024-12-16 13:27:26.608 [info] Eager extensions activated
2024-12-16 13:27:26.609 [info] ExtensionService#_doActivateExtension vscode.debug-auto-launch, startup: false, activationEvent: 'onStartupFinished'
2024-12-16 13:27:26.610 [info] ExtensionService#_doActivateExtension vscode.merge-conflict, startup: false, activationEvent: 'onStartupFinished'
2024-12-16 13:27:26.623 [error] Error: Git error
	at ChildProcess.<anonymous> (/home/olga/.vscode-server/bin/138f619c86f1199955d53b4166bef66ef252935c/extensions/git/dist/main.js:2:1058252)
	at ChildProcess.emit (node:events:530:35)
	at ChildProcess._handle.onexit (node:internal/child_process:293:12)
2024-12-16 13:27:26.655 [error] Error: Git error
	at ChildProcess.<anonymous> (/home/olga/.vscode-server/bin/138f619c86f1199955d53b4166bef66ef252935c/extensions/git/dist/main.js:2:1058252)
	at ChildProcess.emit (node:events:530:35)
	at ChildProcess._handle.onexit (node:internal/child_process:293:12)
2024-12-16 13:27:26.656 [error] Error: Git error
	at ChildProcess.<anonymous> (/home/olga/.vscode-server/bin/138f619c86f1199955d53b4166bef66ef252935c/extensions/git/dist/main.js:2:1058252)
	at ChildProcess.emit (node:events:530:35)
	at ChildProcess._handle.onexit (node:internal/child_process:293:12)
2024-12-16 13:27:26.657 [error] Error: Git error
	at ChildProcess.<anonymous> (/home/olga/.vscode-server/bin/138f619c86f1199955d53b4166bef66ef252935c/extensions/git/dist/main.js:2:1058252)
	at ChildProcess.emit (node:events:530:35)
	at ChildProcess._handle.onexit (node:internal/child_process:293:12)
2024-12-16 13:27:26.658 [error] Error: Git error
	at ChildProcess.<anonymous> (/home/olga/.vscode-server/bin/138f619c86f1199955d53b4166bef66ef252935c/extensions/git/dist/main.js:2:1058252)
	at ChildProcess.emit (node:events:530:35)
	at ChildProcess._handle.onexit (node:internal/child_process:293:12)
2024-12-16 13:27:26.661 [error] Error: Git error
	at ChildProcess.<anonymous> (/home/olga/.vscode-server/bin/138f619c86f1199955d53b4166bef66ef252935c/extensions/git/dist/main.js:2:1058252)
	at ChildProcess.emit (node:events:530:35)
	at ChildProcess._handle.onexit (node:internal/child_process:293:12)
2024-12-16 13:27:26.671 [error] Error: Git error
	at ChildProcess.<anonymous> (/home/olga/.vscode-server/bin/138f619c86f1199955d53b4166bef66ef252935c/extensions/git/dist/main.js:2:1058252)
	at ChildProcess.emit (node:events:530:35)
	at ChildProcess._handle.onexit (node:internal/child_process:293:12)
2024-12-16 13:27:26.673 [error] Error: Git error
	at ChildProcess.<anonymous> (/home/olga/.vscode-server/bin/138f619c86f1199955d53b4166bef66ef252935c/extensions/git/dist/main.js:2:1058252)
	at ChildProcess.emit (node:events:530:35)
	at ChildProcess._handle.onexit (node:internal/child_process:293:12)
2024-12-16 13:27:26.674 [error] Error: Git error
	at ChildProcess.<anonymous> (/home/olga/.vscode-server/bin/138f619c86f1199955d53b4166bef66ef252935c/extensions/git/dist/main.js:2:1058252)
	at ChildProcess.emit (node:events:530:35)
	at ChildProcess._handle.onexit (node:internal/child_process:293:12)
2024-12-16 13:27:26.675 [error] Error: Git error
	at ChildProcess.<anonymous> (/home/olga/.vscode-server/bin/138f619c86f1199955d53b4166bef66ef252935c/extensions/git/dist/main.js:2:1058252)
	at ChildProcess.emit (node:events:530:35)
	at ChildProcess._handle.onexit (node:internal/child_process:293:12)
2024-12-16 13:27:26.676 [error] Error: Git error
	at ChildProcess.<anonymous> (/home/olga/.vscode-server/bin/138f619c86f1199955d53b4166bef66ef252935c/extensions/git/dist/main.js:2:1058252)
	at ChildProcess.emit (node:events:530:35)
	at ChildProcess._handle.onexit (node:internal/child_process:293:12)
2024-12-16 13:27:26.677 [error] Error: Git error
	at ChildProcess.<anonymous> (/home/olga/.vscode-server/bin/138f619c86f1199955d53b4166bef66ef252935c/extensions/git/dist/main.js:2:1058252)
	at ChildProcess.emit (node:events:530:35)
	at ChildProcess._handle.onexit (node:internal/child_process:293:12)
2024-12-16 13:27:26.678 [error] Error: Git error
	at ChildProcess.<anonymous> (/home/olga/.vscode-server/bin/138f619c86f1199955d53b4166bef66ef252935c/extensions/git/dist/main.js:2:1058252)
	at ChildProcess.emit (node:events:530:35)
	at ChildProcess._handle.onexit (node:internal/child_process:293:12)
2024-12-16 13:27:26.692 [error] Error: Git error
	at ChildProcess.<anonymous> (/home/olga/.vscode-server/bin/138f619c86f1199955d53b4166bef66ef252935c/extensions/git/dist/main.js:2:1058252)
	at ChildProcess.emit (node:events:530:35)
	at ChildProcess._handle.onexit (node:internal/child_process:293:12)
2024-12-16 13:27:26.693 [error] Error: Git error
	at ChildProcess.<anonymous> (/home/olga/.vscode-server/bin/138f619c86f1199955d53b4166bef66ef252935c/extensions/git/dist/main.js:2:1058252)
	at ChildProcess.emit (node:events:530:35)
	at ChildProcess._handle.onexit (node:internal/child_process:293:12)
2024-12-16 13:27:26.694 [error] Error: Git error
	at ChildProcess.<anonymous> (/home/olga/.vscode-server/bin/138f619c86f1199955d53b4166bef66ef252935c/extensions/git/dist/main.js:2:1058252)
	at ChildProcess.emit (node:events:530:35)
	at ChildProcess._handle.onexit (node:internal/child_process:293:12)
2024-12-16 13:27:26.694 [error] Error: Git error
	at ChildProcess.<anonymous> (/home/olga/.vscode-server/bin/138f619c86f1199955d53b4166bef66ef252935c/extensions/git/dist/main.js:2:1058252)
	at ChildProcess.emit (node:events:530:35)
	at ChildProcess._handle.onexit (node:internal/child_process:293:12)
2024-12-16 13:27:26.706 [error] Error: Git error
	at ChildProcess.<anonymous> (/home/olga/.vscode-server/bin/138f619c86f1199955d53b4166bef66ef252935c/extensions/git/dist/main.js:2:1058252)
	at ChildProcess.emit (node:events:530:35)
	at ChildProcess._handle.onexit (node:internal/child_process:293:12)
2024-12-16 13:27:26.707 [error] Error: Git error
	at ChildProcess.<anonymous> (/home/olga/.vscode-server/bin/138f619c86f1199955d53b4166bef66ef252935c/extensions/git/dist/main.js:2:1058252)
	at ChildProcess.emit (node:events:530:35)
	at ChildProcess._handle.onexit (node:internal/child_process:293:12)
2024-12-16 13:27:26.708 [error] Error: Git error
	at ChildProcess.<anonymous> (/home/olga/.vscode-server/bin/138f619c86f1199955d53b4166bef66ef252935c/extensions/git/dist/main.js:2:1058252)
	at ChildProcess.emit (node:events:530:35)
	at ChildProcess._handle.onexit (node:internal/child_process:293:12)
2024-12-16 13:27:26.709 [error] Error: Git error
	at ChildProcess.<anonymous> (/home/olga/.vscode-server/bin/138f619c86f1199955d53b4166bef66ef252935c/extensions/git/dist/main.js:2:1058252)
	at ChildProcess.emit (node:events:530:35)
	at ChildProcess._handle.onexit (node:internal/child_process:293:12)
2024-12-16 13:27:26.710 [error] Error: Git error
	at ChildProcess.<anonymous> (/home/olga/.vscode-server/bin/138f619c86f1199955d53b4166bef66ef252935c/extensions/git/dist/main.js:2:1058252)
	at ChildProcess.emit (node:events:530:35)
	at ChildProcess._handle.onexit (node:internal/child_process:293:12)
2024-12-16 13:27:26.722 [error] Error: Git error
	at ChildProcess.<anonymous> (/home/olga/.vscode-server/bin/138f619c86f1199955d53b4166bef66ef252935c/extensions/git/dist/main.js:2:1058252)
	at ChildProcess.emit (node:events:530:35)
	at ChildProcess._handle.onexit (node:internal/child_process:293:12)
2024-12-16 13:27:26.722 [error] Error: Git error
	at ChildProcess.<anonymous> (/home/olga/.vscode-server/bin/138f619c86f1199955d53b4166bef66ef252935c/extensions/git/dist/main.js:2:1058252)
	at ChildProcess.emit (node:events:530:35)
	at ChildProcess._handle.onexit (node:internal/child_process:293:12)
2024-12-16 13:27:26.724 [error] Error: Git error
	at ChildProcess.<anonymous> (/home/olga/.vscode-server/bin/138f619c86f1199955d53b4166bef66ef252935c/extensions/git/dist/main.js:2:1058252)
	at ChildProcess.emit (node:events:530:35)
	at ChildProcess._handle.onexit (node:internal/child_process:293:12)
2024-12-16 13:27:27.977 [info] ExtensionService#_doActivateExtension vscode.configuration-editing, startup: false, activationEvent: 'onLanguage:json'
2024-12-16 13:27:27.978 [info] ExtensionService#_doActivateExtension vscode.extension-editing, startup: false, activationEvent: 'onLanguage:json'
2024-12-16 13:27:27.978 [info] ExtensionService#_doActivateExtension vscode.json-language-features, startup: false, activationEvent: 'onLanguage:json'
2024-12-16 13:27:28.495 [error] Error: Git error
	at ChildProcess.<anonymous> (/home/olga/.vscode-server/bin/138f619c86f1199955d53b4166bef66ef252935c/extensions/git/dist/main.js:2:1058252)
	at ChildProcess.emit (node:events:530:35)
	at ChildProcess._handle.onexit (node:internal/child_process:293:12)
2024-12-16 13:27:28.495 [error] Error: Git error
	at ChildProcess.<anonymous> (/home/olga/.vscode-server/bin/138f619c86f1199955d53b4166bef66ef252935c/extensions/git/dist/main.js:2:1058252)
	at ChildProcess.emit (node:events:530:35)
	at ChildProcess._handle.onexit (node:internal/child_process:293:12)
2024-12-16 13:27:28.495 [error] Error: Git error
	at ChildProcess.<anonymous> (/home/olga/.vscode-server/bin/138f619c86f1199955d53b4166bef66ef252935c/extensions/git/dist/main.js:2:1058252)
	at ChildProcess.emit (node:events:530:35)
	at ChildProcess._handle.onexit (node:internal/child_process:293:12)
2024-12-16 13:27:28.495 [error] Error: Git error
	at ChildProcess.<anonymous> (/home/olga/.vscode-server/bin/138f619c86f1199955d53b4166bef66ef252935c/extensions/git/dist/main.js:2:1058252)
	at ChildProcess.emit (node:events:530:35)
	at ChildProcess._handle.onexit (node:internal/child_process:293:12)
2024-12-16 13:27:28.495 [error] Error: Git error
	at ChildProcess.<anonymous> (/home/olga/.vscode-server/bin/138f619c86f1199955d53b4166bef66ef252935c/extensions/git/dist/main.js:2:1058252)
	at ChildProcess.emit (node:events:530:35)
	at ChildProcess._handle.onexit (node:internal/child_process:293:12)
2024-12-16 13:27:28.495 [error] Error: Git error
	at ChildProcess.<anonymous> (/home/olga/.vscode-server/bin/138f619c86f1199955d53b4166bef66ef252935c/extensions/git/dist/main.js:2:1058252)
	at ChildProcess.emit (node:events:530:35)
	at ChildProcess._handle.onexit (node:internal/child_process:293:12)
2024-12-16 13:27:28.495 [error] Error: Git error
	at ChildProcess.<anonymous> (/home/olga/.vscode-server/bin/138f619c86f1199955d53b4166bef66ef252935c/extensions/git/dist/main.js:2:1058252)
	at ChildProcess.emit (node:events:530:35)
	at ChildProcess._handle.onexit (node:internal/child_process:293:12)
2024-12-16 13:27:28.495 [error] Error: Git error
	at ChildProcess.<anonymous> (/home/olga/.vscode-server/bin/138f619c86f1199955d53b4166bef66ef252935c/extensions/git/dist/main.js:2:1058252)
	at ChildProcess.emit (node:events:530:35)
	at ChildProcess._handle.onexit (node:internal/child_process:293:12)
2024-12-16 13:27:28.495 [error] Error: Git error
	at ChildProcess.<anonymous> (/home/olga/.vscode-server/bin/138f619c86f1199955d53b4166bef66ef252935c/extensions/git/dist/main.js:2:1058252)
	at ChildProcess.emit (node:events:530:35)
	at ChildProcess._handle.onexit (node:internal/child_process:293:12)
2024-12-16 13:27:28.495 [error] Error: Git error
	at ChildProcess.<anonymous> (/home/olga/.vscode-server/bin/138f619c86f1199955d53b4166bef66ef252935c/extensions/git/dist/main.js:2:1058252)
	at ChildProcess.emit (node:events:530:35)
	at ChildProcess._handle.onexit (node:internal/child_process:293:12)
2024-12-16 13:27:28.495 [error] Error: Git error
	at ChildProcess.<anonymous> (/home/olga/.vscode-server/bin/138f619c86f1199955d53b4166bef66ef252935c/extensions/git/dist/main.js:2:1058252)
	at ChildProcess.emit (node:events:530:35)
	at ChildProcess._handle.onexit (node:internal/child_process:293:12)
2024-12-16 13:27:28.607 [warning] [Decorations] CAPPING events from decorations provider vscode.git 1781
2024-12-16 13:27:29.525 [error] Error: Git error
	at ChildProcess.<anonymous> (/home/olga/.vscode-server/bin/138f619c86f1199955d53b4166bef66ef252935c/extensions/git/dist/main.js:2:1058252)
	at ChildProcess.emit (node:events:530:35)
	at ChildProcess._handle.onexit (node:internal/child_process:293:12)
2024-12-16 13:27:29.529 [error] Error: Git error
	at ChildProcess.<anonymous> (/home/olga/.vscode-server/bin/138f619c86f1199955d53b4166bef66ef252935c/extensions/git/dist/main.js:2:1058252)
	at ChildProcess.emit (node:events:530:35)
	at ChildProcess._handle.onexit (node:internal/child_process:293:12)
2024-12-16 13:27:29.530 [error] Error: Git error
	at ChildProcess.<anonymous> (/home/olga/.vscode-server/bin/138f619c86f1199955d53b4166bef66ef252935c/extensions/git/dist/main.js:2:1058252)
	at ChildProcess.emit (node:events:530:35)
	at ChildProcess._handle.onexit (node:internal/child_process:293:12)
2024-12-16 13:27:29.531 [error] Error: Git error
	at ChildProcess.<anonymous> (/home/olga/.vscode-server/bin/138f619c86f1199955d53b4166bef66ef252935c/extensions/git/dist/main.js:2:1058252)
	at ChildProcess.emit (node:events:530:35)
	at ChildProcess._handle.onexit (node:internal/child_process:293:12)
2024-12-16 13:27:29.533 [error] Error: Git error
	at ChildProcess.<anonymous> (/home/olga/.vscode-server/bin/138f619c86f1199955d53b4166bef66ef252935c/extensions/git/dist/main.js:2:1058252)
	at ChildProcess.emit (node:events:530:35)
	at ChildProcess._handle.onexit (node:internal/child_process:293:12)
2024-12-16 13:27:29.534 [error] Error: Git error
	at ChildProcess.<anonymous> (/home/olga/.vscode-server/bin/138f619c86f1199955d53b4166bef66ef252935c/extensions/git/dist/main.js:2:1058252)
	at ChildProcess.emit (node:events:530:35)
	at ChildProcess._handle.onexit (node:internal/child_process:293:12)
2024-12-16 13:27:29.537 [error] Error: Git error
	at ChildProcess.<anonymous> (/home/olga/.vscode-server/bin/138f619c86f1199955d53b4166bef66ef252935c/extensions/git/dist/main.js:2:1058252)
	at ChildProcess.emit (node:events:530:35)
	at ChildProcess._handle.onexit (node:internal/child_process:293:12)
2024-12-16 13:27:29.539 [error] Error: Git error
	at ChildProcess.<anonymous> (/home/olga/.vscode-server/bin/138f619c86f1199955d53b4166bef66ef252935c/extensions/git/dist/main.js:2:1058252)
	at ChildProcess.emit (node:events:530:35)
	at ChildProcess._handle.onexit (node:internal/child_process:293:12)
2024-12-16 13:27:29.540 [error] Error: Git error
	at ChildProcess.<anonymous> (/home/olga/.vscode-server/bin/138f619c86f1199955d53b4166bef66ef252935c/extensions/git/dist/main.js:2:1058252)
	at ChildProcess.emit (node:events:530:35)
	at ChildProcess._handle.onexit (node:internal/child_process:293:12)
2024-12-16 13:27:29.542 [error] Error: Git error
	at ChildProcess.<anonymous> (/home/olga/.vscode-server/bin/138f619c86f1199955d53b4166bef66ef252935c/extensions/git/dist/main.js:2:1058252)
	at ChildProcess.emit (node:events:530:35)
	at ChildProcess._handle.onexit (node:internal/child_process:293:12)
2024-12-16 13:27:29.543 [error] Error: Git error
	at ChildProcess.<anonymous> (/home/olga/.vscode-server/bin/138f619c86f1199955d53b4166bef66ef252935c/extensions/git/dist/main.js:2:1058252)
	at ChildProcess.emit (node:events:530:35)
	at ChildProcess._handle.onexit (node:internal/child_process:293:12)
2024-12-16 13:30:56.378 [warning] [Decorations] CAPPING events from decorations provider vscode.git 1789
2024-12-16 13:31:01.688 [warning] [Decorations] CAPPING events from decorations provider vscode.git 1787
2024-12-16 13:32:47.358 [warning] [Decorations] CAPPING events from decorations provider vscode.git 1787
