2024-12-10 16:41:15.739 [info] [основное] Уровень ведения журнала: Info
2024-12-10 16:41:15.739 [info] [основное] Проверка найденного Git в: "git"
2024-12-10 16:41:15.739 [info] [основное] Используется Git "2.34.1" из "git"
2024-12-10 16:41:15.739 [info] [Model][doInitialScan] Initial repository scan started
2024-12-10 16:41:15.739 [info] > git rev-parse --show-toplevel [237ms]
2024-12-10 16:41:15.739 [info] > git rev-parse --git-dir --git-common-dir [484ms]
2024-12-10 16:41:15.739 [info] [Model][openRepository] Opened repository: /home/olga
2024-12-10 16:41:15.782 [info] > git rev-parse --show-toplevel [7ms]
2024-12-10 16:41:16.425 [info] > git rev-parse --git-dir --git-common-dir [592ms]
2024-12-10 16:41:16.542 [info] [Model][openRepository] Opened repository: /home/olga/frontend-project-46
2024-12-10 16:41:16.576 [info] > git config --get commit.template [816ms]
2024-12-10 16:41:16.804 [info] > git for-each-ref --format=%(refname)%00%(upstream:short)%00%(objectname)%00%(upstream:track)%00%(upstream:remotename)%00%(upstream:remoteref) refs/heads/main refs/remotes/main [934ms]
2024-12-10 16:41:16.822 [warning] [Git][revParse] Unable to read file: ENOENT: no such file or directory, open '/home/olga/.git/refs/remotes/origin/main'
2024-12-10 16:41:16.880 [info] > git check-ignore -v -z --stdin [201ms]
2024-12-10 16:41:16.905 [info] > git config --get commit.template [206ms]
2024-12-10 16:41:16.964 [info] > git rev-parse refs/remotes/origin/main [141ms]
2024-12-10 16:41:17.237 [info] > git for-each-ref --format=%(refname)%00%(upstream:short)%00%(objectname)%00%(upstream:track)%00%(upstream:remotename)%00%(upstream:remoteref) refs/heads/main refs/remotes/main [38ms]
2024-12-10 16:41:17.238 [info] > git for-each-ref --sort -committerdate --format %(refname) %(objectname) %(*objectname) [51ms]
2024-12-10 16:41:17.269 [warning] [Git][revParse] Unable to read file: ENOENT: no such file or directory, open '/home/olga/frontend-project-46/.git/refs/remotes/origin/main'
2024-12-10 16:41:17.283 [info] > git rev-parse refs/remotes/origin/main [15ms]
2024-12-10 16:41:17.440 [info] > git status -z -uall [126ms]
2024-12-10 16:41:17.440 [info] > git check-ignore -v -z --stdin [87ms]
2024-12-10 16:41:17.443 [info] > git check-ignore -v -z --stdin [57ms]
2024-12-10 16:41:17.453 [info] > git for-each-ref --sort -committerdate --format %(refname) %(objectname) %(*objectname) [118ms]
2024-12-10 16:41:17.650 [info] > git status -z -uall [632ms]
2024-12-10 16:41:17.651 [info] > git for-each-ref --format=%(refname)%00%(upstream:short)%00%(objectname)%00%(upstream:track)%00%(upstream:remotename)%00%(upstream:remoteref) refs/heads/main refs/remotes/main [150ms]
2024-12-10 16:41:17.817 [info] > git for-each-ref --format=%(refname)%00%(upstream:short)%00%(objectname)%00%(upstream:track)%00%(upstream:remotename)%00%(upstream:remoteref) refs/heads/main refs/remotes/main [130ms]
2024-12-10 16:41:17.848 [info] > git config --local branch.main.vscode-merge-base [175ms]
2024-12-10 16:41:17.852 [info] > git config --get commit.template [249ms]
2024-12-10 16:41:17.959 [info] > git for-each-ref --format=%(refname)%00%(upstream:short)%00%(objectname)%00%(upstream:track)%00%(upstream:remotename)%00%(upstream:remoteref) refs/heads/origin/main refs/remotes/origin/main [105ms]
2024-12-10 16:41:18.024 [info] > git config --local branch.main.vscode-merge-base [191ms]
2024-12-10 16:41:18.025 [warning] [Git][config] git config failed: Failed to execute git
2024-12-10 16:41:18.059 [info] > git config --get commit.template [269ms]
2024-12-10 16:41:18.060 [info] > git rev-parse --show-toplevel [279ms]
2024-12-10 16:41:18.231 [info] > git reflog main --grep-reflog=branch: Created from *. [171ms]
2024-12-10 16:41:18.243 [info] > git merge-base refs/heads/main refs/remotes/origin/main [233ms]
2024-12-10 16:41:18.285 [info] > git symbolic-ref --short refs/remotes/origin/HEAD [41ms]
2024-12-10 16:41:18.285 [info] fatal: ref refs/remotes/origin/HEAD is not a symbolic ref
2024-12-10 16:41:18.285 [warning] [Repository][getDefaultBranch] Failed to get default branch details: Failed to execute git.
2024-12-10 16:41:18.303 [info] > git rev-parse --git-dir --git-common-dir [93ms]
2024-12-10 16:41:18.321 [info] [Model][openRepository] Opened repository: /home/olga/.asdf
2024-12-10 16:41:18.334 [info] > git for-each-ref --format=%(refname)%00%(upstream:short)%00%(objectname)%00%(upstream:track)%00%(upstream:remotename)%00%(upstream:remoteref) refs/heads/main refs/remotes/main [138ms]
2024-12-10 16:41:18.404 [warning] [Git][revParse] Unable to read file: ENOENT: no such file or directory, open '/home/olga/frontend-project-46/.git/refs/remotes/origin/main'
2024-12-10 16:41:18.406 [info] > git merge-base refs/heads/main refs/remotes/origin/main [103ms]
2024-12-10 16:41:18.438 [info] > git for-each-ref --format=%(refname)%00%(upstream:short)%00%(objectname)%00%(upstream:track)%00%(upstream:remotename)%00%(upstream:remoteref) refs/heads/main refs/remotes/main [173ms]
2024-12-10 16:41:18.439 [info] > git diff --name-status -z --diff-filter=ADMR 266c8897e36b47a81268cae87f85a28f7d19108d...refs/remotes/origin/main [189ms]
2024-12-10 16:41:18.464 [warning] [Git][revParse] Unable to read file: ENOENT: no such file or directory, open '/home/olga/.git/refs/remotes/origin/main'
2024-12-10 16:41:18.471 [info] > git diff --name-status -z --diff-filter=ADMR 5cd9030637160ceea4e800aac11068a3cc210de8...refs/remotes/origin/main [33ms]
2024-12-10 16:41:18.475 [info] > git rev-parse refs/remotes/origin/main [68ms]
2024-12-10 16:41:18.499 [info] > git rev-parse --show-toplevel [109ms]
2024-12-10 16:41:18.499 [info] > git config --get commit.template [131ms]
2024-12-10 16:41:18.512 [info] > git status -z -uall [26ms]
2024-12-10 16:41:18.513 [info] > git rev-parse refs/remotes/origin/main [50ms]
2024-12-10 16:41:18.669 [info] > git for-each-ref --sort -committerdate --format %(refname) %(objectname) %(*objectname) [122ms]
2024-12-10 16:41:18.670 [info] > git for-each-ref --sort -committerdate --format %(refname) %(objectname) %(*objectname) [172ms]
2024-12-10 16:41:18.705 [info] > git for-each-ref --format %(refname) %(objectname) %(*objectname) refs/tags [66ms]
2024-12-10 16:41:18.784 [info] > git rev-parse --show-toplevel [160ms]
2024-12-10 16:41:18.838 [info] > git status -z -uall [90ms]
2024-12-10 16:41:18.854 [info] > git rev-parse --show-toplevel [36ms]
2024-12-10 16:41:18.855 [info] > git for-each-ref --sort -committerdate --format %(refname) %(objectname) %(*objectname) [74ms]
2024-12-10 16:41:19.596 [info] > git status -z -uall [1074ms]
2024-12-10 16:41:19.596 [info] > git check-ignore -v -z --stdin [57ms]
2024-12-10 16:41:19.597 [info] > git check-ignore -v -z --stdin [32ms]
2024-12-10 16:41:19.604 [info] > git check-ignore -v -z --stdin [33ms]
2024-12-10 16:41:19.605 [info] > git config --get commit.template [695ms]
2024-12-10 16:41:19.605 [info] > git rev-parse --show-toplevel [702ms]
2024-12-10 16:41:19.734 [info] > git rev-parse --show-toplevel [100ms]
2024-12-10 16:41:19.833 [info] > git for-each-ref --format %(refname) %(objectname) %(*objectname) refs/tags [177ms]
2024-12-10 16:41:19.921 [info] > git status -z -uall [81ms]
2024-12-10 16:41:19.922 [info] > git rev-parse --show-toplevel [102ms]
2024-12-10 16:41:20.037 [info] > git for-each-ref --sort -committerdate --format %(refname) %(objectname) %(*objectname) [172ms]
2024-12-10 16:41:20.082 [info] > git rev-parse --git-dir --git-common-dir [58ms]
2024-12-10 16:41:20.105 [info] [Model][openRepository] Opened repository: /home/olga/.nvm
2024-12-10 16:41:20.167 [info] > git config --get commit.template [32ms]
2024-12-10 16:41:20.211 [info] > git rev-parse --show-toplevel [58ms]
2024-12-10 16:41:20.273 [info] > git for-each-ref --format %(refname) %(objectname) %(*objectname) refs/tags [29ms]
2024-12-10 16:41:20.304 [info] > git status -z -uall [21ms]
2024-12-10 16:41:20.305 [info] > git rev-parse --show-toplevel [39ms]
2024-12-10 16:41:20.322 [info] > git for-each-ref --sort -committerdate --format %(refname) %(objectname) %(*objectname) [24ms]
2024-12-10 16:41:20.356 [info] > git rev-parse --show-toplevel [39ms]
2024-12-10 16:41:20.387 [info] > git rev-parse --show-toplevel [19ms]
2024-12-10 16:41:20.389 [info] > git config --get commit.template [33ms]
2024-12-10 16:41:20.418 [info] > git for-each-ref --format %(refname) %(objectname) %(*objectname) refs/tags [33ms]
2024-12-10 16:41:20.454 [info] > git status -z -uall [21ms]
2024-12-10 16:41:20.454 [info] > git rev-parse --git-dir --git-common-dir [51ms]
2024-12-10 16:41:20.473 [info] [Model][openRepository] Opened repository: /home/olga/frontend-project-44
2024-12-10 16:41:20.523 [info] > git for-each-ref --sort -committerdate --format %(refname) %(objectname) %(*objectname) [72ms]
2024-12-10 16:41:20.551 [info] > git rev-parse --show-toplevel [36ms]
2024-12-10 16:41:20.552 [info] > git config --get commit.template [48ms]
2024-12-10 16:41:20.797 [info] > git rev-parse --git-dir --git-common-dir [231ms]
2024-12-10 16:41:20.803 [info] [Model][openRepository] Opened repository: /home/olga/hexlet-git
2024-12-10 16:41:20.846 [info] > git for-each-ref --format=%(refname)%00%(upstream:short)%00%(objectname)%00%(upstream:track)%00%(upstream:remotename)%00%(upstream:remoteref) refs/heads/main refs/remotes/main [61ms]
2024-12-10 16:41:20.855 [info] > git config --get commit.template [21ms]
2024-12-10 16:41:20.868 [info] > git rev-parse --show-toplevel [28ms]
2024-12-10 16:41:20.938 [info] > git status -z -uall [8ms]
2024-12-10 16:41:20.938 [info] > git rev-parse --show-toplevel [43ms]
2024-12-10 16:41:20.939 [info] > git for-each-ref --format=%(refname)%00%(upstream:short)%00%(objectname)%00%(upstream:track)%00%(upstream:remotename)%00%(upstream:remoteref) refs/heads/main refs/remotes/main [62ms]
2024-12-10 16:41:20.965 [info] > git rev-parse --show-toplevel [13ms]
2024-12-10 16:41:20.966 [info] > git for-each-ref --sort -committerdate --format %(refname) %(objectname) %(*objectname) [31ms]
2024-12-10 16:41:21.011 [info] > git for-each-ref --format=%(refname)%00%(upstream:short)%00%(objectname)%00%(upstream:track)%00%(upstream:remotename)%00%(upstream:remoteref) refs/heads/main refs/remotes/main [35ms]
2024-12-10 16:41:21.060 [info] > git status -z -uall [16ms]
2024-12-10 16:41:21.060 [info] > git config --get commit.template [50ms]
2024-12-10 16:41:21.060 [info] > git rev-parse --git-dir --git-common-dir [59ms]
2024-12-10 16:41:21.070 [info] [Model][openRepository] Opened repository: /home/olga/hexlet-js
2024-12-10 16:41:21.085 [info] > git for-each-ref --sort -committerdate --format %(refname) %(objectname) %(*objectname) [31ms]
2024-12-10 16:41:21.120 [info] > git config --local branch.main.vscode-merge-base [89ms]
2024-12-10 16:41:21.187 [info] > git for-each-ref --format=%(refname)%00%(upstream:short)%00%(objectname)%00%(upstream:track)%00%(upstream:remotename)%00%(upstream:remoteref) refs/heads/main refs/remotes/main [84ms]
2024-12-10 16:41:21.192 [info] > git config --get commit.template [108ms]
2024-12-10 16:41:21.205 [info] > git config --local branch.main.vscode-merge-base [13ms]
2024-12-10 16:41:21.214 [info] > git config --get commit.template [45ms]
2024-12-10 16:41:21.214 [info] > git for-each-ref --format=%(refname)%00%(upstream:short)%00%(objectname)%00%(upstream:track)%00%(upstream:remotename)%00%(upstream:remoteref) refs/heads/main refs/remotes/main [50ms]
2024-12-10 16:41:21.215 [info] > git rev-parse --show-toplevel [70ms]
2024-12-10 16:41:21.220 [info] [Model][doInitialScan] Initial repository scan completed - repositories (7), closed repositories (0), parent repositories (0), unsafe repositories (0)
2024-12-10 16:41:21.234 [info] > git for-each-ref --format=%(refname)%00%(upstream:short)%00%(objectname)%00%(upstream:track)%00%(upstream:remotename)%00%(upstream:remoteref) refs/heads/origin/main refs/remotes/origin/main [97ms]
2024-12-10 16:41:21.266 [info] > git show --textconv :gendiff.js [39ms]
2024-12-10 16:41:21.267 [info] > git ls-files --stage -- /home/olga/frontend-project-46/gendiff.js [33ms]
2024-12-10 16:41:21.273 [info] > git for-each-ref --format=%(refname)%00%(upstream:short)%00%(objectname)%00%(upstream:track)%00%(upstream:remotename)%00%(upstream:remoteref) refs/heads/origin/main refs/remotes/origin/main [60ms]
2024-12-10 16:41:21.294 [info] > git cat-file -s e69de29bb2d1d6434b8b29ae775ad8c2e48c5391 [21ms]
2024-12-10 16:41:21.297 [info] > git for-each-ref --format=%(refname)%00%(upstream:short)%00%(objectname)%00%(upstream:track)%00%(upstream:remotename)%00%(upstream:remoteref) refs/heads/main refs/remotes/main [41ms]
2024-12-10 16:41:21.297 [info] > git merge-base refs/heads/main refs/remotes/origin/main [51ms]
2024-12-10 16:41:21.306 [warning] [Git][revParse] Unable to read file: ENOENT: no such file or directory, open '/home/olga/hexlet-js/.git/refs/remotes/origin/main'
2024-12-10 16:41:21.308 [info] > git for-each-ref --format=%(refname)%00%(upstream:short)%00%(objectname)%00%(upstream:track)%00%(upstream:remotename)%00%(upstream:remoteref) refs/heads/main refs/remotes/main [19ms]
2024-12-10 16:41:21.309 [info] > git merge-base refs/heads/main refs/remotes/origin/main [27ms]
2024-12-10 16:41:21.341 [info] > git status -z -uall [16ms]
2024-12-10 16:41:21.341 [info] > git rev-parse refs/remotes/origin/main [35ms]
2024-12-10 16:41:21.371 [info] > git diff --name-status -z --diff-filter=ADMR 4d6a7b5311521b182d060240737432bc2bef42f4...refs/remotes/origin/main [69ms]
2024-12-10 16:41:21.401 [info] > git status -z -uall [42ms]
2024-12-10 16:41:21.405 [info] > git for-each-ref --sort -committerdate --format %(refname) %(objectname) %(*objectname) [67ms]
2024-12-10 16:41:21.419 [info] > git diff --name-status -z --diff-filter=ADMR 5cd9030637160ceea4e800aac11068a3cc210de8...refs/remotes/origin/main [99ms]
2024-12-10 16:41:21.425 [info] > git for-each-ref --sort -committerdate --format %(refname) %(objectname) %(*objectname) [53ms]
2024-12-10 16:41:21.535 [info] > git status -z -uall [79ms]
2024-12-10 16:41:21.535 [info] > git for-each-ref --sort -committerdate --format %(refname) %(objectname) %(*objectname) [15ms]
2024-12-10 16:41:21.538 [info] > git for-each-ref --format=%(refname)%00%(upstream:short)%00%(objectname)%00%(upstream:track)%00%(upstream:remotename)%00%(upstream:remoteref) refs/heads/main refs/remotes/main [98ms]
2024-12-10 16:41:21.565 [info] > git config --local branch.main.vscode-merge-base [11ms]
2024-12-10 16:41:21.569 [info] > git config --get commit.template [36ms]
2024-12-10 16:41:21.585 [info] > git for-each-ref --format=%(refname)%00%(upstream:short)%00%(objectname)%00%(upstream:track)%00%(upstream:remotename)%00%(upstream:remoteref) refs/heads/origin/main refs/remotes/origin/main [15ms]
2024-12-10 16:41:21.601 [info] > git merge-base refs/heads/main refs/remotes/origin/main [7ms]
2024-12-10 16:41:21.605 [info] > git for-each-ref --format=%(refname)%00%(upstream:short)%00%(objectname)%00%(upstream:track)%00%(upstream:remotename)%00%(upstream:remoteref) refs/heads/main refs/remotes/main [22ms]
2024-12-10 16:41:21.618 [warning] [Git][revParse] Unable to read file: ENOENT: no such file or directory, open '/home/olga/hexlet-js/.git/refs/remotes/origin/main'
2024-12-10 16:41:21.620 [info] > git diff --name-status -z --diff-filter=ADMR 2ec9b6fe510f2076127e2aedb2d374ff9f80fac2...refs/remotes/origin/main [15ms]
2024-12-10 16:41:21.622 [info] > git rev-parse refs/remotes/origin/main [4ms]
2024-12-10 16:41:21.642 [info] > git status -z -uall [13ms]
2024-12-10 16:41:21.642 [info] > git for-each-ref --sort -committerdate --format %(refname) %(objectname) %(*objectname) [4ms]
2024-12-10 16:41:21.787 [info] > git check-ignore -v -z --stdin [87ms]
2024-12-10 16:41:21.788 [info] > git check-ignore -v -z --stdin [82ms]
2024-12-10 16:41:21.789 [info] > git check-ignore -v -z --stdin [56ms]
2024-12-10 16:41:21.790 [info] > git check-ignore -v -z --stdin [52ms]
2024-12-10 16:41:21.791 [info] > git check-ignore -v -z --stdin [40ms]
2024-12-10 16:41:21.792 [info] > git check-ignore -v -z --stdin [37ms]
2024-12-10 16:41:21.793 [info] > git check-ignore -v -z --stdin [25ms]
2024-12-10 16:41:25.877 [info] > git check-ignore -v -z --stdin [19ms]
2024-12-10 16:41:30.239 [info] > git config --get commit.template [9ms]
2024-12-10 16:41:30.247 [info] > git for-each-ref --format=%(refname)%00%(upstream:short)%00%(objectname)%00%(upstream:track)%00%(upstream:remotename)%00%(upstream:remoteref) refs/heads/main refs/remotes/main [9ms]
2024-12-10 16:41:30.254 [warning] [Git][revParse] Unable to read file: ENOENT: no such file or directory, open '/home/olga/.git/refs/remotes/origin/main'
2024-12-10 16:41:30.273 [info] > git rev-parse refs/remotes/origin/main [20ms]
2024-12-10 16:41:30.295 [info] > git for-each-ref --sort -committerdate --format %(refname) %(objectname) %(*objectname) [10ms]
2024-12-10 16:41:30.621 [info] > git status -z -uall [343ms]
2024-12-10 16:41:30.790 [info] > git check-ignore -v -z --stdin [2ms]
2024-12-10 16:41:31.026 [info] > git show --textconv :README.md [14ms]
2024-12-10 16:41:31.026 [info] > git ls-files --stage -- /home/olga/frontend-project-46/README.md [7ms]
2024-12-10 16:41:31.037 [info] > git cat-file -s 821c93140288445412b10ae6bb085dd4b2e4a1b7 [4ms]
2024-12-10 16:41:31.910 [info] > git show --textconv :gendiff.js [5ms]
2024-12-10 16:41:31.912 [info] > git ls-files --stage -- /home/olga/frontend-project-46/gendiff.js [2ms]
2024-12-10 16:41:31.938 [info] > git cat-file -s e69de29bb2d1d6434b8b29ae775ad8c2e48c5391 [3ms]
2024-12-10 16:41:36.977 [info] > git config --get commit.template [1ms]
2024-12-10 16:41:37.006 [info] > git for-each-ref --format=%(refname)%00%(upstream:short)%00%(objectname)%00%(upstream:track)%00%(upstream:remotename)%00%(upstream:remoteref) refs/heads/main refs/remotes/main [12ms]
2024-12-10 16:41:37.012 [warning] [Git][revParse] Unable to read file: ENOENT: no such file or directory, open '/home/olga/.git/refs/remotes/origin/main'
2024-12-10 16:41:37.023 [info] > git rev-parse refs/remotes/origin/main [11ms]
2024-12-10 16:41:37.062 [info] > git for-each-ref --sort -committerdate --format %(refname) %(objectname) %(*objectname) [16ms]
2024-12-10 16:41:37.430 [info] > git status -z -uall [402ms]
2024-12-10 16:41:40.127 [info] > git show --textconv :gendiff.js [5ms]
2024-12-10 16:41:40.132 [info] > git ls-files --stage -- /home/olga/frontend-project-46/gendiff.js [6ms]
2024-12-10 16:41:40.140 [info] > git cat-file -s e69de29bb2d1d6434b8b29ae775ad8c2e48c5391 [2ms]
2024-12-10 16:41:42.461 [info] > git config --get commit.template [6ms]
2024-12-10 16:41:42.466 [info] > git for-each-ref --format=%(refname)%00%(upstream:short)%00%(objectname)%00%(upstream:track)%00%(upstream:remotename)%00%(upstream:remoteref) refs/heads/main refs/remotes/main [6ms]
2024-12-10 16:41:42.473 [warning] [Git][revParse] Unable to read file: ENOENT: no such file or directory, open '/home/olga/.git/refs/remotes/origin/main'
2024-12-10 16:41:42.476 [info] > git rev-parse refs/remotes/origin/main [3ms]
2024-12-10 16:41:42.492 [info] > git for-each-ref --sort -committerdate --format %(refname) %(objectname) %(*objectname) [1ms]
2024-12-10 16:41:42.686 [info] > git status -z -uall [207ms]
2024-12-10 16:41:47.709 [info] > git config --get commit.template [8ms]
2024-12-10 16:41:47.712 [info] > git for-each-ref --format=%(refname)%00%(upstream:short)%00%(objectname)%00%(upstream:track)%00%(upstream:remotename)%00%(upstream:remoteref) refs/heads/main refs/remotes/main [4ms]
2024-12-10 16:41:47.718 [warning] [Git][revParse] Unable to read file: ENOENT: no such file or directory, open '/home/olga/.git/refs/remotes/origin/main'
2024-12-10 16:41:47.722 [info] > git rev-parse refs/remotes/origin/main [3ms]
2024-12-10 16:41:47.735 [info] > git for-each-ref --sort -committerdate --format %(refname) %(objectname) %(*objectname) [2ms]
2024-12-10 16:41:47.949 [info] > git status -z -uall [222ms]
2024-12-10 16:41:52.979 [info] > git config --get commit.template [11ms]
2024-12-10 16:41:52.981 [info] > git for-each-ref --format=%(refname)%00%(upstream:short)%00%(objectname)%00%(upstream:track)%00%(upstream:remotename)%00%(upstream:remoteref) refs/heads/main refs/remotes/main [4ms]
2024-12-10 16:41:52.988 [warning] [Git][revParse] Unable to read file: ENOENT: no such file or directory, open '/home/olga/.git/refs/remotes/origin/main'
2024-12-10 16:41:52.991 [info] > git rev-parse refs/remotes/origin/main [4ms]
2024-12-10 16:41:53.015 [info] > git for-each-ref --sort -committerdate --format %(refname) %(objectname) %(*objectname) [11ms]
2024-12-10 16:41:53.171 [info] > git status -z -uall [175ms]
2024-12-10 16:42:05.793 [info] > git config --get commit.template [3ms]
2024-12-10 16:42:05.802 [info] > git for-each-ref --format=%(refname)%00%(upstream:short)%00%(objectname)%00%(upstream:track)%00%(upstream:remotename)%00%(upstream:remoteref) refs/heads/main refs/remotes/main [3ms]
2024-12-10 16:42:05.806 [warning] [Git][revParse] Unable to read file: ENOENT: no such file or directory, open '/home/olga/.git/refs/remotes/origin/main'
2024-12-10 16:42:05.807 [info] > git rev-parse refs/remotes/origin/main [2ms]
2024-12-10 16:42:05.817 [info] > git for-each-ref --sort -committerdate --format %(refname) %(objectname) %(*objectname) [2ms]
2024-12-10 16:42:05.926 [info] > git status -z -uall [116ms]
2024-12-10 16:42:10.966 [info] > git config --get commit.template [13ms]
2024-12-10 16:42:10.969 [info] > git for-each-ref --format=%(refname)%00%(upstream:short)%00%(objectname)%00%(upstream:track)%00%(upstream:remotename)%00%(upstream:remoteref) refs/heads/main refs/remotes/main [6ms]
2024-12-10 16:42:10.975 [warning] [Git][revParse] Unable to read file: ENOENT: no such file or directory, open '/home/olga/.git/refs/remotes/origin/main'
2024-12-10 16:42:10.977 [info] > git rev-parse refs/remotes/origin/main [2ms]
2024-12-10 16:42:10.993 [info] > git for-each-ref --sort -committerdate --format %(refname) %(objectname) %(*objectname) [6ms]
2024-12-10 16:42:11.114 [info] > git status -z -uall [133ms]
2024-12-10 16:47:15.487 [info] > git config --get commit.template [3ms]
2024-12-10 16:47:15.498 [info] > git for-each-ref --format=%(refname)%00%(upstream:short)%00%(objectname)%00%(upstream:track)%00%(upstream:remotename)%00%(upstream:remoteref) refs/heads/main refs/remotes/main [4ms]
2024-12-10 16:47:15.506 [warning] [Git][revParse] Unable to read file: ENOENT: no such file or directory, open '/home/olga/.git/refs/remotes/origin/main'
2024-12-10 16:47:15.508 [info] > git rev-parse refs/remotes/origin/main [2ms]
2024-12-10 16:47:15.534 [info] > git for-each-ref --sort -committerdate --format %(refname) %(objectname) %(*objectname) [11ms]
2024-12-10 16:47:15.947 [info] > git status -z -uall [429ms]
2024-12-10 16:47:17.174 [info] > git show --textconv :package-lock.json [12ms]
2024-12-10 16:47:17.179 [info] > git ls-files --stage -- /home/olga/frontend-project-46/package-lock.json [9ms]
2024-12-10 16:47:20.974 [info] > git config --get commit.template [8ms]
2024-12-10 16:47:20.976 [info] > git for-each-ref --format=%(refname)%00%(upstream:short)%00%(objectname)%00%(upstream:track)%00%(upstream:remotename)%00%(upstream:remoteref) refs/heads/main refs/remotes/main [4ms]
2024-12-10 16:47:20.984 [warning] [Git][revParse] Unable to read file: ENOENT: no such file or directory, open '/home/olga/.git/refs/remotes/origin/main'
2024-12-10 16:47:20.986 [info] > git rev-parse refs/remotes/origin/main [2ms]
2024-12-10 16:47:21.015 [info] > git for-each-ref --sort -committerdate --format %(refname) %(objectname) %(*objectname) [16ms]
2024-12-10 16:47:21.198 [info] > git status -z -uall [207ms]
2024-12-10 16:47:26.234 [info] > git config --get commit.template [23ms]
2024-12-10 16:47:26.243 [info] > git for-each-ref --format=%(refname)%00%(upstream:short)%00%(objectname)%00%(upstream:track)%00%(upstream:remotename)%00%(upstream:remoteref) refs/heads/main refs/remotes/main [16ms]
2024-12-10 16:47:26.258 [warning] [Git][revParse] Unable to read file: ENOENT: no such file or directory, open '/home/olga/.git/refs/remotes/origin/main'
2024-12-10 16:47:26.294 [info] > git rev-parse refs/remotes/origin/main [38ms]
2024-12-10 16:47:26.389 [info] > git show --textconv :package.json [7ms]
2024-12-10 16:47:26.390 [info] > git for-each-ref --sort -committerdate --format %(refname) %(objectname) %(*objectname) [34ms]
2024-12-10 16:47:26.394 [info] > git ls-files --stage -- /home/olga/frontend-project-46/package.json [7ms]
2024-12-10 16:47:26.418 [info] > git cat-file -s c2384e3a2e90d633c72998e498a34e1b98057925 [9ms]
2024-12-10 16:47:26.600 [info] > git status -z -uall [289ms]
2024-12-10 16:47:31.655 [info] > git config --get commit.template [23ms]
2024-12-10 16:47:31.666 [info] > git for-each-ref --format=%(refname)%00%(upstream:short)%00%(objectname)%00%(upstream:track)%00%(upstream:remotename)%00%(upstream:remoteref) refs/heads/main refs/remotes/main [15ms]
2024-12-10 16:47:31.671 [warning] [Git][revParse] Unable to read file: ENOENT: no such file or directory, open '/home/olga/.git/refs/remotes/origin/main'
2024-12-10 16:47:31.673 [info] > git rev-parse refs/remotes/origin/main [2ms]
2024-12-10 16:47:31.690 [info] > git for-each-ref --sort -committerdate --format %(refname) %(objectname) %(*objectname) [4ms]
2024-12-10 16:47:31.792 [info] > git status -z -uall [115ms]
2024-12-10 16:47:36.843 [info] > git config --get commit.template [23ms]
2024-12-10 16:47:36.850 [info] > git for-each-ref --format=%(refname)%00%(upstream:short)%00%(objectname)%00%(upstream:track)%00%(upstream:remotename)%00%(upstream:remoteref) refs/heads/main refs/remotes/main [9ms]
2024-12-10 16:47:36.855 [warning] [Git][revParse] Unable to read file: ENOENT: no such file or directory, open '/home/olga/.git/refs/remotes/origin/main'
2024-12-10 16:47:36.857 [info] > git rev-parse refs/remotes/origin/main [1ms]
2024-12-10 16:47:36.872 [info] > git for-each-ref --sort -committerdate --format %(refname) %(objectname) %(*objectname) [3ms]
2024-12-10 16:47:36.980 [info] > git status -z -uall [117ms]
2024-12-10 16:47:42.000 [info] > git config --get commit.template [9ms]
2024-12-10 16:47:42.002 [info] > git for-each-ref --format=%(refname)%00%(upstream:short)%00%(objectname)%00%(upstream:track)%00%(upstream:remotename)%00%(upstream:remoteref) refs/heads/main refs/remotes/main [3ms]
2024-12-10 16:47:42.010 [warning] [Git][revParse] Unable to read file: ENOENT: no such file or directory, open '/home/olga/.git/refs/remotes/origin/main'
2024-12-10 16:47:42.016 [info] > git rev-parse refs/remotes/origin/main [6ms]
2024-12-10 16:47:42.055 [info] > git for-each-ref --sort -committerdate --format %(refname) %(objectname) %(*objectname) [5ms]
2024-12-10 16:47:42.213 [info] > git status -z -uall [191ms]
2024-12-10 16:47:51.463 [info] > git config --get commit.template [4ms]
2024-12-10 16:47:51.489 [info] > git for-each-ref --format=%(refname)%00%(upstream:short)%00%(objectname)%00%(upstream:track)%00%(upstream:remotename)%00%(upstream:remoteref) refs/heads/main refs/remotes/main [12ms]
2024-12-10 16:47:51.496 [warning] [Git][revParse] Unable to read file: ENOENT: no such file or directory, open '/home/olga/.git/refs/remotes/origin/main'
2024-12-10 16:47:51.499 [info] > git rev-parse refs/remotes/origin/main [3ms]
2024-12-10 16:47:51.518 [info] > git for-each-ref --sort -committerdate --format %(refname) %(objectname) %(*objectname) [7ms]
2024-12-10 16:47:51.694 [info] > git status -z -uall [189ms]
2024-12-10 16:47:56.727 [info] > git config --get commit.template [6ms]
2024-12-10 16:47:56.760 [info] > git for-each-ref --format=%(refname)%00%(upstream:short)%00%(objectname)%00%(upstream:track)%00%(upstream:remotename)%00%(upstream:remoteref) refs/heads/main refs/remotes/main [19ms]
2024-12-10 16:47:56.774 [warning] [Git][revParse] Unable to read file: ENOENT: no such file or directory, open '/home/olga/.git/refs/remotes/origin/main'
2024-12-10 16:47:56.776 [info] > git rev-parse refs/remotes/origin/main [1ms]
2024-12-10 16:47:56.791 [info] > git for-each-ref --sort -committerdate --format %(refname) %(objectname) %(*objectname) [4ms]
2024-12-10 16:47:56.897 [info] > git status -z -uall [115ms]
2024-12-10 16:48:01.920 [info] > git config --get commit.template [9ms]
2024-12-10 16:48:01.933 [info] > git for-each-ref --format=%(refname)%00%(upstream:short)%00%(objectname)%00%(upstream:track)%00%(upstream:remotename)%00%(upstream:remoteref) refs/heads/main refs/remotes/main [14ms]
2024-12-10 16:48:01.943 [warning] [Git][revParse] Unable to read file: ENOENT: no such file or directory, open '/home/olga/.git/refs/remotes/origin/main'
2024-12-10 16:48:01.954 [info] > git rev-parse refs/remotes/origin/main [12ms]
2024-12-10 16:48:01.981 [info] > git for-each-ref --sort -committerdate --format %(refname) %(objectname) %(*objectname) [5ms]
2024-12-10 16:48:02.186 [info] > git status -z -uall [225ms]
2024-12-10 16:48:07.236 [info] > git config --get commit.template [17ms]
2024-12-10 16:48:07.246 [info] > git for-each-ref --format=%(refname)%00%(upstream:short)%00%(objectname)%00%(upstream:track)%00%(upstream:remotename)%00%(upstream:remoteref) refs/heads/main refs/remotes/main [13ms]
2024-12-10 16:48:07.253 [warning] [Git][revParse] Unable to read file: ENOENT: no such file or directory, open '/home/olga/.git/refs/remotes/origin/main'
2024-12-10 16:48:07.255 [info] > git rev-parse refs/remotes/origin/main [2ms]
2024-12-10 16:48:07.267 [info] > git for-each-ref --sort -committerdate --format %(refname) %(objectname) %(*objectname) [3ms]
2024-12-10 16:48:07.378 [info] > git status -z -uall [119ms]
2024-12-10 16:48:12.393 [info] > git config --get commit.template [5ms]
2024-12-10 16:48:12.395 [info] > git for-each-ref --format=%(refname)%00%(upstream:short)%00%(objectname)%00%(upstream:track)%00%(upstream:remotename)%00%(upstream:remoteref) refs/heads/main refs/remotes/main [3ms]
2024-12-10 16:48:12.399 [warning] [Git][revParse] Unable to read file: ENOENT: no such file or directory, open '/home/olga/.git/refs/remotes/origin/main'
2024-12-10 16:48:12.400 [info] > git rev-parse refs/remotes/origin/main [1ms]
2024-12-10 16:48:12.425 [info] > git for-each-ref --sort -committerdate --format %(refname) %(objectname) %(*objectname) [14ms]
2024-12-10 16:48:12.572 [info] > git status -z -uall [167ms]
2024-12-10 16:48:17.592 [info] > git config --get commit.template [8ms]
2024-12-10 16:48:17.596 [info] > git for-each-ref --format=%(refname)%00%(upstream:short)%00%(objectname)%00%(upstream:track)%00%(upstream:remotename)%00%(upstream:remoteref) refs/heads/main refs/remotes/main [5ms]
2024-12-10 16:48:17.600 [warning] [Git][revParse] Unable to read file: ENOENT: no such file or directory, open '/home/olga/.git/refs/remotes/origin/main'
2024-12-10 16:48:17.601 [info] > git rev-parse refs/remotes/origin/main [1ms]
2024-12-10 16:48:17.613 [info] > git for-each-ref --sort -committerdate --format %(refname) %(objectname) %(*objectname) [3ms]
2024-12-10 16:48:17.749 [info] > git status -z -uall [144ms]
2024-12-10 16:48:22.766 [info] > git config --get commit.template [7ms]
2024-12-10 16:48:22.770 [info] > git for-each-ref --format=%(refname)%00%(upstream:short)%00%(objectname)%00%(upstream:track)%00%(upstream:remotename)%00%(upstream:remoteref) refs/heads/main refs/remotes/main [5ms]
2024-12-10 16:48:22.773 [warning] [Git][revParse] Unable to read file: ENOENT: no such file or directory, open '/home/olga/.git/refs/remotes/origin/main'
2024-12-10 16:48:22.775 [info] > git rev-parse refs/remotes/origin/main [2ms]
2024-12-10 16:48:22.786 [info] > git for-each-ref --sort -committerdate --format %(refname) %(objectname) %(*objectname) [3ms]
2024-12-10 16:48:22.910 [info] > git status -z -uall [132ms]
2024-12-10 16:48:27.265 [info] > git config --get commit.template [7ms]
2024-12-10 16:48:27.267 [info] > git for-each-ref --format=%(refname)%00%(upstream:short)%00%(objectname)%00%(upstream:track)%00%(upstream:remotename)%00%(upstream:remoteref) refs/heads/main refs/remotes/main [3ms]
2024-12-10 16:48:27.280 [warning] [Git][revParse] Unable to read file: ENOENT: no such file or directory, open '/home/olga/frontend-project-46/.git/refs/remotes/origin/main'
2024-12-10 16:48:27.284 [info] > git rev-parse refs/remotes/origin/main [3ms]
2024-12-10 16:48:27.309 [info] > git status -z -uall [12ms]
2024-12-10 16:48:27.311 [info] > git for-each-ref --sort -committerdate --format %(refname) %(objectname) %(*objectname) [3ms]
2024-12-10 16:48:27.927 [info] > git config --get commit.template [7ms]
2024-12-10 16:48:27.929 [info] > git for-each-ref --format=%(refname)%00%(upstream:short)%00%(objectname)%00%(upstream:track)%00%(upstream:remotename)%00%(upstream:remoteref) refs/heads/main refs/remotes/main [4ms]
2024-12-10 16:48:27.936 [warning] [Git][revParse] Unable to read file: ENOENT: no such file or directory, open '/home/olga/.git/refs/remotes/origin/main'
2024-12-10 16:48:27.938 [info] > git rev-parse refs/remotes/origin/main [1ms]
2024-12-10 16:48:27.958 [info] > git for-each-ref --sort -committerdate --format %(refname) %(objectname) %(*objectname) [9ms]
2024-12-10 16:48:28.164 [info] > git status -z -uall [220ms]
2024-12-10 16:49:19.851 [info] > git config --get commit.template [5ms]
2024-12-10 16:49:19.865 [info] > git for-each-ref --format=%(refname)%00%(upstream:short)%00%(objectname)%00%(upstream:track)%00%(upstream:remotename)%00%(upstream:remoteref) refs/heads/main refs/remotes/main [4ms]
2024-12-10 16:49:19.873 [warning] [Git][revParse] Unable to read file: ENOENT: no such file or directory, open '/home/olga/.git/refs/remotes/origin/main'
2024-12-10 16:49:19.882 [info] > git rev-parse refs/remotes/origin/main [10ms]
2024-12-10 16:49:19.923 [info] > git for-each-ref --sort -committerdate --format %(refname) %(objectname) %(*objectname) [16ms]
2024-12-10 16:49:20.104 [info] > git status -z -uall [214ms]
2024-12-10 16:49:25.148 [info] > git config --get commit.template [11ms]
2024-12-10 16:49:25.152 [info] > git for-each-ref --format=%(refname)%00%(upstream:short)%00%(objectname)%00%(upstream:track)%00%(upstream:remotename)%00%(upstream:remoteref) refs/heads/main refs/remotes/main [6ms]
2024-12-10 16:49:25.158 [warning] [Git][revParse] Unable to read file: ENOENT: no such file or directory, open '/home/olga/.git/refs/remotes/origin/main'
2024-12-10 16:49:25.162 [info] > git rev-parse refs/remotes/origin/main [4ms]
2024-12-10 16:49:25.175 [info] > git for-each-ref --sort -committerdate --format %(refname) %(objectname) %(*objectname) [5ms]
2024-12-10 16:49:25.294 [info] > git status -z -uall [129ms]
2024-12-10 16:49:28.192 [info] > git show --textconv :gendiff.js [11ms]
2024-12-10 16:49:28.194 [info] > git ls-files --stage -- /home/olga/frontend-project-46/gendiff.js [5ms]
2024-12-10 16:49:28.209 [info] > git cat-file -s e69de29bb2d1d6434b8b29ae775ad8c2e48c5391 [4ms]
2024-12-10 16:49:30.332 [info] > git config --get commit.template [11ms]
2024-12-10 16:49:30.335 [info] > git for-each-ref --format=%(refname)%00%(upstream:short)%00%(objectname)%00%(upstream:track)%00%(upstream:remotename)%00%(upstream:remoteref) refs/heads/main refs/remotes/main [4ms]
2024-12-10 16:49:30.340 [warning] [Git][revParse] Unable to read file: ENOENT: no such file or directory, open '/home/olga/.git/refs/remotes/origin/main'
2024-12-10 16:49:30.342 [info] > git rev-parse refs/remotes/origin/main [2ms]
2024-12-10 16:49:30.357 [info] > git for-each-ref --sort -committerdate --format %(refname) %(objectname) %(*objectname) [4ms]
2024-12-10 16:49:30.463 [info] > git status -z -uall [117ms]
2024-12-10 16:49:35.503 [info] > git config --get commit.template [18ms]
2024-12-10 16:49:35.511 [info] > git for-each-ref --format=%(refname)%00%(upstream:short)%00%(objectname)%00%(upstream:track)%00%(upstream:remotename)%00%(upstream:remoteref) refs/heads/main refs/remotes/main [11ms]
2024-12-10 16:49:35.525 [warning] [Git][revParse] Unable to read file: ENOENT: no such file or directory, open '/home/olga/.git/refs/remotes/origin/main'
2024-12-10 16:49:35.527 [info] > git rev-parse refs/remotes/origin/main [3ms]
2024-12-10 16:49:35.545 [info] > git for-each-ref --sort -committerdate --format %(refname) %(objectname) %(*objectname) [3ms]
2024-12-10 16:49:35.648 [info] > git status -z -uall [116ms]
2024-12-10 16:49:40.681 [info] > git config --get commit.template [10ms]
2024-12-10 16:49:40.684 [info] > git for-each-ref --format=%(refname)%00%(upstream:short)%00%(objectname)%00%(upstream:track)%00%(upstream:remotename)%00%(upstream:remoteref) refs/heads/main refs/remotes/main [4ms]
2024-12-10 16:49:40.689 [warning] [Git][revParse] Unable to read file: ENOENT: no such file or directory, open '/home/olga/.git/refs/remotes/origin/main'
2024-12-10 16:49:40.690 [info] > git rev-parse refs/remotes/origin/main [1ms]
2024-12-10 16:49:40.702 [info] > git for-each-ref --sort -committerdate --format %(refname) %(objectname) %(*objectname) [3ms]
2024-12-10 16:49:40.834 [info] > git status -z -uall [140ms]
2024-12-10 16:49:45.867 [info] > git config --get commit.template [12ms]
2024-12-10 16:49:45.876 [info] > git for-each-ref --format=%(refname)%00%(upstream:short)%00%(objectname)%00%(upstream:track)%00%(upstream:remotename)%00%(upstream:remoteref) refs/heads/main refs/remotes/main [11ms]
2024-12-10 16:49:45.882 [warning] [Git][revParse] Unable to read file: ENOENT: no such file or directory, open '/home/olga/.git/refs/remotes/origin/main'
2024-12-10 16:49:45.883 [info] > git rev-parse refs/remotes/origin/main [1ms]
2024-12-10 16:49:45.895 [info] > git for-each-ref --sort -committerdate --format %(refname) %(objectname) %(*objectname) [3ms]
2024-12-10 16:49:46.026 [info] > git status -z -uall [139ms]
2024-12-10 16:49:51.055 [info] > git config --get commit.template [11ms]
2024-12-10 16:49:51.080 [info] > git for-each-ref --format=%(refname)%00%(upstream:short)%00%(objectname)%00%(upstream:track)%00%(upstream:remotename)%00%(upstream:remoteref) refs/heads/main refs/remotes/main [15ms]
2024-12-10 16:49:51.085 [warning] [Git][revParse] Unable to read file: ENOENT: no such file or directory, open '/home/olga/.git/refs/remotes/origin/main'
2024-12-10 16:49:51.087 [info] > git rev-parse refs/remotes/origin/main [2ms]
2024-12-10 16:49:51.102 [info] > git for-each-ref --sort -committerdate --format %(refname) %(objectname) %(*objectname) [1ms]
2024-12-10 16:49:51.267 [info] > git status -z -uall [176ms]
2024-12-10 16:49:56.282 [info] > git config --get commit.template [7ms]
2024-12-10 16:49:56.287 [info] > git for-each-ref --format=%(refname)%00%(upstream:short)%00%(objectname)%00%(upstream:track)%00%(upstream:remotename)%00%(upstream:remoteref) refs/heads/main refs/remotes/main [5ms]
2024-12-10 16:49:56.291 [warning] [Git][revParse] Unable to read file: ENOENT: no such file or directory, open '/home/olga/.git/refs/remotes/origin/main'
2024-12-10 16:49:56.293 [info] > git rev-parse refs/remotes/origin/main [2ms]
2024-12-10 16:49:56.305 [info] > git for-each-ref --sort -committerdate --format %(refname) %(objectname) %(*objectname) [3ms]
2024-12-10 16:49:56.427 [info] > git status -z -uall [131ms]
2024-12-10 16:50:01.441 [info] > git config --get commit.template [2ms]
2024-12-10 16:50:01.446 [info] > git for-each-ref --format=%(refname)%00%(upstream:short)%00%(objectname)%00%(upstream:track)%00%(upstream:remotename)%00%(upstream:remoteref) refs/heads/main refs/remotes/main [2ms]
2024-12-10 16:50:01.450 [warning] [Git][revParse] Unable to read file: ENOENT: no such file or directory, open '/home/olga/.git/refs/remotes/origin/main'
2024-12-10 16:50:01.451 [info] > git rev-parse refs/remotes/origin/main [1ms]
2024-12-10 16:50:01.465 [info] > git for-each-ref --sort -committerdate --format %(refname) %(objectname) %(*objectname) [6ms]
2024-12-10 16:50:01.574 [info] > git status -z -uall [120ms]
2024-12-10 16:50:06.602 [info] > git config --get commit.template [12ms]
2024-12-10 16:50:06.609 [info] > git for-each-ref --format=%(refname)%00%(upstream:short)%00%(objectname)%00%(upstream:track)%00%(upstream:remotename)%00%(upstream:remoteref) refs/heads/main refs/remotes/main [9ms]
2024-12-10 16:50:06.619 [warning] [Git][revParse] Unable to read file: ENOENT: no such file or directory, open '/home/olga/.git/refs/remotes/origin/main'
2024-12-10 16:50:06.621 [info] > git rev-parse refs/remotes/origin/main [3ms]
2024-12-10 16:50:06.638 [info] > git for-each-ref --sort -committerdate --format %(refname) %(objectname) %(*objectname) [4ms]
2024-12-10 16:50:06.751 [info] > git status -z -uall [124ms]
2024-12-10 16:50:11.774 [info] > git config --get commit.template [11ms]
2024-12-10 16:50:11.775 [info] > git for-each-ref --format=%(refname)%00%(upstream:short)%00%(objectname)%00%(upstream:track)%00%(upstream:remotename)%00%(upstream:remoteref) refs/heads/main refs/remotes/main [2ms]
2024-12-10 16:50:11.782 [warning] [Git][revParse] Unable to read file: ENOENT: no such file or directory, open '/home/olga/.git/refs/remotes/origin/main'
2024-12-10 16:50:11.784 [info] > git rev-parse refs/remotes/origin/main [2ms]
2024-12-10 16:50:11.820 [info] > git for-each-ref --sort -committerdate --format %(refname) %(objectname) %(*objectname) [20ms]
2024-12-10 16:50:12.038 [info] > git status -z -uall [246ms]
2024-12-10 16:50:17.069 [info] > git config --get commit.template [13ms]
2024-12-10 16:50:17.076 [info] > git for-each-ref --format=%(refname)%00%(upstream:short)%00%(objectname)%00%(upstream:track)%00%(upstream:remotename)%00%(upstream:remoteref) refs/heads/main refs/remotes/main [8ms]
2024-12-10 16:50:17.084 [warning] [Git][revParse] Unable to read file: ENOENT: no such file or directory, open '/home/olga/.git/refs/remotes/origin/main'
2024-12-10 16:50:17.085 [info] > git rev-parse refs/remotes/origin/main [1ms]
2024-12-10 16:50:17.102 [info] > git for-each-ref --sort -committerdate --format %(refname) %(objectname) %(*objectname) [4ms]
2024-12-10 16:50:17.246 [info] > git status -z -uall [155ms]
2024-12-10 16:50:22.312 [info] > git config --get commit.template [3ms]
2024-12-10 16:50:22.360 [info] > git for-each-ref --format=%(refname)%00%(upstream:short)%00%(objectname)%00%(upstream:track)%00%(upstream:remotename)%00%(upstream:remoteref) refs/heads/main refs/remotes/main [43ms]
2024-12-10 16:50:22.365 [warning] [Git][revParse] Unable to read file: ENOENT: no such file or directory, open '/home/olga/.git/refs/remotes/origin/main'
2024-12-10 16:50:22.367 [info] > git rev-parse refs/remotes/origin/main [3ms]
2024-12-10 16:50:22.394 [info] > git for-each-ref --sort -committerdate --format %(refname) %(objectname) %(*objectname) [13ms]
2024-12-10 16:50:22.580 [info] > git status -z -uall [209ms]
2024-12-10 16:50:27.619 [info] > git config --get commit.template [13ms]
2024-12-10 16:50:27.622 [info] > git for-each-ref --format=%(refname)%00%(upstream:short)%00%(objectname)%00%(upstream:track)%00%(upstream:remotename)%00%(upstream:remoteref) refs/heads/main refs/remotes/main [5ms]
2024-12-10 16:50:27.626 [warning] [Git][revParse] Unable to read file: ENOENT: no such file or directory, open '/home/olga/.git/refs/remotes/origin/main'
2024-12-10 16:50:27.628 [info] > git rev-parse refs/remotes/origin/main [2ms]
2024-12-10 16:50:27.639 [info] > git for-each-ref --sort -committerdate --format %(refname) %(objectname) %(*objectname) [3ms]
2024-12-10 16:50:27.744 [info] > git status -z -uall [112ms]
2024-12-10 16:50:34.021 [info] > git config --get commit.template [6ms]
2024-12-10 16:50:34.030 [info] > git for-each-ref --format=%(refname)%00%(upstream:short)%00%(objectname)%00%(upstream:track)%00%(upstream:remotename)%00%(upstream:remoteref) refs/heads/main refs/remotes/main [10ms]
2024-12-10 16:50:34.034 [warning] [Git][revParse] Unable to read file: ENOENT: no such file or directory, open '/home/olga/.git/refs/remotes/origin/main'
2024-12-10 16:50:34.036 [info] > git rev-parse refs/remotes/origin/main [2ms]
2024-12-10 16:50:34.053 [info] > git for-each-ref --sort -committerdate --format %(refname) %(objectname) %(*objectname) [4ms]
2024-12-10 16:50:34.195 [info] > git status -z -uall [155ms]
2024-12-10 16:50:39.241 [info] > git config --get commit.template [16ms]
2024-12-10 16:50:39.245 [info] > git for-each-ref --format=%(refname)%00%(upstream:short)%00%(objectname)%00%(upstream:track)%00%(upstream:remotename)%00%(upstream:remoteref) refs/heads/main refs/remotes/main [6ms]
2024-12-10 16:50:39.253 [warning] [Git][revParse] Unable to read file: ENOENT: no such file or directory, open '/home/olga/.git/refs/remotes/origin/main'
2024-12-10 16:50:39.257 [info] > git rev-parse refs/remotes/origin/main [4ms]
2024-12-10 16:50:39.279 [info] > git for-each-ref --sort -committerdate --format %(refname) %(objectname) %(*objectname) [5ms]
2024-12-10 16:50:39.531 [info] > git status -z -uall [263ms]
2024-12-10 16:50:44.570 [info] > git config --get commit.template [28ms]
2024-12-10 16:50:44.572 [info] > git for-each-ref --format=%(refname)%00%(upstream:short)%00%(objectname)%00%(upstream:track)%00%(upstream:remotename)%00%(upstream:remoteref) refs/heads/main refs/remotes/main [5ms]
2024-12-10 16:50:44.578 [warning] [Git][revParse] Unable to read file: ENOENT: no such file or directory, open '/home/olga/.git/refs/remotes/origin/main'
2024-12-10 16:50:44.580 [info] > git rev-parse refs/remotes/origin/main [2ms]
2024-12-10 16:50:44.611 [info] > git for-each-ref --sort -committerdate --format %(refname) %(objectname) %(*objectname) [5ms]
2024-12-10 16:50:44.863 [info] > git status -z -uall [270ms]
2024-12-10 16:50:50.325 [info] > git config --get commit.template [9ms]
2024-12-10 16:50:50.327 [info] > git for-each-ref --format=%(refname)%00%(upstream:short)%00%(objectname)%00%(upstream:track)%00%(upstream:remotename)%00%(upstream:remoteref) refs/heads/main refs/remotes/main [3ms]
2024-12-10 16:50:50.331 [warning] [Git][revParse] Unable to read file: ENOENT: no such file or directory, open '/home/olga/.git/refs/remotes/origin/main'
2024-12-10 16:50:50.333 [info] > git rev-parse refs/remotes/origin/main [2ms]
2024-12-10 16:50:50.353 [info] > git for-each-ref --sort -committerdate --format %(refname) %(objectname) %(*objectname) [13ms]
2024-12-10 16:50:50.480 [info] > git status -z -uall [144ms]
2024-12-10 16:50:55.497 [info] > git config --get commit.template [7ms]
2024-12-10 16:50:55.502 [info] > git for-each-ref --format=%(refname)%00%(upstream:short)%00%(objectname)%00%(upstream:track)%00%(upstream:remotename)%00%(upstream:remoteref) refs/heads/main refs/remotes/main [6ms]
2024-12-10 16:50:55.508 [warning] [Git][revParse] Unable to read file: ENOENT: no such file or directory, open '/home/olga/.git/refs/remotes/origin/main'
2024-12-10 16:50:55.510 [info] > git rev-parse refs/remotes/origin/main [3ms]
2024-12-10 16:50:55.525 [info] > git for-each-ref --sort -committerdate --format %(refname) %(objectname) %(*objectname) [7ms]
2024-12-10 16:50:55.683 [info] > git status -z -uall [170ms]
2024-12-10 16:51:00.705 [info] > git config --get commit.template [9ms]
2024-12-10 16:51:00.708 [info] > git for-each-ref --format=%(refname)%00%(upstream:short)%00%(objectname)%00%(upstream:track)%00%(upstream:remotename)%00%(upstream:remoteref) refs/heads/main refs/remotes/main [4ms]
2024-12-10 16:51:00.711 [warning] [Git][revParse] Unable to read file: ENOENT: no such file or directory, open '/home/olga/.git/refs/remotes/origin/main'
2024-12-10 16:51:00.712 [info] > git rev-parse refs/remotes/origin/main [1ms]
2024-12-10 16:51:00.732 [info] > git for-each-ref --sort -committerdate --format %(refname) %(objectname) %(*objectname) [9ms]
2024-12-10 16:51:00.897 [info] > git status -z -uall [180ms]
2024-12-10 16:51:05.928 [info] > git config --get commit.template [13ms]
2024-12-10 16:51:05.929 [info] > git for-each-ref --format=%(refname)%00%(upstream:short)%00%(objectname)%00%(upstream:track)%00%(upstream:remotename)%00%(upstream:remoteref) refs/heads/main refs/remotes/main [2ms]
2024-12-10 16:51:05.944 [warning] [Git][revParse] Unable to read file: ENOENT: no such file or directory, open '/home/olga/.git/refs/remotes/origin/main'
2024-12-10 16:51:05.945 [info] > git rev-parse refs/remotes/origin/main [2ms]
2024-12-10 16:51:05.966 [info] > git for-each-ref --sort -committerdate --format %(refname) %(objectname) %(*objectname) [3ms]
2024-12-10 16:51:06.334 [info] > git status -z -uall [377ms]
2024-12-10 16:52:09.455 [info] > git config --get commit.template [15ms]
2024-12-10 16:52:09.459 [info] > git for-each-ref --format=%(refname)%00%(upstream:short)%00%(objectname)%00%(upstream:track)%00%(upstream:remotename)%00%(upstream:remoteref) refs/heads/main refs/remotes/main [6ms]
2024-12-10 16:52:09.469 [warning] [Git][revParse] Unable to read file: ENOENT: no such file or directory, open '/home/olga/.git/refs/remotes/origin/main'
2024-12-10 16:52:09.470 [info] > git rev-parse refs/remotes/origin/main [2ms]
2024-12-10 16:52:09.496 [info] > git for-each-ref --sort -committerdate --format %(refname) %(objectname) %(*objectname) [9ms]
2024-12-10 16:52:09.731 [info] > git status -z -uall [249ms]
2024-12-10 16:52:14.752 [info] > git config --get commit.template [7ms]
2024-12-10 16:52:14.754 [info] > git for-each-ref --format=%(refname)%00%(upstream:short)%00%(objectname)%00%(upstream:track)%00%(upstream:remotename)%00%(upstream:remoteref) refs/heads/main refs/remotes/main [3ms]
2024-12-10 16:52:14.760 [warning] [Git][revParse] Unable to read file: ENOENT: no such file or directory, open '/home/olga/.git/refs/remotes/origin/main'
2024-12-10 16:52:14.764 [info] > git rev-parse refs/remotes/origin/main [4ms]
2024-12-10 16:52:14.782 [info] > git for-each-ref --sort -committerdate --format %(refname) %(objectname) %(*objectname) [3ms]
2024-12-10 16:52:14.927 [info] > git status -z -uall [154ms]
2024-12-10 16:52:39.989 [info] > git config --get commit.template [15ms]
2024-12-10 16:52:39.992 [info] > git for-each-ref --format %(refname) %(objectname) %(*objectname) refs/tags [5ms]
2024-12-10 16:52:40.014 [info] > git status -z -uall [13ms]
2024-12-10 16:52:40.020 [info] > git for-each-ref --sort -committerdate --format %(refname) %(objectname) %(*objectname) [8ms]
2024-12-10 16:52:41.390 [info] > git config --get commit.template [4ms]
2024-12-10 16:52:41.393 [info] > git for-each-ref --format=%(refname)%00%(upstream:short)%00%(objectname)%00%(upstream:track)%00%(upstream:remotename)%00%(upstream:remoteref) refs/heads/main refs/remotes/main [3ms]
2024-12-10 16:52:41.397 [warning] [Git][revParse] Unable to read file: ENOENT: no such file or directory, open '/home/olga/.git/refs/remotes/origin/main'
2024-12-10 16:52:41.398 [info] > git rev-parse refs/remotes/origin/main [2ms]
2024-12-10 16:52:41.408 [info] > git for-each-ref --sort -committerdate --format %(refname) %(objectname) %(*objectname) [2ms]
2024-12-10 16:52:41.507 [info] > git status -z -uall [106ms]
2024-12-10 16:52:46.529 [info] > git config --get commit.template [4ms]
2024-12-10 16:52:46.530 [info] > git for-each-ref --format=%(refname)%00%(upstream:short)%00%(objectname)%00%(upstream:track)%00%(upstream:remotename)%00%(upstream:remoteref) refs/heads/main refs/remotes/main [2ms]
2024-12-10 16:52:46.534 [warning] [Git][revParse] Unable to read file: ENOENT: no such file or directory, open '/home/olga/.git/refs/remotes/origin/main'
2024-12-10 16:52:46.535 [info] > git rev-parse refs/remotes/origin/main [1ms]
2024-12-10 16:52:46.549 [info] > git for-each-ref --sort -committerdate --format %(refname) %(objectname) %(*objectname) [7ms]
2024-12-10 16:52:46.646 [info] > git status -z -uall [108ms]
2024-12-10 16:52:51.660 [info] > git config --get commit.template [3ms]
2024-12-10 16:52:51.666 [info] > git for-each-ref --format=%(refname)%00%(upstream:short)%00%(objectname)%00%(upstream:track)%00%(upstream:remotename)%00%(upstream:remoteref) refs/heads/main refs/remotes/main [2ms]
2024-12-10 16:52:51.669 [warning] [Git][revParse] Unable to read file: ENOENT: no such file or directory, open '/home/olga/.git/refs/remotes/origin/main'
2024-12-10 16:52:51.670 [info] > git rev-parse refs/remotes/origin/main [1ms]
2024-12-10 16:52:51.685 [info] > git for-each-ref --sort -committerdate --format %(refname) %(objectname) %(*objectname) [7ms]
2024-12-10 16:52:51.783 [info] > git status -z -uall [110ms]
2024-12-10 16:52:56.802 [info] > git config --get commit.template [7ms]
2024-12-10 16:52:56.804 [info] > git for-each-ref --format=%(refname)%00%(upstream:short)%00%(objectname)%00%(upstream:track)%00%(upstream:remotename)%00%(upstream:remoteref) refs/heads/main refs/remotes/main [3ms]
2024-12-10 16:52:56.807 [warning] [Git][revParse] Unable to read file: ENOENT: no such file or directory, open '/home/olga/.git/refs/remotes/origin/main'
2024-12-10 16:52:56.808 [info] > git rev-parse refs/remotes/origin/main [1ms]
2024-12-10 16:52:56.819 [info] > git for-each-ref --sort -committerdate --format %(refname) %(objectname) %(*objectname) [3ms]
2024-12-10 16:52:56.917 [info] > git status -z -uall [106ms]
2024-12-10 16:53:01.930 [info] > git config --get commit.template [5ms]
2024-12-10 16:53:01.931 [info] > git for-each-ref --format=%(refname)%00%(upstream:short)%00%(objectname)%00%(upstream:track)%00%(upstream:remotename)%00%(upstream:remoteref) refs/heads/main refs/remotes/main [2ms]
2024-12-10 16:53:01.935 [warning] [Git][revParse] Unable to read file: ENOENT: no such file or directory, open '/home/olga/.git/refs/remotes/origin/main'
2024-12-10 16:53:01.936 [info] > git rev-parse refs/remotes/origin/main [1ms]
2024-12-10 16:53:01.947 [info] > git for-each-ref --sort -committerdate --format %(refname) %(objectname) %(*objectname) [3ms]
2024-12-10 16:53:02.048 [info] > git status -z -uall [108ms]
2024-12-10 16:53:07.063 [info] > git config --get commit.template [5ms]
2024-12-10 16:53:07.064 [info] > git for-each-ref --format=%(refname)%00%(upstream:short)%00%(objectname)%00%(upstream:track)%00%(upstream:remotename)%00%(upstream:remoteref) refs/heads/main refs/remotes/main [2ms]
2024-12-10 16:53:07.068 [warning] [Git][revParse] Unable to read file: ENOENT: no such file or directory, open '/home/olga/.git/refs/remotes/origin/main'
2024-12-10 16:53:07.069 [info] > git rev-parse refs/remotes/origin/main [1ms]
2024-12-10 16:53:07.081 [info] > git for-each-ref --sort -committerdate --format %(refname) %(objectname) %(*objectname) [3ms]
2024-12-10 16:53:07.181 [info] > git status -z -uall [108ms]
2024-12-10 16:53:12.193 [info] > git config --get commit.template [4ms]
2024-12-10 16:53:12.200 [info] > git for-each-ref --format=%(refname)%00%(upstream:short)%00%(objectname)%00%(upstream:track)%00%(upstream:remotename)%00%(upstream:remoteref) refs/heads/main refs/remotes/main [3ms]
2024-12-10 16:53:12.203 [warning] [Git][revParse] Unable to read file: ENOENT: no such file or directory, open '/home/olga/.git/refs/remotes/origin/main'
2024-12-10 16:53:12.205 [info] > git rev-parse refs/remotes/origin/main [1ms]
2024-12-10 16:53:12.217 [info] > git for-each-ref --sort -committerdate --format %(refname) %(objectname) %(*objectname) [5ms]
2024-12-10 16:53:12.322 [info] > git status -z -uall [114ms]
2024-12-10 16:53:17.359 [info] > git config --get commit.template [15ms]
2024-12-10 16:53:17.364 [info] > git for-each-ref --format=%(refname)%00%(upstream:short)%00%(objectname)%00%(upstream:track)%00%(upstream:remotename)%00%(upstream:remoteref) refs/heads/main refs/remotes/main [8ms]
2024-12-10 16:53:17.371 [warning] [Git][revParse] Unable to read file: ENOENT: no such file or directory, open '/home/olga/.git/refs/remotes/origin/main'
2024-12-10 16:53:17.373 [info] > git rev-parse refs/remotes/origin/main [3ms]
2024-12-10 16:53:17.385 [info] > git for-each-ref --sort -committerdate --format %(refname) %(objectname) %(*objectname) [3ms]
2024-12-10 16:53:17.490 [info] > git status -z -uall [113ms]
2024-12-10 16:54:05.798 [info] > git config --get commit.template [11ms]
2024-12-10 16:54:05.802 [info] > git for-each-ref --format=%(refname)%00%(upstream:short)%00%(objectname)%00%(upstream:track)%00%(upstream:remotename)%00%(upstream:remoteref) refs/heads/main refs/remotes/main [5ms]
2024-12-10 16:54:05.815 [warning] [Git][revParse] Unable to read file: ENOENT: no such file or directory, open '/home/olga/.git/refs/remotes/origin/main'
2024-12-10 16:54:05.819 [info] > git rev-parse refs/remotes/origin/main [4ms]
2024-12-10 16:54:05.873 [info] > git for-each-ref --sort -committerdate --format %(refname) %(objectname) %(*objectname) [15ms]
2024-12-10 16:54:06.027 [info] > git status -z -uall [199ms]
2024-12-10 16:54:11.048 [info] > git config --get commit.template [5ms]
2024-12-10 16:54:11.050 [info] > git for-each-ref --format=%(refname)%00%(upstream:short)%00%(objectname)%00%(upstream:track)%00%(upstream:remotename)%00%(upstream:remoteref) refs/heads/main refs/remotes/main [2ms]
2024-12-10 16:54:11.054 [warning] [Git][revParse] Unable to read file: ENOENT: no such file or directory, open '/home/olga/.git/refs/remotes/origin/main'
2024-12-10 16:54:11.055 [info] > git rev-parse refs/remotes/origin/main [1ms]
2024-12-10 16:54:11.067 [info] > git for-each-ref --sort -committerdate --format %(refname) %(objectname) %(*objectname) [3ms]
2024-12-10 16:54:11.192 [info] > git status -z -uall [133ms]
2024-12-10 16:54:21.314 [info] > git config --get commit.template [2ms]
2024-12-10 16:54:21.329 [info] > git for-each-ref --format=%(refname)%00%(upstream:short)%00%(objectname)%00%(upstream:track)%00%(upstream:remotename)%00%(upstream:remoteref) refs/heads/main refs/remotes/main [6ms]
2024-12-10 16:54:21.341 [warning] [Git][revParse] Unable to read file: ENOENT: no such file or directory, open '/home/olga/.git/refs/remotes/origin/main'
2024-12-10 16:54:21.343 [info] > git rev-parse refs/remotes/origin/main [2ms]
2024-12-10 16:54:21.366 [info] > git for-each-ref --sort -committerdate --format %(refname) %(objectname) %(*objectname) [11ms]
2024-12-10 16:54:21.539 [info] > git status -z -uall [192ms]
2024-12-10 16:54:26.575 [info] > git config --get commit.template [11ms]
2024-12-10 16:54:26.600 [info] > git for-each-ref --format=%(refname)%00%(upstream:short)%00%(objectname)%00%(upstream:track)%00%(upstream:remotename)%00%(upstream:remoteref) refs/heads/main refs/remotes/main [6ms]
2024-12-10 16:54:26.607 [warning] [Git][revParse] Unable to read file: ENOENT: no such file or directory, open '/home/olga/.git/refs/remotes/origin/main'
2024-12-10 16:54:26.609 [info] > git rev-parse refs/remotes/origin/main [3ms]
2024-12-10 16:54:26.626 [info] > git for-each-ref --sort -committerdate --format %(refname) %(objectname) %(*objectname) [5ms]
2024-12-10 16:54:26.735 [info] > git status -z -uall [121ms]
2024-12-10 16:54:31.783 [info] > git config --get commit.template [20ms]
2024-12-10 16:54:31.785 [info] > git for-each-ref --format=%(refname)%00%(upstream:short)%00%(objectname)%00%(upstream:track)%00%(upstream:remotename)%00%(upstream:remoteref) refs/heads/main refs/remotes/main [8ms]
2024-12-10 16:54:31.791 [warning] [Git][revParse] Unable to read file: ENOENT: no such file or directory, open '/home/olga/.git/refs/remotes/origin/main'
2024-12-10 16:54:31.792 [info] > git rev-parse refs/remotes/origin/main [1ms]
2024-12-10 16:54:31.805 [info] > git for-each-ref --sort -committerdate --format %(refname) %(objectname) %(*objectname) [4ms]
2024-12-10 16:54:31.951 [info] > git status -z -uall [154ms]
2024-12-10 16:54:59.908 [info] > git config --get commit.template [13ms]
2024-12-10 16:54:59.910 [info] > git for-each-ref --format=%(refname)%00%(upstream:short)%00%(objectname)%00%(upstream:track)%00%(upstream:remotename)%00%(upstream:remoteref) refs/heads/main refs/remotes/main [4ms]
2024-12-10 16:54:59.919 [warning] [Git][revParse] Unable to read file: ENOENT: no such file or directory, open '/home/olga/.git/refs/remotes/origin/main'
2024-12-10 16:54:59.923 [info] > git rev-parse refs/remotes/origin/main [4ms]
2024-12-10 16:54:59.951 [info] > git for-each-ref --sort -committerdate --format %(refname) %(objectname) %(*objectname) [11ms]
2024-12-10 16:55:00.171 [info] > git status -z -uall [242ms]
2024-12-10 16:55:12.109 [info] > git config --get commit.template [8ms]
2024-12-10 16:55:12.124 [info] > git for-each-ref --format=%(refname)%00%(upstream:short)%00%(objectname)%00%(upstream:track)%00%(upstream:remotename)%00%(upstream:remoteref) refs/heads/main refs/remotes/main [9ms]
2024-12-10 16:55:12.130 [warning] [Git][revParse] Unable to read file: ENOENT: no such file or directory, open '/home/olga/.git/refs/remotes/origin/main'
2024-12-10 16:55:12.132 [info] > git rev-parse refs/remotes/origin/main [2ms]
2024-12-10 16:55:12.169 [info] > git for-each-ref --sort -committerdate --format %(refname) %(objectname) %(*objectname) [4ms]
2024-12-10 16:55:12.330 [info] > git status -z -uall [184ms]
2024-12-10 16:55:17.391 [info] > git config --get commit.template [23ms]
2024-12-10 16:55:17.394 [info] > git for-each-ref --format=%(refname)%00%(upstream:short)%00%(objectname)%00%(upstream:track)%00%(upstream:remotename)%00%(upstream:remoteref) refs/heads/main refs/remotes/main [5ms]
2024-12-10 16:55:17.402 [warning] [Git][revParse] Unable to read file: ENOENT: no such file or directory, open '/home/olga/.git/refs/remotes/origin/main'
2024-12-10 16:55:17.404 [info] > git rev-parse refs/remotes/origin/main [2ms]
2024-12-10 16:55:17.432 [info] > git for-each-ref --sort -committerdate --format %(refname) %(objectname) %(*objectname) [14ms]
2024-12-10 16:55:17.528 [info] > git status -z -uall [118ms]
2024-12-10 16:55:20.598 [info] > git config --get commit.template [6ms]
2024-12-10 16:55:20.600 [info] > git for-each-ref --format %(refname) %(objectname) %(*objectname) refs/tags [2ms]
2024-12-10 16:55:20.613 [info] > git status -z -uall [8ms]
2024-12-10 16:55:20.614 [info] > git for-each-ref --sort -committerdate --format %(refname) %(objectname) %(*objectname) [3ms]
2024-12-10 16:55:22.579 [info] > git config --get commit.template [19ms]
2024-12-10 16:55:22.582 [info] > git for-each-ref --format=%(refname)%00%(upstream:short)%00%(objectname)%00%(upstream:track)%00%(upstream:remotename)%00%(upstream:remoteref) refs/heads/main refs/remotes/main [5ms]
2024-12-10 16:55:22.588 [warning] [Git][revParse] Unable to read file: ENOENT: no such file or directory, open '/home/olga/.git/refs/remotes/origin/main'
2024-12-10 16:55:22.590 [info] > git rev-parse refs/remotes/origin/main [2ms]
2024-12-10 16:55:22.605 [info] > git for-each-ref --sort -committerdate --format %(refname) %(objectname) %(*objectname) [3ms]
2024-12-10 16:55:22.711 [info] > git status -z -uall [116ms]
2024-12-10 16:55:27.726 [info] > git config --get commit.template [5ms]
2024-12-10 16:55:27.729 [info] > git for-each-ref --format=%(refname)%00%(upstream:short)%00%(objectname)%00%(upstream:track)%00%(upstream:remotename)%00%(upstream:remoteref) refs/heads/main refs/remotes/main [3ms]
2024-12-10 16:55:27.735 [warning] [Git][revParse] Unable to read file: ENOENT: no such file or directory, open '/home/olga/.git/refs/remotes/origin/main'
2024-12-10 16:55:27.737 [info] > git rev-parse refs/remotes/origin/main [2ms]
2024-12-10 16:55:27.757 [info] > git for-each-ref --sort -committerdate --format %(refname) %(objectname) %(*objectname) [10ms]
2024-12-10 16:55:27.866 [info] > git status -z -uall [124ms]
2024-12-10 16:55:32.888 [info] > git config --get commit.template [8ms]
2024-12-10 16:55:32.892 [info] > git for-each-ref --format=%(refname)%00%(upstream:short)%00%(objectname)%00%(upstream:track)%00%(upstream:remotename)%00%(upstream:remoteref) refs/heads/main refs/remotes/main [6ms]
2024-12-10 16:55:32.898 [warning] [Git][revParse] Unable to read file: ENOENT: no such file or directory, open '/home/olga/.git/refs/remotes/origin/main'
2024-12-10 16:55:32.900 [info] > git rev-parse refs/remotes/origin/main [2ms]
2024-12-10 16:55:32.928 [info] > git for-each-ref --sort -committerdate --format %(refname) %(objectname) %(*objectname) [15ms]
2024-12-10 16:55:33.026 [info] > git status -z -uall [120ms]
2024-12-10 16:55:40.323 [info] > git config --get commit.template [16ms]
2024-12-10 16:55:40.328 [info] > git for-each-ref --format=%(refname)%00%(upstream:short)%00%(objectname)%00%(upstream:track)%00%(upstream:remotename)%00%(upstream:remoteref) refs/heads/main refs/remotes/main [6ms]
2024-12-10 16:55:40.343 [warning] [Git][revParse] Unable to read file: ENOENT: no such file or directory, open '/home/olga/.git/refs/remotes/origin/main'
2024-12-10 16:55:40.345 [info] > git rev-parse refs/remotes/origin/main [2ms]
2024-12-10 16:55:40.366 [info] > git for-each-ref --sort -committerdate --format %(refname) %(objectname) %(*objectname) [3ms]
2024-12-10 16:55:40.502 [info] > git status -z -uall [152ms]
2024-12-10 16:55:45.524 [info] > git config --get commit.template [8ms]
2024-12-10 16:55:45.528 [info] > git for-each-ref --format=%(refname)%00%(upstream:short)%00%(objectname)%00%(upstream:track)%00%(upstream:remotename)%00%(upstream:remoteref) refs/heads/main refs/remotes/main [4ms]
2024-12-10 16:55:45.534 [warning] [Git][revParse] Unable to read file: ENOENT: no such file or directory, open '/home/olga/.git/refs/remotes/origin/main'
2024-12-10 16:55:45.536 [info] > git rev-parse refs/remotes/origin/main [2ms]
2024-12-10 16:55:45.553 [info] > git for-each-ref --sort -committerdate --format %(refname) %(objectname) %(*objectname) [5ms]
2024-12-10 16:55:45.668 [info] > git status -z -uall [128ms]
2024-12-10 16:56:11.173 [info] > git config --get commit.template [8ms]
2024-12-10 16:56:11.180 [info] > git for-each-ref --format=%(refname)%00%(upstream:short)%00%(objectname)%00%(upstream:track)%00%(upstream:remotename)%00%(upstream:remoteref) refs/heads/main refs/remotes/main [3ms]
2024-12-10 16:56:11.189 [warning] [Git][revParse] Unable to read file: ENOENT: no such file or directory, open '/home/olga/.git/refs/remotes/origin/main'
2024-12-10 16:56:11.191 [info] > git rev-parse refs/remotes/origin/main [2ms]
2024-12-10 16:56:11.210 [info] > git for-each-ref --sort -committerdate --format %(refname) %(objectname) %(*objectname) [3ms]
2024-12-10 16:56:11.387 [info] > git status -z -uall [185ms]
2024-12-10 16:56:16.439 [info] > git config --get commit.template [16ms]
2024-12-10 16:56:16.442 [info] > git for-each-ref --format=%(refname)%00%(upstream:short)%00%(objectname)%00%(upstream:track)%00%(upstream:remotename)%00%(upstream:remoteref) refs/heads/main refs/remotes/main [5ms]
2024-12-10 16:56:16.447 [warning] [Git][revParse] Unable to read file: ENOENT: no such file or directory, open '/home/olga/.git/refs/remotes/origin/main'
2024-12-10 16:56:16.449 [info] > git rev-parse refs/remotes/origin/main [2ms]
2024-12-10 16:56:16.467 [info] > git for-each-ref --sort -committerdate --format %(refname) %(objectname) %(*objectname) [10ms]
2024-12-10 16:56:16.568 [info] > git status -z -uall [115ms]
2024-12-10 16:56:27.397 [info] > git config --get commit.template [5ms]
2024-12-10 16:56:27.409 [info] > git for-each-ref --format=%(refname)%00%(upstream:short)%00%(objectname)%00%(upstream:track)%00%(upstream:remotename)%00%(upstream:remoteref) refs/heads/main refs/remotes/main [6ms]
2024-12-10 16:56:27.415 [warning] [Git][revParse] Unable to read file: ENOENT: no such file or directory, open '/home/olga/.git/refs/remotes/origin/main'
2024-12-10 16:56:27.418 [info] > git rev-parse refs/remotes/origin/main [3ms]
2024-12-10 16:56:27.436 [info] > git for-each-ref --sort -committerdate --format %(refname) %(objectname) %(*objectname) [3ms]
2024-12-10 16:56:27.615 [info] > git status -z -uall [188ms]
2024-12-10 16:56:32.659 [info] > git config --get commit.template [8ms]
2024-12-10 16:56:32.675 [info] > git for-each-ref --format=%(refname)%00%(upstream:short)%00%(objectname)%00%(upstream:track)%00%(upstream:remotename)%00%(upstream:remoteref) refs/heads/main refs/remotes/main [6ms]
2024-12-10 16:56:32.679 [warning] [Git][revParse] Unable to read file: ENOENT: no such file or directory, open '/home/olga/.git/refs/remotes/origin/main'
2024-12-10 16:56:32.680 [info] > git rev-parse refs/remotes/origin/main [1ms]
2024-12-10 16:56:32.691 [info] > git for-each-ref --sort -committerdate --format %(refname) %(objectname) %(*objectname) [3ms]
2024-12-10 16:56:32.800 [info] > git status -z -uall [116ms]
2024-12-10 16:57:36.140 [info] > git config --get commit.template [4ms]
2024-12-10 16:57:36.152 [info] > git for-each-ref --format=%(refname)%00%(upstream:short)%00%(objectname)%00%(upstream:track)%00%(upstream:remotename)%00%(upstream:remoteref) refs/heads/main refs/remotes/main [5ms]
2024-12-10 16:57:36.157 [warning] [Git][revParse] Unable to read file: ENOENT: no such file or directory, open '/home/olga/.git/refs/remotes/origin/main'
2024-12-10 16:57:36.159 [info] > git rev-parse refs/remotes/origin/main [1ms]
2024-12-10 16:57:36.188 [info] > git for-each-ref --sort -committerdate --format %(refname) %(objectname) %(*objectname) [10ms]
2024-12-10 16:57:36.405 [info] > git status -z -uall [242ms]
2024-12-10 16:57:41.436 [info] > git config --get commit.template [7ms]
2024-12-10 16:57:41.447 [info] > git for-each-ref --format=%(refname)%00%(upstream:short)%00%(objectname)%00%(upstream:track)%00%(upstream:remotename)%00%(upstream:remoteref) refs/heads/main refs/remotes/main [3ms]
2024-12-10 16:57:41.451 [warning] [Git][revParse] Unable to read file: ENOENT: no such file or directory, open '/home/olga/.git/refs/remotes/origin/main'
2024-12-10 16:57:41.453 [info] > git rev-parse refs/remotes/origin/main [2ms]
2024-12-10 16:57:41.464 [info] > git for-each-ref --sort -committerdate --format %(refname) %(objectname) %(*objectname) [3ms]
2024-12-10 16:57:41.569 [info] > git status -z -uall [113ms]
2024-12-10 16:57:46.617 [info] > git config --get commit.template [14ms]
2024-12-10 16:57:46.620 [info] > git for-each-ref --format=%(refname)%00%(upstream:short)%00%(objectname)%00%(upstream:track)%00%(upstream:remotename)%00%(upstream:remoteref) refs/heads/main refs/remotes/main [7ms]
2024-12-10 16:57:46.624 [warning] [Git][revParse] Unable to read file: ENOENT: no such file or directory, open '/home/olga/.git/refs/remotes/origin/main'
2024-12-10 16:57:46.630 [info] > git rev-parse refs/remotes/origin/main [6ms]
2024-12-10 16:57:46.646 [info] > git for-each-ref --sort -committerdate --format %(refname) %(objectname) %(*objectname) [3ms]
2024-12-10 16:57:46.793 [info] > git status -z -uall [155ms]
2024-12-10 16:58:44.620 [info] > git config --get commit.template [3ms]
2024-12-10 16:58:44.634 [info] > git for-each-ref --format=%(refname)%00%(upstream:short)%00%(objectname)%00%(upstream:track)%00%(upstream:remotename)%00%(upstream:remoteref) refs/heads/main refs/remotes/main [7ms]
2024-12-10 16:58:44.640 [warning] [Git][revParse] Unable to read file: ENOENT: no such file or directory, open '/home/olga/.git/refs/remotes/origin/main'
2024-12-10 16:58:44.642 [info] > git rev-parse refs/remotes/origin/main [2ms]
2024-12-10 16:58:44.686 [info] > git for-each-ref --sort -committerdate --format %(refname) %(objectname) %(*objectname) [4ms]
2024-12-10 16:58:44.863 [info] > git status -z -uall [206ms]
2024-12-10 16:58:57.773 [info] > git config --get commit.template [10ms]
2024-12-10 16:58:57.781 [info] > git for-each-ref --format=%(refname)%00%(upstream:short)%00%(objectname)%00%(upstream:track)%00%(upstream:remotename)%00%(upstream:remoteref) refs/heads/main refs/remotes/main [9ms]
2024-12-10 16:58:57.789 [warning] [Git][revParse] Unable to read file: ENOENT: no such file or directory, open '/home/olga/.git/refs/remotes/origin/main'
2024-12-10 16:58:57.791 [info] > git rev-parse refs/remotes/origin/main [2ms]
2024-12-10 16:58:57.816 [info] > git for-each-ref --sort -committerdate --format %(refname) %(objectname) %(*objectname) [5ms]
2024-12-10 16:58:57.982 [info] > git status -z -uall [178ms]
2024-12-10 16:59:29.276 [info] > git config --get commit.template [13ms]
2024-12-10 16:59:29.282 [info] > git for-each-ref --format=%(refname)%00%(upstream:short)%00%(objectname)%00%(upstream:track)%00%(upstream:remotename)%00%(upstream:remoteref) refs/heads/main refs/remotes/main [13ms]
2024-12-10 16:59:29.296 [warning] [Git][revParse] Unable to read file: ENOENT: no such file or directory, open '/home/olga/.git/refs/remotes/origin/main'
2024-12-10 16:59:29.298 [info] > git rev-parse refs/remotes/origin/main [2ms]
2024-12-10 16:59:29.319 [info] > git for-each-ref --sort -committerdate --format %(refname) %(objectname) %(*objectname) [2ms]
2024-12-10 16:59:29.546 [info] > git status -z -uall [236ms]
2024-12-10 16:59:34.564 [info] > git config --get commit.template [5ms]
2024-12-10 16:59:34.565 [info] > git for-each-ref --format=%(refname)%00%(upstream:short)%00%(objectname)%00%(upstream:track)%00%(upstream:remotename)%00%(upstream:remoteref) refs/heads/main refs/remotes/main [2ms]
2024-12-10 16:59:34.569 [warning] [Git][revParse] Unable to read file: ENOENT: no such file or directory, open '/home/olga/.git/refs/remotes/origin/main'
2024-12-10 16:59:34.571 [info] > git rev-parse refs/remotes/origin/main [2ms]
2024-12-10 16:59:34.587 [info] > git for-each-ref --sort -committerdate --format %(refname) %(objectname) %(*objectname) [7ms]
2024-12-10 16:59:34.709 [info] > git status -z -uall [134ms]
2024-12-10 16:59:39.726 [info] > git config --get commit.template [5ms]
2024-12-10 16:59:39.728 [info] > git for-each-ref --format=%(refname)%00%(upstream:short)%00%(objectname)%00%(upstream:track)%00%(upstream:remotename)%00%(upstream:remoteref) refs/heads/main refs/remotes/main [3ms]
2024-12-10 16:59:39.732 [warning] [Git][revParse] Unable to read file: ENOENT: no such file or directory, open '/home/olga/.git/refs/remotes/origin/main'
2024-12-10 16:59:39.734 [info] > git rev-parse refs/remotes/origin/main [2ms]
2024-12-10 16:59:39.746 [info] > git for-each-ref --sort -committerdate --format %(refname) %(objectname) %(*objectname) [4ms]
2024-12-10 16:59:39.895 [info] > git status -z -uall [156ms]
2024-12-10 17:00:01.553 [info] > git config --get commit.template [6ms]
2024-12-10 17:00:01.569 [info] > git for-each-ref --format=%(refname)%00%(upstream:short)%00%(objectname)%00%(upstream:track)%00%(upstream:remotename)%00%(upstream:remoteref) refs/heads/main refs/remotes/main [10ms]
2024-12-10 17:00:01.576 [warning] [Git][revParse] Unable to read file: ENOENT: no such file or directory, open '/home/olga/.git/refs/remotes/origin/main'
2024-12-10 17:00:01.578 [info] > git rev-parse refs/remotes/origin/main [3ms]
2024-12-10 17:00:01.595 [info] > git for-each-ref --sort -committerdate --format %(refname) %(objectname) %(*objectname) [5ms]
2024-12-10 17:00:01.791 [info] > git status -z -uall [207ms]
2024-12-10 17:02:21.297 [info] > git config --get commit.template [14ms]
2024-12-10 17:02:21.301 [info] > git for-each-ref --format=%(refname)%00%(upstream:short)%00%(objectname)%00%(upstream:track)%00%(upstream:remotename)%00%(upstream:remoteref) refs/heads/main refs/remotes/main [4ms]
2024-12-10 17:02:21.311 [warning] [Git][revParse] Unable to read file: ENOENT: no such file or directory, open '/home/olga/.git/refs/remotes/origin/main'
2024-12-10 17:02:21.317 [info] > git rev-parse refs/remotes/origin/main [6ms]
2024-12-10 17:02:21.349 [info] > git for-each-ref --sort -committerdate --format %(refname) %(objectname) %(*objectname) [7ms]
2024-12-10 17:02:21.514 [info] > git status -z -uall [187ms]
2024-12-10 17:02:26.533 [info] > git config --get commit.template [5ms]
2024-12-10 17:02:26.535 [info] > git for-each-ref --format=%(refname)%00%(upstream:short)%00%(objectname)%00%(upstream:track)%00%(upstream:remotename)%00%(upstream:remoteref) refs/heads/main refs/remotes/main [4ms]
2024-12-10 17:02:26.539 [warning] [Git][revParse] Unable to read file: ENOENT: no such file or directory, open '/home/olga/.git/refs/remotes/origin/main'
2024-12-10 17:02:26.540 [info] > git rev-parse refs/remotes/origin/main [1ms]
2024-12-10 17:02:26.552 [info] > git for-each-ref --sort -committerdate --format %(refname) %(objectname) %(*objectname) [4ms]
2024-12-10 17:02:26.662 [info] > git status -z -uall [119ms]
2024-12-10 17:03:26.709 [info] > git config --get commit.template [13ms]
2024-12-10 17:03:26.712 [info] > git for-each-ref --format=%(refname)%00%(upstream:short)%00%(objectname)%00%(upstream:track)%00%(upstream:remotename)%00%(upstream:remoteref) refs/heads/main refs/remotes/main [4ms]
2024-12-10 17:03:26.720 [warning] [Git][revParse] Unable to read file: ENOENT: no such file or directory, open '/home/olga/.git/refs/remotes/origin/main'
2024-12-10 17:03:26.721 [info] > git rev-parse refs/remotes/origin/main [3ms]
2024-12-10 17:03:26.757 [info] > git for-each-ref --sort -committerdate --format %(refname) %(objectname) %(*objectname) [13ms]
2024-12-10 17:03:27.044 [info] > git status -z -uall [306ms]
2024-12-10 17:03:30.393 [info] > git show --textconv :package.json [30ms]
2024-12-10 17:03:30.408 [info] > git ls-files --stage -- /home/olga/frontend-project-46/package.json [29ms]
2024-12-10 17:03:30.436 [info] > git cat-file -s c2384e3a2e90d633c72998e498a34e1b98057925 [10ms]
2024-12-10 17:03:32.067 [info] > git config --get commit.template [4ms]
2024-12-10 17:03:32.075 [info] > git for-each-ref --format=%(refname)%00%(upstream:short)%00%(objectname)%00%(upstream:track)%00%(upstream:remotename)%00%(upstream:remoteref) refs/heads/main refs/remotes/main [2ms]
2024-12-10 17:03:32.081 [warning] [Git][revParse] Unable to read file: ENOENT: no such file or directory, open '/home/olga/.git/refs/remotes/origin/main'
2024-12-10 17:03:32.082 [info] > git rev-parse refs/remotes/origin/main [2ms]
2024-12-10 17:03:32.099 [info] > git for-each-ref --sort -committerdate --format %(refname) %(objectname) %(*objectname) [2ms]
2024-12-10 17:03:32.261 [info] > git status -z -uall [174ms]
2024-12-10 17:03:33.828 [info] > git show --textconv :package-lock.json [6ms]
2024-12-10 17:03:33.829 [info] > git ls-files --stage -- /home/olga/frontend-project-46/package-lock.json [2ms]
2024-12-10 17:03:37.282 [info] > git config --get commit.template [6ms]
2024-12-10 17:03:37.293 [info] > git for-each-ref --format=%(refname)%00%(upstream:short)%00%(objectname)%00%(upstream:track)%00%(upstream:remotename)%00%(upstream:remoteref) refs/heads/main refs/remotes/main [3ms]
2024-12-10 17:03:37.297 [warning] [Git][revParse] Unable to read file: ENOENT: no such file or directory, open '/home/olga/.git/refs/remotes/origin/main'
2024-12-10 17:03:37.298 [info] > git rev-parse refs/remotes/origin/main [1ms]
2024-12-10 17:03:37.309 [info] > git for-each-ref --sort -committerdate --format %(refname) %(objectname) %(*objectname) [3ms]
2024-12-10 17:03:37.470 [info] > git status -z -uall [168ms]
2024-12-10 17:03:37.640 [info] > git show --textconv :gendiff.js [8ms]
2024-12-10 17:03:37.641 [info] > git ls-files --stage -- /home/olga/frontend-project-46/gendiff.js [2ms]
2024-12-10 17:03:37.655 [info] > git cat-file -s e69de29bb2d1d6434b8b29ae775ad8c2e48c5391 [7ms]
2024-12-10 17:48:52.704 [info] > git config --get commit.template [5ms]
2024-12-10 17:48:52.714 [info] > git for-each-ref --format=%(refname)%00%(upstream:short)%00%(objectname)%00%(upstream:track)%00%(upstream:remotename)%00%(upstream:remoteref) refs/heads/main refs/remotes/main [5ms]
2024-12-10 17:48:52.721 [warning] [Git][revParse] Unable to read file: ENOENT: no such file or directory, open '/home/olga/.git/refs/remotes/origin/main'
2024-12-10 17:48:52.724 [info] > git rev-parse refs/remotes/origin/main [2ms]
2024-12-10 17:48:52.750 [info] > git for-each-ref --sort -committerdate --format %(refname) %(objectname) %(*objectname) [5ms]
2024-12-10 17:48:52.867 [info] > git status -z -uall [135ms]
2024-12-10 17:48:57.883 [info] > git config --get commit.template [5ms]
2024-12-10 17:48:57.885 [info] > git for-each-ref --format=%(refname)%00%(upstream:short)%00%(objectname)%00%(upstream:track)%00%(upstream:remotename)%00%(upstream:remoteref) refs/heads/main refs/remotes/main [3ms]
2024-12-10 17:48:57.891 [warning] [Git][revParse] Unable to read file: ENOENT: no such file or directory, open '/home/olga/.git/refs/remotes/origin/main'
2024-12-10 17:48:57.893 [info] > git rev-parse refs/remotes/origin/main [2ms]
2024-12-10 17:48:57.905 [info] > git for-each-ref --sort -committerdate --format %(refname) %(objectname) %(*objectname) [4ms]
2024-12-10 17:48:58.021 [info] > git status -z -uall [125ms]
2024-12-10 17:49:03.036 [info] > git config --get commit.template [5ms]
2024-12-10 17:49:03.037 [info] > git for-each-ref --format=%(refname)%00%(upstream:short)%00%(objectname)%00%(upstream:track)%00%(upstream:remotename)%00%(upstream:remoteref) refs/heads/main refs/remotes/main [2ms]
2024-12-10 17:49:03.041 [warning] [Git][revParse] Unable to read file: ENOENT: no such file or directory, open '/home/olga/.git/refs/remotes/origin/main'
2024-12-10 17:49:03.042 [info] > git rev-parse refs/remotes/origin/main [1ms]
2024-12-10 17:49:03.052 [info] > git for-each-ref --sort -committerdate --format %(refname) %(objectname) %(*objectname) [3ms]
2024-12-10 17:49:03.155 [info] > git status -z -uall [110ms]
2024-12-10 17:49:08.169 [info] > git config --get commit.template [5ms]
2024-12-10 17:49:08.171 [info] > git for-each-ref --format=%(refname)%00%(upstream:short)%00%(objectname)%00%(upstream:track)%00%(upstream:remotename)%00%(upstream:remoteref) refs/heads/main refs/remotes/main [3ms]
2024-12-10 17:49:08.174 [warning] [Git][revParse] Unable to read file: ENOENT: no such file or directory, open '/home/olga/.git/refs/remotes/origin/main'
2024-12-10 17:49:08.175 [info] > git rev-parse refs/remotes/origin/main [1ms]
2024-12-10 17:49:08.191 [info] > git for-each-ref --sort -committerdate --format %(refname) %(objectname) %(*objectname) [8ms]
2024-12-10 17:49:08.297 [info] > git status -z -uall [118ms]
2024-12-10 17:49:13.307 [info] > git config --get commit.template [2ms]
2024-12-10 17:49:13.313 [info] > git for-each-ref --format=%(refname)%00%(upstream:short)%00%(objectname)%00%(upstream:track)%00%(upstream:remotename)%00%(upstream:remoteref) refs/heads/main refs/remotes/main [2ms]
2024-12-10 17:49:13.317 [warning] [Git][revParse] Unable to read file: ENOENT: no such file or directory, open '/home/olga/.git/refs/remotes/origin/main'
2024-12-10 17:49:13.318 [info] > git rev-parse refs/remotes/origin/main [1ms]
2024-12-10 17:49:13.329 [info] > git for-each-ref --sort -committerdate --format %(refname) %(objectname) %(*objectname) [3ms]
2024-12-10 17:49:13.446 [info] > git status -z -uall [124ms]
2024-12-10 17:49:18.464 [info] > git config --get commit.template [5ms]
2024-12-10 17:49:18.466 [info] > git for-each-ref --format=%(refname)%00%(upstream:short)%00%(objectname)%00%(upstream:track)%00%(upstream:remotename)%00%(upstream:remoteref) refs/heads/main refs/remotes/main [3ms]
2024-12-10 17:49:18.469 [warning] [Git][revParse] Unable to read file: ENOENT: no such file or directory, open '/home/olga/.git/refs/remotes/origin/main'
2024-12-10 17:49:18.470 [info] > git rev-parse refs/remotes/origin/main [1ms]
2024-12-10 17:49:18.482 [info] > git for-each-ref --sort -committerdate --format %(refname) %(objectname) %(*objectname) [4ms]
2024-12-10 17:49:18.581 [info] > git status -z -uall [108ms]
2024-12-10 17:49:23.596 [info] > git config --get commit.template [5ms]
2024-12-10 17:49:23.598 [info] > git for-each-ref --format=%(refname)%00%(upstream:short)%00%(objectname)%00%(upstream:track)%00%(upstream:remotename)%00%(upstream:remoteref) refs/heads/main refs/remotes/main [2ms]
2024-12-10 17:49:23.602 [warning] [Git][revParse] Unable to read file: ENOENT: no such file or directory, open '/home/olga/.git/refs/remotes/origin/main'
2024-12-10 17:49:23.603 [info] > git rev-parse refs/remotes/origin/main [1ms]
2024-12-10 17:49:23.615 [info] > git for-each-ref --sort -committerdate --format %(refname) %(objectname) %(*objectname) [5ms]
2024-12-10 17:49:23.714 [info] > git status -z -uall [108ms]
2024-12-10 17:49:28.728 [info] > git config --get commit.template [4ms]
2024-12-10 17:49:28.730 [info] > git for-each-ref --format=%(refname)%00%(upstream:short)%00%(objectname)%00%(upstream:track)%00%(upstream:remotename)%00%(upstream:remoteref) refs/heads/main refs/remotes/main [2ms]
2024-12-10 17:49:28.734 [warning] [Git][revParse] Unable to read file: ENOENT: no such file or directory, open '/home/olga/.git/refs/remotes/origin/main'
2024-12-10 17:49:28.735 [info] > git rev-parse refs/remotes/origin/main [1ms]
2024-12-10 17:49:28.746 [info] > git for-each-ref --sort -committerdate --format %(refname) %(objectname) %(*objectname) [2ms]
2024-12-10 17:49:28.847 [info] > git status -z -uall [108ms]
2024-12-10 17:49:50.987 [info] > git config --get commit.template [7ms]
2024-12-10 17:49:50.988 [info] > git for-each-ref --format=%(refname)%00%(upstream:short)%00%(objectname)%00%(upstream:track)%00%(upstream:remotename)%00%(upstream:remoteref) refs/heads/main refs/remotes/main [6ms]
2024-12-10 17:49:50.995 [warning] [Git][revParse] Unable to read file: ENOENT: no such file or directory, open '/home/olga/.git/refs/remotes/origin/main'
2024-12-10 17:49:51.002 [info] > git rev-parse refs/remotes/origin/main [2ms]
2024-12-10 17:49:51.068 [info] > git for-each-ref --sort -committerdate --format %(refname) %(objectname) %(*objectname) [3ms]
2024-12-10 17:49:51.198 [info] > git status -z -uall [188ms]
2024-12-10 17:49:54.700 [info] > git config --get commit.template [6ms]
2024-12-10 17:49:54.702 [info] > git for-each-ref --format %(refname) %(objectname) %(*objectname) refs/tags [2ms]
2024-12-10 17:49:54.714 [info] > git status -z -uall [7ms]
2024-12-10 17:49:54.715 [info] > git for-each-ref --sort -committerdate --format %(refname) %(objectname) %(*objectname) [2ms]
2024-12-10 17:49:57.762 [info] > git config --get commit.template [15ms]
2024-12-10 17:49:57.764 [info] > git for-each-ref --format=%(refname)%00%(upstream:short)%00%(objectname)%00%(upstream:track)%00%(upstream:remotename)%00%(upstream:remoteref) refs/heads/main refs/remotes/main [4ms]
2024-12-10 17:49:57.776 [warning] [Git][revParse] Unable to read file: ENOENT: no such file or directory, open '/home/olga/.git/refs/remotes/origin/main'
2024-12-10 17:49:57.777 [info] > git rev-parse refs/remotes/origin/main [1ms]
2024-12-10 17:49:57.804 [info] > git for-each-ref --sort -committerdate --format %(refname) %(objectname) %(*objectname) [3ms]
2024-12-10 17:49:57.945 [info] > git status -z -uall [155ms]
2024-12-10 17:50:04.580 [info] > git config --get commit.template [12ms]
2024-12-10 17:50:04.587 [info] > git for-each-ref --format=%(refname)%00%(upstream:short)%00%(objectname)%00%(upstream:track)%00%(upstream:remotename)%00%(upstream:remoteref) refs/heads/main refs/remotes/main [11ms]
2024-12-10 17:50:04.597 [warning] [Git][revParse] Unable to read file: ENOENT: no such file or directory, open '/home/olga/.git/refs/remotes/origin/main'
2024-12-10 17:50:04.600 [info] > git rev-parse refs/remotes/origin/main [2ms]
2024-12-10 17:50:04.615 [info] > git for-each-ref --sort -committerdate --format %(refname) %(objectname) %(*objectname) [3ms]
2024-12-10 17:50:04.763 [info] > git status -z -uall [157ms]
2024-12-10 17:50:07.867 [info] > git config --get commit.template [6ms]
2024-12-10 17:50:07.867 [info] > git for-each-ref --format %(refname) %(objectname) %(*objectname) refs/tags [2ms]
2024-12-10 17:50:07.877 [info] > git status -z -uall [6ms]
2024-12-10 17:50:07.879 [info] > git for-each-ref --sort -committerdate --format %(refname) %(objectname) %(*objectname) [3ms]
2024-12-10 17:50:09.783 [info] > git config --get commit.template [7ms]
2024-12-10 17:50:09.785 [info] > git for-each-ref --format=%(refname)%00%(upstream:short)%00%(objectname)%00%(upstream:track)%00%(upstream:remotename)%00%(upstream:remoteref) refs/heads/main refs/remotes/main [3ms]
2024-12-10 17:50:09.789 [warning] [Git][revParse] Unable to read file: ENOENT: no such file or directory, open '/home/olga/.git/refs/remotes/origin/main'
2024-12-10 17:50:09.791 [info] > git rev-parse refs/remotes/origin/main [2ms]
2024-12-10 17:50:09.815 [info] > git for-each-ref --sort -committerdate --format %(refname) %(objectname) %(*objectname) [15ms]
2024-12-10 17:50:09.941 [info] > git status -z -uall [146ms]
2024-12-10 17:50:12.906 [info] > git config --get commit.template [6ms]
2024-12-10 17:50:12.907 [info] > git for-each-ref --format %(refname) %(objectname) %(*objectname) refs/tags [2ms]
2024-12-10 17:50:12.919 [info] > git status -z -uall [8ms]
2024-12-10 17:50:12.921 [info] > git for-each-ref --sort -committerdate --format %(refname) %(objectname) %(*objectname) [3ms]
2024-12-10 17:50:14.974 [info] > git config --get commit.template [12ms]
2024-12-10 17:50:14.996 [info] > git for-each-ref --format=%(refname)%00%(upstream:short)%00%(objectname)%00%(upstream:track)%00%(upstream:remotename)%00%(upstream:remoteref) refs/heads/main refs/remotes/main [6ms]
2024-12-10 17:50:15.001 [warning] [Git][revParse] Unable to read file: ENOENT: no such file or directory, open '/home/olga/.git/refs/remotes/origin/main'
2024-12-10 17:50:15.003 [info] > git rev-parse refs/remotes/origin/main [2ms]
2024-12-10 17:50:15.016 [info] > git for-each-ref --sort -committerdate --format %(refname) %(objectname) %(*objectname) [3ms]
2024-12-10 17:50:15.120 [info] > git status -z -uall [112ms]
2024-12-10 17:50:20.157 [info] > git config --get commit.template [14ms]
2024-12-10 17:50:20.159 [info] > git for-each-ref --format=%(refname)%00%(upstream:short)%00%(objectname)%00%(upstream:track)%00%(upstream:remotename)%00%(upstream:remoteref) refs/heads/main refs/remotes/main [5ms]
2024-12-10 17:50:20.164 [warning] [Git][revParse] Unable to read file: ENOENT: no such file or directory, open '/home/olga/.git/refs/remotes/origin/main'
2024-12-10 17:50:20.166 [info] > git rev-parse refs/remotes/origin/main [2ms]
2024-12-10 17:50:20.184 [info] > git for-each-ref --sort -committerdate --format %(refname) %(objectname) %(*objectname) [7ms]
2024-12-10 17:50:20.299 [info] > git status -z -uall [128ms]
2024-12-10 17:50:25.321 [info] > git config --get commit.template [8ms]
2024-12-10 17:50:25.323 [info] > git for-each-ref --format=%(refname)%00%(upstream:short)%00%(objectname)%00%(upstream:track)%00%(upstream:remotename)%00%(upstream:remoteref) refs/heads/main refs/remotes/main [3ms]
2024-12-10 17:50:25.327 [warning] [Git][revParse] Unable to read file: ENOENT: no such file or directory, open '/home/olga/.git/refs/remotes/origin/main'
2024-12-10 17:50:25.329 [info] > git rev-parse refs/remotes/origin/main [3ms]
2024-12-10 17:50:25.341 [info] > git for-each-ref --sort -committerdate --format %(refname) %(objectname) %(*objectname) [3ms]
2024-12-10 17:50:25.444 [info] > git status -z -uall [112ms]
2024-12-10 17:50:30.469 [info] > git config --get commit.template [2ms]
2024-12-10 17:50:30.476 [info] > git for-each-ref --format=%(refname)%00%(upstream:short)%00%(objectname)%00%(upstream:track)%00%(upstream:remotename)%00%(upstream:remoteref) refs/heads/main refs/remotes/main [3ms]
2024-12-10 17:50:30.479 [warning] [Git][revParse] Unable to read file: ENOENT: no such file or directory, open '/home/olga/.git/refs/remotes/origin/main'
2024-12-10 17:50:30.481 [info] > git rev-parse refs/remotes/origin/main [2ms]
2024-12-10 17:50:30.497 [info] > git for-each-ref --sort -committerdate --format %(refname) %(objectname) %(*objectname) [9ms]
2024-12-10 17:50:30.674 [info] > git status -z -uall [190ms]
2024-12-10 17:52:47.853 [info] > git config --get commit.template [15ms]
2024-12-10 17:52:47.862 [info] > git config --get commit.template [13ms]
2024-12-10 17:52:47.883 [info] > git for-each-ref --format=%(refname)%00%(upstream:short)%00%(objectname)%00%(upstream:track)%00%(upstream:remotename)%00%(upstream:remoteref) refs/heads/main refs/remotes/main [14ms]
2024-12-10 17:52:47.894 [info] > git for-each-ref --format %(refname) %(objectname) %(*objectname) refs/tags [13ms]
2024-12-10 17:52:47.928 [warning] [Git][revParse] Unable to read file: ENOENT: no such file or directory, open '/home/olga/.git/refs/remotes/origin/main'
2024-12-10 17:52:47.929 [info] > git status -z -uall [29ms]
2024-12-10 17:52:47.929 [info] > git for-each-ref --sort -committerdate --format %(refname) %(objectname) %(*objectname) [6ms]
2024-12-10 17:52:47.932 [info] > git rev-parse refs/remotes/origin/main [4ms]
2024-12-10 17:52:47.987 [info] > git for-each-ref --sort -committerdate --format %(refname) %(objectname) %(*objectname) [11ms]
2024-12-10 17:52:48.109 [info] > git status -z -uall [153ms]
2024-12-10 17:52:52.945 [info] > git config --get commit.template [3ms]
2024-12-10 17:52:52.955 [info] > git for-each-ref --format %(refname) %(objectname) %(*objectname) refs/tags [1ms]
2024-12-10 17:52:52.966 [info] > git status -z -uall [7ms]
2024-12-10 17:52:52.970 [info] > git for-each-ref --sort -committerdate --format %(refname) %(objectname) %(*objectname) [5ms]
2024-12-10 17:52:53.126 [info] > git config --get commit.template [6ms]
2024-12-10 17:52:53.128 [info] > git for-each-ref --format=%(refname)%00%(upstream:short)%00%(objectname)%00%(upstream:track)%00%(upstream:remotename)%00%(upstream:remoteref) refs/heads/main refs/remotes/main [3ms]
2024-12-10 17:52:53.132 [warning] [Git][revParse] Unable to read file: ENOENT: no such file or directory, open '/home/olga/.git/refs/remotes/origin/main'
2024-12-10 17:52:53.133 [info] > git rev-parse refs/remotes/origin/main [1ms]
2024-12-10 17:52:53.147 [info] > git for-each-ref --sort -committerdate --format %(refname) %(objectname) %(*objectname) [2ms]
2024-12-10 17:52:53.262 [info] > git status -z -uall [122ms]
2024-12-10 17:52:58.288 [info] > git config --get commit.template [11ms]
2024-12-10 17:52:58.292 [info] > git for-each-ref --format=%(refname)%00%(upstream:short)%00%(objectname)%00%(upstream:track)%00%(upstream:remotename)%00%(upstream:remoteref) refs/heads/main refs/remotes/main [4ms]
2024-12-10 17:52:58.298 [warning] [Git][revParse] Unable to read file: ENOENT: no such file or directory, open '/home/olga/.git/refs/remotes/origin/main'
2024-12-10 17:52:58.301 [info] > git rev-parse refs/remotes/origin/main [2ms]
2024-12-10 17:52:58.319 [info] > git for-each-ref --sort -committerdate --format %(refname) %(objectname) %(*objectname) [4ms]
2024-12-10 17:52:58.424 [info] > git status -z -uall [116ms]
2024-12-10 17:53:03.459 [info] > git config --get commit.template [14ms]
2024-12-10 17:53:03.462 [info] > git for-each-ref --format=%(refname)%00%(upstream:short)%00%(objectname)%00%(upstream:track)%00%(upstream:remotename)%00%(upstream:remoteref) refs/heads/main refs/remotes/main [4ms]
2024-12-10 17:53:03.466 [warning] [Git][revParse] Unable to read file: ENOENT: no such file or directory, open '/home/olga/.git/refs/remotes/origin/main'
2024-12-10 17:53:03.468 [info] > git rev-parse refs/remotes/origin/main [2ms]
2024-12-10 17:53:03.479 [info] > git for-each-ref --sort -committerdate --format %(refname) %(objectname) %(*objectname) [3ms]
2024-12-10 17:53:03.580 [info] > git status -z -uall [109ms]
