0 verbose cli /home/olga/.asdf/installs/nodejs/18.7.0/bin/node /home/olga/.asdf/installs/nodejs/18.7.0/bin/npm
1 info using npm@8.15.0
2 info using node@v18.7.0
3 timing npm:load:whichnode Completed in 0ms
4 timing config:load:defaults Completed in 3ms
5 timing config:load:file:/home/olga/.asdf/installs/nodejs/18.7.0/lib/node_modules/npm/npmrc Completed in 1ms
6 timing config:load:builtin Completed in 2ms
7 timing config:load:cli Completed in 3ms
8 timing config:load:env Completed in 0ms
9 timing config:load:file:/home/olga/frontend-project-44/.npmrc Completed in 0ms
10 timing config:load:project Completed in 19ms
11 timing config:load:file:/home/olga/.npmrc Completed in 0ms
12 timing config:load:user Completed in 0ms
13 timing config:load:file:/home/olga/.asdf/installs/nodejs/18.7.0/etc/npmrc Completed in 0ms
14 timing config:load:global Completed in 0ms
15 timing config:load:validate Completed in 0ms
16 timing config:load:credentials Completed in 2ms
17 timing config:load:setEnvs Completed in 2ms
18 timing config:load Completed in 32ms
19 timing npm:load:configload Completed in 32ms
20 timing npm:load:mkdirpcache Completed in 2ms
21 timing npm:load:mkdirplogs Completed in 0ms
22 verbose title npm link
23 verbose argv "link"
24 timing npm:load:setTitle Completed in 2ms
25 timing config:load:flatten Completed in 5ms
26 timing npm:load:display Completed in 8ms
27 verbose logfile logs-max:10 dir:/home/olga/.npm/_logs
28 verbose logfile /home/olga/.npm/_logs/2024-08-28T16_00_14_617Z-debug-0.log
29 timing npm:load:logFile Completed in 8ms
30 timing npm:load:timers Completed in 0ms
31 timing npm:load:configScope Completed in 0ms
32 timing npm:load Completed in 53ms
33 timing arborist:ctor Completed in 1ms
34 silly logfile start cleaning logs, removing 1 files
35 silly logfile done cleaning log files
36 timing idealTree:init Completed in 6ms
37 timing idealTree:userRequests Completed in 4ms
38 silly idealTree buildDeps
39 silly placeDep ROOT @hexlet/code@1.0.0 OK for:  want: file:../../../../../frontend-project-44
40 timing idealTree:#root Completed in 8ms
41 timing idealTree:node_modules/@hexlet/code Completed in 0ms
42 timing idealTree:buildDeps Completed in 10ms
43 timing idealTree:fixDepFlags Completed in 1ms
44 timing idealTree Completed in 22ms
45 timing reify:loadTrees Completed in 312ms
46 timing reify:diffTrees Completed in 2ms
47 silly reify moves {}
48 timing reify:retireShallow Completed in 1ms
49 timing reify:createSparse Completed in 0ms
50 timing reify:loadBundles Completed in 0ms
51 silly audit bulk request { '@hexlet/code': [ '1.0.0' ] }
52 timing reify:unpack Completed in 3ms
53 timing reify:unretire Completed in 0ms
54 timing build:queue Completed in 0ms
55 timing build:deps Completed in 0ms
56 timing build:queue Completed in 6ms
57 timing build:link:node_modules/@hexlet/code Completed in 2ms
58 timing build:link Completed in 2ms
59 timing build:links Completed in 8ms
60 timing build Completed in 9ms
61 timing reify:build Completed in 9ms
62 timing reify:trash Completed in 0ms
63 http fetch POST 200 https://registry.npmjs.org/-/npm/v1/security/advisories/bulk 403ms
64 timing auditReport:getReport Completed in 407ms
65 silly audit report {}
66 timing auditReport:init Completed in 0ms
67 timing reify:audit Completed in 408ms
68 timing reify Completed in 736ms
69 timing command:link Completed in 744ms
70 verbose exit 0
71 timing npm Completed in 929ms
72 info ok
