0 verbose cli /home/olga/.asdf/installs/nodejs/18.7.0/bin/node /home/olga/.asdf/installs/nodejs/18.7.0/bin/npm
1 info using npm@8.15.0
2 info using node@v18.7.0
3 timing npm:load:whichnode Completed in 0ms
4 timing config:load:defaults Completed in 2ms
5 timing config:load:file:/home/olga/.asdf/installs/nodejs/18.7.0/lib/node_modules/npm/npmrc Completed in 1ms
6 timing config:load:builtin Completed in 1ms
7 timing config:load:cli Completed in 1ms
8 timing config:load:env Completed in 0ms
9 timing config:load:file:/home/olga/frontend-project-44/.npmrc Completed in 0ms
10 timing config:load:project Completed in 11ms
11 timing config:load:file:/home/olga/.npmrc Completed in 0ms
12 timing config:load:user Completed in 0ms
13 timing config:load:file:/home/olga/.asdf/installs/nodejs/18.7.0/etc/npmrc Completed in 0ms
14 timing config:load:global Completed in 0ms
15 timing config:load:validate Completed in 1ms
16 timing config:load:credentials Completed in 1ms
17 timing config:load:setEnvs Completed in 1ms
18 timing config:load Completed in 20ms
19 timing npm:load:configload Completed in 20ms
20 timing npm:load:mkdirpcache Completed in 1ms
21 timing npm:load:mkdirplogs Completed in 1ms
22 verbose title npm link
23 verbose argv "link"
24 timing npm:load:setTitle Completed in 1ms
25 timing config:load:flatten Completed in 3ms
26 timing npm:load:display Completed in 4ms
27 verbose logfile logs-max:10 dir:/home/olga/.npm/_logs
28 verbose logfile /home/olga/.npm/_logs/2024-08-28T15_20_42_569Z-debug-0.log
29 timing npm:load:logFile Completed in 7ms
30 timing npm:load:timers Completed in 0ms
31 timing npm:load:configScope Completed in 0ms
32 timing npm:load Completed in 36ms
33 timing arborist:ctor Completed in 1ms
34 silly logfile start cleaning logs, removing 1 files
35 silly logfile done cleaning log files
36 timing idealTree:init Completed in 7ms
37 timing idealTree:userRequests Completed in 6ms
38 silly idealTree buildDeps
39 silly placeDep ROOT @hexlet/code@1.0.0 OK for:  want: file:../../../../../frontend-project-44
40 timing idealTree:#root Completed in 7ms
41 timing idealTree:node_modules/@hexlet/code Completed in 0ms
42 timing idealTree:buildDeps Completed in 9ms
43 timing idealTree:fixDepFlags Completed in 1ms
44 timing idealTree Completed in 23ms
45 timing reify:loadTrees Completed in 289ms
46 timing reify:diffTrees Completed in 3ms
47 silly reify mark retired [
47 silly reify   '/home/olga/.asdf/installs/nodejs/18.7.0/lib/node_modules/@hexlet/code',
47 silly reify   '/home/olga/.asdf/installs/nodejs/18.7.0/bin/brain-games',
47 silly reify   '/home/olga/.asdf/installs/nodejs/18.7.0/bin/brain-even'
47 silly reify ]
48 silly reify moves {
48 silly reify   '/home/olga/.asdf/installs/nodejs/18.7.0/lib/node_modules/@hexlet/code': '/home/olga/.asdf/installs/nodejs/18.7.0/lib/node_modules/@hexlet/.code-GX4HdKqi',
48 silly reify   '/home/olga/.asdf/installs/nodejs/18.7.0/bin/brain-games': '/home/olga/.asdf/installs/nodejs/18.7.0/bin/.brain-games-0c9mmjhz',
48 silly reify   '/home/olga/.asdf/installs/nodejs/18.7.0/bin/brain-even': '/home/olga/.asdf/installs/nodejs/18.7.0/bin/.brain-even-eTvaHdCF'
48 silly reify }
49 timing reify:retireShallow Completed in 9ms
50 timing reify:createSparse Completed in 0ms
51 timing reify:loadBundles Completed in 0ms
52 silly audit bulk request { '@hexlet/code': [ '1.0.0' ] }
53 timing reifyNode:node_modules/@hexlet/code Completed in 55ms
54 timing reify:unpack Completed in 56ms
55 timing reify:unretire Completed in 1ms
56 timing build:queue Completed in 0ms
57 timing build:deps Completed in 0ms
58 timing build:queue Completed in 1ms
59 timing build:link:node_modules/@hexlet/code Completed in 4ms
60 timing build:link Completed in 5ms
61 timing build:links Completed in 6ms
62 timing build Completed in 6ms
63 timing reify:build Completed in 6ms
64 timing reify:trash Completed in 1ms
65 http fetch POST 200 https://registry.npmjs.org/-/npm/v1/security/advisories/bulk 413ms
66 timing auditReport:getReport Completed in 414ms
67 silly audit report {}
68 timing auditReport:init Completed in 0ms
69 timing reify:audit Completed in 416ms
70 timing reify Completed in 729ms
71 silly CHANGE node_modules/@hexlet/code
72 timing command:link Completed in 738ms
73 verbose exit 0
74 timing npm Completed in 934ms
75 info ok
