0 verbose cli /home/olga/.nvm/versions/node/v22.7.0/bin/node /home/olga/.nvm/versions/node/v22.7.0/lib/node_modules/npm/bin/npm-cli.js
1 info using npm@10.8.2
2 info using node@v22.7.0
3 silly config load:file:/home/olga/.nvm/versions/node/v22.7.0/lib/node_modules/npm/npmrc
4 silly config load:file:/home/olga/.npmrc
5 silly config load:file:/home/olga/.nvm/versions/node/v22.7.0/etc/npmrc
6 verbose title npm exec install-peerdeps --dev eslint-config-airbnb-base
7 verbose argv "exec" "--" "install-peerdeps" "--dev" "eslint-config-airbnb-base"
8 verbose logfile logs-max:10 dir:/home/olga/.npm/_logs/2024-08-27T18_22_58_437Z-
9 verbose logfile /home/olga/.npm/_logs/2024-08-27T18_22_58_437Z-debug-0.log
10 silly logfile start cleaning logs, removing 1 files
11 silly logfile done cleaning log files
12 silly packumentCache heap:2081947648 maxSize:520486912 maxEntrySize:260243456
13 http fetch GET 200 https://registry.npmjs.org/install-peerdeps 898ms (cache miss)
14 silly packumentCache heap:2081947648 maxSize:520486912 maxEntrySize:260243456
15 silly packumentCache heap:2081947648 maxSize:520486912 maxEntrySize:260243456
16 silly idealTree buildDeps
17 silly fetch manifest install-peerdeps@3.0.3
18 silly packumentCache full:https://registry.npmjs.org/install-peerdeps cache-miss
19 http fetch GET 200 https://registry.npmjs.org/install-peerdeps 772ms (cache miss)
20 silly packumentCache full:https://registry.npmjs.org/install-peerdeps set size:undefined disposed:false
21 silly placeDep ROOT install-peerdeps@3.0.3 OK for:  want: 3.0.3
22 silly fetch manifest @babel/polyfill@^7.7.0
23 silly packumentCache full:https://registry.npmjs.org/@babel%2fpolyfill cache-miss
24 silly fetch manifest cli-color@^2.0.0
25 silly packumentCache full:https://registry.npmjs.org/cli-color cache-miss
26 silly fetch manifest commander@^4.0.1
27 silly packumentCache full:https://registry.npmjs.org/commander cache-miss
28 http fetch GET 200 https://registry.npmjs.org/@babel%2fpolyfill 98ms (cache miss)
29 silly packumentCache full:https://registry.npmjs.org/@babel%2fpolyfill set size:undefined disposed:false
30 silly fetch manifest promptly@^3.0.3
31 silly packumentCache full:https://registry.npmjs.org/promptly cache-miss
32 http fetch GET 200 https://registry.npmjs.org/promptly 79ms (cache miss)
33 silly packumentCache full:https://registry.npmjs.org/promptly set size:undefined disposed:false
34 silly fetch manifest semver@^6.3.0
35 silly packumentCache full:https://registry.npmjs.org/semver cache-miss
36 http fetch GET 200 https://registry.npmjs.org/commander 241ms (cache miss)
37 silly packumentCache full:https://registry.npmjs.org/commander set size:undefined disposed:false
38 http fetch GET 200 https://registry.npmjs.org/semver 69ms (cache miss)
39 silly packumentCache full:https://registry.npmjs.org/semver set size:undefined disposed:false
40 http fetch GET 200 https://registry.npmjs.org/cli-color 260ms (cache miss)
41 silly packumentCache full:https://registry.npmjs.org/cli-color set size:undefined disposed:false
42 silly placeDep ROOT @babel/polyfill@7.12.1 OK for: install-peerdeps@3.0.3 want: ^7.7.0
43 silly placeDep ROOT cli-color@2.0.4 OK for: install-peerdeps@3.0.3 want: ^2.0.0
44 silly placeDep ROOT commander@4.1.1 OK for: install-peerdeps@3.0.3 want: ^4.0.1
45 silly placeDep ROOT promptly@3.2.0 OK for: install-peerdeps@3.0.3 want: ^3.0.3
46 silly placeDep ROOT semver@6.3.1 OK for: install-peerdeps@3.0.3 want: ^6.3.0
47 silly fetch manifest core-js@^2.6.5
48 silly packumentCache full:https://registry.npmjs.org/core-js cache-miss
49 silly fetch manifest regenerator-runtime@^0.13.4
50 silly packumentCache full:https://registry.npmjs.org/regenerator-runtime cache-miss
51 silly fetch manifest d@^1.0.1
52 silly packumentCache full:https://registry.npmjs.org/d cache-miss
53 http fetch GET 200 https://registry.npmjs.org/regenerator-runtime 66ms (cache miss)
54 silly packumentCache full:https://registry.npmjs.org/regenerator-runtime set size:undefined disposed:false
55 silly fetch manifest es5-ext@^0.10.64
56 silly packumentCache full:https://registry.npmjs.org/es5-ext cache-miss
57 http fetch GET 200 https://registry.npmjs.org/d 82ms (cache miss)
58 silly packumentCache full:https://registry.npmjs.org/d set size:undefined disposed:false
59 silly fetch manifest es6-iterator@^2.0.3
60 silly packumentCache full:https://registry.npmjs.org/es6-iterator cache-miss
61 http fetch GET 200 https://registry.npmjs.org/core-js 94ms (cache miss)
62 silly packumentCache full:https://registry.npmjs.org/core-js set size:undefined disposed:false
63 silly fetch manifest memoizee@^0.4.15
64 silly packumentCache full:https://registry.npmjs.org/memoizee cache-miss
65 http fetch GET 200 https://registry.npmjs.org/es5-ext 64ms (cache miss)
66 silly packumentCache full:https://registry.npmjs.org/es5-ext set size:undefined disposed:false
67 silly fetch manifest timers-ext@^0.1.7
68 silly packumentCache full:https://registry.npmjs.org/timers-ext cache-miss
69 http fetch GET 200 https://registry.npmjs.org/memoizee 54ms (cache miss)
70 silly packumentCache full:https://registry.npmjs.org/memoizee set size:undefined disposed:false
71 silly fetch manifest read@^1.0.4
72 silly packumentCache full:https://registry.npmjs.org/read cache-miss
73 http fetch GET 200 https://registry.npmjs.org/es6-iterator 82ms (cache miss)
74 silly packumentCache full:https://registry.npmjs.org/es6-iterator set size:undefined disposed:false
75 http fetch GET 200 https://registry.npmjs.org/timers-ext 59ms (cache miss)
76 silly packumentCache full:https://registry.npmjs.org/timers-ext set size:undefined disposed:false
77 http fetch GET 200 https://registry.npmjs.org/read 43ms (cache miss)
78 silly packumentCache full:https://registry.npmjs.org/read set size:undefined disposed:false
79 silly placeDep ROOT core-js@2.6.12 OK for: @babel/polyfill@7.12.1 want: ^2.6.5
80 silly placeDep ROOT regenerator-runtime@0.13.11 OK for: @babel/polyfill@7.12.1 want: ^0.13.4
81 silly placeDep ROOT d@1.0.2 OK for: cli-color@2.0.4 want: ^1.0.1
82 silly placeDep ROOT es5-ext@0.10.64 OK for: cli-color@2.0.4 want: ^0.10.64
83 silly placeDep ROOT es6-iterator@2.0.3 OK for: cli-color@2.0.4 want: ^2.0.3
84 silly placeDep ROOT memoizee@0.4.17 OK for: cli-color@2.0.4 want: ^0.4.15
85 silly placeDep ROOT timers-ext@0.1.8 OK for: cli-color@2.0.4 want: ^0.1.7
86 silly fetch manifest type@^2.7.2
87 silly packumentCache full:https://registry.npmjs.org/type cache-miss
88 silly fetch manifest es6-symbol@^3.1.3
89 silly packumentCache full:https://registry.npmjs.org/es6-symbol cache-miss
90 silly fetch manifest esniff@^2.0.1
91 silly packumentCache full:https://registry.npmjs.org/esniff cache-miss
92 http fetch GET 200 https://registry.npmjs.org/esniff 51ms (cache miss)
93 silly packumentCache full:https://registry.npmjs.org/esniff set size:undefined disposed:false
94 silly fetch manifest next-tick@^1.1.0
95 silly packumentCache full:https://registry.npmjs.org/next-tick cache-miss
96 http fetch GET 200 https://registry.npmjs.org/es6-symbol 73ms (cache miss)
97 silly packumentCache full:https://registry.npmjs.org/es6-symbol set size:undefined disposed:false
98 silly fetch manifest es6-symbol@^3.1.1
99 silly packumentCache full:https://registry.npmjs.org/es6-symbol cache-miss
100 http fetch GET 200 https://registry.npmjs.org/type 77ms (cache miss)
101 silly packumentCache full:https://registry.npmjs.org/type set size:undefined disposed:false
102 silly fetch manifest es6-weak-map@^2.0.3
103 silly packumentCache full:https://registry.npmjs.org/es6-weak-map cache-miss
104 http fetch GET 200 https://registry.npmjs.org/es6-symbol 12ms (cache hit)
105 silly packumentCache full:https://registry.npmjs.org/es6-symbol set size:32033 disposed:false
106 silly fetch manifest event-emitter@^0.3.5
107 silly packumentCache full:https://registry.npmjs.org/event-emitter cache-miss
108 http fetch GET 200 https://registry.npmjs.org/next-tick 41ms (cache miss)
109 silly packumentCache full:https://registry.npmjs.org/next-tick set size:undefined disposed:false
110 silly fetch manifest is-promise@^2.2.2
111 silly packumentCache full:https://registry.npmjs.org/is-promise cache-miss
112 http fetch GET 200 https://registry.npmjs.org/es6-weak-map 59ms (cache miss)
113 silly packumentCache full:https://registry.npmjs.org/es6-weak-map set size:undefined disposed:false
114 silly fetch manifest lru-queue@^0.1.0
115 silly packumentCache full:https://registry.npmjs.org/lru-queue cache-miss
116 http fetch GET 200 https://registry.npmjs.org/is-promise 50ms (cache miss)
117 silly packumentCache full:https://registry.npmjs.org/is-promise set size:undefined disposed:false
118 http fetch GET 200 https://registry.npmjs.org/event-emitter 69ms (cache miss)
119 silly packumentCache full:https://registry.npmjs.org/event-emitter set size:undefined disposed:false
120 http fetch GET 200 https://registry.npmjs.org/lru-queue 134ms (cache miss)
121 silly packumentCache full:https://registry.npmjs.org/lru-queue set size:undefined disposed:false
122 silly placeDep ROOT type@2.7.3 OK for: d@1.0.2 want: ^2.7.2
123 silly placeDep ROOT es6-symbol@3.1.4 OK for: es5-ext@0.10.64 want: ^3.1.3
124 silly placeDep ROOT esniff@2.0.1 OK for: es5-ext@0.10.64 want: ^2.0.1
125 silly placeDep ROOT next-tick@1.1.0 OK for: es5-ext@0.10.64 want: ^1.1.0
126 silly fetch manifest ext@^1.7.0
127 silly packumentCache full:https://registry.npmjs.org/ext cache-miss
128 http fetch GET 200 https://registry.npmjs.org/ext 45ms (cache miss)
129 silly packumentCache full:https://registry.npmjs.org/ext set size:undefined disposed:false
130 silly placeDep ROOT ext@1.7.0 OK for: es6-symbol@3.1.4 want: ^1.7.0
131 silly placeDep ROOT event-emitter@0.3.5 OK for: esniff@2.0.1 want: ^0.3.5
132 silly placeDep ROOT es6-weak-map@2.0.3 OK for: memoizee@0.4.17 want: ^2.0.3
133 silly placeDep ROOT is-promise@2.2.2 OK for: memoizee@0.4.17 want: ^2.2.2
134 silly placeDep ROOT lru-queue@0.1.0 OK for: memoizee@0.4.17 want: ^0.1.0
135 silly placeDep ROOT read@1.0.7 OK for: promptly@3.2.0 want: ^1.0.4
136 silly fetch manifest mute-stream@~0.0.4
137 silly packumentCache full:https://registry.npmjs.org/mute-stream cache-miss
138 http fetch GET 200 https://registry.npmjs.org/mute-stream 68ms (cache miss)
139 silly packumentCache full:https://registry.npmjs.org/mute-stream set size:undefined disposed:false
140 silly placeDep ROOT mute-stream@0.0.8 OK for: read@1.0.7 want: ~0.0.4
141 silly reify moves {}
142 silly audit bulk request {
142 silly audit   'install-peerdeps': [ '3.0.3' ],
142 silly audit   '@babel/polyfill': [ '7.12.1' ],
142 silly audit   'cli-color': [ '2.0.4' ],
142 silly audit   commander: [ '4.1.1' ],
142 silly audit   promptly: [ '3.2.0' ],
142 silly audit   semver: [ '6.3.1' ],
142 silly audit   'core-js': [ '2.6.12' ],
142 silly audit   'regenerator-runtime': [ '0.13.11' ],
142 silly audit   d: [ '1.0.2' ],
142 silly audit   'es5-ext': [ '0.10.64' ],
142 silly audit   'es6-iterator': [ '2.0.3' ],
142 silly audit   memoizee: [ '0.4.17' ],
142 silly audit   'timers-ext': [ '0.1.8' ],
142 silly audit   type: [ '2.7.3' ],
142 silly audit   'es6-symbol': [ '3.1.4' ],
142 silly audit   esniff: [ '2.0.1' ],
142 silly audit   'next-tick': [ '1.1.0' ],
142 silly audit   ext: [ '1.7.0' ],
142 silly audit   'event-emitter': [ '0.3.5' ],
142 silly audit   'es6-weak-map': [ '2.0.3' ],
142 silly audit   'is-promise': [ '2.2.2' ],
142 silly audit   'lru-queue': [ '0.1.0' ],
142 silly audit   read: [ '1.0.7' ],
142 silly audit   'mute-stream': [ '0.0.8' ]
142 silly audit }
143 silly tarball no local data for mute-stream@https://registry.npmjs.org/mute-stream/-/mute-stream-0.0.8.tgz. Extracting by manifest.
144 silly tarball no local data for lru-queue@https://registry.npmjs.org/lru-queue/-/lru-queue-0.1.0.tgz. Extracting by manifest.
145 silly tarball no local data for read@https://registry.npmjs.org/read/-/read-1.0.7.tgz. Extracting by manifest.
146 silly tarball no local data for is-promise@https://registry.npmjs.org/is-promise/-/is-promise-2.2.2.tgz. Extracting by manifest.
147 silly tarball no local data for event-emitter@https://registry.npmjs.org/event-emitter/-/event-emitter-0.3.5.tgz. Extracting by manifest.
148 silly tarball no local data for es6-weak-map@https://registry.npmjs.org/es6-weak-map/-/es6-weak-map-2.0.3.tgz. Extracting by manifest.
149 silly tarball no local data for ext@https://registry.npmjs.org/ext/-/ext-1.7.0.tgz. Extracting by manifest.
150 silly tarball no local data for esniff@https://registry.npmjs.org/esniff/-/esniff-2.0.1.tgz. Extracting by manifest.
151 silly tarball no local data for es6-symbol@https://registry.npmjs.org/es6-symbol/-/es6-symbol-3.1.4.tgz. Extracting by manifest.
152 silly tarball no local data for next-tick@https://registry.npmjs.org/next-tick/-/next-tick-1.1.0.tgz. Extracting by manifest.
153 silly tarball no local data for timers-ext@https://registry.npmjs.org/timers-ext/-/timers-ext-0.1.8.tgz. Extracting by manifest.
154 silly tarball no local data for type@https://registry.npmjs.org/type/-/type-2.7.3.tgz. Extracting by manifest.
155 silly tarball no local data for es6-iterator@https://registry.npmjs.org/es6-iterator/-/es6-iterator-2.0.3.tgz. Extracting by manifest.
156 silly tarball no local data for memoizee@https://registry.npmjs.org/memoizee/-/memoizee-0.4.17.tgz. Extracting by manifest.
157 silly tarball no local data for es5-ext@https://registry.npmjs.org/es5-ext/-/es5-ext-0.10.64.tgz. Extracting by manifest.
158 silly tarball no local data for d@https://registry.npmjs.org/d/-/d-1.0.2.tgz. Extracting by manifest.
159 silly tarball no local data for regenerator-runtime@https://registry.npmjs.org/regenerator-runtime/-/regenerator-runtime-0.13.11.tgz. Extracting by manifest.
160 silly tarball no local data for core-js@https://registry.npmjs.org/core-js/-/core-js-2.6.12.tgz. Extracting by manifest.
161 silly tarball no local data for commander@https://registry.npmjs.org/commander/-/commander-4.1.1.tgz. Extracting by manifest.
162 silly tarball no local data for semver@https://registry.npmjs.org/semver/-/semver-6.3.1.tgz. Extracting by manifest.
163 silly tarball no local data for promptly@https://registry.npmjs.org/promptly/-/promptly-3.2.0.tgz. Extracting by manifest.
164 silly tarball no local data for install-peerdeps@https://registry.npmjs.org/install-peerdeps/-/install-peerdeps-3.0.3.tgz. Extracting by manifest.
165 silly tarball no local data for cli-color@https://registry.npmjs.org/cli-color/-/cli-color-2.0.4.tgz. Extracting by manifest.
166 silly tarball no local data for @babel/polyfill@https://registry.npmjs.org/@babel/polyfill/-/polyfill-7.12.1.tgz. Extracting by manifest.
167 http fetch GET 200 https://registry.npmjs.org/mute-stream/-/mute-stream-0.0.8.tgz 69ms (cache miss)
168 http fetch GET 200 https://registry.npmjs.org/lru-queue/-/lru-queue-0.1.0.tgz 164ms (cache miss)
169 http fetch GET 200 https://registry.npmjs.org/read/-/read-1.0.7.tgz 209ms (cache miss)
170 http fetch POST 200 https://registry.npmjs.org/-/npm/v1/security/advisories/bulk 283ms
171 silly audit report {}
172 http fetch GET 200 https://registry.npmjs.org/is-promise/-/is-promise-2.2.2.tgz 277ms (cache miss)
173 http fetch GET 200 https://registry.npmjs.org/timers-ext/-/timers-ext-0.1.8.tgz 295ms (cache miss)
174 http fetch GET 200 https://registry.npmjs.org/regenerator-runtime/-/regenerator-runtime-0.13.11.tgz 299ms (cache miss)
175 http fetch GET 200 https://registry.npmjs.org/d/-/d-1.0.2.tgz 306ms (cache miss)
176 http fetch GET 200 https://registry.npmjs.org/next-tick/-/next-tick-1.1.0.tgz 341ms (cache miss)
177 http fetch GET 200 https://registry.npmjs.org/promptly/-/promptly-3.2.0.tgz 355ms (cache miss)
178 http fetch GET 200 https://registry.npmjs.org/es6-weak-map/-/es6-weak-map-2.0.3.tgz 379ms (cache miss)
179 http fetch GET 200 https://registry.npmjs.org/es6-iterator/-/es6-iterator-2.0.3.tgz 393ms (cache miss)
180 http fetch GET 200 https://registry.npmjs.org/event-emitter/-/event-emitter-0.3.5.tgz 424ms (cache miss)
181 http fetch GET 200 https://registry.npmjs.org/semver/-/semver-6.3.1.tgz 420ms (cache miss)
182 http fetch GET 200 https://registry.npmjs.org/es6-symbol/-/es6-symbol-3.1.4.tgz 431ms (cache miss)
183 http fetch GET 200 https://registry.npmjs.org/commander/-/commander-4.1.1.tgz 430ms (cache miss)
184 http fetch GET 200 https://registry.npmjs.org/esniff/-/esniff-2.0.1.tgz 452ms (cache miss)
185 http fetch GET 200 https://registry.npmjs.org/cli-color/-/cli-color-2.0.4.tgz 454ms (cache miss)
186 http fetch GET 200 https://registry.npmjs.org/memoizee/-/memoizee-0.4.17.tgz 469ms (cache miss)
187 http fetch GET 200 https://registry.npmjs.org/ext/-/ext-1.7.0.tgz 493ms (cache miss)
188 http fetch GET 200 https://registry.npmjs.org/install-peerdeps/-/install-peerdeps-3.0.3.tgz 495ms (cache miss)
189 http fetch GET 200 https://registry.npmjs.org/@babel/polyfill/-/polyfill-7.12.1.tgz 511ms (cache miss)
190 warn deprecated @babel/polyfill@7.12.1: 🚨 This package has been deprecated in favor of separate inclusion of a polyfill and regenerator-runtime (when needed). See the @babel/polyfill docs (https://babeljs.io/docs/en/babel-polyfill) for more information.
191 http fetch GET 200 https://registry.npmjs.org/type/-/type-2.7.3.tgz 645ms (cache miss)
192 http fetch GET 200 https://registry.npmjs.org/es5-ext/-/es5-ext-0.10.64.tgz 801ms (cache miss)
193 http fetch GET 200 https://registry.npmjs.org/core-js/-/core-js-2.6.12.tgz 1120ms (cache miss)
194 warn deprecated core-js@2.6.12: core-js@<3.23.3 is no longer maintained and not recommended for usage due to the number of issues. Because of the V8 engine whims, feature detection in old core-js versions could cause a slowdown up to 100x even if nothing is polyfilled. Some versions have web compatibility issues. Please, upgrade your dependencies to the actual version of core-js.
195 info run core-js@2.6.12 postinstall node_modules/core-js node -e "try{require('./postinstall')}catch(e){}"
196 info run es5-ext@0.10.64 postinstall node_modules/es5-ext  node -e "try{require('./_postinstall')}catch(e){}" || exit 0
197 info run core-js@2.6.12 postinstall { code: 0, signal: null }
198 info run es5-ext@0.10.64 postinstall { code: 0, signal: null }
199 verbose cwd /home/olga
200 verbose os Linux 5.15.153.1-microsoft-standard-WSL2
201 verbose node v22.7.0
202 verbose npm  v10.8.2
203 verbose exit 0
204 info ok
