0 verbose cli /home/olga/.nvm/versions/node/v22.7.0/bin/node /home/olga/.nvm/versions/node/v22.7.0/bin/npm
1 info using npm@10.8.3
2 info using node@v22.7.0
3 silly config load:file:/home/olga/.nvm/versions/node/v22.7.0/lib/node_modules/npm/npmrc
4 silly config load:file:/home/olga/hexlet-jest/.npmrc
5 silly config load:file:/home/olga/.npmrc
6 silly config load:file:/home/olga/.nvm/versions/node/v22.7.0/etc/npmrc
7 verbose title npm view jest description dist-tags.latest homepage version time
8 verbose argv "view" "--json" "--" "jest" "description" "dist-tags.latest" "homepage" "version" "time"
9 verbose logfile logs-max:10 dir:/home/olga/.npm/_logs/2024-09-21T18_18_51_786Z-
10 verbose logfile /home/olga/.npm/_logs/2024-09-21T18_18_51_786Z-debug-0.log
11 silly logfile start cleaning logs, removing 1 files
12 silly logfile done cleaning log files
13 http fetch GET 200 https://registry.npmjs.org/jest 461ms (cache revalidated)
14 verbose cwd /home/olga/hexlet-jest
15 verbose os Linux 5.15.153.1-microsoft-standard-WSL2
16 verbose node v22.7.0
17 verbose npm  v10.8.3
18 verbose exit 0
19 info ok
