0 verbose cli /home/olga/.asdf/installs/nodejs/18.7.0/bin/node /home/olga/.asdf/installs/nodejs/18.7.0/bin/npm
1 info using npm@8.15.0
2 info using node@v18.7.0
3 timing npm:load:whichnode Completed in 0ms
4 timing config:load:defaults Completed in 3ms
5 timing config:load:file:/home/olga/.asdf/installs/nodejs/18.7.0/lib/node_modules/npm/npmrc Completed in 2ms
6 timing config:load:builtin Completed in 2ms
7 timing config:load:cli Completed in 1ms
8 timing config:load:env Completed in 0ms
9 timing config:load:file:/home/olga/hexlet-jest/.npmrc Completed in 1ms
10 timing config:load:project Completed in 22ms
11 timing config:load:file:/home/olga/.npmrc Completed in 0ms
12 timing config:load:user Completed in 0ms
13 timing config:load:file:/home/olga/.asdf/installs/nodejs/18.7.0/etc/npmrc Completed in 0ms
14 timing config:load:global Completed in 0ms
15 timing config:load:validate Completed in 1ms
16 timing config:load:credentials Completed in 2ms
17 timing config:load:setEnvs Completed in 1ms
18 timing config:load Completed in 35ms
19 timing npm:load:configload Completed in 35ms
20 timing npm:load:mkdirpcache Completed in 1ms
21 timing npm:load:mkdirplogs Completed in 2ms
22 verbose title npm jest
23 verbose argv "jest"
24 timing npm:load:setTitle Completed in 5ms
25 timing config:load:flatten Completed in 6ms
26 timing npm:load:display Completed in 10ms
27 verbose logfile logs-max:10 dir:/home/olga/.npm/_logs
28 verbose logfile /home/olga/.npm/_logs/2024-09-21T18_21_33_095Z-debug-0.log
29 timing npm:load:logFile Completed in 15ms
30 timing npm:load:timers Completed in 0ms
31 timing npm:load:configScope Completed in 0ms
32 timing npm:load Completed in 69ms
33 silly logfile start cleaning logs, removing 1 files
34 silly logfile done cleaning log files
35 verbose exit 0
36 timing npm Completed in 132ms
37 verbose code 1
