0 verbose cli /home/olga/.nvm/versions/node/v22.7.0/bin/node /home/olga/.nvm/versions/node/v22.7.0/bin/npm
1 info using npm@10.9.0
2 info using node@v22.7.0
3 silly config load:file:/home/olga/.nvm/versions/node/v22.7.0/lib/node_modules/npm/npmrc
4 silly config load:file:/home/olga/.npmrc
5 silly config load:file:/home/olga/.nvm/versions/node/v22.7.0/etc/npmrc
6 verbose title npm install commander
7 verbose argv "install" "commander"
8 verbose logfile logs-max:10 dir:/home/olga/.npm/_logs/2024-11-04T15_43_06_728Z-
9 verbose logfile /home/olga/.npm/_logs/2024-11-04T15_43_06_728Z-debug-0.log
10 silly logfile start cleaning logs, removing 1 files
11 silly logfile done cleaning log files
12 silly packumentCache heap:2081947648 maxSize:520486912 maxEntrySize:260243456
13 silly idealTree buildDeps
14 silly fetch manifest commander@*
15 silly packumentCache full:https://registry.npmjs.org/commander cache-miss
16 verbose shrinkwrap failed to load node_modules/.package-lock.json out of date, updated: node_modules
17 http fetch GET 200 https://registry.npmjs.org/commander 370ms (cache updated)
18 silly packumentCache full:https://registry.npmjs.org/commander set size:undefined disposed:false
19 silly placeDep ROOT commander@12.1.0 OK for: @hexlet/code.@1.0.0 want: *
