0 verbose cli /home/olga/.nvm/versions/node/v22.7.0/bin/node /home/olga/.nvm/versions/node/v22.7.0/bin/npm
1 info using npm@10.8.2
2 info using node@v22.7.0
3 silly config load:file:/home/olga/.nvm/versions/node/v22.7.0/lib/node_modules/npm/npmrc
4 silly config load:file:/home/olga/frontend-project-44/.npmrc
5 silly config load:file:/home/olga/.npmrc
6 silly config load:file:/home/olga/.nvm/versions/node/v22.7.0/etc/npmrc
7 verbose title npm link
8 verbose argv "link"
9 verbose logfile logs-max:10 dir:/home/olga/.npm/_logs/2024-09-01T10_11_36_900Z-
10 verbose logfile /home/olga/.npm/_logs/2024-09-01T10_11_36_900Z-debug-0.log
11 silly packumentCache heap:2081947648 maxSize:520486912 maxEntrySize:260243456
12 silly logfile start cleaning logs, removing 1 files
13 silly logfile done cleaning log files
14 silly idealTree buildDeps
15 silly placeDep ROOT @hexlet/code@1.0.0 OK for:  want: file:../../../../../frontend-project-44
16 silly reify moves {}
17 silly audit bulk request { '@hexlet/code': [ '1.0.0' ] }
18 http fetch POST 200 https://registry.npmjs.org/-/npm/v1/security/advisories/bulk 444ms
19 silly audit report {}
20 verbose cwd /home/olga/frontend-project-44
21 verbose os Linux 5.15.153.1-microsoft-standard-WSL2
22 verbose node v22.7.0
23 verbose npm  v10.8.2
24 verbose exit 0
25 info ok
