0 verbose cli /home/olga/.nvm/versions/node/v22.7.0/bin/node /home/olga/.nvm/versions/node/v22.7.0/bin/npm
1 info using npm@10.8.3
2 info using node@v22.7.0
3 silly config load:file:/home/olga/.nvm/versions/node/v22.7.0/lib/node_modules/npm/npmrc
4 silly config load:file:/home/olga/.npmrc
5 silly config load:file:/home/olga/.nvm/versions/node/v22.7.0/etc/npmrc
6 verbose title npm install npm@10.9.0
7 verbose argv "install" "--global" "npm@10.9.0"
8 verbose logfile logs-max:10 dir:/home/olga/.npm/_logs/2024-11-04T11_15_14_548Z-
9 verbose logfile /home/olga/.npm/_logs/2024-11-04T11_15_14_548Z-debug-0.log
10 silly logfile start cleaning logs, removing 1 files
11 silly logfile done cleaning log files
12 http fetch GET 200 https://registry.npmjs.org/npm 331ms (cache updated)
13 silly packumentCache heap:2081947648 maxSize:520486912 maxEntrySize:260243456
14 silly idealTree buildDeps
15 silly fetch manifest npm@10.9.0
16 silly packumentCache full:https://registry.npmjs.org/npm cache-miss
17 http fetch GET 200 https://registry.npmjs.org/npm 3016ms (cache updated)
18 silly packumentCache full:https://registry.npmjs.org/npm set size:undefined disposed:false
19 silly placeDep ROOT npm@10.9.0 OK for:  want: 10.9.0
20 silly reify mark retired [
20 silly reify   '/home/olga/.nvm/versions/node/v22.7.0/lib/node_modules/npm',
20 silly reify   '/home/olga/.nvm/versions/node/v22.7.0/bin/npm',
20 silly reify   '/home/olga/.nvm/versions/node/v22.7.0/bin/npx'
20 silly reify ]
21 silly reify moves {
21 silly reify   '/home/olga/.nvm/versions/node/v22.7.0/lib/node_modules/npm': '/home/olga/.nvm/versions/node/v22.7.0/lib/node_modules/.npm-IEj2E97H',
21 silly reify   '/home/olga/.nvm/versions/node/v22.7.0/bin/npm': '/home/olga/.nvm/versions/node/v22.7.0/bin/.npm-sUNuDsn4',
21 silly reify   '/home/olga/.nvm/versions/node/v22.7.0/bin/npx': '/home/olga/.nvm/versions/node/v22.7.0/bin/.npx-QmdfzDbw'
21 silly reify }
22 silly tarball no local data for npm@https://registry.npmjs.org/npm/-/npm-10.9.0.tgz. Extracting by manifest.
23 http fetch GET 200 https://registry.npmjs.org/npm/-/npm-10.9.0.tgz 1994ms (cache miss)
24 silly CHANGE node_modules/npm
25 silly CHANGE node_modules/npm/node_modules/@npmcli/run-script
26 silly CHANGE node_modules/npm/node_modules/@npmcli/installed-package-contents
27 silly CHANGE node_modules/npm/node_modules/@npmcli/redact
28 silly CHANGE node_modules/npm/node_modules/@npmcli/query
29 silly CHANGE node_modules/npm/node_modules/@npmcli/promise-spawn
30 silly CHANGE node_modules/npm/node_modules/@npmcli/package-json
31 silly CHANGE node_modules/npm/node_modules/@npmcli/node-gyp
32 silly CHANGE node_modules/npm/node_modules/@npmcli/name-from-folder
33 silly CHANGE node_modules/npm/node_modules/@npmcli/metavuln-calculator
34 silly CHANGE node_modules/npm/node_modules/@npmcli/map-workspaces
35 silly CHANGE node_modules/npm/node_modules/@npmcli/git
36 silly CHANGE node_modules/npm/node_modules/@npmcli/config
37 silly CHANGE node_modules/npm/node_modules/@npmcli/fs
38 silly CHANGE node_modules/npm/node_modules/@npmcli/arborist
39 silly CHANGE node_modules/npm/node_modules/@npmcli/agent
40 silly CHANGE node_modules/npm/node_modules/write-file-atomic
41 silly CHANGE node_modules/npm/node_modules/which
42 silly CHANGE node_modules/npm/node_modules/validate-npm-package-name
43 silly CHANGE node_modules/npm/node_modules/unique-slug
44 silly CHANGE node_modules/npm/node_modules/unique-filename
45 silly CHANGE node_modules/npm/node_modules/ssri
46 silly CHANGE node_modules/npm/node_modules/qrcode-terminal
47 silly CHANGE node_modules/npm/node_modules/semver
48 silly CHANGE node_modules/npm/node_modules/read-package-json-fast
49 silly CHANGE node_modules/npm/node_modules/read-cmd-shim
50 silly CHANGE node_modules/npm/node_modules/read
51 silly CHANGE node_modules/npm/node_modules/promzard
52 silly CHANGE node_modules/npm/node_modules/npm-user-validate
53 silly CHANGE node_modules/npm/node_modules/proggy
54 silly CHANGE node_modules/npm/node_modules/proc-log
55 silly CHANGE node_modules/npm/node_modules/npm-profile
56 silly CHANGE node_modules/npm/node_modules/parse-conflict-json
57 silly CHANGE node_modules/npm/node_modules/pacote
58 silly CHANGE node_modules/npm/node_modules/libnpmversion
59 silly CHANGE node_modules/npm/node_modules/libnpmsearch
60 silly CHANGE node_modules/npm/node_modules/npm-registry-fetch
61 silly CHANGE node_modules/npm/node_modules/npm-pick-manifest
62 silly CHANGE node_modules/npm/node_modules/npm-packlist
63 silly CHANGE node_modules/npm/node_modules/npm-package-arg
64 silly CHANGE node_modules/npm/node_modules/npm-bundled
65 silly CHANGE node_modules/npm/node_modules/npm-normalize-package-bin
66 silly CHANGE node_modules/npm/node_modules/npm-install-checks
67 silly CHANGE node_modules/npm/node_modules/normalize-package-data
68 silly CHANGE node_modules/npm/node_modules/npm-audit-report
69 silly CHANGE node_modules/npm/node_modules/nopt
70 silly CHANGE node_modules/npm/node_modules/node-gyp
71 silly CHANGE node_modules/npm/node_modules/mute-stream
72 silly CHANGE node_modules/npm/node_modules/mkdirp
73 silly CHANGE node_modules/npm/node_modules/minipass-fetch
74 silly CHANGE node_modules/npm/node_modules/libnpmpublish
75 silly CHANGE node_modules/npm/node_modules/make-fetch-happen
76 silly CHANGE node_modules/npm/node_modules/libnpmteam
77 silly CHANGE node_modules/npm/node_modules/libnpmpack
78 silly CHANGE node_modules/npm/node_modules/libnpmorg
79 silly CHANGE node_modules/npm/node_modules/libnpmhook
80 silly CHANGE node_modules/npm/node_modules/libnpmdiff
81 silly CHANGE node_modules/npm/node_modules/libnpmfund
82 silly CHANGE node_modules/npm/node_modules/libnpmexec
83 silly CHANGE node_modules/npm/node_modules/libnpmaccess
84 silly CHANGE node_modules/npm/node_modules/json-parse-even-better-errors
85 silly CHANGE node_modules/npm/node_modules/ini
86 silly CHANGE node_modules/npm/node_modules/init-package-json
87 silly CHANGE node_modules/npm/node_modules/ignore-walk
88 silly CHANGE node_modules/npm/node_modules/hosted-git-info
89 silly CHANGE node_modules/npm/node_modules/glob
90 silly CHANGE node_modules/npm/node_modules/cross-spawn/node_modules/which
91 silly CHANGE node_modules/npm/node_modules/cssesc
92 silly CHANGE node_modules/npm/node_modules/cmd-shim
93 silly CHANGE node_modules/npm/node_modules/cacache
94 silly CHANGE node_modules/npm/node_modules/bin-links
95 silly CHANGE node_modules/npm/node_modules/abbrev
96 verbose cwd /home/olga/frontend-project-46
97 verbose os Linux 5.15.153.1-microsoft-standard-WSL2
98 verbose node v22.7.0
99 verbose npm  v10.8.3
100 verbose exit 0
101 info ok
