0 verbose cli /home/olga/.asdf/installs/nodejs/18.7.0/bin/node /home/olga/.asdf/installs/nodejs/18.7.0/bin/npm
1 info using npm@8.15.0
2 info using node@v18.7.0
3 timing npm:load:whichnode Completed in 1ms
4 timing config:load:defaults Completed in 2ms
5 timing config:load:file:/home/olga/.asdf/installs/nodejs/18.7.0/lib/node_modules/npm/npmrc Completed in 4ms
6 timing config:load:builtin Completed in 4ms
7 timing config:load:cli Completed in 2ms
8 timing config:load:env Completed in 0ms
9 timing config:load:file:/home/olga/hexlet-jest/.npmrc Completed in 1ms
10 timing config:load:project Completed in 14ms
11 timing config:load:file:/home/olga/.npmrc Completed in 0ms
12 timing config:load:user Completed in 0ms
13 timing config:load:file:/home/olga/.asdf/installs/nodejs/18.7.0/etc/npmrc Completed in 1ms
14 timing config:load:global Completed in 1ms
15 timing config:load:validate Completed in 0ms
16 timing config:load:credentials Completed in 1ms
17 timing config:load:setEnvs Completed in 1ms
18 timing config:load Completed in 25ms
19 timing npm:load:configload Completed in 25ms
20 timing npm:load:mkdirpcache Completed in 1ms
21 timing npm:load:mkdirplogs Completed in 0ms
22 verbose title npm i jest
23 verbose argv "i" "--save-dev" "jest"
24 timing npm:load:setTitle Completed in 2ms
25 timing config:load:flatten Completed in 3ms
26 timing npm:load:display Completed in 5ms
27 verbose logfile logs-max:10 dir:/home/olga/.npm/_logs
28 verbose logfile /home/olga/.npm/_logs/2024-09-21T18_15_40_874Z-debug-0.log
29 timing npm:load:logFile Completed in 6ms
30 timing npm:load:timers Completed in 0ms
31 timing npm:load:configScope Completed in 0ms
32 timing npm:load Completed in 40ms
33 timing arborist:ctor Completed in 2ms
34 silly logfile start cleaning logs, removing 1 files
35 silly logfile done cleaning log files
36 timing idealTree:init Completed in 287ms
37 timing idealTree:userRequests Completed in 2ms
38 silly idealTree buildDeps
39 silly fetch manifest jest@^29.7.0
40 timing arborist:ctor Completed in 0ms
41 http fetch GET 200 https://registry.npmjs.org/jest 526ms (cache miss)
42 silly fetch manifest node-notifier@^8.0.1 || ^9.0.0 || ^10.0.0
43 http fetch GET 200 https://registry.npmjs.org/node-notifier 74ms (cache miss)
44 silly placeDep ROOT jest@29.7.0 REPLACE for: hexlet-jest@1.0.0 want: ^29.7.0
45 timing idealTree:#root Completed in 640ms
46 timing idealTree:node_modules/jest Completed in 0ms
47 timing idealTree:buildDeps Completed in 642ms
48 timing idealTree:fixDepFlags Completed in 4ms
49 timing idealTree Completed in 954ms
50 timing reify:loadTrees Completed in 956ms
51 timing reify:diffTrees Completed in 34ms
52 silly reify moves {}
53 timing reify:retireShallow Completed in 3ms
54 timing reify:createSparse Completed in 2ms
55 timing reify:loadBundles Completed in 0ms
56 silly audit bulk request {
56 silly audit   '@ampproject/remapping': [ '2.3.0' ],
56 silly audit   '@babel/code-frame': [ '7.24.7' ],
56 silly audit   '@babel/compat-data': [ '7.25.4' ],
56 silly audit   '@babel/core': [ '7.25.2' ],
56 silly audit   '@babel/generator': [ '7.25.6' ],
56 silly audit   '@babel/helper-compilation-targets': [ '7.25.2' ],
56 silly audit   '@babel/helper-module-imports': [ '7.24.7' ],
56 silly audit   '@babel/helper-module-transforms': [ '7.25.2' ],
56 silly audit   '@babel/helper-plugin-utils': [ '7.24.8' ],
56 silly audit   '@babel/helper-simple-access': [ '7.24.7' ],
56 silly audit   '@babel/helper-string-parser': [ '7.24.8' ],
56 silly audit   '@babel/helper-validator-identifier': [ '7.24.7' ],
56 silly audit   '@babel/helper-validator-option': [ '7.24.8' ],
56 silly audit   '@babel/helpers': [ '7.25.6' ],
56 silly audit   '@babel/highlight': [ '7.24.7' ],
56 silly audit   'ansi-styles': [ '3.2.1', '4.3.0', '5.2.0' ],
56 silly audit   chalk: [ '2.4.2', '4.1.2' ],
56 silly audit   'color-convert': [ '1.9.3', '2.0.1' ],
56 silly audit   'color-name': [ '1.1.3', '1.1.4' ],
56 silly audit   'escape-string-regexp': [ '1.0.5', '2.0.0' ],
56 silly audit   'has-flag': [ '3.0.0', '4.0.0' ],
56 silly audit   'supports-color': [ '5.5.0', '8.1.1', '7.2.0' ],
56 silly audit   '@babel/parser': [ '7.25.6' ],
56 silly audit   '@babel/plugin-syntax-async-generators': [ '7.8.4' ],
56 silly audit   '@babel/plugin-syntax-bigint': [ '7.8.3' ],
56 silly audit   '@babel/plugin-syntax-class-properties': [ '7.12.13' ],
56 silly audit   '@babel/plugin-syntax-class-static-block': [ '7.14.5' ],
56 silly audit   '@babel/plugin-syntax-import-attributes': [ '7.25.6' ],
56 silly audit   '@babel/plugin-syntax-import-meta': [ '7.10.4' ],
56 silly audit   '@babel/plugin-syntax-json-strings': [ '7.8.3' ],
56 silly audit   '@babel/plugin-syntax-jsx': [ '7.24.7' ],
56 silly audit   '@babel/plugin-syntax-logical-assignment-operators': [ '7.10.4' ],
56 silly audit   '@babel/plugin-syntax-nullish-coalescing-operator': [ '7.8.3' ],
56 silly audit   '@babel/plugin-syntax-numeric-separator': [ '7.10.4' ],
56 silly audit   '@babel/plugin-syntax-object-rest-spread': [ '7.8.3' ],
56 silly audit   '@babel/plugin-syntax-optional-catch-binding': [ '7.8.3' ],
56 silly audit   '@babel/plugin-syntax-optional-chaining': [ '7.8.3' ],
56 silly audit   '@babel/plugin-syntax-private-property-in-object': [ '7.14.5' ],
56 silly audit   '@babel/plugin-syntax-top-level-await': [ '7.14.5' ],
56 silly audit   '@babel/plugin-syntax-typescript': [ '7.25.4' ],
56 silly audit   '@babel/template': [ '7.25.0' ],
56 silly audit   '@babel/traverse': [ '7.25.6' ],
56 silly audit   '@babel/types': [ '7.25.6' ],
56 silly audit   '@bcoe/v8-coverage': [ '0.2.3' ],
56 silly audit   '@istanbuljs/load-nyc-config': [ '1.1.0' ],
56 silly audit   '@istanbuljs/schema': [ '0.1.3' ],
56 silly audit   '@jest/console': [ '29.7.0' ],
56 silly audit   '@jest/core': [ '29.7.0' ],
56 silly audit   '@jest/environment': [ '29.7.0' ],
56 silly audit   '@jest/expect': [ '29.7.0' ],
56 silly audit   '@jest/expect-utils': [ '29.7.0' ],
56 silly audit   '@jest/fake-timers': [ '29.7.0' ],
56 silly audit   '@jest/globals': [ '29.7.0' ],
56 silly audit   '@jest/reporters': [ '29.7.0' ],
56 silly audit   '@jest/schemas': [ '29.6.3' ],
56 silly audit   '@jest/source-map': [ '29.6.3' ],
56 silly audit   '@jest/test-result': [ '29.7.0' ],
56 silly audit   '@jest/test-sequencer': [ '29.7.0' ],
56 silly audit   '@jest/transform': [ '29.7.0' ],
56 silly audit   '@jest/types': [ '29.6.3' ],
56 silly audit   '@jridgewell/gen-mapping': [ '0.3.5' ],
56 silly audit   '@jridgewell/resolve-uri': [ '3.1.2' ],
56 silly audit   '@jridgewell/set-array': [ '1.2.1' ],
56 silly audit   '@jridgewell/sourcemap-codec': [ '1.5.0' ],
56 silly audit   '@jridgewell/trace-mapping': [ '0.3.25' ],
56 silly audit   '@sinclair/typebox': [ '0.27.8' ],
56 silly audit   '@sinonjs/commons': [ '3.0.1' ],
56 silly audit   '@sinonjs/fake-timers': [ '10.3.0' ],
56 silly audit   '@types/babel__core': [ '7.20.5' ],
56 silly audit   '@types/babel__generator': [ '7.6.8' ],
56 silly audit   '@types/babel__template': [ '7.4.4' ],
56 silly audit   '@types/babel__traverse': [ '7.20.6' ],
56 silly audit   '@types/graceful-fs': [ '4.1.9' ],
56 silly audit   '@types/istanbul-lib-coverage': [ '2.0.6' ],
56 silly audit   '@types/istanbul-lib-report': [ '3.0.3' ],
56 silly audit   '@types/istanbul-reports': [ '3.0.4' ],
56 silly audit   '@types/node': [ '22.5.5' ],
56 silly audit   '@types/stack-utils': [ '2.0.3' ],
56 silly audit   '@types/yargs': [ '17.0.33' ],
56 silly audit   '@types/yargs-parser': [ '21.0.3' ],
56 silly audit   'ansi-escapes': [ '4.3.2' ],
56 silly audit   'ansi-regex': [ '5.0.1' ],
56 silly audit   anymatch: [ '3.1.3' ],
56 silly audit   argparse: [ '1.0.10' ],
56 silly audit   'babel-jest': [ '29.7.0' ],
56 silly audit   'babel-plugin-istanbul': [ '6.1.1' ],
56 silly audit   'istanbul-lib-instrument': [ '5.2.1', '6.0.3' ],
56 silly audit   'babel-plugin-jest-hoist': [ '29.6.3' ],
56 silly audit   'babel-preset-current-node-syntax': [ '1.1.0' ],
56 silly audit   'babel-preset-jest': [ '29.6.3' ],
56 silly audit   'balanced-match': [ '1.0.2' ],
56 silly audit   'brace-expansion': [ '1.1.11' ],
56 silly audit   braces: [ '3.0.3' ],
56 silly audit   browserslist: [ '4.23.3' ],
56 silly audit   bser: [ '2.1.1' ],
56 silly audit   'buffer-from': [ '1.1.2' ],
56 silly audit   callsites: [ '3.1.0' ],
56 silly audit   camelcase: [ '5.3.1', '6.3.0' ],
56 silly audit   'caniuse-lite': [ '1.0.30001662' ],
56 silly audit   'char-regex': [ '1.0.2' ],
56 silly audit   'ci-info': [ '3.9.0' ],
56 silly audit   'cjs-module-lexer': [ '1.4.1' ],
56 silly audit   cliui: [ '8.0.1' ],
56 silly audit   co: [ '4.6.0' ],
56 silly audit   'collect-v8-coverage': [ '1.0.2' ],
56 silly audit   'concat-map': [ '0.0.1' ],
56 silly audit   'convert-source-map': [ '2.0.0' ],
56 silly audit   'create-jest': [ '29.7.0' ],
56 silly audit   'cross-spawn': [ '7.0.3' ],
56 silly audit   debug: [ '4.3.7' ],
56 silly audit   dedent: [ '1.5.3' ],
56 silly audit   deepmerge: [ '4.3.1' ],
56 silly audit   'detect-newline': [ '3.1.0' ],
56 silly audit   'diff-sequences': [ '29.6.3' ],
56 silly audit   'electron-to-chromium': [ '1.5.27' ],
56 silly audit   emittery: [ '0.13.1' ],
56 silly audit   'emoji-regex': [ '8.0.0' ],
56 silly audit   'error-ex': [ '1.3.2' ],
56 silly audit   escalade: [ '3.2.0' ],
56 silly audit   esprima: [ '4.0.1' ],
56 silly audit   execa: [ '5.1.1' ],
56 silly audit   exit: [ '0.1.2' ],
56 silly audit   expect: [ '29.7.0' ],
56 silly audit   'fast-json-stable-stringify': [ '2.1.0' ],
56 silly audit   'fb-watchman': [ '2.0.2' ],
56 silly audit   'fill-range': [ '7.1.1' ],
56 silly audit   'find-up': [ '4.1.0' ],
56 silly audit   'fs.realpath': [ '1.0.0' ],
56 silly audit   fsevents: [ '2.3.3' ],
56 silly audit   'function-bind': [ '1.1.2' ],
56 silly audit   gensync: [ '1.0.0-beta.2' ],
56 silly audit   'get-caller-file': [ '2.0.5' ],
56 silly audit   'get-package-type': [ '0.1.0' ],
56 silly audit   'get-stream': [ '6.0.1' ],
56 silly audit   glob: [ '7.2.3' ],
56 silly audit   globals: [ '11.12.0' ],
56 silly audit   'graceful-fs': [ '4.2.11' ],
56 silly audit   hasown: [ '2.0.2' ],
56 silly audit   'html-escaper': [ '2.0.2' ],
56 silly audit   'human-signals': [ '2.1.0' ],
56 silly audit   'import-local': [ '3.2.0' ],
56 silly audit   imurmurhash: [ '0.1.4' ],
56 silly audit   inflight: [ '1.0.6' ],
56 silly audit   inherits: [ '2.0.4' ],
56 silly audit   'is-arrayish': [ '0.2.1' ],
56 silly audit   'is-core-module': [ '2.15.1' ],
56 silly audit   'is-fullwidth-code-point': [ '3.0.0' ],
56 silly audit   'is-generator-fn': [ '2.1.0' ],
56 silly audit   'is-number': [ '7.0.0' ],
56 silly audit   'is-stream': [ '2.0.1' ],
56 silly audit   isexe: [ '2.0.0' ],
56 silly audit   'istanbul-lib-coverage': [ '3.2.2' ],
56 silly audit   semver: [ '7.6.3', '6.3.1' ],
56 silly audit   'istanbul-lib-report': [ '3.0.1' ],
56 silly audit   'istanbul-lib-source-maps': [ '4.0.1' ],
56 silly audit   'istanbul-reports': [ '3.1.7' ],
56 silly audit   'jest-changed-files': [ '29.7.0' ],
56 silly audit   'jest-circus': [ '29.7.0' ],
56 silly audit   'jest-cli': [ '29.7.0' ],
56 silly audit   'jest-config': [ '29.7.0' ],
56 silly audit   'jest-diff': [ '29.7.0' ],
56 silly audit   'jest-docblock': [ '29.7.0' ],
56 silly audit   'jest-each': [ '29.7.0' ],
56 silly audit   'jest-environment-node': [ '29.7.0' ],
56 silly audit   'jest-get-type': [ '29.6.3' ],
56 silly audit   'jest-haste-map': [ '29.7.0' ],
56 silly audit   'jest-leak-detector': [ '29.7.0' ],
56 silly audit   'jest-matcher-utils': [ '29.7.0' ],
56 silly audit   'jest-message-util': [ '29.7.0' ],
56 silly audit   'jest-mock': [ '29.7.0' ],
56 silly audit   'jest-pnp-resolver': [ '1.2.3' ],
56 silly audit   'jest-regex-util': [ '29.6.3' ],
56 silly audit   'jest-resolve': [ '29.7.0' ],
56 silly audit   'jest-resolve-dependencies': [ '29.7.0' ],
56 silly audit   'jest-runner': [ '29.7.0' ],
56 silly audit   'jest-runtime': [ '29.7.0' ],
56 silly audit   'jest-snapshot': [ '29.7.0' ],
56 silly audit   'jest-util': [ '29.7.0' ],
56 silly audit   'jest-validate': [ '29.7.0' ],
56 silly audit   'jest-watcher': [ '29.7.0' ],
56 silly audit   'jest-worker': [ '29.7.0' ],
56 silly audit   'js-tokens': [ '4.0.0' ],
56 silly audit   'js-yaml': [ '3.14.1' ],
56 silly audit   jsesc: [ '2.5.2' ],
56 silly audit   'json-parse-even-better-errors': [ '2.3.1' ],
56 silly audit   json5: [ '2.2.3' ],
56 silly audit   kleur: [ '3.0.3' ],
56 silly audit   leven: [ '3.1.0' ],
56 silly audit   'lines-and-columns': [ '1.2.4' ],
56 silly audit   'locate-path': [ '5.0.0' ],
56 silly audit   'lru-cache': [ '5.1.1' ],
56 silly audit   'make-dir': [ '4.0.0' ],
56 silly audit   makeerror: [ '1.0.12' ],
56 silly audit   'merge-stream': [ '2.0.0' ],
56 silly audit   micromatch: [ '4.0.8' ],
56 silly audit   'mimic-fn': [ '2.1.0' ],
56 silly audit   minimatch: [ '3.1.2' ],
56 silly audit   ms: [ '2.1.3' ],
56 silly audit   'natural-compare': [ '1.4.0' ],
56 silly audit   'node-int64': [ '0.4.0' ],
56 silly audit   'node-releases': [ '2.0.18' ],
56 silly audit   'normalize-path': [ '3.0.0' ],
56 silly audit   'npm-run-path': [ '4.0.1' ],
56 silly audit   once: [ '1.4.0' ],
56 silly audit   onetime: [ '5.1.2' ],
56 silly audit   'p-limit': [ '3.1.0', '2.3.0' ],
56 silly audit   'p-locate': [ '4.1.0' ],
56 silly audit   'p-try': [ '2.2.0' ],
56 silly audit   'parse-json': [ '5.2.0' ],
56 silly audit   'path-exists': [ '4.0.0' ],
56 silly audit   'path-is-absolute': [ '1.0.1' ],
56 silly audit   'path-key': [ '3.1.1' ],
56 silly audit   'path-parse': [ '1.0.7' ],
56 silly audit   picocolors: [ '1.1.0' ],
56 silly audit   picomatch: [ '2.3.1' ],
56 silly audit   pirates: [ '4.0.6' ],
56 silly audit   'pkg-dir': [ '4.2.0' ],
56 silly audit   'pretty-format': [ '29.7.0' ],
56 silly audit   prompts: [ '2.4.2' ],
56 silly audit   'pure-rand': [ '6.1.0' ],
56 silly audit   'react-is': [ '18.3.1' ],
56 silly audit   'require-directory': [ '2.1.1' ],
56 silly audit   resolve: [ '1.22.8' ],
56 silly audit   'resolve-cwd': [ '3.0.0' ],
56 silly audit   'resolve-from': [ '5.0.0' ],
56 silly audit   'resolve.exports': [ '2.0.2' ],
56 silly audit   'shebang-command': [ '2.0.0' ],
56 silly audit   'shebang-regex': [ '3.0.0' ],
56 silly audit   'signal-exit': [ '3.0.7' ],
56 silly audit   sisteransi: [ '1.0.5' ],
56 silly audit   slash: [ '3.0.0' ],
56 silly audit   'source-map': [ '0.6.1' ],
56 silly audit   'source-map-support': [ '0.5.13' ],
56 silly audit   'sprintf-js': [ '1.0.3' ],
56 silly audit   'stack-utils': [ '2.0.6' ],
56 silly audit   'string-length': [ '4.0.2' ],
56 silly audit   'string-width': [ '4.2.3' ],
56 silly audit   'strip-ansi': [ '6.0.1' ],
56 silly audit   'strip-bom': [ '4.0.0' ],
56 silly audit   'strip-final-newline': [ '2.0.0' ],
56 silly audit   'strip-json-comments': [ '3.1.1' ],
56 silly audit   'supports-preserve-symlinks-flag': [ '1.0.0' ],
56 silly audit   'test-exclude': [ '6.0.0' ],
56 silly audit   tmpl: [ '1.0.5' ],
56 silly audit   'to-fast-properties': [ '2.0.0' ],
56 silly audit   'to-regex-range': [ '5.0.1' ],
56 silly audit   'type-detect': [ '4.0.8' ],
56 silly audit   'type-fest': [ '0.21.3' ],
56 silly audit   'undici-types': [ '6.19.8' ],
56 silly audit   'update-browserslist-db': [ '1.1.0' ],
56 silly audit   'v8-to-istanbul': [ '9.3.0' ],
56 silly audit   walker: [ '1.0.8' ],
56 silly audit   which: [ '2.0.2' ],
56 silly audit   'wrap-ansi': [ '7.0.0' ],
56 silly audit   wrappy: [ '1.0.2' ],
56 silly audit   'write-file-atomic': [ '4.0.2' ],
56 silly audit   y18n: [ '5.0.8' ],
56 silly audit   yallist: [ '3.1.1' ],
56 silly audit   yargs: [ '17.7.2' ],
56 silly audit   'yargs-parser': [ '21.1.1' ],
56 silly audit   'yocto-queue': [ '0.1.0' ],
56 silly audit   jest: [ '29.7.0' ]
56 silly audit }
57 verbose reify failed optional dependency /home/olga/hexlet-jest/node_modules/fsevents
58 silly reify mark deleted [ '/home/olga/hexlet-jest/node_modules/fsevents' ]
59 timing reifyNode:node_modules/fsevents Completed in 15ms
60 timing reify:unpack Completed in 15ms
61 timing reify:unretire Completed in 0ms
62 timing build:queue Completed in 5ms
63 timing build:deps Completed in 6ms
64 timing build Completed in 8ms
65 timing reify:build Completed in 9ms
66 timing reify:trash Completed in 10ms
67 http fetch POST 200 https://registry.npmjs.org/-/npm/v1/security/advisories/bulk 254ms
68 timing auditReport:getReport Completed in 285ms
69 silly audit report {}
70 timing auditReport:init Completed in 0ms
71 timing reify:audit Completed in 287ms
72 timing reify:save Completed in 211ms
73 timing reify Completed in 1353ms
74 silly ADD
75 timing command:i Completed in 1372ms
76 verbose exit 0
77 timing npm Completed in 1711ms
78 info ok
