0 verbose cli /home/olga/.asdf/installs/nodejs/18.7.0/bin/node /home/olga/.asdf/installs/nodejs/18.7.0/bin/npm
1 info using npm@8.15.0
2 info using node@v18.7.0
3 timing npm:load:whichnode Completed in 0ms
4 timing config:load:defaults Completed in 2ms
5 timing config:load:file:/home/olga/.asdf/installs/nodejs/18.7.0/lib/node_modules/npm/npmrc Completed in 3ms
6 timing config:load:builtin Completed in 4ms
7 timing config:load:cli Completed in 3ms
8 timing config:load:env Completed in 1ms
9 timing config:load:file:/home/olga/frontend-project-46/.npmrc Completed in 1ms
10 timing config:load:project Completed in 11ms
11 timing config:load:file:/home/olga/.npmrc Completed in 0ms
12 timing config:load:user Completed in 1ms
13 timing config:load:file:/home/olga/.asdf/installs/nodejs/18.7.0/etc/npmrc Completed in 0ms
14 timing config:load:global Completed in 0ms
15 timing config:load:validate Completed in 1ms
16 timing config:load:credentials Completed in 1ms
17 timing config:load:setEnvs Completed in 1ms
18 timing config:load Completed in 25ms
19 timing npm:load:configload Completed in 25ms
20 timing npm:load:mkdirpcache Completed in 2ms
21 timing npm:load:mkdirplogs Completed in 2ms
22 verbose title npm link
23 verbose argv "link"
24 timing npm:load:setTitle Completed in 2ms
25 timing config:load:flatten Completed in 4ms
26 timing npm:load:display Completed in 6ms
27 verbose logfile logs-max:10 dir:/home/olga/.npm/_logs
28 verbose logfile /home/olga/.npm/_logs/2024-12-15T18_11_38_739Z-debug-0.log
29 timing npm:load:logFile Completed in 8ms
30 timing npm:load:timers Completed in 0ms
31 timing npm:load:configScope Completed in 0ms
32 timing npm:load Completed in 48ms
33 timing arborist:ctor Completed in 1ms
34 silly logfile start cleaning logs, removing 1 files
35 silly logfile done cleaning log files
36 timing idealTree:init Completed in 17ms
37 timing idealTree Completed in 30ms
38 timing command:link Completed in 61ms
39 verbose stack JSONParseError: Unexpected token "}" (0x7D) in JSON at position 521 while parsing near "...d\\\" && exit 1\"\n  },\n};"
39 verbose stack     at /home/olga/.asdf/installs/nodejs/18.7.0/lib/node_modules/npm/node_modules/read-package-json-fast/index.js:11:61
39 verbose stack     at async [retrieveSpecName] (/home/olga/.asdf/installs/nodejs/18.7.0/lib/node_modules/npm/node_modules/@npmcli/arborist/lib/arborist/build-ideal-tree.js:570:18)
39 verbose stack     at async /home/olga/.asdf/installs/nodejs/18.7.0/lib/node_modules/npm/node_modules/@npmcli/arborist/lib/arborist/build-ideal-tree.js:542:20
39 verbose stack     at async Promise.all (index 0)
39 verbose stack     at async [applyUserRequestsToNode] (/home/olga/.asdf/installs/nodejs/18.7.0/lib/node_modules/npm/node_modules/@npmcli/arborist/lib/arborist/build-ideal-tree.js:510:7)
39 verbose stack     at async [applyUserRequests] (/home/olga/.asdf/installs/nodejs/18.7.0/lib/node_modules/npm/node_modules/@npmcli/arborist/lib/arborist/build-ideal-tree.js:447:7)
39 verbose stack     at async Arborist.buildIdealTree (/home/olga/.asdf/installs/nodejs/18.7.0/lib/node_modules/npm/node_modules/@npmcli/arborist/lib/arborist/build-ideal-tree.js:217:7)
39 verbose stack     at async Arborist.reify (/home/olga/.asdf/installs/nodejs/18.7.0/lib/node_modules/npm/node_modules/@npmcli/arborist/lib/arborist/reify.js:154:5)
39 verbose stack     at async Link.linkPkg (/home/olga/.asdf/installs/nodejs/18.7.0/lib/node_modules/npm/lib/commands/link.js:143:5)
39 verbose stack     at async module.exports (/home/olga/.asdf/installs/nodejs/18.7.0/lib/node_modules/npm/lib/cli.js:78:5)
40 verbose cwd /home/olga/frontend-project-46
41 verbose Linux 5.15.167.4-microsoft-standard-WSL2
42 verbose node v18.7.0
43 verbose npm  v8.15.0
44 error code EJSONPARSE
45 error path /home/olga/frontend-project-46/package.json
46 error JSON.parse Unexpected token "}" (0x7D) in JSON at position 521 while parsing near "...d\\\" && exit 1\"\n  },\n};"
47 error JSON.parse Failed to parse JSON data.
47 error JSON.parse Note: package.json must be actual JSON, not just JavaScript.
48 verbose exit 1
49 timing npm Completed in 217ms
50 verbose unfinished npm timer reify 1734286298876
51 verbose unfinished npm timer reify:loadTrees 1734286298899
52 verbose unfinished npm timer idealTree:userRequests 1734286298918
53 verbose code 1
54 error A complete log of this run can be found in:
54 error     /home/olga/.npm/_logs/2024-12-15T18_11_38_739Z-debug-0.log
