0 verbose cli /home/olga/.nvm/versions/node/v22.7.0/bin/node /home/olga/.nvm/versions/node/v22.7.0/bin/npm
1 info using npm@10.8.2
2 info using node@v22.7.0
3 silly config load:file:/home/olga/.nvm/versions/node/v22.7.0/lib/node_modules/npm/npmrc
4 silly config load:file:/home/olga/.npmrc
5 silly config load:file:/home/olga/.nvm/versions/node/v22.7.0/etc/npmrc
6 verbose title npm install eslint globals eslint-config-airbnb eslint@^7.32.0 || ^8.2.0 eslint-plugin-react@^7.28.0 eslint-plugin-import@^2.25.3 eslint-plugin-jsx-a11y@^6.5.1 eslint-plugin-react-hooks@^4.3.0 @eslint/eslintrc @eslint/js
7 verbose argv "install" "--save-dev" "eslint" "globals" "eslint-config-airbnb" "eslint@^7.32.0 || ^8.2.0" "eslint-plugin-react@^7.28.0" "eslint-plugin-import@^2.25.3" "eslint-plugin-jsx-a11y@^6.5.1" "eslint-plugin-react-hooks@^4.3.0" "@eslint/eslintrc" "@eslint/js"
8 verbose logfile logs-max:10 dir:/home/olga/.npm/_logs/2024-08-27T17_26_12_656Z-
9 verbose logfile /home/olga/.npm/_logs/2024-08-27T17_26_12_656Z-debug-0.log
10 silly packumentCache heap:2081947648 maxSize:520486912 maxEntrySize:260243456
11 silly logfile start cleaning logs, removing 1 files
12 silly logfile done cleaning log files
13 silly idealTree buildDeps
14 silly fetch manifest @eslint/eslintrc@^3.1.0
15 silly packumentCache full:https://registry.npmjs.org/@eslint%2feslintrc cache-miss
16 http fetch GET 200 https://registry.npmjs.org/@eslint%2feslintrc 395ms (cache revalidated)
17 silly packumentCache full:https://registry.npmjs.org/@eslint%2feslintrc set size:147111 disposed:false
18 silly fetch manifest @eslint/js@^9.9.1
19 silly packumentCache full:https://registry.npmjs.org/@eslint%2fjs cache-miss
20 http fetch GET 200 https://registry.npmjs.org/@eslint%2fjs 204ms (cache revalidated)
21 silly packumentCache full:https://registry.npmjs.org/@eslint%2fjs set size:75952 disposed:false
22 silly fetch manifest eslint@^7.32.0 || ^8.2.0
23 silly packumentCache full:https://registry.npmjs.org/eslint cache-miss
24 http fetch GET 200 https://registry.npmjs.org/eslint 78ms (cache revalidated)
25 silly packumentCache full:https://registry.npmjs.org/eslint set size:1586990 disposed:false
26 silly fetch manifest eslint-config-airbnb@^19.0.4
27 silly packumentCache full:https://registry.npmjs.org/eslint-config-airbnb cache-miss
28 http fetch GET 200 https://registry.npmjs.org/eslint-config-airbnb 5ms (cache hit)
29 silly packumentCache full:https://registry.npmjs.org/eslint-config-airbnb set size:164924 disposed:false
30 silly fetch manifest eslint-plugin-import@^2.25.3
31 silly packumentCache full:https://registry.npmjs.org/eslint-plugin-import cache-miss
32 http fetch GET 200 https://registry.npmjs.org/eslint-plugin-import 75ms (cache revalidated)
33 silly packumentCache full:https://registry.npmjs.org/eslint-plugin-import set size:467175 disposed:false
34 silly fetch manifest eslint-plugin-jsx-a11y@^6.5.1
35 silly packumentCache full:https://registry.npmjs.org/eslint-plugin-jsx-a11y cache-miss
36 http fetch GET 200 https://registry.npmjs.org/eslint-plugin-jsx-a11y 87ms (cache revalidated)
37 silly packumentCache full:https://registry.npmjs.org/eslint-plugin-jsx-a11y set size:264792 disposed:false
38 silly fetch manifest eslint-plugin-react@^7.28.0
39 silly packumentCache full:https://registry.npmjs.org/eslint-plugin-react cache-miss
40 http fetch GET 200 https://registry.npmjs.org/eslint-plugin-react 125ms (cache revalidated)
41 silly packumentCache full:https://registry.npmjs.org/eslint-plugin-react set size:605069 disposed:false
42 silly fetch manifest eslint-plugin-react-hooks@^4.3.0
43 silly packumentCache full:https://registry.npmjs.org/eslint-plugin-react-hooks cache-miss
44 http fetch GET 200 https://registry.npmjs.org/eslint-plugin-react-hooks 121ms (cache revalidated)
45 silly packumentCache full:https://registry.npmjs.org/eslint-plugin-react-hooks set size:4971885 disposed:false
46 silly fetch manifest globals@^15.9.0
47 silly packumentCache full:https://registry.npmjs.org/globals cache-miss
48 http fetch GET 200 https://registry.npmjs.org/globals 99ms (cache revalidated)
49 silly packumentCache full:https://registry.npmjs.org/globals set size:251866 disposed:false
50 silly placeDep ROOT @eslint/eslintrc@3.1.0 REPLACE for: @hexlet/code.@1.0.0 want: ^3.1.0
51 silly placeDep ROOT @eslint/js@9.9.1 REPLACE for: @hexlet/code.@1.0.0 want: ^9.9.1
52 silly placeDep ROOT eslint@8.57.0 REPLACE for: @hexlet/code.@1.0.0 want: ^7.32.0 || ^8.2.0
53 silly placeDep ROOT eslint-config-airbnb@19.0.4 REPLACE for: @hexlet/code.@1.0.0 want: ^19.0.4
54 silly placeDep ROOT eslint-plugin-import@2.29.1 REPLACE for: @hexlet/code.@1.0.0 want: ^2.25.3
55 silly placeDep ROOT eslint-plugin-jsx-a11y@6.9.0 REPLACE for: @hexlet/code.@1.0.0 want: ^6.5.1
56 silly placeDep ROOT eslint-plugin-react@7.35.0 REPLACE for: @hexlet/code.@1.0.0 want: ^7.28.0
57 silly placeDep ROOT eslint-plugin-react-hooks@4.6.2 REPLACE for: @hexlet/code.@1.0.0 want: ^4.3.0
58 silly placeDep ROOT globals@15.9.0 REPLACE for: @hexlet/code.@1.0.0 want: ^15.9.0
59 silly reify moves {}
60 silly audit bulk request {
60 silly audit   '@eslint-community/eslint-utils': [ '4.4.0' ],
60 silly audit   '@eslint-community/regexpp': [ '4.11.0' ],
60 silly audit   '@eslint/create-config': [ '1.0.0' ],
60 silly audit   '@eslint/eslintrc': [ '3.1.0', '2.1.4' ],
60 silly audit   'eslint-visitor-keys': [ '3.4.3', '4.0.0' ],
60 silly audit   espree: [ '9.6.1', '10.1.0' ],
60 silly audit   globals: [ '14.0.0', '13.24.0', '15.9.0' ],
60 silly audit   '@eslint/js': [ '9.9.1', '8.57.0' ],
60 silly audit   '@humanwhocodes/config-array': [ '0.11.14' ],
60 silly audit   '@humanwhocodes/module-importer': [ '1.0.1' ],
60 silly audit   '@humanwhocodes/object-schema': [ '2.0.3' ],
60 silly audit   '@nodelib/fs.scandir': [ '2.1.5' ],
60 silly audit   '@nodelib/fs.stat': [ '2.0.5' ],
60 silly audit   '@nodelib/fs.walk': [ '1.2.8' ],
60 silly audit   '@types/json5': [ '0.0.29' ],
60 silly audit   '@ungap/structured-clone': [ '1.2.0' ],
60 silly audit   acorn: [ '8.12.1' ],
60 silly audit   'acorn-jsx': [ '5.3.2' ],
60 silly audit   ajv: [ '6.12.6' ],
60 silly audit   'ansi-colors': [ '4.1.3' ],
60 silly audit   'ansi-regex': [ '5.0.1' ],
60 silly audit   'ansi-styles': [ '4.3.0' ],
60 silly audit   argparse: [ '2.0.1' ],
60 silly audit   'aria-query': [ '5.1.3' ],
60 silly audit   'array-buffer-byte-length': [ '1.0.1' ],
60 silly audit   'array-includes': [ '3.1.8' ],
60 silly audit   'array.prototype.findlast': [ '1.2.5' ],
60 silly audit   'array.prototype.findlastindex': [ '1.2.5' ],
60 silly audit   'array.prototype.flat': [ '1.3.2' ],
60 silly audit   'array.prototype.flatmap': [ '1.3.2' ],
60 silly audit   'array.prototype.tosorted': [ '1.1.4' ],
60 silly audit   'arraybuffer.prototype.slice': [ '1.0.3' ],
60 silly audit   'ast-types-flow': [ '0.0.8' ],
60 silly audit   'available-typed-arrays': [ '1.0.7' ],
60 silly audit   'axe-core': [ '4.10.0' ],
60 silly audit   'axobject-query': [ '3.1.1' ],
60 silly audit   'balanced-match': [ '1.0.2' ],
60 silly audit   'brace-expansion': [ '1.1.11' ],
60 silly audit   'call-bind': [ '1.0.7' ],
60 silly audit   callsites: [ '3.1.0' ],
60 silly audit   chalk: [ '4.1.2' ],
60 silly audit   'color-convert': [ '2.0.1' ],
60 silly audit   'color-name': [ '1.1.4' ],
60 silly audit   'concat-map': [ '0.0.1' ],
60 silly audit   'confusing-browser-globals': [ '1.0.11' ],
60 silly audit   'cross-spawn': [ '7.0.3' ],
60 silly audit   'damerau-levenshtein': [ '1.0.8' ],
60 silly audit   'data-view-buffer': [ '1.0.1' ],
60 silly audit   'data-view-byte-length': [ '1.0.1' ],
60 silly audit   'data-view-byte-offset': [ '1.0.0' ],
60 silly audit   debug: [ '4.3.6', '3.2.7' ],
60 silly audit   'deep-equal': [ '2.2.3' ],
60 silly audit   'deep-is': [ '0.1.4' ],
60 silly audit   'define-data-property': [ '1.1.4' ],
60 silly audit   'define-properties': [ '1.2.1' ],
60 silly audit   doctrine: [ '3.0.0', '2.1.0' ],
60 silly audit   'emoji-regex': [ '9.2.2' ],
60 silly audit   enquirer: [ '2.4.1' ],
60 silly audit   'es-abstract': [ '1.23.3' ],
60 silly audit   'es-define-property': [ '1.0.0' ],
60 silly audit   'es-errors': [ '1.3.0' ],
60 silly audit   'es-get-iterator': [ '1.1.3' ],
60 silly audit   'es-iterator-helpers': [ '1.0.19' ],
60 silly audit   'es-object-atoms': [ '1.0.0' ],
60 silly audit   'es-set-tostringtag': [ '2.0.3' ],
60 silly audit   'es-shim-unscopables': [ '1.0.2' ],
60 silly audit   'es-to-primitive': [ '1.2.1' ],
60 silly audit   'escape-string-regexp': [ '4.0.0' ],
60 silly audit   'eslint-config-airbnb-base': [ '15.0.0' ],
60 silly audit   'eslint-import-resolver-node': [ '0.3.9' ],
60 silly audit   'eslint-module-utils': [ '2.8.1' ],
60 silly audit   resolve: [ '1.22.8', '2.0.0-next.5' ],
60 silly audit   'eslint-scope': [ '7.2.2' ],
60 silly audit   esquery: [ '1.6.0' ],
60 silly audit   esrecurse: [ '4.3.0' ],
60 silly audit   estraverse: [ '5.3.0' ],
60 silly audit   esutils: [ '2.0.3' ],
60 silly audit   'fast-deep-equal': [ '3.1.3' ],
60 silly audit   'fast-json-stable-stringify': [ '2.1.0' ],
60 silly audit   'fast-levenshtein': [ '2.0.6' ],
60 silly audit   fastq: [ '1.17.1' ],
60 silly audit   'file-entry-cache': [ '6.0.1' ],
60 silly audit   'find-up': [ '5.0.0' ],
60 silly audit   'flat-cache': [ '3.2.0' ],
60 silly audit   flatted: [ '3.3.1' ],
60 silly audit   'for-each': [ '0.3.3' ],
60 silly audit   'fs.realpath': [ '1.0.0' ],
60 silly audit   'function-bind': [ '1.1.2' ],
60 silly audit   'function.prototype.name': [ '1.1.6' ],
60 silly audit   'functions-have-names': [ '1.2.3' ],
60 silly audit   'get-intrinsic': [ '1.2.4' ],
60 silly audit   'get-symbol-description': [ '1.0.2' ],
60 silly audit   glob: [ '7.2.3' ],
60 silly audit   'glob-parent': [ '6.0.2' ],
60 silly audit   globalthis: [ '1.0.4' ],
60 silly audit   gopd: [ '1.0.1' ],
60 silly audit   graphemer: [ '1.4.0' ],
60 silly audit   'has-bigints': [ '1.0.2' ],
60 silly audit   'has-flag': [ '4.0.0' ],
60 silly audit   'has-property-descriptors': [ '1.0.2' ],
60 silly audit   'has-proto': [ '1.0.3' ],
60 silly audit   'has-symbols': [ '1.0.3' ],
60 silly audit   'has-tostringtag': [ '1.0.2' ],
60 silly audit   hasown: [ '2.0.2' ],
60 silly audit   ignore: [ '5.3.1' ],
60 silly audit   'import-fresh': [ '3.3.0' ],
60 silly audit   imurmurhash: [ '0.1.4' ],
60 silly audit   inflight: [ '1.0.6' ],
60 silly audit   inherits: [ '2.0.4' ],
60 silly audit   'internal-slot': [ '1.0.7' ],
60 silly audit   'is-arguments': [ '1.1.1' ],
60 silly audit   'is-array-buffer': [ '3.0.4' ],
60 silly audit   'is-async-function': [ '2.0.0' ],
60 silly audit   'is-bigint': [ '1.0.4' ],
60 silly audit   'is-boolean-object': [ '1.1.2' ],
60 silly audit   'is-callable': [ '1.2.7' ],
60 silly audit   'is-core-module': [ '2.15.0' ],
60 silly audit   'is-data-view': [ '1.0.1' ],
60 silly audit   'is-date-object': [ '1.0.5' ],
60 silly audit   'is-extglob': [ '2.1.1' ],
60 silly audit   'is-finalizationregistry': [ '1.0.2' ],
60 silly audit   'is-generator-function': [ '1.0.10' ],
60 silly audit   'is-glob': [ '4.0.3' ],
60 silly audit   'is-map': [ '2.0.3' ],
60 silly audit   'is-negative-zero': [ '2.0.3' ],
60 silly audit   'is-number-object': [ '1.0.7' ],
60 silly audit   'is-path-inside': [ '3.0.3' ],
60 silly audit   'is-regex': [ '1.1.4' ],
60 silly audit   'is-set': [ '2.0.3' ],
60 silly audit   'is-shared-array-buffer': [ '1.0.3' ],
60 silly audit   'is-string': [ '1.0.7' ],
60 silly audit   'is-symbol': [ '1.0.4' ],
60 silly audit   'is-typed-array': [ '1.1.13' ],
60 silly audit   'is-weakmap': [ '2.0.2' ],
60 silly audit   'is-weakref': [ '1.0.2' ],
60 silly audit   'is-weakset': [ '2.0.3' ],
60 silly audit   isarray: [ '2.0.5' ],
60 silly audit   isexe: [ '2.0.0' ],
60 silly audit   'iterator.prototype': [ '1.1.2' ],
60 silly audit   'js-tokens': [ '4.0.0' ],
60 silly audit   'js-yaml': [ '4.1.0' ],
60 silly audit   'json-buffer': [ '3.0.1' ],
60 silly audit   'json-schema-traverse': [ '0.4.1' ],
60 silly audit   'json-stable-stringify-without-jsonify': [ '1.0.1' ],
60 silly audit   json5: [ '1.0.2' ],
60 silly audit   'jsx-ast-utils': [ '3.3.5' ],
60 silly audit   keyv: [ '4.5.4' ],
60 silly audit   'language-subtag-registry': [ '0.3.23' ],
60 silly audit   'language-tags': [ '1.0.9' ],
60 silly audit   levn: [ '0.4.1' ],
60 silly audit   'locate-path': [ '6.0.0' ],
60 silly audit   lodash: [ '4.17.21' ],
60 silly audit   'lodash.merge': [ '4.6.2' ],
60 silly audit   'loose-envify': [ '1.4.0' ],
60 silly audit   minimatch: [ '3.1.2' ],
60 silly audit   minimist: [ '1.2.8' ],
60 silly audit   ms: [ '2.1.2' ],
60 silly audit   'natural-compare': [ '1.4.0' ],
60 silly audit   'object-assign': [ '4.1.1' ],
60 silly audit   'object-inspect': [ '1.13.2' ],
60 silly audit   'object-is': [ '1.1.6' ],
60 silly audit   'object-keys': [ '1.1.1' ],
60 silly audit   'object.assign': [ '4.1.5' ],
60 silly audit   'object.entries': [ '1.1.8' ],
60 silly audit   'object.fromentries': [ '2.0.8' ],
60 silly audit   'object.groupby': [ '1.0.3' ],
60 silly audit   'object.values': [ '1.2.0' ],
60 silly audit   once: [ '1.4.0' ],
60 silly audit   optionator: [ '0.9.4' ],
60 silly audit   'p-limit': [ '3.1.0' ],
60 silly audit   'p-locate': [ '5.0.0' ],
60 silly audit   'parent-module': [ '1.0.1' ],
60 silly audit   'path-exists': [ '4.0.0' ],
60 silly audit   'path-is-absolute': [ '1.0.1' ],
60 silly audit   'path-key': [ '3.1.1' ],
60 silly audit   'path-parse': [ '1.0.7' ],
60 silly audit   'possible-typed-array-names': [ '1.0.0' ],
60 silly audit   'prelude-ls': [ '1.2.1' ],
60 silly audit   'prop-types': [ '15.8.1' ],
60 silly audit   punycode: [ '2.3.1' ],
60 silly audit   'queue-microtask': [ '1.2.3' ],
60 silly audit   'react-is': [ '16.13.1' ],
60 silly audit   'readline-sync': [ '1.4.10' ],
60 silly audit   'reflect.getprototypeof': [ '1.0.6' ],
60 silly audit   'regexp.prototype.flags': [ '1.5.2' ],
60 silly audit   'resolve-from': [ '4.0.0' ],
60 silly audit   reusify: [ '1.0.4' ],
60 silly audit   rimraf: [ '3.0.2' ],
60 silly audit   'run-parallel': [ '1.2.0' ],
60 silly audit   'safe-array-concat': [ '1.1.2' ],
60 silly audit   'safe-regex-test': [ '1.0.3' ],
60 silly audit   semver: [ '6.3.1' ],
60 silly audit   'set-function-length': [ '1.2.2' ],
60 silly audit   'set-function-name': [ '2.0.2' ],
60 silly audit   'shebang-command': [ '2.0.0' ],
60 silly audit   'shebang-regex': [ '3.0.0' ],
60 silly audit   'side-channel': [ '1.0.6' ],
60 silly audit   'stop-iteration-iterator': [ '1.0.0' ],
60 silly audit   'string.prototype.includes': [ '2.0.0' ],
60 silly audit   'string.prototype.matchall': [ '4.0.11' ],
60 silly audit   'string.prototype.repeat': [ '1.0.0' ],
60 silly audit   'string.prototype.trim': [ '1.2.9' ],
60 silly audit   'string.prototype.trimend': [ '1.0.8' ],
60 silly audit   'string.prototype.trimstart': [ '1.0.8' ],
60 silly audit   'strip-ansi': [ '6.0.1' ],
60 silly audit   'strip-bom': [ '3.0.0' ],
60 silly audit   'strip-json-comments': [ '3.1.1' ],
60 silly audit   'supports-color': [ '7.2.0' ],
60 silly audit   'supports-preserve-symlinks-flag': [ '1.0.0' ],
60 silly audit   'text-table': [ '0.2.0' ],
60 silly audit   'tsconfig-paths': [ '3.15.0' ],
60 silly audit   'type-check': [ '0.4.0' ],
60 silly audit   'type-fest': [ '0.20.2' ],
60 silly audit   'typed-array-buffer': [ '1.0.2' ],
60 silly audit   'typed-array-byte-length': [ '1.0.1' ],
60 silly audit   'typed-array-byte-offset': [ '1.0.2' ],
60 silly audit   'typed-array-length': [ '1.0.6' ],
60 silly audit   'unbox-primitive': [ '1.0.2' ],
60 silly audit   'uri-js': [ '4.4.1' ],
60 silly audit   which: [ '2.0.2' ],
60 silly audit   'which-boxed-primitive': [ '1.0.2' ],
60 silly audit   'which-builtin-type': [ '1.1.4' ],
60 silly audit   'which-collection': [ '1.0.2' ],
60 silly audit   'which-typed-array': [ '1.1.15' ],
60 silly audit   'word-wrap': [ '1.2.5' ],
60 silly audit   wrappy: [ '1.0.2' ],
60 silly audit   'yocto-queue': [ '0.1.0' ],
60 silly audit   eslint: [ '8.57.0' ],
60 silly audit   'eslint-config-airbnb': [ '19.0.4' ],
60 silly audit   'eslint-plugin-import': [ '2.29.1' ],
60 silly audit   'eslint-plugin-jsx-a11y': [ '6.9.0' ],
60 silly audit   'eslint-plugin-react': [ '7.35.0' ],
60 silly audit   'eslint-plugin-react-hooks': [ '4.6.2' ]
60 silly audit }
61 http fetch POST 200 https://registry.npmjs.org/-/npm/v1/security/advisories/bulk 257ms
62 silly audit report {}
63 verbose cwd /home/olga
64 verbose os Linux 5.15.153.1-microsoft-standard-WSL2
65 verbose node v22.7.0
66 verbose npm  v10.8.2
67 verbose exit 0
68 info ok
