0 verbose cli /home/olga/.nvm/versions/node/v22.7.0/bin/node /home/olga/.nvm/versions/node/v22.7.0/bin/npm
1 info using npm@10.8.3
2 info using node@v22.7.0
3 silly config load:file:/home/olga/.nvm/versions/node/v22.7.0/lib/node_modules/npm/npmrc
4 silly config load:file:/home/olga/.npmrc
5 silly config load:file:/home/olga/.nvm/versions/node/v22.7.0/etc/npmrc
6 verbose title npm init
7 verbose argv "init"
8 verbose logfile logs-max:10 dir:/home/olga/.npm/_logs/2024-11-04T11_13_58_634Z-
9 verbose logfile /home/olga/.npm/_logs/2024-11-04T11_13_58_634Z-debug-0.log
10 silly logfile start cleaning logs, removing 1 files
11 silly logfile done cleaning log files
12 http fetch GET 200 https://registry.npmjs.org/npm 293ms
13 silly package data {
13 silly package data   name: '@hexlet/code',
13 silly package data   version: '1.0.0',
13 silly package data   description: '[![Actions Status](https://github.com/olga-treushkova/frontend-project-46/actions/workflows/hexlet-check.yml/badge.svg)](https://github.com/olga-treushkova/frontend-project-46/actions)',
13 silly package data   main: 'index.js',
13 silly package data   scripts: { test: 'echo "Error: no test specified" && exit 1' },
13 silly package data   author: '',
13 silly package data   license: 'ISC'
13 silly package data }
14 verbose cwd /home/olga/frontend-project-46
15 verbose os Linux 5.15.153.1-microsoft-standard-WSL2
16 verbose node v22.7.0
17 verbose npm  v10.8.3
18 notice
18 notice New [33mminor[39m version of npm available! [33m10.8.3[39m -> [34m10.9.0[39m
18 notice Changelog: [34mhttps://github.com/npm/cli/releases/tag/v10.9.0[39m
18 notice To update run: [4mnpm install -g npm@10.9.0[24m
18 notice  { force: true, [Symbol(proc-log.meta)]: true }
19 verbose exit 0
20 info ok
