2024-12-10 23:53:15.854 [info] [основное] Уровень ведения журнала: Info
2024-12-10 23:53:15.854 [info] [основное] Проверка найденного Git в: "git"
2024-12-10 23:53:15.854 [info] [основное] Используется Git "2.34.1" из "git"
2024-12-10 23:53:15.854 [info] [Model][doInitialScan] Initial repository scan started
2024-12-10 23:53:15.854 [info] > git rev-parse --show-toplevel [714ms]
2024-12-10 23:53:15.854 [info] > git rev-parse --git-dir --git-common-dir [39ms]
2024-12-10 23:53:15.854 [info] [Model][openRepository] Opened repository: /home/olga
2024-12-10 23:53:16.189 [info] > git config --get commit.template [315ms]
2024-12-10 23:53:16.654 [info] > git rev-parse --show-toplevel [26ms]
2024-12-10 23:53:16.659 [info] > git for-each-ref --format=%(refname)%00%(upstream:short)%00%(objectname)%00%(upstream:track)%00%(upstream:remotename)%00%(upstream:remoteref) refs/heads/main refs/remotes/main [414ms]
2024-12-10 23:53:16.698 [warning] [Git][revParse] Unable to read file: ENOENT: no such file or directory, open '/home/olga/.git/refs/remotes/origin/main'
2024-12-10 23:53:16.708 [info] > git rev-parse --git-dir --git-common-dir [15ms]
2024-12-10 23:53:16.729 [info] [Model][openRepository] Opened repository: /home/olga/.asdf
2024-12-10 23:53:16.768 [info] > git check-ignore -v -z --stdin [123ms]
2024-12-10 23:53:16.822 [info] > git rev-parse refs/remotes/origin/main [125ms]
2024-12-10 23:53:17.039 [info] > git for-each-ref --sort -committerdate --format %(refname) %(objectname) %(*objectname) [69ms]
2024-12-10 23:53:17.040 [info] > git rev-parse --show-toplevel [275ms]
2024-12-10 23:53:17.041 [info] > git config --get commit.template [294ms]
2024-12-10 23:53:17.089 [info] > git rev-parse --show-toplevel [32ms]
2024-12-10 23:53:17.207 [info] > git rev-parse --show-toplevel [39ms]
2024-12-10 23:53:17.300 [info] > git rev-parse --show-toplevel [79ms]
2024-12-10 23:53:17.334 [info] > git rev-parse --show-toplevel [16ms]
2024-12-10 23:53:17.399 [info] > git rev-parse --show-toplevel [33ms]
2024-12-10 23:53:17.423 [info] > git for-each-ref --format %(refname) %(objectname) %(*objectname) refs/tags [313ms]
2024-12-10 23:53:17.637 [info] > git status -z -uall [182ms]
2024-12-10 23:53:17.639 [info] > git check-ignore -v -z --stdin [52ms]
2024-12-10 23:53:17.688 [info] > git check-ignore -v -z --stdin [67ms]
2024-12-10 23:53:17.693 [info] > git for-each-ref --sort -committerdate --format %(refname) %(objectname) %(*objectname) [197ms]
2024-12-10 23:53:17.820 [info] > git rev-parse --git-dir --git-common-dir [312ms]
2024-12-10 23:53:17.837 [info] [Model][openRepository] Opened repository: /home/olga/.nvm
2024-12-10 23:53:18.137 [info] > git rev-parse --show-toplevel [112ms]
2024-12-10 23:53:18.138 [info] > git config --get commit.template [133ms]
2024-12-10 23:53:18.138 [info] > git config --get commit.template [144ms]
2024-12-10 23:53:18.247 [info] > git rev-parse --show-toplevel [75ms]
2024-12-10 23:53:18.295 [info] > git for-each-ref --format %(refname) %(objectname) %(*objectname) refs/tags [85ms]
2024-12-10 23:53:18.641 [info] > git status -z -uall [317ms]
2024-12-10 23:53:18.754 [info] > git check-ignore -v -z --stdin [94ms]
2024-12-10 23:53:18.758 [info] > git check-ignore -v -z --stdin [86ms]
2024-12-10 23:53:18.758 [info] > git check-ignore -v -z --stdin [36ms]
2024-12-10 23:53:18.760 [info] > git for-each-ref --format %(refname) %(objectname) %(*objectname) refs/tags [516ms]
2024-12-10 23:53:18.791 [info] > git rev-parse --show-toplevel [497ms]
2024-12-10 23:53:18.792 [info] > git for-each-ref --sort -committerdate --format %(refname) %(objectname) %(*objectname) [451ms]
2024-12-10 23:53:18.944 [info] > git for-each-ref --sort -committerdate --format %(refname) %(objectname) %(*objectname) [154ms]
2024-12-10 23:53:18.978 [info] > git rev-parse --show-toplevel [39ms]
2024-12-10 23:53:18.995 [info] > git rev-parse --git-dir --git-common-dir [13ms]
2024-12-10 23:53:19.012 [info] [Model][openRepository] Opened repository: /home/olga/frontend-project-44
2024-12-10 23:53:19.086 [info] > git config --get commit.template [55ms]
2024-12-10 23:53:19.100 [info] > git rev-parse --show-toplevel [60ms]
2024-12-10 23:53:19.163 [info] > git rev-parse --git-dir --git-common-dir [39ms]
2024-12-10 23:53:19.182 [info] [Model][openRepository] Opened repository: /home/olga/frontend-project-46
2024-12-10 23:53:19.222 [info] > git for-each-ref --format=%(refname)%00%(upstream:short)%00%(objectname)%00%(upstream:track)%00%(upstream:remotename)%00%(upstream:remoteref) refs/heads/main refs/remotes/main [125ms]
2024-12-10 23:53:19.237 [info] > git config --get commit.template [37ms]
2024-12-10 23:53:19.300 [info] > git rev-parse --show-toplevel [85ms]
2024-12-10 23:53:19.355 [info] > git status -z -uall [574ms]
2024-12-10 23:53:19.458 [info] > git status -z -uall [120ms]
2024-12-10 23:53:19.459 [info] > git rev-parse --git-dir --git-common-dir [104ms]
2024-12-10 23:53:19.466 [info] [Model][openRepository] Opened repository: /home/olga/hexlet-git
2024-12-10 23:53:19.496 [info] > git for-each-ref --sort -committerdate --format %(refname) %(objectname) %(*objectname) [154ms]
2024-12-10 23:53:19.611 [info] > git for-each-ref --format=%(refname)%00%(upstream:short)%00%(objectname)%00%(upstream:track)%00%(upstream:remotename)%00%(upstream:remoteref) refs/heads/main refs/remotes/main [73ms]
2024-12-10 23:53:19.627 [info] > git config --get commit.template [171ms]
2024-12-10 23:53:19.627 [info] > git for-each-ref --format=%(refname)%00%(upstream:short)%00%(objectname)%00%(upstream:track)%00%(upstream:remotename)%00%(upstream:remoteref) refs/heads/main refs/remotes/main [344ms]
2024-12-10 23:53:19.706 [warning] [Git][revParse] Unable to read file: ENOENT: no such file or directory, open '/home/olga/frontend-project-46/.git/refs/remotes/origin/main'
2024-12-10 23:53:19.724 [info] > git config --local branch.main.vscode-merge-base [98ms]
2024-12-10 23:53:19.760 [info] > git config --get commit.template [161ms]
2024-12-10 23:53:19.760 [info] > git rev-parse --show-toplevel [166ms]
2024-12-10 23:53:19.760 [info] > git config --get commit.template [182ms]
2024-12-10 23:53:19.870 [info] > git for-each-ref --format=%(refname)%00%(upstream:short)%00%(objectname)%00%(upstream:track)%00%(upstream:remotename)%00%(upstream:remoteref) refs/heads/origin/main refs/remotes/origin/main [110ms]
2024-12-10 23:53:19.916 [info] > git rev-parse refs/remotes/origin/main [210ms]
2024-12-10 23:53:20.505 [info] > git status -z -uall [563ms]
2024-12-10 23:53:20.505 [info] > git check-ignore -v -z --stdin [100ms]
2024-12-10 23:53:20.521 [info] > git check-ignore -v -z --stdin [99ms]
2024-12-10 23:53:20.521 [info] > git check-ignore -v -z --stdin [97ms]
2024-12-10 23:53:20.522 [info] > git check-ignore -v -z --stdin [85ms]
2024-12-10 23:53:20.522 [info] > git check-ignore -v -z --stdin [81ms]
2024-12-10 23:53:20.534 [info] > git check-ignore -v -z --stdin [71ms]
2024-12-10 23:53:20.550 [info] > git for-each-ref --sort -committerdate --format %(refname) %(objectname) %(*objectname) [597ms]
2024-12-10 23:53:20.627 [info] > git merge-base refs/heads/main refs/remotes/origin/main [712ms]
2024-12-10 23:53:20.675 [info] > git rev-parse --show-toplevel [824ms]
2024-12-10 23:53:20.675 [info] > git for-each-ref --format %(refname) %(objectname) %(*objectname) refs/tags [837ms]
2024-12-10 23:53:20.855 [info] > git status -z -uall [165ms]
2024-12-10 23:53:20.855 [info] > git for-each-ref --sort -committerdate --format %(refname) %(objectname) %(*objectname) [116ms]
2024-12-10 23:53:20.870 [info] > git diff --name-status -z --diff-filter=ADMR 4d6a7b5311521b182d060240737432bc2bef42f4...refs/remotes/origin/main [195ms]
2024-12-10 23:53:20.870 [info] > git for-each-ref --format=%(refname)%00%(upstream:short)%00%(objectname)%00%(upstream:track)%00%(upstream:remotename)%00%(upstream:remoteref) refs/heads/main refs/remotes/main [272ms]
2024-12-10 23:53:20.874 [info] > git for-each-ref --format=%(refname)%00%(upstream:short)%00%(objectname)%00%(upstream:track)%00%(upstream:remotename)%00%(upstream:remoteref) refs/heads/main refs/remotes/main [396ms]
2024-12-10 23:53:20.874 [info] > git for-each-ref --format=%(refname)%00%(upstream:short)%00%(objectname)%00%(upstream:track)%00%(upstream:remotename)%00%(upstream:remoteref) refs/heads/main refs/remotes/main [405ms]
2024-12-10 23:53:20.903 [info] > git config --local branch.main.vscode-merge-base [29ms]
2024-12-10 23:53:20.907 [info] > git rev-parse --show-toplevel [69ms]
2024-12-10 23:53:20.917 [info] > git config --get commit.template [87ms]
2024-12-10 23:53:20.951 [info] > git for-each-ref --format=%(refname)%00%(upstream:short)%00%(objectname)%00%(upstream:track)%00%(upstream:remotename)%00%(upstream:remoteref) refs/heads/origin/main refs/remotes/origin/main [44ms]
2024-12-10 23:53:20.968 [info] > git rev-parse --git-dir --git-common-dir [41ms]
2024-12-10 23:53:20.976 [info] [Model][openRepository] Opened repository: /home/olga/hexlet-js
2024-12-10 23:53:21.082 [info] > git status -z -uall [4229ms]
2024-12-10 23:53:21.094 [info] > git status -z -uall [81ms]
2024-12-10 23:53:21.094 [info] > git status -z -uall [52ms]
2024-12-10 23:53:21.095 [info] > git for-each-ref --format=%(refname)%00%(upstream:short)%00%(objectname)%00%(upstream:track)%00%(upstream:remotename)%00%(upstream:remoteref) refs/heads/main refs/remotes/main [136ms]
2024-12-10 23:53:21.095 [info] > git merge-base refs/heads/main refs/remotes/origin/main [140ms]
2024-12-10 23:53:21.115 [warning] [Git][revParse] Unable to read file: ENOENT: no such file or directory, open '/home/olga/frontend-project-46/.git/refs/remotes/origin/main'
2024-12-10 23:53:21.167 [info] > git rev-parse --show-toplevel [101ms]
2024-12-10 23:53:21.168 [info] [Model][doInitialScan] Initial repository scan completed - repositories (7), closed repositories (0), parent repositories (0), unsafe repositories (0)
2024-12-10 23:53:21.207 [info] > git config --get commit.template [158ms]
2024-12-10 23:53:21.207 [info] > git for-each-ref --sort -committerdate --format %(refname) %(objectname) %(*objectname) [162ms]
2024-12-10 23:53:21.217 [info] > git for-each-ref --sort -committerdate --format %(refname) %(objectname) %(*objectname) [189ms]
2024-12-10 23:53:22.827 [info] > git show --textconv :.bashrc [1643ms]
2024-12-10 23:53:22.839 [info] > git for-each-ref --format=%(refname)%00%(upstream:short)%00%(objectname)%00%(upstream:track)%00%(upstream:remotename)%00%(upstream:remoteref) refs/heads/main refs/remotes/main [1477ms]
2024-12-10 23:53:22.845 [info] > git for-each-ref --format=%(refname)%00%(upstream:short)%00%(objectname)%00%(upstream:track)%00%(upstream:remotename)%00%(upstream:remoteref) refs/heads/main refs/remotes/main [1630ms]
2024-12-10 23:53:22.849 [info] > git ls-files --stage -- /home/olga/.bashrc [1662ms]
2024-12-10 23:53:22.859 [info] > git rev-parse refs/remotes/origin/main [1743ms]
2024-12-10 23:53:22.889 [info] > git diff --name-status -z --diff-filter=ADMR 266c8897e36b47a81268cae87f85a28f7d19108d...refs/remotes/origin/main [1791ms]
2024-12-10 23:53:23.113 [info] > git status -z -uall [239ms]
2024-12-10 23:53:23.113 [info] > git check-ignore -v -z --stdin [195ms]
2024-12-10 23:53:23.114 [info] > git check-ignore -v -z --stdin [180ms]
2024-12-10 23:53:23.115 [info] > git check-ignore -v -z --stdin [164ms]
2024-12-10 23:53:23.115 [info] > git check-ignore -v -z --stdin [146ms]
2024-12-10 23:53:23.116 [info] > git check-ignore -v -z --stdin [135ms]
2024-12-10 23:53:23.116 [info] > git check-ignore -v -z --stdin [114ms]
2024-12-10 23:53:23.144 [info] > git check-ignore -v -z --stdin [138ms]
2024-12-10 23:53:23.145 [info] > git for-each-ref --sort -committerdate --format %(refname) %(objectname) %(*objectname) [257ms]
2024-12-10 23:53:23.161 [info] > git cat-file -s 757c0e8277810e5f1355fec3450946e725e17ef9 [303ms]
2024-12-10 23:53:23.161 [info] > git config --local branch.main.vscode-merge-base [312ms]
2024-12-10 23:53:23.177 [info] > git config --local branch.main.vscode-merge-base [333ms]
2024-12-10 23:53:23.178 [warning] [Git][config] git config failed: Failed to execute git
2024-12-10 23:53:23.207 [info] > git config --get commit.template [1012ms]
2024-12-10 23:53:23.207 [info] > git config --get commit.template [1036ms]
2024-12-10 23:53:23.225 [info] > git for-each-ref --format=%(refname)%00%(upstream:short)%00%(objectname)%00%(upstream:track)%00%(upstream:remotename)%00%(upstream:remoteref) refs/heads/origin/main refs/remotes/origin/main [48ms]
2024-12-10 23:53:23.230 [info] > git for-each-ref --format=%(refname)%00%(upstream:short)%00%(objectname)%00%(upstream:track)%00%(upstream:remotename)%00%(upstream:remoteref) refs/heads/main refs/remotes/main [138ms]
2024-12-10 23:53:23.274 [warning] [Git][revParse] Unable to read file: ENOENT: no such file or directory, open '/home/olga/hexlet-js/.git/refs/remotes/origin/main'
2024-12-10 23:53:23.291 [info] > git reflog main --grep-reflog=branch: Created from *. [94ms]
2024-12-10 23:53:23.500 [info] > git rev-parse refs/remotes/origin/main [226ms]
2024-12-10 23:53:23.519 [info] > git for-each-ref --format=%(refname)%00%(upstream:short)%00%(objectname)%00%(upstream:track)%00%(upstream:remotename)%00%(upstream:remoteref) refs/heads/main refs/remotes/main [258ms]
2024-12-10 23:53:23.528 [info] > git for-each-ref --format=%(refname)%00%(upstream:short)%00%(objectname)%00%(upstream:track)%00%(upstream:remotename)%00%(upstream:remoteref) refs/heads/main refs/remotes/main [285ms]
2024-12-10 23:53:23.528 [info] > git merge-base refs/heads/main refs/remotes/origin/main [299ms]
2024-12-10 23:53:23.594 [warning] [Git][revParse] Unable to read file: ENOENT: no such file or directory, open '/home/olga/.git/refs/remotes/origin/main'
2024-12-10 23:53:23.607 [info] > git status -z -uall [92ms]
2024-12-10 23:53:23.608 [info] > git diff --name-status -z --diff-filter=ADMR 5cd9030637160ceea4e800aac11068a3cc210de8...refs/remotes/origin/main [62ms]
2024-12-10 23:53:23.608 [info] > git for-each-ref --sort -committerdate --format %(refname) %(objectname) %(*objectname) [89ms]
2024-12-10 23:53:23.640 [info] > git symbolic-ref --short refs/remotes/origin/HEAD [334ms]
2024-12-10 23:53:23.640 [info] fatal: ref refs/remotes/origin/HEAD is not a symbolic ref
2024-12-10 23:53:23.640 [warning] [Repository][getDefaultBranch] Failed to get default branch details: Failed to execute git.
2024-12-10 23:53:23.728 [info] > git for-each-ref --format=%(refname)%00%(upstream:short)%00%(objectname)%00%(upstream:track)%00%(upstream:remotename)%00%(upstream:remoteref) refs/heads/main refs/remotes/main [100ms]
2024-12-10 23:53:23.740 [info] > git rev-parse refs/remotes/origin/main [149ms]
2024-12-10 23:53:23.829 [info] > git config --local branch.main.vscode-merge-base [89ms]
2024-12-10 23:53:23.906 [info] > git config --get commit.template [178ms]
2024-12-10 23:53:23.907 [info] > git merge-base refs/heads/main refs/remotes/origin/main [250ms]
2024-12-10 23:53:24.030 [info] > git status -z -uall [42ms]
2024-12-10 23:53:24.030 [info] > git diff --name-status -z --diff-filter=ADMR 5cd9030637160ceea4e800aac11068a3cc210de8...refs/remotes/origin/main [59ms]
2024-12-10 23:53:24.031 [info] > git for-each-ref --format=%(refname)%00%(upstream:short)%00%(objectname)%00%(upstream:track)%00%(upstream:remotename)%00%(upstream:remoteref) refs/heads/origin/main refs/remotes/origin/main [125ms]
2024-12-10 23:53:24.049 [info] > git for-each-ref --sort -committerdate --format %(refname) %(objectname) %(*objectname) [301ms]
2024-12-10 23:53:24.079 [info] > git for-each-ref --sort -committerdate --format %(refname) %(objectname) %(*objectname) [61ms]
2024-12-10 23:53:24.468 [info] > git status -z -uall [724ms]
2024-12-10 23:53:24.483 [info] > git for-each-ref --format=%(refname)%00%(upstream:short)%00%(objectname)%00%(upstream:track)%00%(upstream:remotename)%00%(upstream:remoteref) refs/heads/main refs/remotes/main [418ms]
2024-12-10 23:53:24.484 [info] > git merge-base refs/heads/main refs/remotes/origin/main [436ms]
2024-12-10 23:53:24.507 [warning] [Git][revParse] Unable to read file: ENOENT: no such file or directory, open '/home/olga/hexlet-js/.git/refs/remotes/origin/main'
2024-12-10 23:53:24.593 [info] > git diff --name-status -z --diff-filter=ADMR 2ec9b6fe510f2076127e2aedb2d374ff9f80fac2...refs/remotes/origin/main [97ms]
2024-12-10 23:53:25.505 [info] > git rev-parse refs/remotes/origin/main [998ms]
2024-12-10 23:53:25.582 [info] > git status -z -uall [62ms]
2024-12-10 23:53:25.583 [info] > git for-each-ref --sort -committerdate --format %(refname) %(objectname) %(*objectname) [32ms]
2024-12-10 23:54:27.440 [info] > git config --get commit.template [3ms]
2024-12-10 23:54:27.453 [info] > git for-each-ref --format=%(refname)%00%(upstream:short)%00%(objectname)%00%(upstream:track)%00%(upstream:remotename)%00%(upstream:remoteref) refs/heads/main refs/remotes/main [4ms]
2024-12-10 23:54:27.462 [warning] [Git][revParse] Unable to read file: ENOENT: no such file or directory, open '/home/olga/.git/refs/remotes/origin/main'
2024-12-10 23:54:27.475 [info] > git rev-parse refs/remotes/origin/main [13ms]
2024-12-10 23:54:27.491 [info] > git for-each-ref --sort -committerdate --format %(refname) %(objectname) %(*objectname) [5ms]
2024-12-10 23:54:27.965 [info] > git status -z -uall [486ms]
2024-12-10 23:54:38.379 [info] > git config --get commit.template [6ms]
2024-12-10 23:54:38.393 [info] > git for-each-ref --format=%(refname)%00%(upstream:short)%00%(objectname)%00%(upstream:track)%00%(upstream:remotename)%00%(upstream:remoteref) refs/heads/main refs/remotes/main [8ms]
2024-12-10 23:54:38.400 [warning] [Git][revParse] Unable to read file: ENOENT: no such file or directory, open '/home/olga/.git/refs/remotes/origin/main'
2024-12-10 23:54:38.402 [info] > git rev-parse refs/remotes/origin/main [2ms]
2024-12-10 23:54:38.428 [info] > git for-each-ref --sort -committerdate --format %(refname) %(objectname) %(*objectname) [3ms]
2024-12-10 23:54:38.667 [info] > git status -z -uall [254ms]
2024-12-10 23:54:43.776 [info] > git config --get commit.template [6ms]
2024-12-10 23:54:43.778 [info] > git for-each-ref --format=%(refname)%00%(upstream:short)%00%(objectname)%00%(upstream:track)%00%(upstream:remotename)%00%(upstream:remoteref) refs/heads/main refs/remotes/main [3ms]
2024-12-10 23:54:43.781 [warning] [Git][revParse] Unable to read file: ENOENT: no such file or directory, open '/home/olga/.git/refs/remotes/origin/main'
2024-12-10 23:54:43.782 [info] > git rev-parse refs/remotes/origin/main [1ms]
2024-12-10 23:54:43.799 [info] > git for-each-ref --sort -committerdate --format %(refname) %(objectname) %(*objectname) [1ms]
2024-12-10 23:54:43.946 [info] > git status -z -uall [160ms]
2024-12-10 23:54:49.007 [info] > git config --get commit.template [6ms]
2024-12-10 23:54:49.013 [info] > git for-each-ref --format=%(refname)%00%(upstream:short)%00%(objectname)%00%(upstream:track)%00%(upstream:remotename)%00%(upstream:remoteref) refs/heads/main refs/remotes/main [8ms]
2024-12-10 23:54:49.016 [warning] [Git][revParse] Unable to read file: ENOENT: no such file or directory, open '/home/olga/.git/refs/remotes/origin/main'
2024-12-10 23:54:49.017 [info] > git rev-parse refs/remotes/origin/main [1ms]
2024-12-10 23:54:49.031 [info] > git for-each-ref --sort -committerdate --format %(refname) %(objectname) %(*objectname) [5ms]
2024-12-10 23:54:49.184 [info] > git status -z -uall [164ms]
2024-12-10 23:54:54.245 [info] > git config --get commit.template [5ms]
2024-12-10 23:54:54.247 [info] > git for-each-ref --format=%(refname)%00%(upstream:short)%00%(objectname)%00%(upstream:track)%00%(upstream:remotename)%00%(upstream:remoteref) refs/heads/main refs/remotes/main [2ms]
2024-12-10 23:54:54.250 [warning] [Git][revParse] Unable to read file: ENOENT: no such file or directory, open '/home/olga/.git/refs/remotes/origin/main'
2024-12-10 23:54:54.251 [info] > git rev-parse refs/remotes/origin/main [1ms]
2024-12-10 23:54:54.266 [info] > git for-each-ref --sort -committerdate --format %(refname) %(objectname) %(*objectname) [5ms]
2024-12-10 23:54:54.395 [info] > git status -z -uall [141ms]
2024-12-10 23:54:59.439 [info] > git config --get commit.template [5ms]
2024-12-10 23:54:59.441 [info] > git for-each-ref --format=%(refname)%00%(upstream:short)%00%(objectname)%00%(upstream:track)%00%(upstream:remotename)%00%(upstream:remoteref) refs/heads/main refs/remotes/main [3ms]
2024-12-10 23:54:59.445 [warning] [Git][revParse] Unable to read file: ENOENT: no such file or directory, open '/home/olga/.git/refs/remotes/origin/main'
2024-12-10 23:54:59.446 [info] > git rev-parse refs/remotes/origin/main [1ms]
2024-12-10 23:54:59.458 [info] > git for-each-ref --sort -committerdate --format %(refname) %(objectname) %(*objectname) [4ms]
2024-12-10 23:54:59.649 [info] > git status -z -uall [199ms]
2024-12-10 23:55:04.694 [info] > git config --get commit.template [6ms]
2024-12-10 23:55:04.695 [info] > git for-each-ref --format=%(refname)%00%(upstream:short)%00%(objectname)%00%(upstream:track)%00%(upstream:remotename)%00%(upstream:remoteref) refs/heads/main refs/remotes/main [3ms]
2024-12-10 23:55:04.698 [warning] [Git][revParse] Unable to read file: ENOENT: no such file or directory, open '/home/olga/.git/refs/remotes/origin/main'
2024-12-10 23:55:04.699 [info] > git rev-parse refs/remotes/origin/main [1ms]
2024-12-10 23:55:04.710 [info] > git for-each-ref --sort -committerdate --format %(refname) %(objectname) %(*objectname) [3ms]
2024-12-10 23:55:04.915 [info] > git status -z -uall [213ms]
2024-12-10 23:55:09.966 [info] > git config --get commit.template [5ms]
2024-12-10 23:55:09.968 [info] > git for-each-ref --format=%(refname)%00%(upstream:short)%00%(objectname)%00%(upstream:track)%00%(upstream:remotename)%00%(upstream:remoteref) refs/heads/main refs/remotes/main [3ms]
2024-12-10 23:55:09.972 [warning] [Git][revParse] Unable to read file: ENOENT: no such file or directory, open '/home/olga/.git/refs/remotes/origin/main'
2024-12-10 23:55:09.973 [info] > git rev-parse refs/remotes/origin/main [2ms]
2024-12-10 23:55:09.982 [info] > git for-each-ref --sort -committerdate --format %(refname) %(objectname) %(*objectname) [2ms]
2024-12-10 23:55:10.106 [info] > git status -z -uall [130ms]
2024-12-10 23:55:15.141 [info] > git config --get commit.template [5ms]
2024-12-10 23:55:15.143 [info] > git for-each-ref --format=%(refname)%00%(upstream:short)%00%(objectname)%00%(upstream:track)%00%(upstream:remotename)%00%(upstream:remoteref) refs/heads/main refs/remotes/main [3ms]
2024-12-10 23:55:15.146 [warning] [Git][revParse] Unable to read file: ENOENT: no such file or directory, open '/home/olga/.git/refs/remotes/origin/main'
2024-12-10 23:55:15.147 [info] > git rev-parse refs/remotes/origin/main [2ms]
2024-12-10 23:55:15.156 [info] > git for-each-ref --sort -committerdate --format %(refname) %(objectname) %(*objectname) [3ms]
2024-12-10 23:55:15.325 [info] > git status -z -uall [175ms]
2024-12-10 23:55:20.376 [info] > git config --get commit.template [4ms]
2024-12-10 23:55:20.378 [info] > git for-each-ref --format=%(refname)%00%(upstream:short)%00%(objectname)%00%(upstream:track)%00%(upstream:remotename)%00%(upstream:remoteref) refs/heads/main refs/remotes/main [2ms]
2024-12-10 23:55:20.381 [warning] [Git][revParse] Unable to read file: ENOENT: no such file or directory, open '/home/olga/.git/refs/remotes/origin/main'
2024-12-10 23:55:20.383 [info] > git rev-parse refs/remotes/origin/main [2ms]
2024-12-10 23:55:20.392 [info] > git for-each-ref --sort -committerdate --format %(refname) %(objectname) %(*objectname) [2ms]
2024-12-10 23:55:20.511 [info] > git status -z -uall [125ms]
2024-12-10 23:55:25.595 [info] > git config --get commit.template [5ms]
2024-12-10 23:55:25.597 [info] > git for-each-ref --format=%(refname)%00%(upstream:short)%00%(objectname)%00%(upstream:track)%00%(upstream:remotename)%00%(upstream:remoteref) refs/heads/main refs/remotes/main [3ms]
2024-12-10 23:55:25.600 [warning] [Git][revParse] Unable to read file: ENOENT: no such file or directory, open '/home/olga/.git/refs/remotes/origin/main'
2024-12-10 23:55:25.602 [info] > git rev-parse refs/remotes/origin/main [2ms]
2024-12-10 23:55:25.611 [info] > git for-each-ref --sort -committerdate --format %(refname) %(objectname) %(*objectname) [3ms]
2024-12-10 23:55:25.758 [info] > git status -z -uall [154ms]
2024-12-10 23:55:30.805 [info] > git config --get commit.template [4ms]
2024-12-10 23:55:30.807 [info] > git for-each-ref --format=%(refname)%00%(upstream:short)%00%(objectname)%00%(upstream:track)%00%(upstream:remotename)%00%(upstream:remoteref) refs/heads/main refs/remotes/main [3ms]
2024-12-10 23:55:30.809 [warning] [Git][revParse] Unable to read file: ENOENT: no such file or directory, open '/home/olga/.git/refs/remotes/origin/main'
2024-12-10 23:55:30.811 [info] > git rev-parse refs/remotes/origin/main [2ms]
2024-12-10 23:55:30.821 [info] > git for-each-ref --sort -committerdate --format %(refname) %(objectname) %(*objectname) [2ms]
2024-12-10 23:55:30.947 [info] > git status -z -uall [132ms]
2024-12-10 23:55:35.986 [info] > git config --get commit.template [4ms]
2024-12-10 23:55:35.988 [info] > git for-each-ref --format=%(refname)%00%(upstream:short)%00%(objectname)%00%(upstream:track)%00%(upstream:remotename)%00%(upstream:remoteref) refs/heads/main refs/remotes/main [2ms]
2024-12-10 23:55:35.990 [warning] [Git][revParse] Unable to read file: ENOENT: no such file or directory, open '/home/olga/.git/refs/remotes/origin/main'
2024-12-10 23:55:35.992 [info] > git rev-parse refs/remotes/origin/main [1ms]
2024-12-10 23:55:36.001 [info] > git for-each-ref --sort -committerdate --format %(refname) %(objectname) %(*objectname) [2ms]
2024-12-10 23:55:36.155 [info] > git status -z -uall [161ms]
2024-12-10 23:55:41.214 [info] > git config --get commit.template [4ms]
2024-12-10 23:55:41.216 [info] > git for-each-ref --format=%(refname)%00%(upstream:short)%00%(objectname)%00%(upstream:track)%00%(upstream:remotename)%00%(upstream:remoteref) refs/heads/main refs/remotes/main [2ms]
2024-12-10 23:55:41.219 [warning] [Git][revParse] Unable to read file: ENOENT: no such file or directory, open '/home/olga/.git/refs/remotes/origin/main'
2024-12-10 23:55:41.220 [info] > git rev-parse refs/remotes/origin/main [1ms]
2024-12-10 23:55:41.229 [info] > git for-each-ref --sort -committerdate --format %(refname) %(objectname) %(*objectname) [2ms]
2024-12-10 23:55:41.348 [info] > git status -z -uall [125ms]
2024-12-10 23:55:46.384 [info] > git config --get commit.template [5ms]
2024-12-10 23:55:46.386 [info] > git for-each-ref --format=%(refname)%00%(upstream:short)%00%(objectname)%00%(upstream:track)%00%(upstream:remotename)%00%(upstream:remoteref) refs/heads/main refs/remotes/main [3ms]
2024-12-10 23:55:46.389 [warning] [Git][revParse] Unable to read file: ENOENT: no such file or directory, open '/home/olga/.git/refs/remotes/origin/main'
2024-12-10 23:55:46.390 [info] > git rev-parse refs/remotes/origin/main [1ms]
2024-12-10 23:55:46.404 [info] > git for-each-ref --sort -committerdate --format %(refname) %(objectname) %(*objectname) [7ms]
2024-12-10 23:55:46.507 [info] > git status -z -uall [114ms]
2024-12-10 23:55:51.542 [info] > git config --get commit.template [5ms]
2024-12-10 23:55:51.544 [info] > git for-each-ref --format=%(refname)%00%(upstream:short)%00%(objectname)%00%(upstream:track)%00%(upstream:remotename)%00%(upstream:remoteref) refs/heads/main refs/remotes/main [3ms]
2024-12-10 23:55:51.547 [warning] [Git][revParse] Unable to read file: ENOENT: no such file or directory, open '/home/olga/.git/refs/remotes/origin/main'
2024-12-10 23:55:51.549 [info] > git rev-parse refs/remotes/origin/main [2ms]
2024-12-10 23:55:51.558 [info] > git for-each-ref --sort -committerdate --format %(refname) %(objectname) %(*objectname) [2ms]
2024-12-10 23:55:51.741 [info] > git status -z -uall [188ms]
2024-12-10 23:57:52.514 [info] > git config --get commit.template [3ms]
2024-12-10 23:57:52.534 [info] > git for-each-ref --format=%(refname)%00%(upstream:short)%00%(objectname)%00%(upstream:track)%00%(upstream:remotename)%00%(upstream:remoteref) refs/heads/main refs/remotes/main [7ms]
2024-12-10 23:57:52.548 [warning] [Git][revParse] Unable to read file: ENOENT: no such file or directory, open '/home/olga/.git/refs/remotes/origin/main'
2024-12-10 23:57:52.550 [info] > git rev-parse refs/remotes/origin/main [2ms]
2024-12-10 23:57:52.564 [info] > git for-each-ref --sort -committerdate --format %(refname) %(objectname) %(*objectname) [2ms]
2024-12-10 23:57:52.673 [info] > git status -z -uall [119ms]
2024-12-10 23:57:57.721 [info] > git config --get commit.template [4ms]
2024-12-10 23:57:57.723 [info] > git for-each-ref --format=%(refname)%00%(upstream:short)%00%(objectname)%00%(upstream:track)%00%(upstream:remotename)%00%(upstream:remoteref) refs/heads/main refs/remotes/main [3ms]
2024-12-10 23:57:57.725 [warning] [Git][revParse] Unable to read file: ENOENT: no such file or directory, open '/home/olga/.git/refs/remotes/origin/main'
2024-12-10 23:57:57.726 [info] > git rev-parse refs/remotes/origin/main [1ms]
2024-12-10 23:57:57.738 [info] > git for-each-ref --sort -committerdate --format %(refname) %(objectname) %(*objectname) [4ms]
2024-12-10 23:57:57.851 [info] > git status -z -uall [122ms]
2024-12-10 23:58:02.900 [info] > git config --get commit.template [6ms]
2024-12-10 23:58:02.903 [info] > git for-each-ref --format=%(refname)%00%(upstream:short)%00%(objectname)%00%(upstream:track)%00%(upstream:remotename)%00%(upstream:remoteref) refs/heads/main refs/remotes/main [4ms]
2024-12-10 23:58:02.907 [warning] [Git][revParse] Unable to read file: ENOENT: no such file or directory, open '/home/olga/.git/refs/remotes/origin/main'
2024-12-10 23:58:02.908 [info] > git rev-parse refs/remotes/origin/main [2ms]
2024-12-10 23:58:02.921 [info] > git for-each-ref --sort -committerdate --format %(refname) %(objectname) %(*objectname) [3ms]
2024-12-10 23:58:03.020 [info] > git status -z -uall [109ms]
2024-12-10 23:58:08.053 [info] > git config --get commit.template [4ms]
2024-12-10 23:58:08.055 [info] > git for-each-ref --format=%(refname)%00%(upstream:short)%00%(objectname)%00%(upstream:track)%00%(upstream:remotename)%00%(upstream:remoteref) refs/heads/main refs/remotes/main [3ms]
2024-12-10 23:58:08.060 [warning] [Git][revParse] Unable to read file: ENOENT: no such file or directory, open '/home/olga/.git/refs/remotes/origin/main'
2024-12-10 23:58:08.063 [info] > git rev-parse refs/remotes/origin/main [3ms]
2024-12-10 23:58:08.075 [info] > git for-each-ref --sort -committerdate --format %(refname) %(objectname) %(*objectname) [3ms]
2024-12-10 23:58:08.185 [info] > git status -z -uall [119ms]
2024-12-10 23:58:13.230 [info] > git config --get commit.template [6ms]
2024-12-10 23:58:13.242 [info] > git for-each-ref --format=%(refname)%00%(upstream:short)%00%(objectname)%00%(upstream:track)%00%(upstream:remotename)%00%(upstream:remoteref) refs/heads/main refs/remotes/main [2ms]
2024-12-10 23:58:13.255 [warning] [Git][revParse] Unable to read file: ENOENT: no such file or directory, open '/home/olga/.git/refs/remotes/origin/main'
2024-12-10 23:58:13.256 [info] > git rev-parse refs/remotes/origin/main [1ms]
2024-12-10 23:58:13.277 [info] > git for-each-ref --sort -committerdate --format %(refname) %(objectname) %(*objectname) [3ms]
2024-12-10 23:58:13.382 [info] > git status -z -uall [118ms]
2024-12-10 23:58:18.434 [info] > git config --get commit.template [14ms]
2024-12-10 23:58:18.438 [info] > git for-each-ref --format=%(refname)%00%(upstream:short)%00%(objectname)%00%(upstream:track)%00%(upstream:remotename)%00%(upstream:remoteref) refs/heads/main refs/remotes/main [5ms]
2024-12-10 23:58:18.442 [warning] [Git][revParse] Unable to read file: ENOENT: no such file or directory, open '/home/olga/.git/refs/remotes/origin/main'
2024-12-10 23:58:18.444 [info] > git rev-parse refs/remotes/origin/main [2ms]
2024-12-10 23:58:18.454 [info] > git for-each-ref --sort -committerdate --format %(refname) %(objectname) %(*objectname) [3ms]
2024-12-10 23:58:18.557 [info] > git status -z -uall [108ms]
2024-12-10 23:58:23.592 [info] > git config --get commit.template [5ms]
2024-12-10 23:58:23.593 [info] > git for-each-ref --format=%(refname)%00%(upstream:short)%00%(objectname)%00%(upstream:track)%00%(upstream:remotename)%00%(upstream:remoteref) refs/heads/main refs/remotes/main [2ms]
2024-12-10 23:58:23.596 [warning] [Git][revParse] Unable to read file: ENOENT: no such file or directory, open '/home/olga/.git/refs/remotes/origin/main'
2024-12-10 23:58:23.597 [info] > git rev-parse refs/remotes/origin/main [1ms]
2024-12-10 23:58:23.605 [info] > git for-each-ref --sort -committerdate --format %(refname) %(objectname) %(*objectname) [3ms]
2024-12-10 23:58:23.706 [info] > git status -z -uall [107ms]
2024-12-10 23:58:28.741 [info] > git config --get commit.template [6ms]
2024-12-10 23:58:28.744 [info] > git for-each-ref --format=%(refname)%00%(upstream:short)%00%(objectname)%00%(upstream:track)%00%(upstream:remotename)%00%(upstream:remoteref) refs/heads/main refs/remotes/main [4ms]
2024-12-10 23:58:28.748 [warning] [Git][revParse] Unable to read file: ENOENT: no such file or directory, open '/home/olga/.git/refs/remotes/origin/main'
2024-12-10 23:58:28.751 [info] > git rev-parse refs/remotes/origin/main [3ms]
2024-12-10 23:58:28.763 [info] > git for-each-ref --sort -committerdate --format %(refname) %(objectname) %(*objectname) [3ms]
2024-12-10 23:58:28.872 [info] > git status -z -uall [117ms]
2024-12-10 23:58:33.924 [info] > git config --get commit.template [15ms]
2024-12-10 23:58:33.927 [info] > git for-each-ref --format=%(refname)%00%(upstream:short)%00%(objectname)%00%(upstream:track)%00%(upstream:remotename)%00%(upstream:remoteref) refs/heads/main refs/remotes/main [4ms]
2024-12-10 23:58:33.932 [warning] [Git][revParse] Unable to read file: ENOENT: no such file or directory, open '/home/olga/.git/refs/remotes/origin/main'
2024-12-10 23:58:33.934 [info] > git rev-parse refs/remotes/origin/main [3ms]
2024-12-10 23:58:33.945 [info] > git for-each-ref --sort -committerdate --format %(refname) %(objectname) %(*objectname) [4ms]
2024-12-10 23:58:34.085 [info] > git status -z -uall [148ms]
2024-12-10 23:58:39.142 [info] > git config --get commit.template [12ms]
2024-12-10 23:58:39.147 [info] > git for-each-ref --format=%(refname)%00%(upstream:short)%00%(objectname)%00%(upstream:track)%00%(upstream:remotename)%00%(upstream:remoteref) refs/heads/main refs/remotes/main [6ms]
2024-12-10 23:58:39.152 [warning] [Git][revParse] Unable to read file: ENOENT: no such file or directory, open '/home/olga/.git/refs/remotes/origin/main'
2024-12-10 23:58:39.154 [info] > git rev-parse refs/remotes/origin/main [2ms]
2024-12-10 23:58:39.166 [info] > git for-each-ref --sort -committerdate --format %(refname) %(objectname) %(*objectname) [3ms]
2024-12-10 23:58:39.325 [info] > git status -z -uall [167ms]
2024-12-10 23:58:44.387 [info] > git config --get commit.template [7ms]
2024-12-10 23:58:44.390 [info] > git for-each-ref --format=%(refname)%00%(upstream:short)%00%(objectname)%00%(upstream:track)%00%(upstream:remotename)%00%(upstream:remoteref) refs/heads/main refs/remotes/main [5ms]
2024-12-10 23:58:44.395 [warning] [Git][revParse] Unable to read file: ENOENT: no such file or directory, open '/home/olga/.git/refs/remotes/origin/main'
2024-12-10 23:58:44.396 [info] > git rev-parse refs/remotes/origin/main [1ms]
2024-12-10 23:58:44.406 [info] > git for-each-ref --sort -committerdate --format %(refname) %(objectname) %(*objectname) [2ms]
2024-12-10 23:58:44.529 [info] > git status -z -uall [130ms]
2024-12-10 23:58:49.578 [info] > git config --get commit.template [8ms]
2024-12-10 23:58:49.582 [info] > git for-each-ref --format=%(refname)%00%(upstream:short)%00%(objectname)%00%(upstream:track)%00%(upstream:remotename)%00%(upstream:remoteref) refs/heads/main refs/remotes/main [5ms]
2024-12-10 23:58:49.587 [warning] [Git][revParse] Unable to read file: ENOENT: no such file or directory, open '/home/olga/.git/refs/remotes/origin/main'
2024-12-10 23:58:49.590 [info] > git rev-parse refs/remotes/origin/main [3ms]
2024-12-10 23:58:49.601 [info] > git for-each-ref --sort -committerdate --format %(refname) %(objectname) %(*objectname) [3ms]
2024-12-10 23:58:49.718 [info] > git status -z -uall [124ms]
2024-12-10 23:58:54.554 [info] > git check-ignore -v -z --stdin [7ms]
2024-12-10 23:58:54.750 [info] > git config --get commit.template [4ms]
2024-12-10 23:58:54.752 [info] > git for-each-ref --format=%(refname)%00%(upstream:short)%00%(objectname)%00%(upstream:track)%00%(upstream:remotename)%00%(upstream:remoteref) refs/heads/main refs/remotes/main [2ms]
2024-12-10 23:58:54.757 [warning] [Git][revParse] Unable to read file: ENOENT: no such file or directory, open '/home/olga/.git/refs/remotes/origin/main'
2024-12-10 23:58:54.758 [info] > git rev-parse refs/remotes/origin/main [1ms]
2024-12-10 23:58:54.767 [info] > git for-each-ref --sort -committerdate --format %(refname) %(objectname) %(*objectname) [2ms]
2024-12-10 23:58:54.890 [info] > git status -z -uall [129ms]
2024-12-10 23:58:59.939 [info] > git config --get commit.template [9ms]
2024-12-10 23:58:59.941 [info] > git for-each-ref --format=%(refname)%00%(upstream:short)%00%(objectname)%00%(upstream:track)%00%(upstream:remotename)%00%(upstream:remoteref) refs/heads/main refs/remotes/main [4ms]
2024-12-10 23:58:59.945 [warning] [Git][revParse] Unable to read file: ENOENT: no such file or directory, open '/home/olga/.git/refs/remotes/origin/main'
2024-12-10 23:58:59.947 [info] > git rev-parse refs/remotes/origin/main [2ms]
2024-12-10 23:58:59.957 [info] > git for-each-ref --sort -committerdate --format %(refname) %(objectname) %(*objectname) [4ms]
2024-12-10 23:59:00.072 [info] > git status -z -uall [122ms]
2024-12-10 23:59:04.139 [info] > git check-ignore -v -z --stdin [2ms]
2024-12-10 23:59:05.109 [info] > git config --get commit.template [3ms]
2024-12-10 23:59:05.110 [info] > git for-each-ref --format=%(refname)%00%(upstream:short)%00%(objectname)%00%(upstream:track)%00%(upstream:remotename)%00%(upstream:remoteref) refs/heads/main refs/remotes/main [2ms]
2024-12-10 23:59:05.113 [warning] [Git][revParse] Unable to read file: ENOENT: no such file or directory, open '/home/olga/.git/refs/remotes/origin/main'
2024-12-10 23:59:05.114 [info] > git rev-parse refs/remotes/origin/main [1ms]
2024-12-10 23:59:05.124 [info] > git for-each-ref --sort -committerdate --format %(refname) %(objectname) %(*objectname) [4ms]
2024-12-10 23:59:05.221 [info] > git status -z -uall [105ms]
2024-12-10 23:59:10.261 [info] > git config --get commit.template [9ms]
2024-12-10 23:59:10.265 [info] > git for-each-ref --format=%(refname)%00%(upstream:short)%00%(objectname)%00%(upstream:track)%00%(upstream:remotename)%00%(upstream:remoteref) refs/heads/main refs/remotes/main [6ms]
2024-12-10 23:59:10.270 [warning] [Git][revParse] Unable to read file: ENOENT: no such file or directory, open '/home/olga/.git/refs/remotes/origin/main'
2024-12-10 23:59:10.271 [info] > git rev-parse refs/remotes/origin/main [1ms]
2024-12-10 23:59:10.282 [info] > git for-each-ref --sort -committerdate --format %(refname) %(objectname) %(*objectname) [3ms]
2024-12-10 23:59:10.381 [info] > git status -z -uall [106ms]
2024-12-10 23:59:14.247 [info] > git show --textconv :gendiff.js [51ms]
2024-12-10 23:59:14.247 [info] > git ls-files --stage -- /home/olga/frontend-project-46/gendiff.js [13ms]
2024-12-10 23:59:14.267 [info] > git cat-file -s e69de29bb2d1d6434b8b29ae775ad8c2e48c5391 [16ms]
2024-12-10 23:59:15.437 [info] > git config --get commit.template [17ms]
2024-12-10 23:59:15.442 [info] > git for-each-ref --format=%(refname)%00%(upstream:short)%00%(objectname)%00%(upstream:track)%00%(upstream:remotename)%00%(upstream:remoteref) refs/heads/main refs/remotes/main [7ms]
2024-12-10 23:59:15.448 [warning] [Git][revParse] Unable to read file: ENOENT: no such file or directory, open '/home/olga/.git/refs/remotes/origin/main'
2024-12-10 23:59:15.450 [info] > git rev-parse refs/remotes/origin/main [3ms]
2024-12-10 23:59:15.463 [info] > git for-each-ref --sort -committerdate --format %(refname) %(objectname) %(*objectname) [3ms]
2024-12-10 23:59:15.618 [info] > git status -z -uall [165ms]
2024-12-10 23:59:20.676 [info] > git config --get commit.template [15ms]
2024-12-10 23:59:20.686 [info] > git for-each-ref --format=%(refname)%00%(upstream:short)%00%(objectname)%00%(upstream:track)%00%(upstream:remotename)%00%(upstream:remoteref) refs/heads/main refs/remotes/main [11ms]
2024-12-10 23:59:20.692 [warning] [Git][revParse] Unable to read file: ENOENT: no such file or directory, open '/home/olga/.git/refs/remotes/origin/main'
2024-12-10 23:59:20.694 [info] > git rev-parse refs/remotes/origin/main [3ms]
2024-12-10 23:59:20.706 [info] > git for-each-ref --sort -committerdate --format %(refname) %(objectname) %(*objectname) [3ms]
2024-12-10 23:59:20.808 [info] > git status -z -uall [110ms]
2024-12-10 23:59:25.851 [info] > git config --get commit.template [10ms]
2024-12-10 23:59:25.856 [info] > git for-each-ref --format=%(refname)%00%(upstream:short)%00%(objectname)%00%(upstream:track)%00%(upstream:remotename)%00%(upstream:remoteref) refs/heads/main refs/remotes/main [7ms]
2024-12-10 23:59:25.862 [warning] [Git][revParse] Unable to read file: ENOENT: no such file or directory, open '/home/olga/.git/refs/remotes/origin/main'
2024-12-10 23:59:25.865 [info] > git rev-parse refs/remotes/origin/main [3ms]
2024-12-10 23:59:25.881 [info] > git for-each-ref --sort -committerdate --format %(refname) %(objectname) %(*objectname) [5ms]
2024-12-10 23:59:25.988 [info] > git status -z -uall [117ms]
2024-12-10 23:59:31.039 [info] > git config --get commit.template [11ms]
2024-12-10 23:59:31.043 [info] > git for-each-ref --format=%(refname)%00%(upstream:short)%00%(objectname)%00%(upstream:track)%00%(upstream:remotename)%00%(upstream:remoteref) refs/heads/main refs/remotes/main [5ms]
2024-12-10 23:59:31.046 [warning] [Git][revParse] Unable to read file: ENOENT: no such file or directory, open '/home/olga/.git/refs/remotes/origin/main'
2024-12-10 23:59:31.048 [info] > git rev-parse refs/remotes/origin/main [2ms]
2024-12-10 23:59:31.060 [info] > git for-each-ref --sort -committerdate --format %(refname) %(objectname) %(*objectname) [2ms]
2024-12-10 23:59:31.171 [info] > git status -z -uall [118ms]
2024-12-10 23:59:36.223 [info] > git config --get commit.template [14ms]
2024-12-10 23:59:36.229 [info] > git for-each-ref --format=%(refname)%00%(upstream:short)%00%(objectname)%00%(upstream:track)%00%(upstream:remotename)%00%(upstream:remoteref) refs/heads/main refs/remotes/main [8ms]
2024-12-10 23:59:36.237 [warning] [Git][revParse] Unable to read file: ENOENT: no such file or directory, open '/home/olga/.git/refs/remotes/origin/main'
2024-12-10 23:59:36.240 [info] > git rev-parse refs/remotes/origin/main [3ms]
2024-12-10 23:59:36.253 [info] > git for-each-ref --sort -committerdate --format %(refname) %(objectname) %(*objectname) [3ms]
2024-12-10 23:59:36.354 [info] > git status -z -uall [109ms]
2024-12-10 23:59:41.389 [info] > git config --get commit.template [6ms]
2024-12-10 23:59:41.391 [info] > git for-each-ref --format=%(refname)%00%(upstream:short)%00%(objectname)%00%(upstream:track)%00%(upstream:remotename)%00%(upstream:remoteref) refs/heads/main refs/remotes/main [3ms]
2024-12-10 23:59:41.393 [warning] [Git][revParse] Unable to read file: ENOENT: no such file or directory, open '/home/olga/.git/refs/remotes/origin/main'
2024-12-10 23:59:41.394 [info] > git rev-parse refs/remotes/origin/main [1ms]
2024-12-10 23:59:41.403 [info] > git for-each-ref --sort -committerdate --format %(refname) %(objectname) %(*objectname) [2ms]
2024-12-10 23:59:41.504 [info] > git status -z -uall [107ms]
2024-12-10 23:59:46.555 [info] > git config --get commit.template [12ms]
2024-12-10 23:59:46.563 [info] > git for-each-ref --format=%(refname)%00%(upstream:short)%00%(objectname)%00%(upstream:track)%00%(upstream:remotename)%00%(upstream:remoteref) refs/heads/main refs/remotes/main [9ms]
2024-12-10 23:59:46.568 [warning] [Git][revParse] Unable to read file: ENOENT: no such file or directory, open '/home/olga/.git/refs/remotes/origin/main'
2024-12-10 23:59:46.570 [info] > git rev-parse refs/remotes/origin/main [2ms]
2024-12-10 23:59:46.582 [info] > git for-each-ref --sort -committerdate --format %(refname) %(objectname) %(*objectname) [3ms]
2024-12-10 23:59:46.703 [info] > git status -z -uall [128ms]
2024-12-10 23:59:51.758 [info] > git config --get commit.template [8ms]
2024-12-10 23:59:51.761 [info] > git for-each-ref --format=%(refname)%00%(upstream:short)%00%(objectname)%00%(upstream:track)%00%(upstream:remotename)%00%(upstream:remoteref) refs/heads/main refs/remotes/main [5ms]
2024-12-10 23:59:51.765 [warning] [Git][revParse] Unable to read file: ENOENT: no such file or directory, open '/home/olga/.git/refs/remotes/origin/main'
2024-12-10 23:59:51.767 [info] > git rev-parse refs/remotes/origin/main [2ms]
2024-12-10 23:59:51.779 [info] > git for-each-ref --sort -committerdate --format %(refname) %(objectname) %(*objectname) [3ms]
2024-12-10 23:59:51.882 [info] > git status -z -uall [111ms]
2024-12-10 23:59:56.912 [info] > git config --get commit.template [4ms]
2024-12-10 23:59:56.914 [info] > git for-each-ref --format=%(refname)%00%(upstream:short)%00%(objectname)%00%(upstream:track)%00%(upstream:remotename)%00%(upstream:remoteref) refs/heads/main refs/remotes/main [2ms]
2024-12-10 23:59:56.916 [warning] [Git][revParse] Unable to read file: ENOENT: no such file or directory, open '/home/olga/.git/refs/remotes/origin/main'
2024-12-10 23:59:56.917 [info] > git rev-parse refs/remotes/origin/main [1ms]
2024-12-10 23:59:56.926 [info] > git for-each-ref --sort -committerdate --format %(refname) %(objectname) %(*objectname) [2ms]
2024-12-10 23:59:57.028 [info] > git status -z -uall [108ms]
2024-12-11 00:00:02.067 [info] > git config --get commit.template [9ms]
2024-12-11 00:00:02.071 [info] > git for-each-ref --format=%(refname)%00%(upstream:short)%00%(objectname)%00%(upstream:track)%00%(upstream:remotename)%00%(upstream:remoteref) refs/heads/main refs/remotes/main [5ms]
2024-12-11 00:00:02.075 [warning] [Git][revParse] Unable to read file: ENOENT: no such file or directory, open '/home/olga/.git/refs/remotes/origin/main'
2024-12-11 00:00:02.077 [info] > git rev-parse refs/remotes/origin/main [2ms]
2024-12-11 00:00:02.087 [info] > git for-each-ref --sort -committerdate --format %(refname) %(objectname) %(*objectname) [3ms]
2024-12-11 00:00:02.186 [info] > git status -z -uall [106ms]
2024-12-11 00:00:07.219 [info] > git config --get commit.template [5ms]
2024-12-11 00:00:07.220 [info] > git for-each-ref --format=%(refname)%00%(upstream:short)%00%(objectname)%00%(upstream:track)%00%(upstream:remotename)%00%(upstream:remoteref) refs/heads/main refs/remotes/main [2ms]
2024-12-11 00:00:07.223 [warning] [Git][revParse] Unable to read file: ENOENT: no such file or directory, open '/home/olga/.git/refs/remotes/origin/main'
2024-12-11 00:00:07.224 [info] > git rev-parse refs/remotes/origin/main [1ms]
2024-12-11 00:00:07.232 [info] > git for-each-ref --sort -committerdate --format %(refname) %(objectname) %(*objectname) [3ms]
2024-12-11 00:00:07.329 [info] > git status -z -uall [103ms]
2024-12-11 00:00:12.371 [info] > git config --get commit.template [11ms]
2024-12-11 00:00:12.374 [info] > git for-each-ref --format=%(refname)%00%(upstream:short)%00%(objectname)%00%(upstream:track)%00%(upstream:remotename)%00%(upstream:remoteref) refs/heads/main refs/remotes/main [4ms]
2024-12-11 00:00:12.380 [warning] [Git][revParse] Unable to read file: ENOENT: no such file or directory, open '/home/olga/.git/refs/remotes/origin/main'
2024-12-11 00:00:12.384 [info] > git rev-parse refs/remotes/origin/main [4ms]
2024-12-11 00:00:12.397 [info] > git for-each-ref --sort -committerdate --format %(refname) %(objectname) %(*objectname) [6ms]
2024-12-11 00:00:12.551 [info] > git status -z -uall [164ms]
