2024-10-18 14:27:03.414 [info] [основное] Уровень ведения журнала: Info
2024-10-18 14:27:03.414 [info] [основное] Проверка найденного Git в: "git"
2024-10-18 14:27:03.414 [info] [основное] Используется Git "2.34.1" из "git"
2024-10-18 14:27:03.414 [info] [Model][doInitialScan] Initial repository scan started
2024-10-18 14:27:03.414 [info] > git rev-parse --show-toplevel [132ms]
2024-10-18 14:27:03.414 [info] > git rev-parse --git-dir --git-common-dir [87ms]
2024-10-18 14:27:03.414 [info] [Model][openRepository] Opened repository: /home/olga
2024-10-18 14:27:03.415 [info] > git config --get commit.template [128ms]
2024-10-18 14:27:03.415 [info] > git rev-parse --show-toplevel [189ms]
2024-10-18 14:27:03.415 [info] > git rev-parse --git-dir --git-common-dir [17ms]
2024-10-18 14:27:03.415 [info] [Model][openRepository] Opened repository: /home/olga/.asdf
2024-10-18 14:27:03.415 [info] > git config --get commit.template [16ms]
2024-10-18 14:27:03.416 [info] > git rev-parse --show-toplevel [27ms]
2024-10-18 14:27:04.835 [info] > git check-ignore -v -z --stdin [993ms]
2024-10-18 14:27:04.849 [info] > git rev-parse --show-toplevel [1404ms]
2024-10-18 14:27:04.860 [info] > git for-each-ref --format %(refname) %(objectname) %(*objectname) refs/tags [1419ms]
2024-10-18 14:27:05.027 [info] > git for-each-ref --format=%(refname)%00%(upstream:short)%00%(objectname)%00%(upstream:track)%00%(upstream:remotename)%00%(upstream:remoteref) refs/heads/main refs/remotes/main [1967ms]
2024-10-18 14:27:05.037 [info] > git check-ignore -v -z --stdin [73ms]
2024-10-18 14:27:05.039 [info] > git rev-parse --show-toplevel [55ms]
2024-10-18 14:27:05.045 [info] > git for-each-ref --sort -committerdate --format %(refname) %(objectname) %(*objectname) [144ms]
2024-10-18 14:27:05.091 [warning] [Git][revParse] Unable to read file: ENOENT: no such file or directory, open '/home/olga/.git/refs/remotes/origin/main'
2024-10-18 14:27:05.108 [info] > git check-ignore -v -z --stdin [156ms]
2024-10-18 14:27:05.118 [info] > git rev-parse refs/remotes/origin/main [26ms]
2024-10-18 14:27:05.223 [info] > git rev-parse --show-toplevel [117ms]
2024-10-18 14:27:05.294 [info] > git for-each-ref --sort -committerdate --format %(refname) %(objectname) %(*objectname) [110ms]
2024-10-18 14:27:05.313 [info] > git rev-parse --show-toplevel [72ms]
2024-10-18 14:27:05.447 [info] > git rev-parse --show-toplevel [55ms]
2024-10-18 14:27:05.583 [info] > git rev-parse --git-dir --git-common-dir [97ms]
2024-10-18 14:27:05.790 [info] [Model][openRepository] Opened repository: /home/olga/.nvm
2024-10-18 14:27:06.192 [info] > git status -z -uall [1322ms]
2024-10-18 14:27:06.535 [info] > git rev-parse --show-toplevel [518ms]
2024-10-18 14:27:06.536 [info] > git config --get commit.template [548ms]
2024-10-18 14:27:06.565 [info] > git config --get commit.template [83ms]
2024-10-18 14:27:06.588 [info] > git rev-parse --show-toplevel [28ms]
2024-10-18 14:27:06.885 [info] > git check-ignore -v -z --stdin [182ms]
2024-10-18 14:27:06.886 [info] > git check-ignore -v -z --stdin [173ms]
2024-10-18 14:27:06.886 [info] > git check-ignore -v -z --stdin [151ms]
2024-10-18 14:27:06.887 [info] > git rev-parse --show-toplevel [190ms]
2024-10-18 14:27:06.915 [info] > git for-each-ref --format %(refname) %(objectname) %(*objectname) refs/tags [301ms]
2024-10-18 14:27:07.033 [info] > git status -z -uall [113ms]
2024-10-18 14:27:07.046 [info] > git for-each-ref --format %(refname) %(objectname) %(*objectname) refs/tags [464ms]
2024-10-18 14:27:07.197 [info] > git rev-parse --show-toplevel [247ms]
2024-10-18 14:27:07.198 [info] > git for-each-ref --sort -committerdate --format %(refname) %(objectname) %(*objectname) [264ms]
2024-10-18 14:27:07.340 [info] > git rev-parse --git-dir --git-common-dir [20ms]
2024-10-18 14:27:07.353 [info] [Model][openRepository] Opened repository: /home/olga/frontend-project-44
2024-10-18 14:27:07.354 [info] > git for-each-ref --sort -committerdate --format %(refname) %(objectname) %(*objectname) [166ms]
2024-10-18 14:27:07.585 [info] > git config --get commit.template [181ms]
2024-10-18 14:27:07.616 [info] > git rev-parse --show-toplevel [109ms]
2024-10-18 14:27:07.706 [info] > git rev-parse --git-dir --git-common-dir [69ms]
2024-10-18 14:27:07.737 [info] [Model][openRepository] Opened repository: /home/olga/hexlet-git
2024-10-18 14:27:07.941 [info] > git config --get commit.template [111ms]
2024-10-18 14:27:09.440 [info] > git check-ignore -v -z --stdin [408ms]
2024-10-18 14:27:09.453 [info] > git check-ignore -v -z --stdin [355ms]
2024-10-18 14:27:09.454 [info] > git check-ignore -v -z --stdin [172ms]
2024-10-18 14:27:09.454 [info] > git check-ignore -v -z --stdin [103ms]
2024-10-18 14:27:09.455 [info] > git status -z -uall [2314ms]
2024-10-18 14:27:09.455 [info] > git check-ignore -v -z --stdin [33ms]
2024-10-18 14:27:09.456 [info] > git for-each-ref --format=%(refname)%00%(upstream:short)%00%(objectname)%00%(upstream:track)%00%(upstream:remotename)%00%(upstream:remoteref) refs/heads/main refs/remotes/main [1495ms]
2024-10-18 14:27:09.457 [info] > git for-each-ref --format=%(refname)%00%(upstream:short)%00%(objectname)%00%(upstream:track)%00%(upstream:remotename)%00%(upstream:remoteref) refs/heads/main refs/remotes/main [1766ms]
2024-10-18 14:27:09.457 [info] > git rev-parse --show-toplevel [1562ms]
2024-10-18 14:27:09.555 [info] > git rev-parse --show-toplevel [58ms]
2024-10-18 14:27:09.631 [info] > git config --get commit.template [95ms]
2024-10-18 14:27:10.581 [info] > git status -z -uall [913ms]
2024-10-18 14:27:10.582 [info] > git status -z -uall [823ms]
2024-10-18 14:27:11.117 [info] > git for-each-ref --sort -committerdate --format %(refname) %(objectname) %(*objectname) [1313ms]
2024-10-18 14:27:11.192 [info] > git for-each-ref --sort -committerdate --format %(refname) %(objectname) %(*objectname) [1465ms]
2024-10-18 14:27:11.243 [info] > git rev-parse --show-toplevel [1661ms]
2024-10-18 14:27:12.219 [info] > git for-each-ref --format=%(refname)%00%(upstream:short)%00%(objectname)%00%(upstream:track)%00%(upstream:remotename)%00%(upstream:remoteref) refs/heads/main refs/remotes/main [991ms]
2024-10-18 14:27:12.239 [info] > git for-each-ref --format=%(refname)%00%(upstream:short)%00%(objectname)%00%(upstream:track)%00%(upstream:remotename)%00%(upstream:remoteref) refs/heads/main refs/remotes/main [1052ms]
2024-10-18 14:27:12.253 [info] > git for-each-ref --format %(refname) %(objectname) %(*objectname) refs/tags [1711ms]
2024-10-18 14:27:12.316 [info] > git status -z -uall [49ms]
2024-10-18 14:27:13.583 [info] > git config --local branch.main.vscode-merge-base [1331ms]
2024-10-18 14:27:13.662 [info] > git config --local branch.main.vscode-merge-base [1423ms]
2024-10-18 14:27:13.767 [info] > git rev-parse --git-dir --git-common-dir [2472ms]
2024-10-18 14:27:13.888 [info] [Model][openRepository] Opened repository: /home/olga/hexlet-js
2024-10-18 14:27:13.912 [info] > git config --get commit.template [2634ms]
2024-10-18 14:27:13.917 [info] > git config --get commit.template [2655ms]
2024-10-18 14:27:16.613 [info] > git for-each-ref --format=%(refname)%00%(upstream:short)%00%(objectname)%00%(upstream:track)%00%(upstream:remotename)%00%(upstream:remoteref) refs/heads/origin/main refs/remotes/origin/main [2856ms]
2024-10-18 14:27:16.771 [info] > git for-each-ref --format=%(refname)%00%(upstream:short)%00%(objectname)%00%(upstream:track)%00%(upstream:remotename)%00%(upstream:remoteref) refs/heads/origin/main refs/remotes/origin/main [3111ms]
2024-10-18 14:27:16.815 [info] > git for-each-ref --sort -committerdate --format %(refname) %(objectname) %(*objectname) [4543ms]
2024-10-18 14:27:17.297 [info] > git check-ignore -v -z --stdin [311ms]
2024-10-18 14:27:17.298 [info] > git check-ignore -v -z --stdin [227ms]
2024-10-18 14:27:17.299 [info] > git check-ignore -v -z --stdin [156ms]
2024-10-18 14:27:17.300 [info] > git check-ignore -v -z --stdin [147ms]
2024-10-18 14:27:17.301 [info] > git check-ignore -v -z --stdin [137ms]
2024-10-18 14:27:17.308 [info] > git check-ignore -v -z --stdin [124ms]
2024-10-18 14:27:17.572 [info] > git merge-base refs/heads/main refs/remotes/origin/main [759ms]
2024-10-18 14:27:17.588 [info] > git merge-base refs/heads/main refs/remotes/origin/main [817ms]
2024-10-18 14:27:17.599 [info] > git rev-parse --show-toplevel [3512ms]
2024-10-18 14:27:17.608 [info] [Model][doInitialScan] Initial repository scan completed - repositories (6), closed repositories (0), parent repositories (0), unsafe repositories (0)
2024-10-18 14:27:17.609 [info] > git config --get commit.template [3605ms]
2024-10-18 14:27:17.660 [info] > git diff --name-status -z --diff-filter=ADMR 4d6a7b5311521b182d060240737432bc2bef42f4...refs/remotes/origin/main [62ms]
2024-10-18 14:27:17.662 [info] > git diff --name-status -z --diff-filter=ADMR 5cd9030637160ceea4e800aac11068a3cc210de8...refs/remotes/origin/main [75ms]
2024-10-18 14:27:17.673 [info] > git for-each-ref --format=%(refname)%00%(upstream:short)%00%(objectname)%00%(upstream:track)%00%(upstream:remotename)%00%(upstream:remoteref) refs/heads/main refs/remotes/main [449ms]
2024-10-18 14:27:17.680 [info] > git for-each-ref --format=%(refname)%00%(upstream:short)%00%(objectname)%00%(upstream:track)%00%(upstream:remotename)%00%(upstream:remoteref) refs/heads/main refs/remotes/main [466ms]
2024-10-18 14:27:17.702 [info] > git for-each-ref --format=%(refname)%00%(upstream:short)%00%(objectname)%00%(upstream:track)%00%(upstream:remotename)%00%(upstream:remoteref) refs/heads/main refs/remotes/main [8ms]
2024-10-18 14:27:17.706 [warning] [Git][revParse] Unable to read file: ENOENT: no such file or directory, open '/home/olga/hexlet-js/.git/refs/remotes/origin/main'
2024-10-18 14:27:17.830 [info] > git status -z -uall [113ms]
2024-10-18 14:27:17.830 [info] > git status -z -uall [67ms]
2024-10-18 14:27:17.830 [info] > git for-each-ref --sort -committerdate --format %(refname) %(objectname) %(*objectname) [51ms]
2024-10-18 14:27:17.835 [info] > git for-each-ref --sort -committerdate --format %(refname) %(objectname) %(*objectname) [91ms]
2024-10-18 14:27:17.840 [info] > git rev-parse refs/remotes/origin/main [134ms]
2024-10-18 14:27:17.912 [info] > git status -z -uall [60ms]
2024-10-18 14:27:17.920 [info] > git for-each-ref --sort -committerdate --format %(refname) %(objectname) %(*objectname) [63ms]
2024-10-18 14:27:18.048 [info] > git config --get commit.template [71ms]
2024-10-18 14:27:18.049 [info] > git for-each-ref --format=%(refname)%00%(upstream:short)%00%(objectname)%00%(upstream:track)%00%(upstream:remotename)%00%(upstream:remoteref) refs/heads/main refs/remotes/main [116ms]
2024-10-18 14:27:18.099 [info] > git config --local branch.main.vscode-merge-base [35ms]
2024-10-18 14:27:18.213 [info] > git for-each-ref --format=%(refname)%00%(upstream:short)%00%(objectname)%00%(upstream:track)%00%(upstream:remotename)%00%(upstream:remoteref) refs/heads/origin/main refs/remotes/origin/main [61ms]
2024-10-18 14:27:18.233 [info] > git for-each-ref --format=%(refname)%00%(upstream:short)%00%(objectname)%00%(upstream:track)%00%(upstream:remotename)%00%(upstream:remoteref) refs/heads/main refs/remotes/main [67ms]
2024-10-18 14:27:18.244 [warning] [Git][revParse] Unable to read file: ENOENT: no such file or directory, open '/home/olga/hexlet-js/.git/refs/remotes/origin/main'
2024-10-18 14:27:18.245 [info] > git merge-base refs/heads/main refs/remotes/origin/main [25ms]
2024-10-18 14:27:18.266 [info] > git rev-parse refs/remotes/origin/main [21ms]
2024-10-18 14:27:18.311 [info] > git status -z -uall [18ms]
2024-10-18 14:27:18.312 [info] > git diff --name-status -z --diff-filter=ADMR 2ec9b6fe510f2076127e2aedb2d374ff9f80fac2...refs/remotes/origin/main [61ms]
2024-10-18 14:27:18.322 [info] > git for-each-ref --sort -committerdate --format %(refname) %(objectname) %(*objectname) [21ms]
2024-10-18 14:27:20.237 [info] > git status -z -uall [15063ms]
2024-10-18 14:27:21.179 [info] > git for-each-ref --format=%(refname)%00%(upstream:short)%00%(objectname)%00%(upstream:track)%00%(upstream:remotename)%00%(upstream:remoteref) refs/heads/main refs/remotes/main [742ms]
2024-10-18 14:27:21.201 [info] > git config --get commit.template [50ms]
2024-10-18 14:27:21.211 [info] > git config --local branch.main.vscode-merge-base [23ms]
2024-10-18 14:27:21.211 [warning] [Git][config] git config failed: Failed to execute git
2024-10-18 14:27:21.242 [info] > git for-each-ref --format=%(refname)%00%(upstream:short)%00%(objectname)%00%(upstream:track)%00%(upstream:remotename)%00%(upstream:remoteref) refs/heads/main refs/remotes/main [33ms]
2024-10-18 14:27:21.277 [warning] [Git][revParse] Unable to read file: ENOENT: no such file or directory, open '/home/olga/.git/refs/remotes/origin/main'
2024-10-18 14:27:21.307 [info] > git reflog main --grep-reflog=branch: Created from *. [66ms]
2024-10-18 14:27:21.336 [info] > git rev-parse refs/remotes/origin/main [58ms]
2024-10-18 14:27:21.397 [info] > git for-each-ref --sort -committerdate --format %(refname) %(objectname) %(*objectname) [19ms]
2024-10-18 14:27:21.402 [info] > git symbolic-ref --short refs/remotes/origin/HEAD [63ms]
2024-10-18 14:27:21.402 [info] fatal: ref refs/remotes/origin/HEAD is not a symbolic ref
2024-10-18 14:27:21.402 [warning] [Repository][getDefaultBranch] Failed to get default branch details: Failed to execute git.
2024-10-18 14:27:21.484 [info] > git merge-base refs/heads/main refs/remotes/origin/main [73ms]
2024-10-18 14:27:21.541 [info] > git diff --name-status -z --diff-filter=ADMR 5cd9030637160ceea4e800aac11068a3cc210de8...refs/remotes/origin/main [32ms]
2024-10-18 14:27:21.789 [info] > git status -z -uall [439ms]
2024-10-18 14:33:16.844 [info] > git config --get commit.template [38ms]
2024-10-18 14:33:16.854 [info] > git for-each-ref --format=%(refname)%00%(upstream:short)%00%(objectname)%00%(upstream:track)%00%(upstream:remotename)%00%(upstream:remoteref) refs/heads/main refs/remotes/main [37ms]
2024-10-18 14:33:16.860 [warning] [Git][revParse] Unable to read file: ENOENT: no such file or directory, open '/home/olga/.git/refs/remotes/origin/main'
2024-10-18 14:33:16.861 [info] > git rev-parse refs/remotes/origin/main [2ms]
2024-10-18 14:33:16.879 [info] > git for-each-ref --sort -committerdate --format %(refname) %(objectname) %(*objectname) [4ms]
2024-10-18 14:33:17.231 [info] > git status -z -uall [363ms]
2024-10-18 14:33:22.398 [info] > git config --get commit.template [18ms]
2024-10-18 14:33:22.415 [info] > git for-each-ref --format=%(refname)%00%(upstream:short)%00%(objectname)%00%(upstream:track)%00%(upstream:remotename)%00%(upstream:remoteref) refs/heads/main refs/remotes/main [27ms]
2024-10-18 14:33:22.438 [warning] [Git][revParse] Unable to read file: ENOENT: no such file or directory, open '/home/olga/.git/refs/remotes/origin/main'
2024-10-18 14:33:22.448 [info] > git rev-parse refs/remotes/origin/main [11ms]
2024-10-18 14:33:24.159 [info] > git for-each-ref --sort -committerdate --format %(refname) %(objectname) %(*objectname) [755ms]
2024-10-18 14:33:25.378 [info] > git ls-files --stage -- /home/olga/hexlet-jest/package.json [44ms]
2024-10-18 14:33:25.437 [info] > git show --textconv :hexlet-jest/package.json [203ms]
2024-10-18 14:33:25.450 [info] > git cat-file -s ae29a0f7008f4ce123a4f2d695d6d6c31cb1a735 [13ms]
2024-10-18 14:33:25.910 [info] > git status -z -uall [2737ms]
2024-10-18 14:33:31.133 [info] > git config --get commit.template [14ms]
2024-10-18 14:33:31.147 [info] > git for-each-ref --format=%(refname)%00%(upstream:short)%00%(objectname)%00%(upstream:track)%00%(upstream:remotename)%00%(upstream:remoteref) refs/heads/main refs/remotes/main [16ms]
2024-10-18 14:33:31.153 [warning] [Git][revParse] Unable to read file: ENOENT: no such file or directory, open '/home/olga/.git/refs/remotes/origin/main'
2024-10-18 14:33:31.162 [info] > git rev-parse refs/remotes/origin/main [8ms]
2024-10-18 14:33:31.234 [info] > git for-each-ref --sort -committerdate --format %(refname) %(objectname) %(*objectname) [54ms]
2024-10-18 14:33:31.555 [info] > git status -z -uall [388ms]
2024-10-18 14:33:36.786 [info] > git config --get commit.template [35ms]
2024-10-18 14:33:36.789 [info] > git for-each-ref --format=%(refname)%00%(upstream:short)%00%(objectname)%00%(upstream:track)%00%(upstream:remotename)%00%(upstream:remoteref) refs/heads/main refs/remotes/main [6ms]
2024-10-18 14:33:36.802 [warning] [Git][revParse] Unable to read file: ENOENT: no such file or directory, open '/home/olga/.git/refs/remotes/origin/main'
2024-10-18 14:33:36.803 [info] > git rev-parse refs/remotes/origin/main [2ms]
2024-10-18 14:33:36.825 [info] > git for-each-ref --sort -committerdate --format %(refname) %(objectname) %(*objectname) [7ms]
2024-10-18 14:33:37.267 [info] > git status -z -uall [454ms]
2024-10-18 14:33:38.688 [info] > git check-ignore -v -z --stdin [80ms]
2024-10-18 14:33:40.949 [info] > git check-ignore -v -z --stdin [37ms]
2024-10-18 14:33:42.368 [info] > git config --get commit.template [20ms]
2024-10-18 14:33:42.374 [info] > git for-each-ref --format=%(refname)%00%(upstream:short)%00%(objectname)%00%(upstream:track)%00%(upstream:remotename)%00%(upstream:remoteref) refs/heads/main refs/remotes/main [8ms]
2024-10-18 14:33:42.391 [warning] [Git][revParse] Unable to read file: ENOENT: no such file or directory, open '/home/olga/.git/refs/remotes/origin/main'
2024-10-18 14:33:42.410 [info] > git rev-parse refs/remotes/origin/main [18ms]
2024-10-18 14:33:42.479 [info] > git for-each-ref --sort -committerdate --format %(refname) %(objectname) %(*objectname) [35ms]
2024-10-18 14:33:44.786 [info] > git status -z -uall [2350ms]
2024-10-18 14:33:50.271 [info] > git config --get commit.template [8ms]
2024-10-18 14:33:50.362 [info] > git for-each-ref --format=%(refname)%00%(upstream:short)%00%(objectname)%00%(upstream:track)%00%(upstream:remotename)%00%(upstream:remoteref) refs/heads/main refs/remotes/main [22ms]
2024-10-18 14:33:50.572 [warning] [Git][revParse] Unable to read file: ENOENT: no such file or directory, open '/home/olga/.git/refs/remotes/origin/main'
2024-10-18 14:33:50.576 [info] > git rev-parse refs/remotes/origin/main [3ms]
2024-10-18 14:33:50.657 [info] > git for-each-ref --sort -committerdate --format %(refname) %(objectname) %(*objectname) [33ms]
2024-10-18 14:33:52.731 [info] > git status -z -uall [2125ms]
2024-10-18 14:33:55.936 [info] > git check-ignore -v -z --stdin [152ms]
2024-10-18 14:33:58.232 [info] > git config --get commit.template [35ms]
2024-10-18 14:33:58.243 [info] > git for-each-ref --format=%(refname)%00%(upstream:short)%00%(objectname)%00%(upstream:track)%00%(upstream:remotename)%00%(upstream:remoteref) refs/heads/main refs/remotes/main [13ms]
2024-10-18 14:33:58.276 [warning] [Git][revParse] Unable to read file: ENOENT: no such file or directory, open '/home/olga/.git/refs/remotes/origin/main'
2024-10-18 14:33:58.324 [info] > git rev-parse refs/remotes/origin/main [50ms]
2024-10-18 14:33:58.482 [info] > git for-each-ref --sort -committerdate --format %(refname) %(objectname) %(*objectname) [5ms]
2024-10-18 14:33:58.889 [info] > git status -z -uall [484ms]
2024-10-18 14:34:04.079 [info] > git config --get commit.template [16ms]
2024-10-18 14:34:04.160 [info] > git for-each-ref --format=%(refname)%00%(upstream:short)%00%(objectname)%00%(upstream:track)%00%(upstream:remotename)%00%(upstream:remoteref) refs/heads/main refs/remotes/main [84ms]
2024-10-18 14:34:04.205 [warning] [Git][revParse] Unable to read file: ENOENT: no such file or directory, open '/home/olga/.git/refs/remotes/origin/main'
2024-10-18 14:34:04.207 [info] > git rev-parse refs/remotes/origin/main [2ms]
2024-10-18 14:34:04.401 [info] > git for-each-ref --sort -committerdate --format %(refname) %(objectname) %(*objectname) [99ms]
2024-10-18 14:34:04.906 [info] > git status -z -uall [659ms]
2024-10-18 14:34:10.090 [info] > git config --get commit.template [5ms]
2024-10-18 14:34:10.103 [info] > git for-each-ref --format=%(refname)%00%(upstream:short)%00%(objectname)%00%(upstream:track)%00%(upstream:remotename)%00%(upstream:remoteref) refs/heads/main refs/remotes/main [7ms]
2024-10-18 14:34:10.111 [warning] [Git][revParse] Unable to read file: ENOENT: no such file or directory, open '/home/olga/.git/refs/remotes/origin/main'
2024-10-18 14:34:10.115 [info] > git rev-parse refs/remotes/origin/main [4ms]
2024-10-18 14:34:10.147 [info] > git for-each-ref --sort -committerdate --format %(refname) %(objectname) %(*objectname) [6ms]
2024-10-18 14:34:10.812 [info] > git status -z -uall [686ms]
2024-10-18 14:34:16.008 [info] > git config --get commit.template [15ms]
2024-10-18 14:34:16.012 [info] > git for-each-ref --format=%(refname)%00%(upstream:short)%00%(objectname)%00%(upstream:track)%00%(upstream:remotename)%00%(upstream:remoteref) refs/heads/main refs/remotes/main [6ms]
2024-10-18 14:34:16.023 [warning] [Git][revParse] Unable to read file: ENOENT: no such file or directory, open '/home/olga/.git/refs/remotes/origin/main'
2024-10-18 14:34:16.026 [info] > git rev-parse refs/remotes/origin/main [3ms]
2024-10-18 14:34:16.051 [info] > git for-each-ref --sort -committerdate --format %(refname) %(objectname) %(*objectname) [6ms]
2024-10-18 14:34:16.390 [info] > git status -z -uall [357ms]
2024-10-18 14:34:21.531 [info] > git config --get commit.template [30ms]
2024-10-18 14:34:21.544 [info] > git for-each-ref --format=%(refname)%00%(upstream:short)%00%(objectname)%00%(upstream:track)%00%(upstream:remotename)%00%(upstream:remoteref) refs/heads/main refs/remotes/main [16ms]
2024-10-18 14:34:21.555 [warning] [Git][revParse] Unable to read file: ENOENT: no such file or directory, open '/home/olga/.git/refs/remotes/origin/main'
2024-10-18 14:34:21.565 [info] > git rev-parse refs/remotes/origin/main [10ms]
2024-10-18 14:34:21.609 [info] > git for-each-ref --sort -committerdate --format %(refname) %(objectname) %(*objectname) [13ms]
2024-10-18 14:34:22.039 [info] > git status -z -uall [457ms]
2024-10-18 14:34:24.334 [info] > git log --format=%H%n%aN%n%aE%n%at%n%ct%n%P%n%D%n%B -z --shortstat --diff-merges=first-parent -n50 --skip=0 --topo-order --decorate=full --stdin [44255ms]
2024-10-18 14:34:24.334 [info] warning: exhaustive rename detection was skipped due to too many files.
warning: you may want to set your diff.renameLimit variable to at least 4655 and retry the command.
2024-10-18 14:34:27.175 [info] > git config --get commit.template [21ms]
2024-10-18 14:34:27.204 [info] > git for-each-ref --format=%(refname)%00%(upstream:short)%00%(objectname)%00%(upstream:track)%00%(upstream:remotename)%00%(upstream:remoteref) refs/heads/main refs/remotes/main [33ms]
2024-10-18 14:34:27.239 [warning] [Git][revParse] Unable to read file: ENOENT: no such file or directory, open '/home/olga/.git/refs/remotes/origin/main'
2024-10-18 14:34:27.256 [info] > git rev-parse refs/remotes/origin/main [16ms]
2024-10-18 14:34:27.285 [info] > git for-each-ref --sort -committerdate --format %(refname) %(objectname) %(*objectname) [10ms]
2024-10-18 14:34:27.508 [info] > git status -z -uall [242ms]
2024-10-18 14:34:32.621 [info] > git config --get commit.template [27ms]
2024-10-18 14:34:32.640 [info] > git for-each-ref --format=%(refname)%00%(upstream:short)%00%(objectname)%00%(upstream:track)%00%(upstream:remotename)%00%(upstream:remoteref) refs/heads/main refs/remotes/main [22ms]
2024-10-18 14:34:32.657 [warning] [Git][revParse] Unable to read file: ENOENT: no such file or directory, open '/home/olga/.git/refs/remotes/origin/main'
2024-10-18 14:34:32.673 [info] > git rev-parse refs/remotes/origin/main [16ms]
2024-10-18 14:34:32.735 [info] > git for-each-ref --sort -committerdate --format %(refname) %(objectname) %(*objectname) [3ms]
2024-10-18 14:34:32.933 [info] > git status -z -uall [221ms]
2024-10-18 14:34:38.049 [info] > git config --get commit.template [16ms]
2024-10-18 14:34:38.054 [info] > git for-each-ref --format=%(refname)%00%(upstream:short)%00%(objectname)%00%(upstream:track)%00%(upstream:remotename)%00%(upstream:remoteref) refs/heads/main refs/remotes/main [7ms]
2024-10-18 14:34:38.067 [warning] [Git][revParse] Unable to read file: ENOENT: no such file or directory, open '/home/olga/.git/refs/remotes/origin/main'
2024-10-18 14:34:38.070 [info] > git rev-parse refs/remotes/origin/main [4ms]
2024-10-18 14:34:38.130 [info] > git for-each-ref --sort -committerdate --format %(refname) %(objectname) %(*objectname) [32ms]
2024-10-18 14:34:38.350 [info] > git status -z -uall [262ms]
2024-10-18 14:34:43.453 [info] > git config --get commit.template [29ms]
2024-10-18 14:34:43.473 [info] > git for-each-ref --format=%(refname)%00%(upstream:short)%00%(objectname)%00%(upstream:track)%00%(upstream:remotename)%00%(upstream:remoteref) refs/heads/main refs/remotes/main [23ms]
2024-10-18 14:34:43.493 [warning] [Git][revParse] Unable to read file: ENOENT: no such file or directory, open '/home/olga/.git/refs/remotes/origin/main'
2024-10-18 14:34:43.504 [info] > git rev-parse refs/remotes/origin/main [12ms]
2024-10-18 14:34:43.565 [info] > git for-each-ref --sort -committerdate --format %(refname) %(objectname) %(*objectname) [22ms]
2024-10-18 14:34:44.033 [info] > git status -z -uall [512ms]
2024-10-18 14:34:49.163 [info] > git config --get commit.template [23ms]
2024-10-18 14:34:49.180 [info] > git for-each-ref --format=%(refname)%00%(upstream:short)%00%(objectname)%00%(upstream:track)%00%(upstream:remotename)%00%(upstream:remoteref) refs/heads/main refs/remotes/main [20ms]
2024-10-18 14:34:49.199 [warning] [Git][revParse] Unable to read file: ENOENT: no such file or directory, open '/home/olga/.git/refs/remotes/origin/main'
2024-10-18 14:34:49.210 [info] > git rev-parse refs/remotes/origin/main [12ms]
2024-10-18 14:34:49.301 [info] > git for-each-ref --sort -committerdate --format %(refname) %(objectname) %(*objectname) [26ms]
2024-10-18 14:34:49.521 [info] > git status -z -uall [284ms]
2024-10-18 14:34:54.639 [info] > git config --get commit.template [34ms]
2024-10-18 14:34:54.656 [info] > git for-each-ref --format=%(refname)%00%(upstream:short)%00%(objectname)%00%(upstream:track)%00%(upstream:remotename)%00%(upstream:remoteref) refs/heads/main refs/remotes/main [22ms]
2024-10-18 14:34:54.672 [warning] [Git][revParse] Unable to read file: ENOENT: no such file or directory, open '/home/olga/.git/refs/remotes/origin/main'
2024-10-18 14:34:54.685 [info] > git rev-parse refs/remotes/origin/main [12ms]
2024-10-18 14:34:54.755 [info] > git for-each-ref --sort -committerdate --format %(refname) %(objectname) %(*objectname) [37ms]
2024-10-18 14:34:55.024 [info] > git status -z -uall [323ms]
2024-10-18 14:35:00.123 [info] > git config --get commit.template [23ms]
2024-10-18 14:35:00.131 [info] > git for-each-ref --format=%(refname)%00%(upstream:short)%00%(objectname)%00%(upstream:track)%00%(upstream:remotename)%00%(upstream:remoteref) refs/heads/main refs/remotes/main [11ms]
2024-10-18 14:35:00.147 [warning] [Git][revParse] Unable to read file: ENOENT: no such file or directory, open '/home/olga/.git/refs/remotes/origin/main'
2024-10-18 14:35:00.155 [info] > git rev-parse refs/remotes/origin/main [9ms]
2024-10-18 14:35:00.235 [info] > git for-each-ref --sort -committerdate --format %(refname) %(objectname) %(*objectname) [35ms]
2024-10-18 14:35:00.605 [info] > git status -z -uall [430ms]
2024-10-18 14:40:27.291 [info] > git for-each-ref --format=%(refname)%00%(upstream:short)%00%(objectname)%00%(upstream:track)%00%(upstream:remotename)%00%(upstream:remoteref) refs/heads/main refs/remotes/main [3ms]
2024-10-18 14:40:27.292 [info] > git config --get commit.template [29ms]
2024-10-18 14:40:27.312 [warning] [Git][revParse] Unable to read file: ENOENT: no such file or directory, open '/home/olga/.git/refs/remotes/origin/main'
2024-10-18 14:40:27.317 [info] > git rev-parse refs/remotes/origin/main [4ms]
2024-10-18 14:40:27.386 [info] > git for-each-ref --sort -committerdate --format %(refname) %(objectname) %(*objectname) [14ms]
2024-10-18 14:40:27.632 [info] > git status -z -uall [304ms]
2024-10-18 14:40:32.743 [info] > git config --get commit.template [13ms]
2024-10-18 14:40:32.759 [info] > git for-each-ref --format=%(refname)%00%(upstream:short)%00%(objectname)%00%(upstream:track)%00%(upstream:remotename)%00%(upstream:remoteref) refs/heads/main refs/remotes/main [22ms]
2024-10-18 14:40:32.765 [warning] [Git][revParse] Unable to read file: ENOENT: no such file or directory, open '/home/olga/.git/refs/remotes/origin/main'
2024-10-18 14:40:32.775 [info] > git rev-parse refs/remotes/origin/main [10ms]
2024-10-18 14:40:32.833 [info] > git for-each-ref --sort -committerdate --format %(refname) %(objectname) %(*objectname) [24ms]
2024-10-18 14:40:33.122 [info] > git status -z -uall [343ms]
2024-10-18 14:40:38.225 [info] > git config --get commit.template [18ms]
2024-10-18 14:40:38.233 [info] > git for-each-ref --format=%(refname)%00%(upstream:short)%00%(objectname)%00%(upstream:track)%00%(upstream:remotename)%00%(upstream:remoteref) refs/heads/main refs/remotes/main [11ms]
2024-10-18 14:40:38.243 [warning] [Git][revParse] Unable to read file: ENOENT: no such file or directory, open '/home/olga/.git/refs/remotes/origin/main'
2024-10-18 14:40:38.247 [info] > git rev-parse refs/remotes/origin/main [4ms]
2024-10-18 14:40:38.283 [info] > git for-each-ref --sort -committerdate --format %(refname) %(objectname) %(*objectname) [13ms]
2024-10-18 14:40:38.590 [info] > git status -z -uall [332ms]
2024-10-18 14:40:43.723 [info] > git config --get commit.template [17ms]
2024-10-18 14:40:43.732 [info] > git for-each-ref --format=%(refname)%00%(upstream:short)%00%(objectname)%00%(upstream:track)%00%(upstream:remotename)%00%(upstream:remoteref) refs/heads/main refs/remotes/main [11ms]
2024-10-18 14:40:43.742 [warning] [Git][revParse] Unable to read file: ENOENT: no such file or directory, open '/home/olga/.git/refs/remotes/origin/main'
2024-10-18 14:40:43.746 [info] > git rev-parse refs/remotes/origin/main [4ms]
2024-10-18 14:40:43.783 [info] > git for-each-ref --sort -committerdate --format %(refname) %(objectname) %(*objectname) [17ms]
2024-10-18 14:40:44.145 [info] > git status -z -uall [389ms]
2024-10-18 14:40:49.213 [info] > git config --get commit.template [17ms]
2024-10-18 14:40:49.223 [info] > git for-each-ref --format=%(refname)%00%(upstream:short)%00%(objectname)%00%(upstream:track)%00%(upstream:remotename)%00%(upstream:remoteref) refs/heads/main refs/remotes/main [12ms]
2024-10-18 14:40:49.233 [warning] [Git][revParse] Unable to read file: ENOENT: no such file or directory, open '/home/olga/.git/refs/remotes/origin/main'
2024-10-18 14:40:49.237 [info] > git rev-parse refs/remotes/origin/main [4ms]
2024-10-18 14:40:49.272 [info] > git for-each-ref --sort -committerdate --format %(refname) %(objectname) %(*objectname) [14ms]
2024-10-18 14:40:49.600 [info] > git status -z -uall [352ms]
2024-10-18 14:40:54.662 [info] > git config --get commit.template [17ms]
2024-10-18 14:40:54.674 [info] > git for-each-ref --format=%(refname)%00%(upstream:short)%00%(objectname)%00%(upstream:track)%00%(upstream:remotename)%00%(upstream:remoteref) refs/heads/main refs/remotes/main [12ms]
2024-10-18 14:40:54.683 [warning] [Git][revParse] Unable to read file: ENOENT: no such file or directory, open '/home/olga/.git/refs/remotes/origin/main'
2024-10-18 14:40:54.687 [info] > git rev-parse refs/remotes/origin/main [4ms]
2024-10-18 14:40:54.728 [info] > git for-each-ref --sort -committerdate --format %(refname) %(objectname) %(*objectname) [17ms]
2024-10-18 14:40:55.136 [info] > git status -z -uall [437ms]
2024-10-18 14:41:00.186 [info] > git config --get commit.template [8ms]
2024-10-18 14:41:00.190 [info] > git for-each-ref --format=%(refname)%00%(upstream:short)%00%(objectname)%00%(upstream:track)%00%(upstream:remotename)%00%(upstream:remoteref) refs/heads/main refs/remotes/main [6ms]
2024-10-18 14:41:00.195 [warning] [Git][revParse] Unable to read file: ENOENT: no such file or directory, open '/home/olga/.git/refs/remotes/origin/main'
2024-10-18 14:41:00.197 [info] > git rev-parse refs/remotes/origin/main [2ms]
2024-10-18 14:41:00.209 [info] > git for-each-ref --sort -committerdate --format %(refname) %(objectname) %(*objectname) [3ms]
2024-10-18 14:41:00.321 [info] > git status -z -uall [120ms]
2024-10-18 14:41:05.382 [info] > git config --get commit.template [13ms]
2024-10-18 14:41:05.390 [info] > git for-each-ref --format=%(refname)%00%(upstream:short)%00%(objectname)%00%(upstream:track)%00%(upstream:remotename)%00%(upstream:remoteref) refs/heads/main refs/remotes/main [8ms]
2024-10-18 14:41:05.399 [warning] [Git][revParse] Unable to read file: ENOENT: no such file or directory, open '/home/olga/.git/refs/remotes/origin/main'
2024-10-18 14:41:05.403 [info] > git rev-parse refs/remotes/origin/main [5ms]
2024-10-18 14:41:05.443 [info] > git for-each-ref --sort -committerdate --format %(refname) %(objectname) %(*objectname) [20ms]
2024-10-18 14:41:05.719 [info] > git status -z -uall [306ms]
2024-10-18 14:41:10.795 [info] > git config --get commit.template [22ms]
2024-10-18 14:41:10.805 [info] > git for-each-ref --format=%(refname)%00%(upstream:short)%00%(objectname)%00%(upstream:track)%00%(upstream:remotename)%00%(upstream:remoteref) refs/heads/main refs/remotes/main [14ms]
2024-10-18 14:41:10.825 [warning] [Git][revParse] Unable to read file: ENOENT: no such file or directory, open '/home/olga/.git/refs/remotes/origin/main'
2024-10-18 14:41:10.834 [info] > git rev-parse refs/remotes/origin/main [10ms]
2024-10-18 14:41:10.877 [info] > git for-each-ref --sort -committerdate --format %(refname) %(objectname) %(*objectname) [16ms]
2024-10-18 14:41:11.239 [info] > git status -z -uall [393ms]
2024-10-18 14:41:16.375 [info] > git config --get commit.template [17ms]
2024-10-18 14:41:16.383 [info] > git for-each-ref --format=%(refname)%00%(upstream:short)%00%(objectname)%00%(upstream:track)%00%(upstream:remotename)%00%(upstream:remoteref) refs/heads/main refs/remotes/main [10ms]
2024-10-18 14:41:16.392 [warning] [Git][revParse] Unable to read file: ENOENT: no such file or directory, open '/home/olga/.git/refs/remotes/origin/main'
2024-10-18 14:41:16.397 [info] > git rev-parse refs/remotes/origin/main [5ms]
2024-10-18 14:41:16.431 [info] > git for-each-ref --sort -committerdate --format %(refname) %(objectname) %(*objectname) [15ms]
2024-10-18 14:41:16.737 [info] > git status -z -uall [331ms]
2024-10-18 14:41:21.784 [info] > git config --get commit.template [8ms]
2024-10-18 14:41:21.802 [info] > git for-each-ref --format=%(refname)%00%(upstream:short)%00%(objectname)%00%(upstream:track)%00%(upstream:remotename)%00%(upstream:remoteref) refs/heads/main refs/remotes/main [8ms]
2024-10-18 14:41:21.809 [warning] [Git][revParse] Unable to read file: ENOENT: no such file or directory, open '/home/olga/.git/refs/remotes/origin/main'
2024-10-18 14:41:21.812 [info] > git rev-parse refs/remotes/origin/main [3ms]
2024-10-18 14:41:21.829 [info] > git for-each-ref --sort -committerdate --format %(refname) %(objectname) %(*objectname) [4ms]
2024-10-18 14:41:22.013 [info] > git status -z -uall [195ms]
2024-10-18 14:41:27.143 [info] > git config --get commit.template [40ms]
2024-10-18 14:41:27.160 [info] > git for-each-ref --format=%(refname)%00%(upstream:short)%00%(objectname)%00%(upstream:track)%00%(upstream:remotename)%00%(upstream:remoteref) refs/heads/main refs/remotes/main [38ms]
2024-10-18 14:41:27.192 [warning] [Git][revParse] Unable to read file: ENOENT: no such file or directory, open '/home/olga/.git/refs/remotes/origin/main'
2024-10-18 14:41:27.220 [info] > git rev-parse refs/remotes/origin/main [29ms]
2024-10-18 14:41:27.292 [info] > git for-each-ref --sort -committerdate --format %(refname) %(objectname) %(*objectname) [28ms]
2024-10-18 14:41:27.641 [info] > git status -z -uall [395ms]
2024-10-18 14:41:30.347 [info] > git log --format=%H%n%aN%n%aE%n%at%n%ct%n%P%n%D%n%B -z --shortstat --diff-merges=first-parent -n50 --skip=0 --topo-order --decorate=full --stdin [12532ms]
2024-10-18 14:41:30.348 [info] warning: exhaustive rename detection was skipped due to too many files.
warning: you may want to set your diff.renameLimit variable to at least 4655 and retry the command.
2024-10-18 14:41:32.741 [info] > git config --get commit.template [18ms]
2024-10-18 14:41:32.756 [info] > git for-each-ref --format=%(refname)%00%(upstream:short)%00%(objectname)%00%(upstream:track)%00%(upstream:remotename)%00%(upstream:remoteref) refs/heads/main refs/remotes/main [17ms]
2024-10-18 14:41:32.770 [warning] [Git][revParse] Unable to read file: ENOENT: no such file or directory, open '/home/olga/.git/refs/remotes/origin/main'
2024-10-18 14:41:32.777 [info] > git rev-parse refs/remotes/origin/main [6ms]
2024-10-18 14:41:32.833 [info] > git for-each-ref --sort -committerdate --format %(refname) %(objectname) %(*objectname) [21ms]
2024-10-18 14:41:33.205 [info] > git status -z -uall [414ms]
2024-10-18 14:41:38.304 [info] > git config --get commit.template [24ms]
2024-10-18 14:41:38.328 [info] > git for-each-ref --format=%(refname)%00%(upstream:short)%00%(objectname)%00%(upstream:track)%00%(upstream:remotename)%00%(upstream:remoteref) refs/heads/main refs/remotes/main [29ms]
2024-10-18 14:41:38.334 [warning] [Git][revParse] Unable to read file: ENOENT: no such file or directory, open '/home/olga/.git/refs/remotes/origin/main'
2024-10-18 14:41:38.337 [info] > git rev-parse refs/remotes/origin/main [3ms]
2024-10-18 14:41:38.363 [info] > git for-each-ref --sort -committerdate --format %(refname) %(objectname) %(*objectname) [4ms]
2024-10-18 14:41:38.669 [info] > git status -z -uall [314ms]
2024-10-18 14:41:43.711 [info] > git config --get commit.template [7ms]
2024-10-18 14:41:43.716 [info] > git for-each-ref --format=%(refname)%00%(upstream:short)%00%(objectname)%00%(upstream:track)%00%(upstream:remotename)%00%(upstream:remoteref) refs/heads/main refs/remotes/main [6ms]
2024-10-18 14:41:43.722 [warning] [Git][revParse] Unable to read file: ENOENT: no such file or directory, open '/home/olga/.git/refs/remotes/origin/main'
2024-10-18 14:41:43.724 [info] > git rev-parse refs/remotes/origin/main [3ms]
2024-10-18 14:41:43.753 [info] > git for-each-ref --sort -committerdate --format %(refname) %(objectname) %(*objectname) [11ms]
2024-10-18 14:41:44.171 [info] > git status -z -uall [434ms]
2024-10-18 14:41:49.288 [info] > git config --get commit.template [21ms]
2024-10-18 14:41:49.295 [info] > git for-each-ref --format=%(refname)%00%(upstream:short)%00%(objectname)%00%(upstream:track)%00%(upstream:remotename)%00%(upstream:remoteref) refs/heads/main refs/remotes/main [11ms]
2024-10-18 14:41:49.304 [warning] [Git][revParse] Unable to read file: ENOENT: no such file or directory, open '/home/olga/.git/refs/remotes/origin/main'
2024-10-18 14:41:49.309 [info] > git rev-parse refs/remotes/origin/main [5ms]
2024-10-18 14:41:49.343 [info] > git for-each-ref --sort -committerdate --format %(refname) %(objectname) %(*objectname) [15ms]
2024-10-18 14:41:49.930 [info] > git status -z -uall [612ms]
2024-10-18 14:41:55.064 [info] > git config --get commit.template [20ms]
2024-10-18 14:41:55.080 [info] > git for-each-ref --format=%(refname)%00%(upstream:short)%00%(objectname)%00%(upstream:track)%00%(upstream:remotename)%00%(upstream:remoteref) refs/heads/main refs/remotes/main [16ms]
2024-10-18 14:41:55.094 [warning] [Git][revParse] Unable to read file: ENOENT: no such file or directory, open '/home/olga/.git/refs/remotes/origin/main'
2024-10-18 14:41:55.100 [info] > git rev-parse refs/remotes/origin/main [6ms]
2024-10-18 14:41:55.146 [info] > git for-each-ref --sort -committerdate --format %(refname) %(objectname) %(*objectname) [18ms]
2024-10-18 14:41:55.334 [info] > git status -z -uall [220ms]
2024-10-18 14:42:00.429 [info] > git config --get commit.template [18ms]
2024-10-18 14:42:00.438 [info] > git for-each-ref --format=%(refname)%00%(upstream:short)%00%(objectname)%00%(upstream:track)%00%(upstream:remotename)%00%(upstream:remoteref) refs/heads/main refs/remotes/main [12ms]
2024-10-18 14:42:00.448 [warning] [Git][revParse] Unable to read file: ENOENT: no such file or directory, open '/home/olga/.git/refs/remotes/origin/main'
2024-10-18 14:42:00.453 [info] > git rev-parse refs/remotes/origin/main [4ms]
2024-10-18 14:42:00.491 [info] > git for-each-ref --sort -committerdate --format %(refname) %(objectname) %(*objectname) [15ms]
2024-10-18 14:42:00.792 [info] > git status -z -uall [329ms]
2024-10-18 14:42:05.865 [info] > git config --get commit.template [14ms]
2024-10-18 14:42:05.874 [info] > git for-each-ref --format=%(refname)%00%(upstream:short)%00%(objectname)%00%(upstream:track)%00%(upstream:remotename)%00%(upstream:remoteref) refs/heads/main refs/remotes/main [11ms]
2024-10-18 14:42:05.886 [warning] [Git][revParse] Unable to read file: ENOENT: no such file or directory, open '/home/olga/.git/refs/remotes/origin/main'
2024-10-18 14:42:05.892 [info] > git rev-parse refs/remotes/origin/main [6ms]
2024-10-18 14:42:05.937 [info] > git for-each-ref --sort -committerdate --format %(refname) %(objectname) %(*objectname) [25ms]
2024-10-18 14:42:06.230 [info] > git status -z -uall [328ms]
2024-10-18 14:42:11.298 [info] > git config --get commit.template [19ms]
2024-10-18 14:42:11.306 [info] > git for-each-ref --format=%(refname)%00%(upstream:short)%00%(objectname)%00%(upstream:track)%00%(upstream:remotename)%00%(upstream:remoteref) refs/heads/main refs/remotes/main [11ms]
2024-10-18 14:42:11.316 [warning] [Git][revParse] Unable to read file: ENOENT: no such file or directory, open '/home/olga/.git/refs/remotes/origin/main'
2024-10-18 14:42:11.321 [info] > git rev-parse refs/remotes/origin/main [6ms]
2024-10-18 14:42:11.354 [info] > git for-each-ref --sort -committerdate --format %(refname) %(objectname) %(*objectname) [11ms]
2024-10-18 14:42:11.800 [info] > git status -z -uall [470ms]
2024-10-18 14:42:16.918 [info] > git config --get commit.template [18ms]
2024-10-18 14:42:16.926 [info] > git for-each-ref --format=%(refname)%00%(upstream:short)%00%(objectname)%00%(upstream:track)%00%(upstream:remotename)%00%(upstream:remoteref) refs/heads/main refs/remotes/main [10ms]
2024-10-18 14:42:16.937 [warning] [Git][revParse] Unable to read file: ENOENT: no such file or directory, open '/home/olga/.git/refs/remotes/origin/main'
2024-10-18 14:42:16.943 [info] > git rev-parse refs/remotes/origin/main [5ms]
2024-10-18 14:42:16.992 [info] > git for-each-ref --sort -committerdate --format %(refname) %(objectname) %(*objectname) [26ms]
2024-10-18 14:42:17.287 [info] > git status -z -uall [333ms]
2024-10-18 14:42:24.763 [info] > git config --get commit.template [17ms]
2024-10-18 14:42:24.769 [info] > git for-each-ref --format=%(refname)%00%(upstream:short)%00%(objectname)%00%(upstream:track)%00%(upstream:remotename)%00%(upstream:remoteref) refs/heads/main refs/remotes/main [9ms]
2024-10-18 14:42:24.779 [warning] [Git][revParse] Unable to read file: ENOENT: no such file or directory, open '/home/olga/.git/refs/remotes/origin/main'
2024-10-18 14:42:24.785 [info] > git rev-parse refs/remotes/origin/main [5ms]
2024-10-18 14:42:24.816 [info] > git for-each-ref --sort -committerdate --format %(refname) %(objectname) %(*objectname) [13ms]
2024-10-18 14:42:25.251 [info] > git status -z -uall [457ms]
2024-10-18 14:42:30.360 [info] > git config --get commit.template [14ms]
2024-10-18 14:42:30.369 [info] > git for-each-ref --format=%(refname)%00%(upstream:short)%00%(objectname)%00%(upstream:track)%00%(upstream:remotename)%00%(upstream:remoteref) refs/heads/main refs/remotes/main [11ms]
2024-10-18 14:42:30.378 [warning] [Git][revParse] Unable to read file: ENOENT: no such file or directory, open '/home/olga/.git/refs/remotes/origin/main'
2024-10-18 14:42:30.383 [info] > git rev-parse refs/remotes/origin/main [5ms]
2024-10-18 14:42:30.418 [info] > git for-each-ref --sort -committerdate --format %(refname) %(objectname) %(*objectname) [11ms]
2024-10-18 14:42:30.718 [info] > git status -z -uall [326ms]
2024-10-18 14:42:35.796 [info] > git config --get commit.template [14ms]
2024-10-18 14:42:35.804 [info] > git for-each-ref --format=%(refname)%00%(upstream:short)%00%(objectname)%00%(upstream:track)%00%(upstream:remotename)%00%(upstream:remoteref) refs/heads/main refs/remotes/main [10ms]
2024-10-18 14:42:35.813 [warning] [Git][revParse] Unable to read file: ENOENT: no such file or directory, open '/home/olga/.git/refs/remotes/origin/main'
2024-10-18 14:42:35.818 [info] > git rev-parse refs/remotes/origin/main [6ms]
2024-10-18 14:42:35.857 [info] > git for-each-ref --sort -committerdate --format %(refname) %(objectname) %(*objectname) [16ms]
2024-10-18 14:42:36.264 [info] > git status -z -uall [434ms]
2024-10-18 14:42:41.345 [info] > git config --get commit.template [14ms]
2024-10-18 14:42:41.351 [info] > git for-each-ref --format=%(refname)%00%(upstream:short)%00%(objectname)%00%(upstream:track)%00%(upstream:remotename)%00%(upstream:remoteref) refs/heads/main refs/remotes/main [8ms]
2024-10-18 14:42:41.361 [warning] [Git][revParse] Unable to read file: ENOENT: no such file or directory, open '/home/olga/.git/refs/remotes/origin/main'
2024-10-18 14:42:41.365 [info] > git rev-parse refs/remotes/origin/main [5ms]
2024-10-18 14:42:41.401 [info] > git for-each-ref --sort -committerdate --format %(refname) %(objectname) %(*objectname) [14ms]
2024-10-18 14:42:41.682 [info] > git status -z -uall [308ms]
2024-10-18 14:42:46.773 [info] > git config --get commit.template [19ms]
2024-10-18 14:42:46.781 [info] > git for-each-ref --format=%(refname)%00%(upstream:short)%00%(objectname)%00%(upstream:track)%00%(upstream:remotename)%00%(upstream:remoteref) refs/heads/main refs/remotes/main [12ms]
2024-10-18 14:42:46.791 [warning] [Git][revParse] Unable to read file: ENOENT: no such file or directory, open '/home/olga/.git/refs/remotes/origin/main'
2024-10-18 14:42:46.796 [info] > git rev-parse refs/remotes/origin/main [5ms]
2024-10-18 14:42:46.837 [info] > git for-each-ref --sort -committerdate --format %(refname) %(objectname) %(*objectname) [12ms]
2024-10-18 14:42:47.159 [info] > git status -z -uall [350ms]
2024-10-18 14:42:52.243 [info] > git config --get commit.template [17ms]
2024-10-18 14:42:52.251 [info] > git for-each-ref --format=%(refname)%00%(upstream:short)%00%(objectname)%00%(upstream:track)%00%(upstream:remotename)%00%(upstream:remoteref) refs/heads/main refs/remotes/main [10ms]
2024-10-18 14:42:52.260 [warning] [Git][revParse] Unable to read file: ENOENT: no such file or directory, open '/home/olga/.git/refs/remotes/origin/main'
2024-10-18 14:42:52.265 [info] > git rev-parse refs/remotes/origin/main [5ms]
2024-10-18 14:42:52.301 [info] > git for-each-ref --sort -committerdate --format %(refname) %(objectname) %(*objectname) [16ms]
2024-10-18 14:42:52.598 [info] > git status -z -uall [324ms]
2024-10-18 14:42:57.731 [info] > git config --get commit.template [23ms]
2024-10-18 14:42:57.738 [info] > git for-each-ref --format=%(refname)%00%(upstream:short)%00%(objectname)%00%(upstream:track)%00%(upstream:remotename)%00%(upstream:remoteref) refs/heads/main refs/remotes/main [13ms]
2024-10-18 14:42:57.748 [warning] [Git][revParse] Unable to read file: ENOENT: no such file or directory, open '/home/olga/.git/refs/remotes/origin/main'
2024-10-18 14:42:57.753 [info] > git rev-parse refs/remotes/origin/main [5ms]
2024-10-18 14:42:57.805 [info] > git for-each-ref --sort -committerdate --format %(refname) %(objectname) %(*objectname) [30ms]
2024-10-18 14:42:58.078 [info] > git status -z -uall [315ms]
2024-10-18 15:39:13.533 [info] > git config --get commit.template [12ms]
2024-10-18 15:39:13.536 [info] > git for-each-ref --format=%(refname)%00%(upstream:short)%00%(objectname)%00%(upstream:track)%00%(upstream:remotename)%00%(upstream:remoteref) refs/heads/main refs/remotes/main [4ms]
2024-10-18 15:39:13.545 [warning] [Git][revParse] Unable to read file: ENOENT: no such file or directory, open '/home/olga/.git/refs/remotes/origin/main'
2024-10-18 15:39:13.547 [info] > git rev-parse refs/remotes/origin/main [2ms]
2024-10-18 15:39:13.566 [info] > git for-each-ref --sort -committerdate --format %(refname) %(objectname) %(*objectname) [3ms]
2024-10-18 15:39:13.742 [info] > git status -z -uall [190ms]
2024-10-18 20:54:12.351 [info] [основное] Уровень ведения журнала: Info
2024-10-18 20:54:12.351 [info] [основное] Проверка найденного Git в: "git"
2024-10-18 20:54:12.351 [info] [основное] Используется Git "2.34.1" из "git"
2024-10-18 20:54:12.351 [info] [Model][doInitialScan] Initial repository scan started
2024-10-18 20:54:12.351 [info] > git rev-parse --show-toplevel [8ms]
2024-10-18 20:54:12.377 [info] > git rev-parse --git-dir --git-common-dir [11ms]
2024-10-18 20:54:12.397 [info] [Model][openRepository] Opened repository: /home/olga
2024-10-18 20:54:12.595 [info] > git config --get commit.template [182ms]
2024-10-18 20:54:12.629 [info] > git for-each-ref --format=%(refname)%00%(upstream:short)%00%(objectname)%00%(upstream:track)%00%(upstream:remotename)%00%(upstream:remoteref) refs/heads/main refs/remotes/main [11ms]
2024-10-18 20:54:12.642 [warning] [Git][revParse] Unable to read file: ENOENT: no such file or directory, open '/home/olga/.git/refs/remotes/origin/main'
2024-10-18 20:54:12.721 [info] > git rev-parse refs/remotes/origin/main [79ms]
2024-10-18 20:54:12.747 [info] > git for-each-ref --sort -committerdate --format %(refname) %(objectname) %(*objectname) [5ms]
2024-10-18 20:54:12.778 [info] > git rev-parse --show-toplevel [7ms]
2024-10-18 20:54:12.786 [info] > git rev-parse --git-dir --git-common-dir [2ms]
2024-10-18 20:54:12.793 [info] [Model][openRepository] Opened repository: /home/olga/.asdf
2024-10-18 20:54:12.830 [info] > git rev-parse --show-toplevel [11ms]
2024-10-18 20:54:12.831 [info] > git config --get commit.template [20ms]
2024-10-18 20:54:12.858 [info] > git rev-parse --show-toplevel [15ms]
2024-10-18 20:54:12.871 [info] > git rev-parse --show-toplevel [4ms]
2024-10-18 20:54:12.881 [info] > git for-each-ref --format %(refname) %(objectname) %(*objectname) refs/tags [24ms]
2024-10-18 20:54:12.904 [info] > git status -z -uall [12ms]
2024-10-18 20:54:12.906 [info] > git rev-parse --show-toplevel [27ms]
2024-10-18 20:54:12.925 [info] > git rev-parse --show-toplevel [1ms]
2024-10-18 20:54:12.926 [info] > git for-each-ref --sort -committerdate --format %(refname) %(objectname) %(*objectname) [25ms]
2024-10-18 20:54:12.986 [info] > git status -z -uall [255ms]
2024-10-18 20:54:13.074 [info] > git for-each-ref --format=%(refname)%00%(upstream:short)%00%(objectname)%00%(upstream:track)%00%(upstream:remotename)%00%(upstream:remoteref) refs/heads/main refs/remotes/main [31ms]
2024-10-18 20:54:13.089 [info] > git config --get commit.template [104ms]
2024-10-18 20:54:13.089 [info] > git rev-parse --show-toplevel [113ms]
2024-10-18 20:54:13.113 [info] > git config --local branch.main.vscode-merge-base [25ms]
2024-10-18 20:54:13.113 [warning] [Git][config] git config failed: Failed to execute git
2024-10-18 20:54:13.121 [info] > git config --get commit.template [54ms]
2024-10-18 20:54:13.356 [info] > git check-ignore -v -z --stdin [254ms]
2024-10-18 20:54:13.360 [info] > git reflog main --grep-reflog=branch: Created from *. [239ms]
2024-10-18 20:54:13.371 [info] > git rev-parse --git-dir --git-common-dir [264ms]
2024-10-18 20:54:13.383 [info] [Model][openRepository] Opened repository: /home/olga/.nvm
2024-10-18 20:54:13.403 [info] > git symbolic-ref --short refs/remotes/origin/HEAD [32ms]
2024-10-18 20:54:13.403 [info] fatal: ref refs/remotes/origin/HEAD is not a symbolic ref
2024-10-18 20:54:13.404 [warning] [Repository][getDefaultBranch] Failed to get default branch details: Failed to execute git.
2024-10-18 20:54:13.419 [info] > git for-each-ref --format %(refname) %(objectname) %(*objectname) refs/tags [73ms]
2024-10-18 20:54:13.439 [info] > git status -z -uall [16ms]
2024-10-18 20:54:13.440 [info] > git merge-base refs/heads/main refs/remotes/origin/main [23ms]
2024-10-18 20:54:13.454 [info] > git rev-parse --show-toplevel [53ms]
2024-10-18 20:54:13.455 [info] > git config --get commit.template [57ms]
2024-10-18 20:54:13.455 [info] > git for-each-ref --format=%(refname)%00%(upstream:short)%00%(objectname)%00%(upstream:track)%00%(upstream:remotename)%00%(upstream:remoteref) refs/heads/main refs/remotes/main [61ms]
2024-10-18 20:54:13.464 [warning] [Git][revParse] Unable to read file: ENOENT: no such file or directory, open '/home/olga/.git/refs/remotes/origin/main'
2024-10-18 20:54:13.466 [info] > git diff --name-status -z --diff-filter=ADMR 5cd9030637160ceea4e800aac11068a3cc210de8...refs/remotes/origin/main [20ms]
2024-10-18 20:54:13.468 [info] > git for-each-ref --sort -committerdate --format %(refname) %(objectname) %(*objectname) [32ms]
2024-10-18 20:54:13.502 [info] > git rev-parse refs/remotes/origin/main [38ms]
2024-10-18 20:54:13.533 [info] > git rev-parse --show-toplevel [73ms]
2024-10-18 20:54:13.536 [info] > git for-each-ref --format %(refname) %(objectname) %(*objectname) refs/tags [40ms]
2024-10-18 20:54:13.573 [info] > git status -z -uall [23ms]
2024-10-18 20:54:13.574 [info] > git for-each-ref --sort -committerdate --format %(refname) %(objectname) %(*objectname) [42ms]
2024-10-18 20:54:13.580 [info] > git rev-parse --show-toplevel [8ms]
2024-10-18 20:54:13.581 [info] > git for-each-ref --sort -committerdate --format %(refname) %(objectname) %(*objectname) [24ms]
2024-10-18 20:54:13.613 [info] > git rev-parse --show-toplevel [9ms]
2024-10-18 20:54:13.641 [info] > git config --get commit.template [30ms]
2024-10-18 20:54:13.643 [info] > git for-each-ref --format %(refname) %(objectname) %(*objectname) refs/tags [12ms]
2024-10-18 20:54:13.655 [info] > git rev-parse --git-dir --git-common-dir [28ms]
2024-10-18 20:54:13.659 [info] [Model][openRepository] Opened repository: /home/olga/frontend-project-44
2024-10-18 20:54:13.673 [info] > git status -z -uall [25ms]
2024-10-18 20:54:13.673 [info] > git for-each-ref --sort -committerdate --format %(refname) %(objectname) %(*objectname) [18ms]
2024-10-18 20:54:13.686 [info] > git rev-parse --show-toplevel [15ms]
2024-10-18 20:54:13.686 [info] > git config --get commit.template [21ms]
2024-10-18 20:54:13.709 [info] > git rev-parse --git-dir --git-common-dir [11ms]
2024-10-18 20:54:13.714 [info] [Model][openRepository] Opened repository: /home/olga/hexlet-git
2024-10-18 20:54:13.731 [info] > git for-each-ref --format=%(refname)%00%(upstream:short)%00%(objectname)%00%(upstream:track)%00%(upstream:remotename)%00%(upstream:remoteref) refs/heads/main refs/remotes/main [25ms]
2024-10-18 20:54:13.743 [info] > git rev-parse --show-toplevel [16ms]
2024-10-18 20:54:13.743 [info] > git config --get commit.template [20ms]
2024-10-18 20:54:13.767 [info] > git rev-parse --show-toplevel [17ms]
2024-10-18 20:54:13.782 [info] > git for-each-ref --format=%(refname)%00%(upstream:short)%00%(objectname)%00%(upstream:track)%00%(upstream:remotename)%00%(upstream:remoteref) refs/heads/main refs/remotes/main [20ms]
2024-10-18 20:54:13.787 [info] > git status -z -uall [281ms]
2024-10-18 20:54:13.787 [info] > git status -z -uall [15ms]
2024-10-18 20:54:13.787 [info] > git rev-parse --show-toplevel [6ms]
2024-10-18 20:54:13.787 [info] > git for-each-ref --sort -committerdate --format %(refname) %(objectname) %(*objectname) [12ms]
2024-10-18 20:54:13.811 [info] > git for-each-ref --format=%(refname)%00%(upstream:short)%00%(objectname)%00%(upstream:track)%00%(upstream:remotename)%00%(upstream:remoteref) refs/heads/main refs/remotes/main [17ms]
2024-10-18 20:54:13.858 [info] > git config --local branch.main.vscode-merge-base [43ms]
2024-10-18 20:54:13.863 [info] > git config --get commit.template [53ms]
2024-10-18 20:54:13.863 [info] > git rev-parse --git-dir --git-common-dir [60ms]
2024-10-18 20:54:13.869 [info] [Model][openRepository] Opened repository: /home/olga/hexlet-js
2024-10-18 20:54:13.899 [info] > git status -z -uall [24ms]
2024-10-18 20:54:13.900 [info] > git for-each-ref --format=%(refname)%00%(upstream:short)%00%(objectname)%00%(upstream:track)%00%(upstream:remotename)%00%(upstream:remoteref) refs/heads/origin/main refs/remotes/origin/main [38ms]
2024-10-18 20:54:13.919 [info] > git rev-parse --show-toplevel [22ms]
2024-10-18 20:54:13.929 [info] [Model][doInitialScan] Initial repository scan completed - repositories (6), closed repositories (0), parent repositories (0), unsafe repositories (0)
2024-10-18 20:54:13.930 [info] > git config --get commit.template [39ms]
2024-10-18 20:54:13.930 [info] > git for-each-ref --sort -committerdate --format %(refname) %(objectname) %(*objectname) [48ms]
2024-10-18 20:54:14.105 [info] > git for-each-ref --format=%(refname)%00%(upstream:short)%00%(objectname)%00%(upstream:track)%00%(upstream:remotename)%00%(upstream:remoteref) refs/heads/main refs/remotes/main [170ms]
2024-10-18 20:54:14.114 [info] > git for-each-ref --format=%(refname)%00%(upstream:short)%00%(objectname)%00%(upstream:track)%00%(upstream:remotename)%00%(upstream:remoteref) refs/heads/main refs/remotes/main [199ms]
2024-10-18 20:54:14.114 [info] > git merge-base refs/heads/main refs/remotes/origin/main [207ms]
2024-10-18 20:54:14.131 [info] > git diff --name-status -z --diff-filter=ADMR 4d6a7b5311521b182d060240737432bc2bef42f4...refs/remotes/origin/main [9ms]
2024-10-18 20:54:14.132 [info] > git config --local branch.main.vscode-merge-base [18ms]
2024-10-18 20:54:14.145 [info] > git config --get commit.template [45ms]
2024-10-18 20:54:14.147 [info] > git for-each-ref --format=%(refname)%00%(upstream:short)%00%(objectname)%00%(upstream:track)%00%(upstream:remotename)%00%(upstream:remoteref) refs/heads/origin/main refs/remotes/origin/main [4ms]
2024-10-18 20:54:14.155 [info] > git for-each-ref --format=%(refname)%00%(upstream:short)%00%(objectname)%00%(upstream:track)%00%(upstream:remotename)%00%(upstream:remoteref) refs/heads/main refs/remotes/main [26ms]
2024-10-18 20:54:14.165 [warning] [Git][revParse] Unable to read file: ENOENT: no such file or directory, open '/home/olga/hexlet-js/.git/refs/remotes/origin/main'
2024-10-18 20:54:14.180 [info] > git status -z -uall [9ms]
2024-10-18 20:54:14.180 [info] > git for-each-ref --format=%(refname)%00%(upstream:short)%00%(objectname)%00%(upstream:track)%00%(upstream:remotename)%00%(upstream:remoteref) refs/heads/main refs/remotes/main [19ms]
2024-10-18 20:54:14.180 [info] > git merge-base refs/heads/main refs/remotes/origin/main [26ms]
2024-10-18 20:54:14.188 [info] > git for-each-ref --sort -committerdate --format %(refname) %(objectname) %(*objectname) [8ms]
2024-10-18 20:54:14.192 [info] > git rev-parse refs/remotes/origin/main [28ms]
2024-10-18 20:54:14.202 [info] > git status -z -uall [6ms]
2024-10-18 20:54:14.202 [info] > git diff --name-status -z --diff-filter=ADMR 5cd9030637160ceea4e800aac11068a3cc210de8...refs/remotes/origin/main [19ms]
2024-10-18 20:54:14.204 [info] > git for-each-ref --sort -committerdate --format %(refname) %(objectname) %(*objectname) [6ms]
2024-10-18 20:54:14.231 [info] > git status -z -uall [8ms]
2024-10-18 20:54:14.232 [info] > git for-each-ref --format=%(refname)%00%(upstream:short)%00%(objectname)%00%(upstream:track)%00%(upstream:remotename)%00%(upstream:remoteref) refs/heads/main refs/remotes/main [19ms]
2024-10-18 20:54:14.240 [info] > git config --get commit.template [10ms]
2024-10-18 20:54:14.240 [info] > git for-each-ref --sort -committerdate --format %(refname) %(objectname) %(*objectname) [13ms]
2024-10-18 20:54:14.245 [info] > git config --local branch.main.vscode-merge-base [10ms]
2024-10-18 20:54:14.257 [info] > git for-each-ref --format=%(refname)%00%(upstream:short)%00%(objectname)%00%(upstream:track)%00%(upstream:remotename)%00%(upstream:remoteref) refs/heads/origin/main refs/remotes/origin/main [7ms]
2024-10-18 20:54:14.264 [info] > git for-each-ref --format=%(refname)%00%(upstream:short)%00%(objectname)%00%(upstream:track)%00%(upstream:remotename)%00%(upstream:remoteref) refs/heads/main refs/remotes/main [9ms]
2024-10-18 20:54:14.265 [info] > git merge-base refs/heads/main refs/remotes/origin/main [4ms]
2024-10-18 20:54:14.275 [warning] [Git][revParse] Unable to read file: ENOENT: no such file or directory, open '/home/olga/hexlet-js/.git/refs/remotes/origin/main'
2024-10-18 20:54:14.277 [info] > git diff --name-status -z --diff-filter=ADMR 2ec9b6fe510f2076127e2aedb2d374ff9f80fac2...refs/remotes/origin/main [5ms]
2024-10-18 20:54:14.278 [info] > git rev-parse refs/remotes/origin/main [3ms]
2024-10-18 20:54:14.292 [info] > git status -z -uall [11ms]
2024-10-18 20:54:14.294 [info] > git for-each-ref --sort -committerdate --format %(refname) %(objectname) %(*objectname) [6ms]
2024-10-18 20:54:14.465 [info] > git check-ignore -v -z --stdin [37ms]
2024-10-18 20:54:14.466 [info] > git check-ignore -v -z --stdin [24ms]
2024-10-18 20:54:14.467 [info] > git check-ignore -v -z --stdin [18ms]
2024-10-18 20:54:14.467 [info] > git check-ignore -v -z --stdin [9ms]
2024-10-18 20:54:14.468 [info] > git check-ignore -v -z --stdin [5ms]
2024-10-19 15:06:00.889 [info] [основное] Уровень ведения журнала: Info
2024-10-19 15:06:00.890 [info] [основное] Проверка найденного Git в: "git"
2024-10-19 15:06:00.891 [info] [основное] Используется Git "2.34.1" из "git"
2024-10-19 15:06:00.891 [info] [Model][doInitialScan] Initial repository scan started
2024-10-19 15:06:00.914 [info] > git rev-parse --show-toplevel [41ms]
2024-10-19 15:06:01.126 [info] > git rev-parse --git-dir --git-common-dir [14ms]
2024-10-19 15:06:01.155 [info] [Model][openRepository] Opened repository: /home/olga
2024-10-19 15:06:01.199 [info] > git config --get commit.template [24ms]
2024-10-19 15:06:01.248 [info] > git rev-parse --show-toplevel [16ms]
2024-10-19 15:06:01.267 [info] > git for-each-ref --format=%(refname)%00%(upstream:short)%00%(objectname)%00%(upstream:track)%00%(upstream:remotename)%00%(upstream:remoteref) refs/heads/main refs/remotes/main [82ms]
2024-10-19 15:06:01.269 [info] > git rev-parse --git-dir --git-common-dir [8ms]
2024-10-19 15:06:01.282 [info] [Model][openRepository] Opened repository: /home/olga/.asdf
2024-10-19 15:06:01.294 [warning] [Git][revParse] Unable to read file: ENOENT: no such file or directory, open '/home/olga/.git/refs/remotes/origin/main'
2024-10-19 15:06:01.312 [info] > git config --get commit.template [12ms]
2024-10-19 15:06:01.313 [info] > git rev-parse refs/remotes/origin/main [20ms]
2024-10-19 15:06:01.346 [info] > git rev-parse --show-toplevel [41ms]
2024-10-19 15:06:01.368 [info] > git for-each-ref --sort -committerdate --format %(refname) %(objectname) %(*objectname) [24ms]
2024-10-19 15:06:01.372 [info] > git rev-parse --show-toplevel [8ms]
2024-10-19 15:06:01.413 [info] > git for-each-ref --format %(refname) %(objectname) %(*objectname) refs/tags [54ms]
2024-10-19 15:06:01.538 [info] > git rev-parse --show-toplevel [132ms]
2024-10-19 15:06:01.670 [info] > git for-each-ref --sort -committerdate --format %(refname) %(objectname) %(*objectname) [183ms]
2024-10-19 15:06:01.689 [info] > git status -z -uall [225ms]
2024-10-19 15:06:01.690 [info] > git rev-parse --show-toplevel [24ms]
2024-10-19 15:06:01.760 [info] > git rev-parse --show-toplevel [9ms]
2024-10-19 15:06:01.771 [info] > git config --get commit.template [15ms]
2024-10-19 15:06:01.780 [info] > git rev-parse --show-toplevel [10ms]
2024-10-19 15:06:01.794 [info] > git for-each-ref --format %(refname) %(objectname) %(*objectname) refs/tags [15ms]
2024-10-19 15:06:01.828 [info] > git status -z -uall [20ms]
2024-10-19 15:06:01.829 [info] > git for-each-ref --sort -committerdate --format %(refname) %(objectname) %(*objectname) [14ms]
2024-10-19 15:06:01.835 [info] > git rev-parse --git-dir --git-common-dir [47ms]
2024-10-19 15:06:01.847 [info] [Model][openRepository] Opened repository: /home/olga/.nvm
2024-10-19 15:06:01.872 [info] > git config --get commit.template [15ms]
2024-10-19 15:06:01.874 [info] > git rev-parse --show-toplevel [4ms]
2024-10-19 15:06:01.914 [info] > git for-each-ref --format %(refname) %(objectname) %(*objectname) refs/tags [26ms]
2024-10-19 15:06:01.942 [info] > git status -z -uall [19ms]
2024-10-19 15:06:01.943 [info] > git for-each-ref --sort -committerdate --format %(refname) %(objectname) %(*objectname) [10ms]
2024-10-19 15:06:01.948 [info] > git rev-parse --show-toplevel [43ms]
2024-10-19 15:06:01.974 [info] > git config --get commit.template [10ms]
2024-10-19 15:06:01.984 [info] > git rev-parse --show-toplevel [10ms]
2024-10-19 15:06:01.990 [info] > git for-each-ref --format %(refname) %(objectname) %(*objectname) refs/tags [8ms]
2024-10-19 15:06:02.011 [info] > git status -z -uall [14ms]
2024-10-19 15:06:02.012 [info] > git rev-parse --show-toplevel [23ms]
2024-10-19 15:06:02.020 [info] > git for-each-ref --sort -committerdate --format %(refname) %(objectname) %(*objectname) [16ms]
2024-10-19 15:06:02.028 [info] > git rev-parse --git-dir --git-common-dir [8ms]
2024-10-19 15:06:02.036 [info] [Model][openRepository] Opened repository: /home/olga/frontend-project-44
2024-10-19 15:06:02.058 [info] > git config --get commit.template [7ms]
2024-10-19 15:06:02.069 [info] > git rev-parse --show-toplevel [13ms]
2024-10-19 15:06:02.072 [info] > git for-each-ref --format=%(refname)%00%(upstream:short)%00%(objectname)%00%(upstream:track)%00%(upstream:remotename)%00%(upstream:remoteref) refs/heads/main refs/remotes/main [8ms]
2024-10-19 15:06:02.090 [info] > git rev-parse --git-dir --git-common-dir [3ms]
2024-10-19 15:06:02.105 [info] [Model][openRepository] Opened repository: /home/olga/hexlet-git
2024-10-19 15:06:02.150 [info] > git status -z -uall [8ms]
2024-10-19 15:06:02.151 [info] > git config --get commit.template [37ms]
2024-10-19 15:06:02.166 [info] > git for-each-ref --sort -committerdate --format %(refname) %(objectname) %(*objectname) [18ms]
2024-10-19 15:06:02.223 [info] > git rev-parse --show-toplevel [104ms]
2024-10-19 15:06:02.292 [info] > git for-each-ref --format=%(refname)%00%(upstream:short)%00%(objectname)%00%(upstream:track)%00%(upstream:remotename)%00%(upstream:remoteref) refs/heads/main refs/remotes/main [81ms]
2024-10-19 15:06:02.324 [info] > git config --local branch.main.vscode-merge-base [12ms]
2024-10-19 15:06:02.343 [info] > git rev-parse --show-toplevel [71ms]
2024-10-19 15:06:02.345 [info] > git config --get commit.template [87ms]
2024-10-19 15:06:02.345 [info] > git for-each-ref --format=%(refname)%00%(upstream:short)%00%(objectname)%00%(upstream:track)%00%(upstream:remotename)%00%(upstream:remoteref) refs/heads/main refs/remotes/main [105ms]
2024-10-19 15:06:02.379 [info] > git for-each-ref --format=%(refname)%00%(upstream:short)%00%(objectname)%00%(upstream:track)%00%(upstream:remotename)%00%(upstream:remoteref) refs/heads/origin/main refs/remotes/origin/main [37ms]
2024-10-19 15:06:02.413 [info] > git merge-base refs/heads/main refs/remotes/origin/main [18ms]
2024-10-19 15:06:02.421 [info] > git rev-parse --show-toplevel [62ms]
2024-10-19 15:06:02.433 [info] > git for-each-ref --format=%(refname)%00%(upstream:short)%00%(objectname)%00%(upstream:track)%00%(upstream:remotename)%00%(upstream:remoteref) refs/heads/main refs/remotes/main [30ms]
2024-10-19 15:06:02.453 [info] > git status -z -uall [8ms]
2024-10-19 15:06:02.453 [info] > git rev-parse --git-dir --git-common-dir [22ms]
2024-10-19 15:06:02.496 [info] [Model][openRepository] Opened repository: /home/olga/hexlet-js
2024-10-19 15:06:02.498 [info] > git diff --name-status -z --diff-filter=ADMR 4d6a7b5311521b182d060240737432bc2bef42f4...refs/remotes/origin/main [77ms]
2024-10-19 15:06:02.545 [info] > git for-each-ref --sort -committerdate --format %(refname) %(objectname) %(*objectname) [94ms]
2024-10-19 15:06:02.617 [info] > git for-each-ref --format=%(refname)%00%(upstream:short)%00%(objectname)%00%(upstream:track)%00%(upstream:remotename)%00%(upstream:remoteref) refs/heads/main refs/remotes/main [38ms]
2024-10-19 15:06:02.621 [info] > git rev-parse --show-toplevel [87ms]
2024-10-19 15:06:02.633 [info] [Model][doInitialScan] Initial repository scan completed - repositories (6), closed repositories (0), parent repositories (0), unsafe repositories (0)
2024-10-19 15:06:02.633 [info] > git config --get commit.template [105ms]
2024-10-19 15:06:02.638 [info] > git config --local branch.main.vscode-merge-base [17ms]
2024-10-19 15:06:02.645 [info] > git config --get commit.template [44ms]
2024-10-19 15:06:02.675 [info] > git status -z -uall [23ms]
2024-10-19 15:06:02.676 [info] > git for-each-ref --format=%(refname)%00%(upstream:short)%00%(objectname)%00%(upstream:track)%00%(upstream:remotename)%00%(upstream:remoteref) refs/heads/main refs/remotes/main [12ms]
2024-10-19 15:06:02.676 [info] > git for-each-ref --sort -committerdate --format %(refname) %(objectname) %(*objectname) [17ms]
2024-10-19 15:06:02.685 [info] > git for-each-ref --format=%(refname)%00%(upstream:short)%00%(objectname)%00%(upstream:track)%00%(upstream:remotename)%00%(upstream:remoteref) refs/heads/origin/main refs/remotes/origin/main [40ms]
2024-10-19 15:06:02.696 [warning] [Git][revParse] Unable to read file: ENOENT: no such file or directory, open '/home/olga/hexlet-js/.git/refs/remotes/origin/main'
2024-10-19 15:06:02.700 [info] > git for-each-ref --format=%(refname)%00%(upstream:short)%00%(objectname)%00%(upstream:track)%00%(upstream:remotename)%00%(upstream:remoteref) refs/heads/main refs/remotes/main [28ms]
2024-10-19 15:06:02.706 [info] > git rev-parse refs/remotes/origin/main [10ms]
2024-10-19 15:06:02.716 [info] > git merge-base refs/heads/main refs/remotes/origin/main [27ms]
2024-10-19 15:06:02.730 [info] > git status -z -uall [17ms]
2024-10-19 15:06:02.730 [info] > git diff --name-status -z --diff-filter=ADMR 5cd9030637160ceea4e800aac11068a3cc210de8...refs/remotes/origin/main [8ms]
2024-10-19 15:06:02.731 [info] > git for-each-ref --sort -committerdate --format %(refname) %(objectname) %(*objectname) [15ms]
2024-10-19 15:06:02.757 [info] > git for-each-ref --format=%(refname)%00%(upstream:short)%00%(objectname)%00%(upstream:track)%00%(upstream:remotename)%00%(upstream:remoteref) refs/heads/main refs/remotes/main [18ms]
2024-10-19 15:06:02.788 [info] > git status -z -uall [16ms]
2024-10-19 15:06:02.789 [info] > git config --get commit.template [39ms]
2024-10-19 15:06:02.793 [info] > git for-each-ref --sort -committerdate --format %(refname) %(objectname) %(*objectname) [12ms]
2024-10-19 15:06:02.801 [info] > git config --local branch.main.vscode-merge-base [35ms]
2024-10-19 15:06:02.818 [info] > git for-each-ref --format=%(refname)%00%(upstream:short)%00%(objectname)%00%(upstream:track)%00%(upstream:remotename)%00%(upstream:remoteref) refs/heads/main refs/remotes/main [6ms]
2024-10-19 15:06:02.819 [info] > git for-each-ref --format=%(refname)%00%(upstream:short)%00%(objectname)%00%(upstream:track)%00%(upstream:remotename)%00%(upstream:remoteref) refs/heads/origin/main refs/remotes/origin/main [14ms]
2024-10-19 15:06:02.832 [warning] [Git][revParse] Unable to read file: ENOENT: no such file or directory, open '/home/olga/hexlet-js/.git/refs/remotes/origin/main'
2024-10-19 15:06:02.834 [info] > git merge-base refs/heads/main refs/remotes/origin/main [8ms]
2024-10-19 15:06:02.849 [info] > git diff --name-status -z --diff-filter=ADMR 2ec9b6fe510f2076127e2aedb2d374ff9f80fac2...refs/remotes/origin/main [10ms]
2024-10-19 15:06:02.850 [info] > git rev-parse refs/remotes/origin/main [18ms]
2024-10-19 15:06:02.866 [info] > git status -z -uall [11ms]
2024-10-19 15:06:02.868 [info] > git for-each-ref --sort -committerdate --format %(refname) %(objectname) %(*objectname) [6ms]
2024-10-19 15:06:03.176 [info] > git status -z -uall [1854ms]
2024-10-19 15:06:03.177 [info] > git check-ignore -v -z --stdin [59ms]
2024-10-19 15:06:03.180 [info] > git check-ignore -v -z --stdin [49ms]
2024-10-19 15:06:03.181 [info] > git check-ignore -v -z --stdin [43ms]
2024-10-19 15:06:03.183 [info] > git check-ignore -v -z --stdin [35ms]
2024-10-19 15:06:03.185 [info] > git check-ignore -v -z --stdin [29ms]
2024-10-19 15:06:03.186 [info] > git check-ignore -v -z --stdin [19ms]
2024-10-19 15:06:03.309 [info] > git for-each-ref --format=%(refname)%00%(upstream:short)%00%(objectname)%00%(upstream:track)%00%(upstream:remotename)%00%(upstream:remoteref) refs/heads/main refs/remotes/main [12ms]
2024-10-19 15:06:03.317 [info] > git config --get commit.template [10ms]
2024-10-19 15:06:03.318 [info] > git config --local branch.main.vscode-merge-base [3ms]
2024-10-19 15:06:03.318 [warning] [Git][config] git config failed: Failed to execute git
2024-10-19 15:06:03.647 [info] > git reflog main --grep-reflog=branch: Created from *. [318ms]
2024-10-19 15:06:03.680 [info] > git symbolic-ref --short refs/remotes/origin/HEAD [29ms]
2024-10-19 15:06:03.682 [info] fatal: ref refs/remotes/origin/HEAD is not a symbolic ref
2024-10-19 15:06:03.684 [warning] [Repository][getDefaultBranch] Failed to get default branch details: Failed to execute git.
2024-10-19 15:06:03.691 [info] > git for-each-ref --format=%(refname)%00%(upstream:short)%00%(objectname)%00%(upstream:track)%00%(upstream:remotename)%00%(upstream:remoteref) refs/heads/main refs/remotes/main [53ms]
2024-10-19 15:06:03.697 [warning] [Git][revParse] Unable to read file: ENOENT: no such file or directory, open '/home/olga/.git/refs/remotes/origin/main'
2024-10-19 15:06:03.698 [info] > git merge-base refs/heads/main refs/remotes/origin/main [8ms]
2024-10-19 15:06:03.706 [info] > git rev-parse refs/remotes/origin/main [8ms]
2024-10-19 15:06:03.717 [info] > git diff --name-status -z --diff-filter=ADMR 5cd9030637160ceea4e800aac11068a3cc210de8...refs/remotes/origin/main [14ms]
2024-10-19 15:06:03.729 [info] > git for-each-ref --sort -committerdate --format %(refname) %(objectname) %(*objectname) [14ms]
2024-10-19 15:06:04.041 [info] > git status -z -uall [331ms]
2024-10-19 21:28:45.837 [info] > git config --get commit.template [109ms]
2024-10-19 21:28:45.926 [info] > git for-each-ref --format=%(refname)%00%(upstream:short)%00%(objectname)%00%(upstream:track)%00%(upstream:remotename)%00%(upstream:remoteref) refs/heads/main refs/remotes/main [179ms]
2024-10-19 21:28:45.945 [warning] [Git][revParse] Unable to read file: ENOENT: no such file or directory, open '/home/olga/.git/refs/remotes/origin/main'
2024-10-19 21:28:45.963 [info] > git rev-parse refs/remotes/origin/main [18ms]
2024-10-19 21:28:45.993 [info] > git for-each-ref --sort -committerdate --format %(refname) %(objectname) %(*objectname) [14ms]
2024-10-19 21:28:49.634 [info] > git status -z -uall [3661ms]
2024-10-19 21:28:54.757 [info] > git config --get commit.template [14ms]
2024-10-19 21:28:54.759 [info] > git for-each-ref --format=%(refname)%00%(upstream:short)%00%(objectname)%00%(upstream:track)%00%(upstream:remotename)%00%(upstream:remoteref) refs/heads/main refs/remotes/main [3ms]
2024-10-19 21:28:54.763 [warning] [Git][revParse] Unable to read file: ENOENT: no such file or directory, open '/home/olga/.git/refs/remotes/origin/main'
2024-10-19 21:28:54.764 [info] > git rev-parse refs/remotes/origin/main [1ms]
2024-10-19 21:28:54.781 [info] > git for-each-ref --sort -committerdate --format %(refname) %(objectname) %(*objectname) [3ms]
2024-10-19 21:28:55.107 [info] > git status -z -uall [335ms]
2024-10-19 21:29:00.252 [info] > git config --get commit.template [10ms]
2024-10-19 21:29:00.261 [info] > git for-each-ref --format=%(refname)%00%(upstream:short)%00%(objectname)%00%(upstream:track)%00%(upstream:remotename)%00%(upstream:remoteref) refs/heads/main refs/remotes/main [9ms]
2024-10-19 21:29:00.274 [warning] [Git][revParse] Unable to read file: ENOENT: no such file or directory, open '/home/olga/.git/refs/remotes/origin/main'
2024-10-19 21:29:00.276 [info] > git rev-parse refs/remotes/origin/main [2ms]
2024-10-19 21:29:00.315 [info] > git for-each-ref --sort -committerdate --format %(refname) %(objectname) %(*objectname) [5ms]
2024-10-19 21:29:00.544 [info] > git status -z -uall [250ms]
2024-10-19 21:29:05.598 [info] > git config --get commit.template [11ms]
2024-10-19 21:29:05.604 [info] > git for-each-ref --format=%(refname)%00%(upstream:short)%00%(objectname)%00%(upstream:track)%00%(upstream:remotename)%00%(upstream:remoteref) refs/heads/main refs/remotes/main [10ms]
2024-10-19 21:29:05.610 [warning] [Git][revParse] Unable to read file: ENOENT: no such file or directory, open '/home/olga/.git/refs/remotes/origin/main'
2024-10-19 21:29:05.611 [info] > git rev-parse refs/remotes/origin/main [1ms]
2024-10-19 21:29:05.620 [info] > git for-each-ref --sort -committerdate --format %(refname) %(objectname) %(*objectname) [3ms]
2024-10-19 21:29:05.848 [info] > git status -z -uall [234ms]
2024-10-19 21:29:10.909 [info] > git config --get commit.template [1ms]
2024-10-19 21:29:10.921 [info] > git for-each-ref --format=%(refname)%00%(upstream:short)%00%(objectname)%00%(upstream:track)%00%(upstream:remotename)%00%(upstream:remoteref) refs/heads/main refs/remotes/main [6ms]
2024-10-19 21:29:10.927 [warning] [Git][revParse] Unable to read file: ENOENT: no such file or directory, open '/home/olga/.git/refs/remotes/origin/main'
2024-10-19 21:29:10.928 [info] > git rev-parse refs/remotes/origin/main [2ms]
2024-10-19 21:29:10.948 [info] > git for-each-ref --sort -committerdate --format %(refname) %(objectname) %(*objectname) [14ms]
2024-10-19 21:29:11.069 [info] > git status -z -uall [138ms]
2024-10-19 21:29:16.116 [info] > git config --get commit.template [4ms]
2024-10-19 21:29:16.126 [info] > git for-each-ref --format=%(refname)%00%(upstream:short)%00%(objectname)%00%(upstream:track)%00%(upstream:remotename)%00%(upstream:remoteref) refs/heads/main refs/remotes/main [10ms]
2024-10-19 21:29:16.129 [warning] [Git][revParse] Unable to read file: ENOENT: no such file or directory, open '/home/olga/.git/refs/remotes/origin/main'
2024-10-19 21:29:16.131 [info] > git rev-parse refs/remotes/origin/main [2ms]
2024-10-19 21:29:16.140 [info] > git for-each-ref --sort -committerdate --format %(refname) %(objectname) %(*objectname) [3ms]
2024-10-19 21:29:16.536 [info] > git status -z -uall [402ms]
2024-10-19 21:29:21.658 [info] > git config --get commit.template [39ms]
2024-10-19 21:29:21.662 [info] > git for-each-ref --format=%(refname)%00%(upstream:short)%00%(objectname)%00%(upstream:track)%00%(upstream:remotename)%00%(upstream:remoteref) refs/heads/main refs/remotes/main [5ms]
2024-10-19 21:29:21.679 [warning] [Git][revParse] Unable to read file: ENOENT: no such file or directory, open '/home/olga/.git/refs/remotes/origin/main'
2024-10-19 21:29:21.681 [info] > git rev-parse refs/remotes/origin/main [2ms]
2024-10-19 21:29:21.694 [info] > git for-each-ref --sort -committerdate --format %(refname) %(objectname) %(*objectname) [4ms]
2024-10-19 21:29:22.046 [info] > git status -z -uall [361ms]
2024-10-19 21:29:27.127 [info] > git config --get commit.template [10ms]
2024-10-19 21:29:27.128 [info] > git for-each-ref --format=%(refname)%00%(upstream:short)%00%(objectname)%00%(upstream:track)%00%(upstream:remotename)%00%(upstream:remoteref) refs/heads/main refs/remotes/main [5ms]
2024-10-19 21:29:27.134 [warning] [Git][revParse] Unable to read file: ENOENT: no such file or directory, open '/home/olga/.git/refs/remotes/origin/main'
2024-10-19 21:29:27.136 [info] > git rev-parse refs/remotes/origin/main [2ms]
2024-10-19 21:29:27.186 [info] > git for-each-ref --sort -committerdate --format %(refname) %(objectname) %(*objectname) [6ms]
2024-10-19 21:29:27.691 [info] > git status -z -uall [548ms]
2024-10-22 17:00:36.706 [info] > git config --get commit.template [162ms]
2024-10-22 17:00:36.841 [info] > git for-each-ref --format=%(refname)%00%(upstream:short)%00%(objectname)%00%(upstream:track)%00%(upstream:remotename)%00%(upstream:remoteref) refs/heads/main refs/remotes/main [252ms]
2024-10-22 17:00:36.863 [warning] [Git][revParse] Unable to read file: ENOENT: no such file or directory, open '/home/olga/.git/refs/remotes/origin/main'
2024-10-22 17:00:36.870 [info] > git rev-parse refs/remotes/origin/main [7ms]
2024-10-22 17:00:37.042 [info] > git for-each-ref --sort -committerdate --format %(refname) %(objectname) %(*objectname) [29ms]
2024-10-22 17:00:41.158 [info] > git check-ignore -v -z --stdin [28ms]
2024-10-22 17:00:41.915 [info] > git check-ignore -v -z --stdin [10ms]
2024-10-22 17:00:41.982 [info] > git check-ignore -v -z --stdin [86ms]
2024-10-22 17:00:43.931 [info] > git status -z -uall [7040ms]
2024-10-22 17:00:48.631 [info] > git check-ignore -v -z --stdin [236ms]
2024-10-22 17:00:49.532 [info] > git config --get commit.template [14ms]
2024-10-22 17:00:49.540 [info] > git for-each-ref --format=%(refname)%00%(upstream:short)%00%(objectname)%00%(upstream:track)%00%(upstream:remotename)%00%(upstream:remoteref) refs/heads/main refs/remotes/main [9ms]
2024-10-22 17:00:49.566 [warning] [Git][revParse] Unable to read file: ENOENT: no such file or directory, open '/home/olga/.git/refs/remotes/origin/main'
2024-10-22 17:00:49.573 [info] > git rev-parse refs/remotes/origin/main [8ms]
2024-10-22 17:00:49.730 [info] > git for-each-ref --sort -committerdate --format %(refname) %(objectname) %(*objectname) [41ms]
2024-10-22 17:00:49.950 [info] > git status -z -uall [302ms]
2024-10-22 17:00:55.045 [info] > git config --get commit.template [15ms]
2024-10-22 17:00:55.067 [info] > git for-each-ref --format=%(refname)%00%(upstream:short)%00%(objectname)%00%(upstream:track)%00%(upstream:remotename)%00%(upstream:remoteref) refs/heads/main refs/remotes/main [25ms]
2024-10-22 17:00:55.082 [warning] [Git][revParse] Unable to read file: ENOENT: no such file or directory, open '/home/olga/.git/refs/remotes/origin/main'
2024-10-22 17:00:55.087 [info] > git rev-parse refs/remotes/origin/main [5ms]
2024-10-22 17:00:55.136 [info] > git for-each-ref --sort -committerdate --format %(refname) %(objectname) %(*objectname) [11ms]
2024-10-22 17:00:55.577 [info] > git status -z -uall [472ms]
2024-10-22 17:01:00.698 [info] > git config --get commit.template [21ms]
2024-10-22 17:01:00.707 [info] > git for-each-ref --format=%(refname)%00%(upstream:short)%00%(objectname)%00%(upstream:track)%00%(upstream:remotename)%00%(upstream:remoteref) refs/heads/main refs/remotes/main [12ms]
2024-10-22 17:01:00.734 [warning] [Git][revParse] Unable to read file: ENOENT: no such file or directory, open '/home/olga/.git/refs/remotes/origin/main'
2024-10-22 17:01:00.740 [info] > git rev-parse refs/remotes/origin/main [6ms]
2024-10-22 17:01:00.880 [info] > git for-each-ref --sort -committerdate --format %(refname) %(objectname) %(*objectname) [31ms]
2024-10-22 17:01:01.080 [info] > git status -z -uall [318ms]
