2024-09-17 19:27:22.736 [info] [основное] Уровень ведения журнала: Info
2024-09-17 19:27:22.736 [info] [основное] Проверка найденного Git в: "git"
2024-09-17 19:27:22.736 [info] [основное] Используется Git "2.34.1" из "git"
2024-09-17 19:27:22.736 [info] [Model][doInitialScan] Initial repository scan started
2024-09-17 19:27:22.736 [info] > git rev-parse --show-toplevel [503ms]
2024-09-17 19:27:22.742 [info] > git rev-parse --git-dir --git-common-dir [200ms]
2024-09-17 19:27:22.770 [info] [Model][openRepository] Opened repository: /home/olga/frontend-project-44
2024-09-17 19:27:22.890 [info] > git rev-parse --show-toplevel [21ms]
2024-09-17 19:27:22.892 [info] > git config --get commit.template [101ms]
2024-09-17 19:27:22.944 [info] > git rev-parse --show-toplevel [31ms]
2024-09-17 19:27:22.957 [info] > git for-each-ref --format=%(refname)%00%(upstream:short)%00%(objectname)%00%(upstream:track)%00%(upstream:remotename)%00%(upstream:remoteref) refs/heads/main refs/remotes/main [16ms]
2024-09-17 19:27:23.015 [info] > git rev-parse --show-toplevel [59ms]
2024-09-17 19:27:23.183 [info] > git rev-parse --show-toplevel [105ms]
2024-09-17 19:27:23.187 [info] [Model][doInitialScan] Initial repository scan completed - repositories (1), closed repositories (0), parent repositories (0), unsafe repositories (0)
2024-09-17 19:27:23.219 [info] > git status -z -uall [38ms]
2024-09-17 19:27:23.390 [info] > git show --textconv :src/index.js [74ms]
2024-09-17 19:27:23.391 [info] > git for-each-ref --format=%(refname)%00%(upstream:short)%00%(objectname)%00%(upstream:track)%00%(upstream:remotename)%00%(upstream:remoteref) refs/heads/main refs/remotes/main [137ms]
2024-09-17 19:27:23.449 [info] > git config --local branch.main.vscode-merge-base [33ms]
2024-09-17 19:27:23.469 [info] > git config --get commit.template [79ms]
2024-09-17 19:27:23.469 [info] > git ls-files --stage -- /home/olga/frontend-project-44/src/index.js [132ms]
2024-09-17 19:27:23.483 [info] > git check-ignore -v -z --stdin [46ms]
2024-09-17 19:27:23.485 [info] > git for-each-ref --format=%(refname)%00%(upstream:short)%00%(objectname)%00%(upstream:track)%00%(upstream:remotename)%00%(upstream:remoteref) refs/heads/origin/main refs/remotes/origin/main [17ms]
2024-09-17 19:27:23.505 [info] > git merge-base refs/heads/main refs/remotes/origin/main [13ms]
2024-09-17 19:27:23.511 [info] > git cat-file -s 175a04714376265a04228fa5845ce8a5f4e2a2e9 [35ms]
2024-09-17 19:27:23.514 [info] > git for-each-ref --format=%(refname)%00%(upstream:short)%00%(objectname)%00%(upstream:track)%00%(upstream:remotename)%00%(upstream:remoteref) refs/heads/main refs/remotes/main [11ms]
2024-09-17 19:27:23.562 [info] > git rev-list --count --left-right refs/heads/main...refs/remotes/origin/main [52ms]
2024-09-17 19:27:23.574 [info] > git status -z -uall [19ms]
2024-09-17 19:27:23.591 [info] > git diff --name-status -z --diff-filter=ADMR 4d6a7b5311521b182d060240737432bc2bef42f4...refs/remotes/origin/main [18ms]
2024-09-17 19:27:23.612 [info] > git for-each-ref --format=%(refname)%00%(upstream:short)%00%(objectname)%00%(upstream:track)%00%(upstream:remotename)%00%(upstream:remoteref) refs/heads/main refs/remotes/main [26ms]
2024-09-17 19:27:23.625 [info] > git config --local branch.main.vscode-merge-base [2ms]
2024-09-17 19:27:23.645 [info] > git for-each-ref --format=%(refname)%00%(upstream:short)%00%(objectname)%00%(upstream:track)%00%(upstream:remotename)%00%(upstream:remoteref) refs/heads/origin/main refs/remotes/origin/main [6ms]
2024-09-21 20:59:24.165 [info] > git check-ignore -v -z --stdin [28ms]
2024-09-21 21:00:24.284 [info] > git rev-parse --show-toplevel [314ms]
2024-09-21 21:01:36.149 [info] > git check-ignore -v -z --stdin [35ms]
2024-09-21 21:08:55.975 [info] > git rev-parse --show-toplevel [15ms]
2024-09-21 21:09:18.439 [info] > git rev-parse --show-toplevel [2ms]
2024-09-21 21:09:20.320 [info] > git show --textconv :src/index.js [45ms]
2024-09-21 21:09:20.320 [info] > git ls-files --stage -- /home/olga/frontend-project-44/src/index.js [38ms]
2024-09-21 21:09:20.356 [info] > git cat-file -s 175a04714376265a04228fa5845ce8a5f4e2a2e9 [10ms]
2024-09-21 21:09:25.954 [info] > git rev-parse --show-toplevel [5ms]
2024-09-21 21:09:42.467 [info] > git log --format=%H%n%aN%n%aE%n%at%n%ct%n%P%n%D%n%B -z --shortstat --diff-merges=first-parent -n50 --skip=0 --topo-order --decorate=full 4d6a7b5311521b182d060240737432bc2bef42f4 [2024ms]
2024-09-21 21:09:43.079 [info] > git log --format=%H%n%aN%n%aE%n%at%n%ct%n%P%n%D%n%B -z --shortstat --diff-merges=first-parent -n50 --skip=0 --topo-order --decorate=full 4d6a7b5311521b182d060240737432bc2bef42f4 [564ms]
