2024-11-04 14:19:10.403 [info] [основное] Уровень ведения журнала: Info
2024-11-04 14:19:10.403 [info] [основное] Проверка найденного Git в: "git"
2024-11-04 14:19:10.403 [info] [основное] Используется Git "2.34.1" из "git"
2024-11-04 14:19:10.403 [info] [Model][doInitialScan] Initial repository scan started
2024-11-04 14:19:10.403 [info] > git rev-parse --show-toplevel [30ms]
2024-11-04 14:19:10.403 [info] > git rev-parse --git-dir --git-common-dir [3ms]
2024-11-04 14:19:10.466 [info] [Model][openRepository] Opened repository: /home/olga
2024-11-04 14:19:10.500 [info] > git config --get commit.template [17ms]
2024-11-04 14:19:10.532 [info] > git for-each-ref --format=%(refname)%00%(upstream:short)%00%(objectname)%00%(upstream:track)%00%(upstream:remotename)%00%(upstream:remoteref) refs/heads/main refs/remotes/main [19ms]
2024-11-04 14:19:10.567 [warning] [Git][revParse] Unable to read file: ENOENT: no such file or directory, open '/home/olga/.git/refs/remotes/origin/main'
2024-11-04 14:19:10.597 [info] > git rev-parse refs/remotes/origin/main [32ms]
2024-11-04 14:19:10.749 [info] > git for-each-ref --sort -committerdate --format %(refname) %(objectname) %(*objectname) [126ms]
2024-11-04 14:19:10.778 [info] > git rev-parse --show-toplevel [14ms]
2024-11-04 14:19:10.791 [info] > git rev-parse --git-dir --git-common-dir [8ms]
2024-11-04 14:19:10.802 [info] [Model][openRepository] Opened repository: /home/olga/.asdf
2024-11-04 14:19:10.864 [info] > git rev-parse --show-toplevel [47ms]
2024-11-04 14:19:10.865 [info] > git config --get commit.template [56ms]
2024-11-04 14:19:10.903 [info] > git status -z -uall [297ms]
2024-11-04 14:19:11.679 [info] > git for-each-ref --format=%(refname)%00%(upstream:short)%00%(objectname)%00%(upstream:track)%00%(upstream:remotename)%00%(upstream:remoteref) refs/heads/main refs/remotes/main [623ms]
2024-11-04 14:19:11.695 [info] > git for-each-ref --format %(refname) %(objectname) %(*objectname) refs/tags [797ms]
2024-11-04 14:19:11.715 [info] > git rev-parse --show-toplevel [822ms]
2024-11-04 14:19:11.771 [info] > git status -z -uall [68ms]
2024-11-04 14:19:11.774 [info] > git for-each-ref --sort -committerdate --format %(refname) %(objectname) %(*objectname) [57ms]
2024-11-04 14:19:11.793 [info] > git config --local branch.main.vscode-merge-base [100ms]
2024-11-04 14:19:11.793 [warning] [Git][config] git config failed: Failed to execute git
2024-11-04 14:19:11.798 [info] > git config --get commit.template [132ms]
2024-11-04 14:19:11.808 [info] > git rev-parse --show-toplevel [46ms]
2024-11-04 14:19:11.824 [info] > git reflog main --grep-reflog=branch: Created from *. [27ms]
2024-11-04 14:19:11.835 [info] > git for-each-ref --format=%(refname)%00%(upstream:short)%00%(objectname)%00%(upstream:track)%00%(upstream:remotename)%00%(upstream:remoteref) refs/heads/main refs/remotes/main [13ms]
2024-11-04 14:19:11.835 [info] > git config --get commit.template [31ms]
2024-11-04 14:19:11.842 [warning] [Git][revParse] Unable to read file: ENOENT: no such file or directory, open '/home/olga/.git/refs/remotes/origin/main'
2024-11-04 14:19:11.844 [info] > git rev-parse --show-toplevel [11ms]
2024-11-04 14:19:11.844 [info] > git symbolic-ref --short refs/remotes/origin/HEAD [15ms]
2024-11-04 14:19:11.844 [info] fatal: ref refs/remotes/origin/HEAD is not a symbolic ref
2024-11-04 14:19:11.844 [warning] [Repository][getDefaultBranch] Failed to get default branch details: Failed to execute git.
2024-11-04 14:19:11.911 [info] > git rev-parse refs/remotes/origin/main [69ms]
2024-11-04 14:19:11.917 [info] > git for-each-ref --format %(refname) %(objectname) %(*objectname) refs/tags [79ms]
2024-11-04 14:19:11.941 [info] > git status -z -uall [9ms]
2024-11-04 14:19:11.941 [info] > git for-each-ref --sort -committerdate --format %(refname) %(objectname) %(*objectname) [24ms]
2024-11-04 14:19:11.946 [info] > git rev-parse --show-toplevel [93ms]
2024-11-04 14:19:11.947 [info] > git merge-base refs/heads/main refs/remotes/origin/main [99ms]
2024-11-04 14:19:11.958 [info] > git for-each-ref --sort -committerdate --format %(refname) %(objectname) %(*objectname) [22ms]
2024-11-04 14:19:11.963 [info] > git rev-parse --show-toplevel [7ms]
2024-11-04 14:19:11.963 [info] > git diff --name-status -z --diff-filter=ADMR 5cd9030637160ceea4e800aac11068a3cc210de8...refs/remotes/origin/main [12ms]
2024-11-04 14:19:11.973 [info] > git rev-parse --git-dir --git-common-dir [2ms]
2024-11-04 14:19:11.979 [info] [Model][openRepository] Opened repository: /home/olga/.nvm
2024-11-04 14:19:12.023 [info] > git config --get commit.template [32ms]
2024-11-04 14:19:12.030 [info] > git rev-parse --show-toplevel [25ms]
2024-11-04 14:19:12.043 [info] > git for-each-ref --format %(refname) %(objectname) %(*objectname) refs/tags [10ms]
2024-11-04 14:19:12.054 [info] > git rev-parse --show-toplevel [12ms]
2024-11-04 14:19:12.063 [info] > git rev-parse --show-toplevel [4ms]
2024-11-04 14:19:12.064 [info] > git for-each-ref --sort -committerdate --format %(refname) %(objectname) %(*objectname) [11ms]
2024-11-04 14:19:12.074 [info] > git status -z -uall [25ms]
2024-11-04 14:19:12.093 [info] > git rev-parse --show-toplevel [21ms]
2024-11-04 14:19:12.103 [info] > git config --get commit.template [12ms]
2024-11-04 14:19:12.111 [info] > git rev-parse --git-dir --git-common-dir [11ms]
2024-11-04 14:19:12.116 [info] [Model][openRepository] Opened repository: /home/olga/frontend-project-44
2024-11-04 14:19:12.132 [info] > git status -z -uall [218ms]
2024-11-04 14:19:12.132 [info] > git for-each-ref --format %(refname) %(objectname) %(*objectname) refs/tags [24ms]
2024-11-04 14:19:12.159 [info] > git status -z -uall [23ms]
2024-11-04 14:19:12.160 [info] > git rev-parse --show-toplevel [30ms]
2024-11-04 14:19:12.160 [info] > git config --get commit.template [38ms]
2024-11-04 14:19:12.216 [info] > git for-each-ref --sort -committerdate --format %(refname) %(objectname) %(*objectname) [70ms]
2024-11-04 14:19:12.236 [info] > git rev-parse --git-dir --git-common-dir [24ms]
2024-11-04 14:19:12.243 [info] [Model][openRepository] Opened repository: /home/olga/frontend-project-46
2024-11-04 14:19:12.264 [info] > git for-each-ref --format=%(refname)%00%(upstream:short)%00%(objectname)%00%(upstream:track)%00%(upstream:remotename)%00%(upstream:remoteref) refs/heads/main refs/remotes/main [30ms]
2024-11-04 14:19:12.268 [info] > git rev-parse --show-toplevel [9ms]
2024-11-04 14:19:12.272 [info] > git config --get commit.template [17ms]
2024-11-04 14:19:12.573 [info] > git rev-parse --git-dir --git-common-dir [7ms]
2024-11-04 14:19:12.578 [info] [Model][openRepository] Opened repository: /home/olga/frontend-project-46-1
2024-11-04 14:19:12.602 [info] > git status -z -uall [18ms]
2024-11-04 14:19:12.603 [info] > git for-each-ref --format=%(refname)%00%(upstream:short)%00%(objectname)%00%(upstream:track)%00%(upstream:remotename)%00%(upstream:remoteref) refs/heads/main refs/remotes/main [31ms]
2024-11-04 14:19:12.606 [info] > git rev-parse --show-toplevel [4ms]
2024-11-04 14:19:12.606 [info] > git config --get commit.template [12ms]
2024-11-04 14:19:12.607 [info] > git for-each-ref --sort -committerdate --format %(refname) %(objectname) %(*objectname) [18ms]
2024-11-04 14:19:12.624 [warning] [Git][revParse] Unable to read file: ENOENT: no such file or directory, open '/home/olga/frontend-project-46/.git/refs/remotes/origin/main'
2024-11-04 14:19:12.631 [info] > git for-each-ref --format=%(refname)%00%(upstream:short)%00%(objectname)%00%(upstream:track)%00%(upstream:remotename)%00%(upstream:remoteref) refs/heads/main refs/remotes/main [14ms]
2024-11-04 14:19:12.640 [info] > git config --get commit.template [10ms]
2024-11-04 14:19:12.640 [info] > git rev-parse --git-dir --git-common-dir [13ms]
2024-11-04 14:19:12.644 [info] [Model][openRepository] Opened repository: /home/olga/hexlet-git
2024-11-04 14:19:12.645 [info] > git rev-parse refs/remotes/origin/main [20ms]
2024-11-04 14:19:12.661 [info] > git status -z -uall [14ms]
2024-11-04 14:19:12.662 [info] > git for-each-ref --format=%(refname)%00%(upstream:short)%00%(objectname)%00%(upstream:track)%00%(upstream:remotename)%00%(upstream:remoteref) refs/heads/main refs/remotes/main [24ms]
2024-11-04 14:19:12.662 [info] > git config --local branch.main.vscode-merge-base [28ms]
2024-11-04 14:19:12.686 [warning] [Git][revParse] Unable to read file: ENOENT: no such file or directory, open '/home/olga/frontend-project-46-1/.git/refs/remotes/origin/main'
2024-11-04 14:19:12.688 [info] > git rev-parse --show-toplevel [28ms]
2024-11-04 14:19:12.689 [info] > git config --get commit.template [33ms]
2024-11-04 14:19:12.689 [info] > git for-each-ref --sort -committerdate --format %(refname) %(objectname) %(*objectname) [39ms]
2024-11-04 14:19:12.711 [info] > git for-each-ref --format=%(refname)%00%(upstream:short)%00%(objectname)%00%(upstream:track)%00%(upstream:remotename)%00%(upstream:remoteref) refs/heads/main refs/remotes/main [13ms]
2024-11-04 14:19:12.714 [info] > git rev-parse refs/remotes/origin/main [28ms]
2024-11-04 14:19:12.722 [info] > git for-each-ref --format=%(refname)%00%(upstream:short)%00%(objectname)%00%(upstream:track)%00%(upstream:remotename)%00%(upstream:remoteref) refs/heads/main refs/remotes/main [48ms]
2024-11-04 14:19:12.722 [info] > git for-each-ref --format=%(refname)%00%(upstream:short)%00%(objectname)%00%(upstream:track)%00%(upstream:remotename)%00%(upstream:remoteref) refs/heads/origin/main refs/remotes/origin/main [55ms]
2024-11-04 14:19:12.733 [info] > git status -z -uall [16ms]
2024-11-04 14:19:12.733 [info] > git for-each-ref --sort -committerdate --format %(refname) %(objectname) %(*objectname) [12ms]
2024-11-04 14:19:12.743 [info] > git config --local branch.main.vscode-merge-base [29ms]
2024-11-04 14:19:12.746 [info] > git config --get commit.template [38ms]
2024-11-04 14:19:12.746 [info] > git rev-parse --show-toplevel [42ms]
2024-11-04 14:19:12.755 [info] > git for-each-ref --format=%(refname)%00%(upstream:short)%00%(objectname)%00%(upstream:track)%00%(upstream:remotename)%00%(upstream:remoteref) refs/heads/main refs/remotes/main [14ms]
2024-11-04 14:19:12.758 [info] > git for-each-ref --format=%(refname)%00%(upstream:short)%00%(objectname)%00%(upstream:track)%00%(upstream:remotename)%00%(upstream:remoteref) refs/heads/main refs/remotes/main [28ms]
2024-11-04 14:19:12.758 [info] > git merge-base refs/heads/main refs/remotes/origin/main [33ms]
2024-11-04 14:19:12.767 [info] > git config --local branch.main.vscode-merge-base [10ms]
2024-11-04 14:19:12.771 [info] > git rev-parse --show-toplevel [17ms]
2024-11-04 14:19:12.777 [info] > git config --get commit.template [25ms]
2024-11-04 14:19:12.777 [info] > git for-each-ref --format=%(refname)%00%(upstream:short)%00%(objectname)%00%(upstream:track)%00%(upstream:remotename)%00%(upstream:remoteref) refs/heads/origin/main refs/remotes/origin/main [32ms]
2024-11-04 14:19:12.800 [info] > git status -z -uall [8ms]
2024-11-04 14:19:12.800 [info] > git for-each-ref --format=%(refname)%00%(upstream:short)%00%(objectname)%00%(upstream:track)%00%(upstream:remotename)%00%(upstream:remoteref) refs/heads/origin/main refs/remotes/origin/main [29ms]
2024-11-04 14:19:12.804 [info] > git for-each-ref --format=%(refname)%00%(upstream:short)%00%(objectname)%00%(upstream:track)%00%(upstream:remotename)%00%(upstream:remoteref) refs/heads/main refs/remotes/main [39ms]
2024-11-04 14:19:12.805 [info] > git diff --name-status -z --diff-filter=ADMR 4d6a7b5311521b182d060240737432bc2bef42f4...refs/remotes/origin/main [44ms]
2024-11-04 14:19:12.812 [warning] [Git][revParse] Unable to read file: ENOENT: no such file or directory, open '/home/olga/frontend-project-46/.git/refs/remotes/origin/main'
2024-11-04 14:19:12.816 [info] > git merge-base refs/heads/main refs/remotes/origin/main [12ms]
2024-11-04 14:19:12.819 [info] > git rev-parse --git-dir --git-common-dir [21ms]
2024-11-04 14:19:12.824 [info] [Model][openRepository] Opened repository: /home/olga/hexlet-js
2024-11-04 14:19:12.825 [info] > git for-each-ref --sort -committerdate --format %(refname) %(objectname) %(*objectname) [30ms]
2024-11-04 14:19:12.828 [info] > git merge-base refs/heads/main refs/remotes/origin/main [48ms]
2024-11-04 14:19:12.867 [info] > git status -z -uall [27ms]
2024-11-04 14:19:12.868 [info] > git diff --name-status -z --diff-filter=ADMR 266c8897e36b47a81268cae87f85a28f7d19108d...refs/remotes/origin/main [49ms]
2024-11-04 14:19:12.868 [info] > git rev-parse refs/remotes/origin/main [56ms]
2024-11-04 14:19:12.879 [info] > git for-each-ref --format=%(refname)%00%(upstream:short)%00%(objectname)%00%(upstream:track)%00%(upstream:remotename)%00%(upstream:remoteref) refs/heads/main refs/remotes/main [69ms]
2024-11-04 14:19:12.885 [warning] [Git][revParse] Unable to read file: ENOENT: no such file or directory, open '/home/olga/frontend-project-46-1/.git/refs/remotes/origin/main'
2024-11-04 14:19:12.891 [info] > git status -z -uall [17ms]
2024-11-04 14:19:12.892 [info] > git rev-parse --show-toplevel [29ms]
2024-11-04 14:19:12.914 [info] [Model][doInitialScan] Initial repository scan completed - repositories (8), closed repositories (0), parent repositories (0), unsafe repositories (0)
2024-11-04 14:19:12.914 [info] > git config --get commit.template [55ms]
2024-11-04 14:19:12.914 [info] > git for-each-ref --sort -committerdate --format %(refname) %(objectname) %(*objectname) [65ms]
2024-11-04 14:19:13.014 [info] > git diff --name-status -z --diff-filter=ADMR 266c8897e36b47a81268cae87f85a28f7d19108d...refs/remotes/origin/main [183ms]
2024-11-04 14:19:13.056 [info] > git for-each-ref --format=%(refname)%00%(upstream:short)%00%(objectname)%00%(upstream:track)%00%(upstream:remotename)%00%(upstream:remoteref) refs/heads/main refs/remotes/main [114ms]
2024-11-04 14:19:13.070 [info] > git rev-parse refs/remotes/origin/main [185ms]
2024-11-04 14:19:13.084 [info] > git for-each-ref --sort -committerdate --format %(refname) %(objectname) %(*objectname) [206ms]
2024-11-04 14:19:13.113 [info] > git status -z -uall [34ms]
2024-11-04 14:19:13.114 [info] > git for-each-ref --sort -committerdate --format %(refname) %(objectname) %(*objectname) [31ms]
2024-11-04 14:19:13.117 [info] > git config --local branch.main.vscode-merge-base [47ms]
2024-11-04 14:19:13.133 [info] > git config --get commit.template [88ms]
2024-11-04 14:19:13.135 [info] > git for-each-ref --format=%(refname)%00%(upstream:short)%00%(objectname)%00%(upstream:track)%00%(upstream:remotename)%00%(upstream:remoteref) refs/heads/main refs/remotes/main [36ms]
2024-11-04 14:19:13.175 [warning] [Git][revParse] Unable to read file: ENOENT: no such file or directory, open '/home/olga/hexlet-js/.git/refs/remotes/origin/main'
2024-11-04 14:19:13.176 [info] > git for-each-ref --format=%(refname)%00%(upstream:short)%00%(objectname)%00%(upstream:track)%00%(upstream:remotename)%00%(upstream:remoteref) refs/heads/main refs/remotes/main [12ms]
2024-11-04 14:19:13.177 [info] > git for-each-ref --format=%(refname)%00%(upstream:short)%00%(objectname)%00%(upstream:track)%00%(upstream:remotename)%00%(upstream:remoteref) refs/heads/origin/main refs/remotes/origin/main [45ms]
2024-11-04 14:19:13.199 [info] > git rev-parse refs/remotes/origin/main [24ms]
2024-11-04 14:19:13.210 [info] > git status -z -uall [5ms]
2024-11-04 14:19:13.210 [info] > git merge-base refs/heads/main refs/remotes/origin/main [19ms]
2024-11-04 14:19:13.216 [info] > git for-each-ref --sort -committerdate --format %(refname) %(objectname) %(*objectname) [8ms]
2024-11-04 14:19:13.237 [info] > git status -z -uall [9ms]
2024-11-04 14:19:13.237 [info] > git for-each-ref --format=%(refname)%00%(upstream:short)%00%(objectname)%00%(upstream:track)%00%(upstream:remotename)%00%(upstream:remoteref) refs/heads/main refs/remotes/main [16ms]
2024-11-04 14:19:13.241 [info] > git diff --name-status -z --diff-filter=ADMR 5cd9030637160ceea4e800aac11068a3cc210de8...refs/remotes/origin/main [26ms]
2024-11-04 14:19:13.244 [info] > git config --local branch.main.vscode-merge-base [4ms]
2024-11-04 14:19:13.248 [info] > git config --get commit.template [12ms]
2024-11-04 14:19:13.249 [info] > git for-each-ref --sort -committerdate --format %(refname) %(objectname) %(*objectname) [16ms]
2024-11-04 14:19:13.253 [info] > git for-each-ref --format=%(refname)%00%(upstream:short)%00%(objectname)%00%(upstream:track)%00%(upstream:remotename)%00%(upstream:remoteref) refs/heads/origin/main refs/remotes/origin/main [4ms]
2024-11-04 14:19:13.263 [info] > git merge-base refs/heads/main refs/remotes/origin/main [6ms]
2024-11-04 14:19:13.267 [info] > git for-each-ref --format=%(refname)%00%(upstream:short)%00%(objectname)%00%(upstream:track)%00%(upstream:remotename)%00%(upstream:remoteref) refs/heads/main refs/remotes/main [5ms]
2024-11-04 14:19:13.270 [warning] [Git][revParse] Unable to read file: ENOENT: no such file or directory, open '/home/olga/hexlet-js/.git/refs/remotes/origin/main'
2024-11-04 14:19:13.271 [info] > git diff --name-status -z --diff-filter=ADMR 2ec9b6fe510f2076127e2aedb2d374ff9f80fac2...refs/remotes/origin/main [5ms]
2024-11-04 14:19:13.272 [info] > git rev-parse refs/remotes/origin/main [1ms]
2024-11-04 14:19:13.278 [info] > git status -z -uall [4ms]
2024-11-04 14:19:13.279 [info] > git for-each-ref --sort -committerdate --format %(refname) %(objectname) %(*objectname) [2ms]
2024-11-04 14:19:30.626 [info] > git log --format=%H%n%aN%n%aE%n%at%n%ct%n%P%n%D%n%B -z --shortstat --diff-merges=first-parent -n50 --skip=0 --topo-order --decorate=full --stdin [6ms]
2024-11-04 14:19:34.089 [info] > git check-ignore -v -z --stdin [5ms]
2024-11-04 14:20:37.077 [info] > git check-ignore -v -z --stdin [18ms]
2024-11-04 14:20:37.078 [info] > git show --textconv :package.json [11ms]
2024-11-04 14:20:37.078 [info] > git ls-files --stage -- /home/olga/frontend-project-46/package.json [5ms]
2024-11-04 14:20:43.502 [info] > git check-ignore -v -z --stdin [65ms]
2024-11-04 14:20:43.503 [info] > git check-ignore -v -z --stdin [47ms]
2024-11-04 14:20:43.503 [info] > git check-ignore -v -z --stdin [35ms]
2024-11-04 14:20:43.504 [info] > git check-ignore -v -z --stdin [28ms]
2024-11-04 14:20:43.505 [info] > git check-ignore -v -z --stdin [20ms]
2024-11-04 14:20:43.505 [info] > git check-ignore -v -z --stdin [15ms]
2024-11-04 14:20:43.506 [info] > git check-ignore -v -z --stdin [9ms]
2024-11-04 14:21:04.800 [info] > git log --format=%H%n%aN%n%aE%n%at%n%ct%n%P%n%D%n%B -z --shortstat --diff-merges=first-parent -n50 --skip=0 --topo-order --decorate=full --stdin [3ms]
2024-11-04 14:21:13.921 [info] > git log --format=%H%n%aN%n%aE%n%at%n%ct%n%P%n%D%n%B -z --shortstat --diff-merges=first-parent -n50 --skip=0 --topo-order --decorate=full --stdin [12ms]
2024-11-04 14:21:17.398 [info] > git check-ignore -v -z --stdin [2ms]
2024-11-04 14:21:17.403 [info] > git check-ignore -v -z --stdin [12ms]
2024-11-04 14:21:20.157 [info] > git check-ignore -v -z --stdin [8ms]
2024-11-04 14:21:28.617 [info] > git show --textconv :README.md [7ms]
2024-11-04 14:21:28.619 [info] > git ls-files --stage -- /home/olga/frontend-project-46/README.md [3ms]
2024-11-04 14:21:28.632 [info] > git cat-file -s 821c93140288445412b10ae6bb085dd4b2e4a1b7 [2ms]
2024-11-04 14:21:31.202 [info] > git check-ignore -v -z --stdin [3ms]
2024-11-04 14:21:34.908 [info] > git show --textconv :package.json [10ms]
2024-11-04 14:21:34.911 [info] > git ls-files --stage -- /home/olga/frontend-project-46/package.json [5ms]
2024-11-04 14:22:16.000 [warning] [Git][getHEAD] Failed to parse HEAD file: ENOENT: no such file or directory, open '/home/olga/frontend-project-46-1/.git/HEAD'
2024-11-04 14:22:16.006 [warning] [Git][getRemotes] Error: ENOENT: no such file or directory, open '/home/olga/frontend-project-46-1/.git/config'
2024-11-04 14:22:16.024 [warning] [Git][getHEAD] Failed to parse HEAD file: ENOENT: no such file or directory, open '/home/olga/frontend-project-46-1/.git/HEAD'
2024-11-04 14:22:16.037 [warning] [Git][getRemotes] Error: ENOENT: no such file or directory, open '/home/olga/frontend-project-46-1/.git/config'
2024-11-04 14:22:16.787 [info] > git check-ignore -v -z --stdin [110ms]
2024-11-04 14:22:16.788 [info] > git check-ignore -v -z --stdin [108ms]
2024-11-04 14:22:16.790 [info] > git check-ignore -v -z --stdin [106ms]
2024-11-04 14:22:16.792 [info] > git check-ignore -v -z --stdin [105ms]
2024-11-04 14:22:16.793 [info] > git check-ignore -v -z --stdin [99ms]
2024-11-04 14:22:16.794 [info] > git check-ignore -v -z --stdin [95ms]
2024-11-04 14:22:16.794 [info] > git check-ignore -v -z --stdin [33ms]
2024-11-04 14:22:17.948 [info] > git check-ignore -v -z --stdin [15ms]
2024-11-04 14:23:48.511 [info] > git config --get commit.template [6ms]
2024-11-04 14:23:48.520 [info] > git for-each-ref --format=%(refname)%00%(upstream:short)%00%(objectname)%00%(upstream:track)%00%(upstream:remotename)%00%(upstream:remoteref) refs/heads/main refs/remotes/main [3ms]
2024-11-04 14:23:48.525 [warning] [Git][revParse] Unable to read file: ENOENT: no such file or directory, open '/home/olga/.git/refs/remotes/origin/main'
2024-11-04 14:23:48.526 [info] > git rev-parse refs/remotes/origin/main [1ms]
2024-11-04 14:23:48.537 [info] > git for-each-ref --sort -committerdate --format %(refname) %(objectname) %(*objectname) [3ms]
2024-11-04 14:23:48.689 [info] > git status -z -uall [159ms]
2024-11-04 14:23:53.793 [info] > git config --get commit.template [16ms]
2024-11-04 14:23:53.799 [info] > git for-each-ref --format=%(refname)%00%(upstream:short)%00%(objectname)%00%(upstream:track)%00%(upstream:remotename)%00%(upstream:remoteref) refs/heads/main refs/remotes/main [9ms]
2024-11-04 14:23:53.807 [warning] [Git][revParse] Unable to read file: ENOENT: no such file or directory, open '/home/olga/.git/refs/remotes/origin/main'
2024-11-04 14:23:53.809 [info] > git rev-parse refs/remotes/origin/main [2ms]
2024-11-04 14:23:53.822 [info] > git for-each-ref --sort -committerdate --format %(refname) %(objectname) %(*objectname) [4ms]
2024-11-04 14:23:53.922 [info] > git status -z -uall [109ms]
2024-11-04 14:23:59.026 [info] > git config --get commit.template [19ms]
2024-11-04 14:23:59.027 [info] > git for-each-ref --format=%(refname)%00%(upstream:short)%00%(objectname)%00%(upstream:track)%00%(upstream:remotename)%00%(upstream:remoteref) refs/heads/main refs/remotes/main [10ms]
2024-11-04 14:23:59.031 [warning] [Git][revParse] Unable to read file: ENOENT: no such file or directory, open '/home/olga/.git/refs/remotes/origin/main'
2024-11-04 14:23:59.033 [info] > git rev-parse refs/remotes/origin/main [1ms]
2024-11-04 14:23:59.049 [info] > git for-each-ref --sort -committerdate --format %(refname) %(objectname) %(*objectname) [3ms]
2024-11-04 14:23:59.194 [info] > git status -z -uall [157ms]
2024-11-04 14:24:04.249 [info] > git config --get commit.template [4ms]
2024-11-04 14:24:04.251 [info] > git for-each-ref --format=%(refname)%00%(upstream:short)%00%(objectname)%00%(upstream:track)%00%(upstream:remotename)%00%(upstream:remoteref) refs/heads/main refs/remotes/main [2ms]
2024-11-04 14:24:04.255 [warning] [Git][revParse] Unable to read file: ENOENT: no such file or directory, open '/home/olga/.git/refs/remotes/origin/main'
2024-11-04 14:24:04.256 [info] > git rev-parse refs/remotes/origin/main [2ms]
2024-11-04 14:24:04.266 [info] > git for-each-ref --sort -committerdate --format %(refname) %(objectname) %(*objectname) [3ms]
2024-11-04 14:24:04.368 [info] > git status -z -uall [109ms]
2024-11-04 14:24:09.410 [info] > git config --get commit.template [5ms]
2024-11-04 14:24:09.411 [info] > git for-each-ref --format=%(refname)%00%(upstream:short)%00%(objectname)%00%(upstream:track)%00%(upstream:remotename)%00%(upstream:remoteref) refs/heads/main refs/remotes/main [2ms]
2024-11-04 14:24:09.414 [warning] [Git][revParse] Unable to read file: ENOENT: no such file or directory, open '/home/olga/.git/refs/remotes/origin/main'
2024-11-04 14:24:09.415 [info] > git rev-parse refs/remotes/origin/main [1ms]
2024-11-04 14:24:09.424 [info] > git for-each-ref --sort -committerdate --format %(refname) %(objectname) %(*objectname) [3ms]
2024-11-04 14:24:09.521 [info] > git status -z -uall [103ms]
2024-11-04 14:24:18.915 [info] > git config --get commit.template [27ms]
2024-11-04 14:24:18.919 [info] > git for-each-ref --format=%(refname)%00%(upstream:short)%00%(objectname)%00%(upstream:track)%00%(upstream:remotename)%00%(upstream:remoteref) refs/heads/main refs/remotes/main [6ms]
2024-11-04 14:24:18.924 [warning] [Git][revParse] Unable to read file: ENOENT: no such file or directory, open '/home/olga/.git/refs/remotes/origin/main'
2024-11-04 14:24:18.931 [info] > git rev-parse refs/remotes/origin/main [7ms]
2024-11-04 14:24:18.993 [info] > git for-each-ref --sort -committerdate --format %(refname) %(objectname) %(*objectname) [2ms]
2024-11-04 14:24:19.258 [info] > git status -z -uall [299ms]
2024-11-04 14:24:24.307 [info] > git config --get commit.template [7ms]
2024-11-04 14:24:24.309 [info] > git for-each-ref --format=%(refname)%00%(upstream:short)%00%(objectname)%00%(upstream:track)%00%(upstream:remotename)%00%(upstream:remoteref) refs/heads/main refs/remotes/main [2ms]
2024-11-04 14:24:24.314 [warning] [Git][revParse] Unable to read file: ENOENT: no such file or directory, open '/home/olga/.git/refs/remotes/origin/main'
2024-11-04 14:24:24.315 [info] > git rev-parse refs/remotes/origin/main [1ms]
2024-11-04 14:24:24.327 [info] > git for-each-ref --sort -committerdate --format %(refname) %(objectname) %(*objectname) [3ms]
2024-11-04 14:24:24.456 [info] > git status -z -uall [136ms]
2024-11-04 14:24:29.534 [info] > git config --get commit.template [12ms]
2024-11-04 14:24:29.541 [info] > git for-each-ref --format=%(refname)%00%(upstream:short)%00%(objectname)%00%(upstream:track)%00%(upstream:remotename)%00%(upstream:remoteref) refs/heads/main refs/remotes/main [8ms]
2024-11-04 14:24:29.551 [warning] [Git][revParse] Unable to read file: ENOENT: no such file or directory, open '/home/olga/.git/refs/remotes/origin/main'
2024-11-04 14:24:29.556 [info] > git rev-parse refs/remotes/origin/main [5ms]
2024-11-04 14:24:29.591 [info] > git for-each-ref --sort -committerdate --format %(refname) %(objectname) %(*objectname) [13ms]
2024-11-04 14:24:29.708 [info] > git status -z -uall [141ms]
2024-11-04 14:24:34.825 [info] > git config --get commit.template [12ms]
2024-11-04 14:24:34.828 [info] > git for-each-ref --format=%(refname)%00%(upstream:short)%00%(objectname)%00%(upstream:track)%00%(upstream:remotename)%00%(upstream:remoteref) refs/heads/main refs/remotes/main [5ms]
2024-11-04 14:24:34.832 [warning] [Git][revParse] Unable to read file: ENOENT: no such file or directory, open '/home/olga/.git/refs/remotes/origin/main'
2024-11-04 14:24:34.833 [info] > git rev-parse refs/remotes/origin/main [1ms]
2024-11-04 14:24:34.844 [info] > git for-each-ref --sort -committerdate --format %(refname) %(objectname) %(*objectname) [2ms]
2024-11-04 14:24:34.960 [info] > git status -z -uall [123ms]
2024-11-04 14:24:40.009 [info] > git config --get commit.template [6ms]
2024-11-04 14:24:40.012 [info] > git for-each-ref --format=%(refname)%00%(upstream:short)%00%(objectname)%00%(upstream:track)%00%(upstream:remotename)%00%(upstream:remoteref) refs/heads/main refs/remotes/main [4ms]
2024-11-04 14:24:40.016 [warning] [Git][revParse] Unable to read file: ENOENT: no such file or directory, open '/home/olga/.git/refs/remotes/origin/main'
2024-11-04 14:24:40.017 [info] > git rev-parse refs/remotes/origin/main [2ms]
2024-11-04 14:24:40.030 [info] > git for-each-ref --sort -committerdate --format %(refname) %(objectname) %(*objectname) [3ms]
2024-11-04 14:24:40.129 [info] > git status -z -uall [108ms]
2024-11-04 14:24:45.219 [info] > git config --get commit.template [10ms]
2024-11-04 14:24:45.221 [info] > git for-each-ref --format=%(refname)%00%(upstream:short)%00%(objectname)%00%(upstream:track)%00%(upstream:remotename)%00%(upstream:remoteref) refs/heads/main refs/remotes/main [5ms]
2024-11-04 14:24:45.226 [warning] [Git][revParse] Unable to read file: ENOENT: no such file or directory, open '/home/olga/.git/refs/remotes/origin/main'
2024-11-04 14:24:45.228 [info] > git rev-parse refs/remotes/origin/main [2ms]
2024-11-04 14:24:45.266 [info] > git for-each-ref --sort -committerdate --format %(refname) %(objectname) %(*objectname) [13ms]
2024-11-04 14:24:45.384 [info] > git status -z -uall [146ms]
2024-11-04 14:24:53.738 [info] > git config --get commit.template [5ms]
2024-11-04 14:24:53.751 [info] > git for-each-ref --format=%(refname)%00%(upstream:short)%00%(objectname)%00%(upstream:track)%00%(upstream:remotename)%00%(upstream:remoteref) refs/heads/main refs/remotes/main [4ms]
2024-11-04 14:24:53.757 [warning] [Git][revParse] Unable to read file: ENOENT: no such file or directory, open '/home/olga/.git/refs/remotes/origin/main'
2024-11-04 14:24:53.759 [info] > git rev-parse refs/remotes/origin/main [2ms]
2024-11-04 14:24:53.786 [info] > git for-each-ref --sort -committerdate --format %(refname) %(objectname) %(*objectname) [14ms]
2024-11-04 14:24:53.903 [info] > git status -z -uall [138ms]
2024-11-04 14:24:58.952 [info] > git config --get commit.template [8ms]
2024-11-04 14:24:58.967 [info] > git for-each-ref --format=%(refname)%00%(upstream:short)%00%(objectname)%00%(upstream:track)%00%(upstream:remotename)%00%(upstream:remoteref) refs/heads/main refs/remotes/main [1ms]
2024-11-04 14:24:58.980 [warning] [Git][revParse] Unable to read file: ENOENT: no such file or directory, open '/home/olga/.git/refs/remotes/origin/main'
2024-11-04 14:24:58.981 [info] > git rev-parse refs/remotes/origin/main [1ms]
2024-11-04 14:24:59.020 [info] > git for-each-ref --sort -committerdate --format %(refname) %(objectname) %(*objectname) [16ms]
2024-11-04 14:24:59.131 [info] > git status -z -uall [139ms]
2024-11-04 14:25:04.175 [info] > git config --get commit.template [7ms]
2024-11-04 14:25:04.178 [info] > git for-each-ref --format=%(refname)%00%(upstream:short)%00%(objectname)%00%(upstream:track)%00%(upstream:remotename)%00%(upstream:remoteref) refs/heads/main refs/remotes/main [4ms]
2024-11-04 14:25:04.181 [warning] [Git][revParse] Unable to read file: ENOENT: no such file or directory, open '/home/olga/.git/refs/remotes/origin/main'
2024-11-04 14:25:04.182 [info] > git rev-parse refs/remotes/origin/main [1ms]
2024-11-04 14:25:04.199 [info] > git for-each-ref --sort -committerdate --format %(refname) %(objectname) %(*objectname) [5ms]
2024-11-04 14:25:04.310 [info] > git status -z -uall [124ms]
2024-11-04 14:25:09.364 [info] > git config --get commit.template [8ms]
2024-11-04 14:25:09.367 [info] > git for-each-ref --format=%(refname)%00%(upstream:short)%00%(objectname)%00%(upstream:track)%00%(upstream:remotename)%00%(upstream:remoteref) refs/heads/main refs/remotes/main [4ms]
2024-11-04 14:25:09.371 [warning] [Git][revParse] Unable to read file: ENOENT: no such file or directory, open '/home/olga/.git/refs/remotes/origin/main'
2024-11-04 14:25:09.372 [info] > git rev-parse refs/remotes/origin/main [1ms]
2024-11-04 14:25:09.382 [info] > git for-each-ref --sort -committerdate --format %(refname) %(objectname) %(*objectname) [2ms]
2024-11-04 14:25:09.483 [info] > git status -z -uall [108ms]
2024-11-04 14:25:10.980 [info] > git check-ignore -v -z --stdin [43ms]
2024-11-04 14:25:11.126 [info] > git show --textconv :gendiff.js [30ms]
2024-11-04 14:25:11.126 [info] > git ls-files --stage -- /home/olga/frontend-project-46/gendiff.js [21ms]
2024-11-04 14:25:11.581 [info] > git config --get commit.template [13ms]
2024-11-04 14:25:11.585 [info] > git for-each-ref --format=%(refname)%00%(upstream:short)%00%(objectname)%00%(upstream:track)%00%(upstream:remotename)%00%(upstream:remoteref) refs/heads/main refs/remotes/main [5ms]
2024-11-04 14:25:11.595 [warning] [Git][revParse] Unable to read file: ENOENT: no such file or directory, open '/home/olga/frontend-project-46/.git/refs/remotes/origin/main'
2024-11-04 14:25:11.598 [info] > git rev-parse refs/remotes/origin/main [3ms]
2024-11-04 14:25:11.631 [info] > git status -z -uall [12ms]
2024-11-04 14:25:11.642 [info] > git for-each-ref --sort -committerdate --format %(refname) %(objectname) %(*objectname) [13ms]
2024-11-04 14:25:14.600 [info] > git for-each-ref --format=%(refname)%00%(upstream:short)%00%(objectname)%00%(upstream:track)%00%(upstream:remotename)%00%(upstream:remoteref) refs/heads/main refs/remotes/main [9ms]
2024-11-04 14:25:14.601 [info] > git config --get commit.template [24ms]
2024-11-04 14:25:14.608 [warning] [Git][revParse] Unable to read file: ENOENT: no such file or directory, open '/home/olga/.git/refs/remotes/origin/main'
2024-11-04 14:25:14.626 [info] > git rev-parse refs/remotes/origin/main [18ms]
2024-11-04 14:25:14.654 [info] > git for-each-ref --sort -committerdate --format %(refname) %(objectname) %(*objectname) [12ms]
2024-11-04 14:25:14.810 [info] > git status -z -uall [175ms]
2024-11-04 14:25:16.669 [info] > git config --get commit.template [11ms]
2024-11-04 14:25:16.679 [info] > git for-each-ref --format=%(refname)%00%(upstream:short)%00%(objectname)%00%(upstream:track)%00%(upstream:remotename)%00%(upstream:remoteref) refs/heads/main refs/remotes/main [3ms]
2024-11-04 14:25:16.686 [warning] [Git][revParse] Unable to read file: ENOENT: no such file or directory, open '/home/olga/frontend-project-46/.git/refs/remotes/origin/main'
2024-11-04 14:25:16.688 [info] > git rev-parse refs/remotes/origin/main [3ms]
2024-11-04 14:25:16.704 [info] > git status -z -uall [11ms]
2024-11-04 14:25:16.706 [info] > git for-each-ref --sort -committerdate --format %(refname) %(objectname) %(*objectname) [7ms]
2024-11-04 14:25:19.883 [info] > git config --get commit.template [14ms]
2024-11-04 14:25:19.890 [info] > git for-each-ref --format=%(refname)%00%(upstream:short)%00%(objectname)%00%(upstream:track)%00%(upstream:remotename)%00%(upstream:remoteref) refs/heads/main refs/remotes/main [10ms]
2024-11-04 14:25:19.896 [warning] [Git][revParse] Unable to read file: ENOENT: no such file or directory, open '/home/olga/.git/refs/remotes/origin/main'
2024-11-04 14:25:19.898 [info] > git rev-parse refs/remotes/origin/main [3ms]
2024-11-04 14:25:19.912 [info] > git for-each-ref --sort -committerdate --format %(refname) %(objectname) %(*objectname) [3ms]
2024-11-04 14:25:20.025 [info] > git status -z -uall [122ms]
2024-11-04 14:26:04.017 [info] > git config --get commit.template [7ms]
2024-11-04 14:26:04.023 [info] > git for-each-ref --format=%(refname)%00%(upstream:short)%00%(objectname)%00%(upstream:track)%00%(upstream:remotename)%00%(upstream:remoteref) refs/heads/main refs/remotes/main [11ms]
2024-11-04 14:26:04.030 [warning] [Git][revParse] Unable to read file: ENOENT: no such file or directory, open '/home/olga/.git/refs/remotes/origin/main'
2024-11-04 14:26:04.032 [info] > git rev-parse refs/remotes/origin/main [2ms]
2024-11-04 14:26:04.059 [info] > git for-each-ref --sort -committerdate --format %(refname) %(objectname) %(*objectname) [14ms]
2024-11-04 14:26:04.192 [info] > git status -z -uall [154ms]
2024-11-04 14:26:09.274 [info] > git config --get commit.template [16ms]
2024-11-04 14:26:09.279 [info] > git for-each-ref --format=%(refname)%00%(upstream:short)%00%(objectname)%00%(upstream:track)%00%(upstream:remotename)%00%(upstream:remoteref) refs/heads/main refs/remotes/main [6ms]
2024-11-04 14:26:09.283 [warning] [Git][revParse] Unable to read file: ENOENT: no such file or directory, open '/home/olga/.git/refs/remotes/origin/main'
2024-11-04 14:26:09.285 [info] > git rev-parse refs/remotes/origin/main [2ms]
2024-11-04 14:26:09.298 [info] > git for-each-ref --sort -committerdate --format %(refname) %(objectname) %(*objectname) [3ms]
2024-11-04 14:26:09.394 [info] > git status -z -uall [105ms]
2024-11-04 14:26:14.773 [info] > git config --get commit.template [8ms]
2024-11-04 14:26:14.787 [info] > git for-each-ref --format=%(refname)%00%(upstream:short)%00%(objectname)%00%(upstream:track)%00%(upstream:remotename)%00%(upstream:remoteref) refs/heads/main refs/remotes/main [7ms]
2024-11-04 14:26:14.792 [warning] [Git][revParse] Unable to read file: ENOENT: no such file or directory, open '/home/olga/.git/refs/remotes/origin/main'
2024-11-04 14:26:14.794 [info] > git rev-parse refs/remotes/origin/main [2ms]
2024-11-04 14:26:14.807 [info] > git for-each-ref --sort -committerdate --format %(refname) %(objectname) %(*objectname) [3ms]
2024-11-04 14:26:14.908 [info] > git status -z -uall [110ms]
2024-11-04 14:26:19.960 [info] > git config --get commit.template [4ms]
2024-11-04 14:26:19.968 [info] > git for-each-ref --format=%(refname)%00%(upstream:short)%00%(objectname)%00%(upstream:track)%00%(upstream:remotename)%00%(upstream:remoteref) refs/heads/main refs/remotes/main [3ms]
2024-11-04 14:26:19.971 [warning] [Git][revParse] Unable to read file: ENOENT: no such file or directory, open '/home/olga/.git/refs/remotes/origin/main'
2024-11-04 14:26:19.973 [info] > git rev-parse refs/remotes/origin/main [2ms]
2024-11-04 14:26:19.983 [info] > git for-each-ref --sort -committerdate --format %(refname) %(objectname) %(*objectname) [3ms]
2024-11-04 14:26:20.084 [info] > git status -z -uall [108ms]
2024-11-04 14:26:25.185 [info] > git config --get commit.template [6ms]
2024-11-04 14:26:25.187 [info] > git for-each-ref --format=%(refname)%00%(upstream:short)%00%(objectname)%00%(upstream:track)%00%(upstream:remotename)%00%(upstream:remoteref) refs/heads/main refs/remotes/main [3ms]
2024-11-04 14:26:25.191 [warning] [Git][revParse] Unable to read file: ENOENT: no such file or directory, open '/home/olga/.git/refs/remotes/origin/main'
2024-11-04 14:26:25.193 [info] > git rev-parse refs/remotes/origin/main [3ms]
2024-11-04 14:26:25.202 [info] > git for-each-ref --sort -committerdate --format %(refname) %(objectname) %(*objectname) [2ms]
2024-11-04 14:26:25.302 [info] > git status -z -uall [105ms]
2024-11-04 14:26:30.338 [info] > git config --get commit.template [4ms]
2024-11-04 14:26:30.339 [info] > git for-each-ref --format=%(refname)%00%(upstream:short)%00%(objectname)%00%(upstream:track)%00%(upstream:remotename)%00%(upstream:remoteref) refs/heads/main refs/remotes/main [2ms]
2024-11-04 14:26:30.342 [warning] [Git][revParse] Unable to read file: ENOENT: no such file or directory, open '/home/olga/.git/refs/remotes/origin/main'
2024-11-04 14:26:30.344 [info] > git rev-parse refs/remotes/origin/main [2ms]
2024-11-04 14:26:30.354 [info] > git for-each-ref --sort -committerdate --format %(refname) %(objectname) %(*objectname) [3ms]
2024-11-04 14:26:30.456 [info] > git status -z -uall [109ms]
2024-11-04 14:26:35.528 [info] > git config --get commit.template [17ms]
2024-11-04 14:26:35.531 [info] > git for-each-ref --format=%(refname)%00%(upstream:short)%00%(objectname)%00%(upstream:track)%00%(upstream:remotename)%00%(upstream:remoteref) refs/heads/main refs/remotes/main [6ms]
2024-11-04 14:26:35.536 [warning] [Git][revParse] Unable to read file: ENOENT: no such file or directory, open '/home/olga/.git/refs/remotes/origin/main'
2024-11-04 14:26:35.538 [info] > git rev-parse refs/remotes/origin/main [2ms]
2024-11-04 14:26:35.554 [info] > git for-each-ref --sort -committerdate --format %(refname) %(objectname) %(*objectname) [8ms]
2024-11-04 14:26:35.649 [info] > git status -z -uall [107ms]
2024-11-04 14:26:40.689 [info] > git config --get commit.template [5ms]
2024-11-04 14:26:40.691 [info] > git for-each-ref --format=%(refname)%00%(upstream:short)%00%(objectname)%00%(upstream:track)%00%(upstream:remotename)%00%(upstream:remoteref) refs/heads/main refs/remotes/main [2ms]
2024-11-04 14:26:40.694 [warning] [Git][revParse] Unable to read file: ENOENT: no such file or directory, open '/home/olga/.git/refs/remotes/origin/main'
2024-11-04 14:26:40.695 [info] > git rev-parse refs/remotes/origin/main [1ms]
2024-11-04 14:26:40.712 [info] > git for-each-ref --sort -committerdate --format %(refname) %(objectname) %(*objectname) [10ms]
2024-11-04 14:26:40.801 [info] > git status -z -uall [103ms]
2024-11-04 14:26:45.838 [info] > git config --get commit.template [5ms]
2024-11-04 14:26:45.839 [info] > git for-each-ref --format=%(refname)%00%(upstream:short)%00%(objectname)%00%(upstream:track)%00%(upstream:remotename)%00%(upstream:remoteref) refs/heads/main refs/remotes/main [2ms]
2024-11-04 14:26:45.842 [warning] [Git][revParse] Unable to read file: ENOENT: no such file or directory, open '/home/olga/.git/refs/remotes/origin/main'
2024-11-04 14:26:45.844 [info] > git rev-parse refs/remotes/origin/main [2ms]
2024-11-04 14:26:45.854 [info] > git for-each-ref --sort -committerdate --format %(refname) %(objectname) %(*objectname) [3ms]
2024-11-04 14:26:45.949 [info] > git status -z -uall [102ms]
2024-11-04 14:26:50.988 [info] > git config --get commit.template [4ms]
2024-11-04 14:26:50.990 [info] > git for-each-ref --format=%(refname)%00%(upstream:short)%00%(objectname)%00%(upstream:track)%00%(upstream:remotename)%00%(upstream:remoteref) refs/heads/main refs/remotes/main [2ms]
2024-11-04 14:26:50.993 [warning] [Git][revParse] Unable to read file: ENOENT: no such file or directory, open '/home/olga/.git/refs/remotes/origin/main'
2024-11-04 14:26:50.994 [info] > git rev-parse refs/remotes/origin/main [1ms]
2024-11-04 14:26:51.004 [info] > git for-each-ref --sort -committerdate --format %(refname) %(objectname) %(*objectname) [3ms]
2024-11-04 14:26:51.099 [info] > git status -z -uall [102ms]
2024-11-04 14:26:56.135 [info] > git config --get commit.template [5ms]
2024-11-04 14:26:56.137 [info] > git for-each-ref --format=%(refname)%00%(upstream:short)%00%(objectname)%00%(upstream:track)%00%(upstream:remotename)%00%(upstream:remoteref) refs/heads/main refs/remotes/main [3ms]
2024-11-04 14:26:56.142 [warning] [Git][revParse] Unable to read file: ENOENT: no such file or directory, open '/home/olga/.git/refs/remotes/origin/main'
2024-11-04 14:26:56.143 [info] > git rev-parse refs/remotes/origin/main [1ms]
2024-11-04 14:26:56.154 [info] > git for-each-ref --sort -committerdate --format %(refname) %(objectname) %(*objectname) [2ms]
2024-11-04 14:26:56.255 [info] > git status -z -uall [109ms]
2024-11-04 14:27:01.316 [info] > git config --get commit.template [17ms]
2024-11-04 14:27:01.323 [info] > git for-each-ref --format=%(refname)%00%(upstream:short)%00%(objectname)%00%(upstream:track)%00%(upstream:remotename)%00%(upstream:remoteref) refs/heads/main refs/remotes/main [8ms]
2024-11-04 14:27:01.329 [warning] [Git][revParse] Unable to read file: ENOENT: no such file or directory, open '/home/olga/.git/refs/remotes/origin/main'
2024-11-04 14:27:01.332 [info] > git rev-parse refs/remotes/origin/main [2ms]
2024-11-04 14:27:01.352 [info] > git for-each-ref --sort -committerdate --format %(refname) %(objectname) %(*objectname) [8ms]
2024-11-04 14:27:01.457 [info] > git status -z -uall [120ms]
2024-11-04 14:27:06.883 [info] > git config --get commit.template [8ms]
2024-11-04 14:27:06.885 [info] > git for-each-ref --format=%(refname)%00%(upstream:short)%00%(objectname)%00%(upstream:track)%00%(upstream:remotename)%00%(upstream:remoteref) refs/heads/main refs/remotes/main [3ms]
2024-11-04 14:27:06.888 [warning] [Git][revParse] Unable to read file: ENOENT: no such file or directory, open '/home/olga/.git/refs/remotes/origin/main'
2024-11-04 14:27:06.890 [info] > git rev-parse refs/remotes/origin/main [2ms]
2024-11-04 14:27:06.900 [info] > git for-each-ref --sort -committerdate --format %(refname) %(objectname) %(*objectname) [2ms]
2024-11-04 14:27:07.003 [info] > git status -z -uall [109ms]
2024-11-04 14:27:12.077 [info] > git config --get commit.template [9ms]
2024-11-04 14:27:12.080 [info] > git for-each-ref --format=%(refname)%00%(upstream:short)%00%(objectname)%00%(upstream:track)%00%(upstream:remotename)%00%(upstream:remoteref) refs/heads/main refs/remotes/main [4ms]
2024-11-04 14:27:12.085 [warning] [Git][revParse] Unable to read file: ENOENT: no such file or directory, open '/home/olga/.git/refs/remotes/origin/main'
2024-11-04 14:27:12.086 [info] > git rev-parse refs/remotes/origin/main [1ms]
2024-11-04 14:27:12.097 [info] > git for-each-ref --sort -committerdate --format %(refname) %(objectname) %(*objectname) [3ms]
2024-11-04 14:27:12.191 [info] > git status -z -uall [101ms]
2024-11-04 14:27:17.897 [info] > git config --get commit.template [8ms]
2024-11-04 14:27:17.898 [info] > git for-each-ref --format=%(refname)%00%(upstream:short)%00%(objectname)%00%(upstream:track)%00%(upstream:remotename)%00%(upstream:remoteref) refs/heads/main refs/remotes/main [4ms]
2024-11-04 14:27:17.902 [warning] [Git][revParse] Unable to read file: ENOENT: no such file or directory, open '/home/olga/.git/refs/remotes/origin/main'
2024-11-04 14:27:17.903 [info] > git rev-parse refs/remotes/origin/main [1ms]
2024-11-04 14:27:17.913 [info] > git for-each-ref --sort -committerdate --format %(refname) %(objectname) %(*objectname) [2ms]
2024-11-04 14:27:18.009 [info] > git status -z -uall [103ms]
2024-11-04 14:27:23.062 [info] > git config --get commit.template [13ms]
2024-11-04 14:27:23.065 [info] > git for-each-ref --format=%(refname)%00%(upstream:short)%00%(objectname)%00%(upstream:track)%00%(upstream:remotename)%00%(upstream:remoteref) refs/heads/main refs/remotes/main [4ms]
2024-11-04 14:27:23.070 [warning] [Git][revParse] Unable to read file: ENOENT: no such file or directory, open '/home/olga/.git/refs/remotes/origin/main'
2024-11-04 14:27:23.071 [info] > git rev-parse refs/remotes/origin/main [1ms]
2024-11-04 14:27:23.082 [info] > git for-each-ref --sort -committerdate --format %(refname) %(objectname) %(*objectname) [3ms]
2024-11-04 14:27:23.177 [info] > git status -z -uall [102ms]
2024-11-04 14:27:28.218 [info] > git config --get commit.template [5ms]
2024-11-04 14:27:28.219 [info] > git for-each-ref --format=%(refname)%00%(upstream:short)%00%(objectname)%00%(upstream:track)%00%(upstream:remotename)%00%(upstream:remoteref) refs/heads/main refs/remotes/main [2ms]
2024-11-04 14:27:28.223 [warning] [Git][revParse] Unable to read file: ENOENT: no such file or directory, open '/home/olga/.git/refs/remotes/origin/main'
2024-11-04 14:27:28.224 [info] > git rev-parse refs/remotes/origin/main [1ms]
2024-11-04 14:27:28.234 [info] > git for-each-ref --sort -committerdate --format %(refname) %(objectname) %(*objectname) [4ms]
2024-11-04 14:27:28.327 [info] > git status -z -uall [100ms]
2024-11-04 14:27:33.363 [info] > git config --get commit.template [4ms]
2024-11-04 14:27:33.365 [info] > git for-each-ref --format=%(refname)%00%(upstream:short)%00%(objectname)%00%(upstream:track)%00%(upstream:remotename)%00%(upstream:remoteref) refs/heads/main refs/remotes/main [2ms]
2024-11-04 14:27:33.368 [warning] [Git][revParse] Unable to read file: ENOENT: no such file or directory, open '/home/olga/.git/refs/remotes/origin/main'
2024-11-04 14:27:33.369 [info] > git rev-parse refs/remotes/origin/main [1ms]
2024-11-04 14:27:33.379 [info] > git for-each-ref --sort -committerdate --format %(refname) %(objectname) %(*objectname) [3ms]
2024-11-04 14:27:33.477 [info] > git status -z -uall [105ms]
2024-11-04 14:27:38.517 [info] > git config --get commit.template [7ms]
2024-11-04 14:27:38.519 [info] > git for-each-ref --format=%(refname)%00%(upstream:short)%00%(objectname)%00%(upstream:track)%00%(upstream:remotename)%00%(upstream:remoteref) refs/heads/main refs/remotes/main [3ms]
2024-11-04 14:27:38.524 [warning] [Git][revParse] Unable to read file: ENOENT: no such file or directory, open '/home/olga/.git/refs/remotes/origin/main'
2024-11-04 14:27:38.526 [info] > git rev-parse refs/remotes/origin/main [1ms]
2024-11-04 14:27:38.538 [info] > git for-each-ref --sort -committerdate --format %(refname) %(objectname) %(*objectname) [3ms]
2024-11-04 14:27:38.634 [info] > git status -z -uall [105ms]
2024-11-04 14:27:44.862 [info] > git config --get commit.template [10ms]
2024-11-04 14:27:44.864 [info] > git for-each-ref --format=%(refname)%00%(upstream:short)%00%(objectname)%00%(upstream:track)%00%(upstream:remotename)%00%(upstream:remoteref) refs/heads/main refs/remotes/main [6ms]
2024-11-04 14:27:44.873 [warning] [Git][revParse] Unable to read file: ENOENT: no such file or directory, open '/home/olga/.git/refs/remotes/origin/main'
2024-11-04 14:27:44.875 [info] > git rev-parse refs/remotes/origin/main [1ms]
2024-11-04 14:27:44.899 [info] > git for-each-ref --sort -committerdate --format %(refname) %(objectname) %(*objectname) [5ms]
2024-11-04 14:27:45.032 [info] > git status -z -uall [144ms]
2024-11-04 14:27:50.112 [info] > git config --get commit.template [24ms]
2024-11-04 14:27:50.118 [info] > git for-each-ref --format=%(refname)%00%(upstream:short)%00%(objectname)%00%(upstream:track)%00%(upstream:remotename)%00%(upstream:remoteref) refs/heads/main refs/remotes/main [11ms]
2024-11-04 14:27:50.124 [warning] [Git][revParse] Unable to read file: ENOENT: no such file or directory, open '/home/olga/.git/refs/remotes/origin/main'
2024-11-04 14:27:50.126 [info] > git rev-parse refs/remotes/origin/main [2ms]
2024-11-04 14:27:50.143 [info] > git for-each-ref --sort -committerdate --format %(refname) %(objectname) %(*objectname) [7ms]
2024-11-04 14:27:50.263 [info] > git status -z -uall [133ms]
