2024-12-16 13:27:22.994 [info] [основное] Уровень ведения журнала: Info
2024-12-16 13:27:22.994 [info] [основное] Проверка найденного Git в: "git"
2024-12-16 13:27:22.994 [info] [основное] Используется Git "2.34.1" из "git"
2024-12-16 13:27:22.994 [info] [Model][doInitialScan] Initial repository scan started
2024-12-16 13:27:22.994 [info] > git rev-parse --show-toplevel [139ms]
2024-12-16 13:27:23.010 [info] > git rev-parse --git-dir --git-common-dir [18ms]
2024-12-16 13:27:23.047 [info] [Model][openRepository] Opened repository: /home/olga
2024-12-16 13:27:23.096 [info] > git config --get commit.template [14ms]
2024-12-16 13:27:23.139 [info] > git rev-parse --show-toplevel [56ms]
2024-12-16 13:27:23.213 [info] > git rev-parse --git-dir --git-common-dir [59ms]
2024-12-16 13:27:23.250 [info] [Model][openRepository] Opened repository: /home/olga/frontend-project-46
2024-12-16 13:27:23.266 [info] > git for-each-ref --format=%(refname)%00%(upstream:short)%00%(objectname)%00%(upstream:track)%00%(upstream:remotename)%00%(upstream:remoteref) refs/heads/main refs/remotes/main [129ms]
2024-12-16 13:27:23.308 [warning] [Git][revParse] Unable to read file: ENOENT: no such file or directory, open '/home/olga/.git/refs/remotes/origin/main'
2024-12-16 13:27:23.370 [info] > git rev-parse refs/remotes/origin/main [63ms]
2024-12-16 13:27:23.449 [info] > git rev-parse --show-toplevel [158ms]
2024-12-16 13:27:23.453 [info] > git config --get commit.template [174ms]
2024-12-16 13:27:23.549 [info] > git rev-parse --git-dir --git-common-dir [69ms]
2024-12-16 13:27:23.598 [info] [Model][openRepository] Opened repository: /home/olga/.asdf
2024-12-16 13:27:23.603 [info] > git for-each-ref --sort -committerdate --format %(refname) %(objectname) %(*objectname) [155ms]
2024-12-16 13:27:23.725 [info] > git for-each-ref --format=%(refname)%00%(upstream:short)%00%(objectname)%00%(upstream:track)%00%(upstream:remotename)%00%(upstream:remoteref) refs/heads/main refs/remotes/main [181ms]
2024-12-16 13:27:23.742 [warning] [Git][revParse] Unable to read file: ENOENT: no such file or directory, open '/home/olga/frontend-project-46/.git/refs/remotes/origin/main'
2024-12-16 13:27:23.759 [info] > git rev-parse --show-toplevel [50ms]
2024-12-16 13:27:23.762 [info] > git config --get commit.template [80ms]
2024-12-16 13:27:23.870 [info] > git rev-parse refs/remotes/origin/main [128ms]
2024-12-16 13:27:24.157 [info] > git status -z -uall [234ms]
2024-12-16 13:27:24.157 [info] > git rev-parse --show-toplevel [368ms]
2024-12-16 13:27:24.177 [info] > git for-each-ref --format %(refname) %(objectname) %(*objectname) refs/tags [188ms]
2024-12-16 13:27:24.241 [info] > git for-each-ref --sort -committerdate --format %(refname) %(objectname) %(*objectname) [287ms]
2024-12-16 13:27:24.476 [info] > git status -z -uall [1067ms]
2024-12-16 13:27:24.477 [info] > git status -z -uall [269ms]
2024-12-16 13:27:24.477 [info] > git check-ignore -v -z --stdin [186ms]
2024-12-16 13:27:24.490 [info] > git check-ignore -v -z --stdin [53ms]
2024-12-16 13:27:24.491 [info] > git check-ignore -v -z --stdin [37ms]
2024-12-16 13:27:24.492 [info] > git for-each-ref --format=%(refname)%00%(upstream:short)%00%(objectname)%00%(upstream:track)%00%(upstream:remotename)%00%(upstream:remoteref) refs/heads/main refs/remotes/main [222ms]
2024-12-16 13:27:24.506 [info] > git for-each-ref --sort -committerdate --format %(refname) %(objectname) %(*objectname) [279ms]
2024-12-16 13:27:24.582 [info] > git rev-parse --show-toplevel [412ms]
2024-12-16 13:27:26.527 [info] > git for-each-ref --format=%(refname)%00%(upstream:short)%00%(objectname)%00%(upstream:track)%00%(upstream:remotename)%00%(upstream:remoteref) refs/heads/main refs/remotes/main [1496ms]
2024-12-16 13:27:26.539 [info] > git config --local branch.main.vscode-merge-base [2034ms]
2024-12-16 13:27:26.553 [info] > git config --get commit.template [2082ms]
2024-12-16 13:27:26.741 [info] > git for-each-ref --format=%(refname)%00%(upstream:short)%00%(objectname)%00%(upstream:track)%00%(upstream:remotename)%00%(upstream:remoteref) refs/heads/origin/main refs/remotes/origin/main [192ms]
2024-12-16 13:27:26.761 [info] > git config --local branch.main.vscode-merge-base [221ms]
2024-12-16 13:27:26.761 [warning] [Git][config] git config failed: Failed to execute git
2024-12-16 13:27:26.776 [info] > git config --get commit.template [283ms]
2024-12-16 13:27:26.776 [info] > git rev-parse --show-toplevel [288ms]
2024-12-16 13:27:26.776 [info] > git config --get commit.template [295ms]
2024-12-16 13:27:26.926 [info] > git merge-base refs/heads/main refs/remotes/origin/main [167ms]
2024-12-16 13:27:27.066 [info] > git rev-parse --show-toplevel [220ms]
2024-12-16 13:27:27.105 [info] > git for-each-ref --format=%(refname)%00%(upstream:short)%00%(objectname)%00%(upstream:track)%00%(upstream:remotename)%00%(upstream:remoteref) refs/heads/main refs/remotes/main [282ms]
2024-12-16 13:27:27.105 [info] > git reflog main --grep-reflog=branch: Created from *. [330ms]
2024-12-16 13:27:27.196 [warning] [Git][revParse] Unable to read file: ENOENT: no such file or directory, open '/home/olga/frontend-project-46/.git/refs/remotes/origin/main'
2024-12-16 13:27:27.226 [info] > git for-each-ref --format=%(refname)%00%(upstream:short)%00%(objectname)%00%(upstream:track)%00%(upstream:remotename)%00%(upstream:remoteref) refs/heads/main refs/remotes/main [229ms]
2024-12-16 13:27:27.226 [info] > git for-each-ref --format %(refname) %(objectname) %(*objectname) refs/tags [239ms]
2024-12-16 13:27:27.278 [info] > git diff --name-status -z --diff-filter=ADMR 266c8897e36b47a81268cae87f85a28f7d19108d...refs/remotes/origin/main [318ms]
2024-12-16 13:27:27.338 [warning] [Git][revParse] Unable to read file: ENOENT: no such file or directory, open '/home/olga/.git/refs/remotes/origin/main'
2024-12-16 13:27:27.676 [info] > git status -z -uall [434ms]
2024-12-16 13:27:27.677 [info] > git rev-parse refs/remotes/origin/main [481ms]
2024-12-16 13:27:27.695 [info] > git rev-parse --show-toplevel [505ms]
2024-12-16 13:27:27.696 [info] > git symbolic-ref --short refs/remotes/origin/HEAD [572ms]
2024-12-16 13:27:27.696 [info] fatal: ref refs/remotes/origin/HEAD is not a symbolic ref
2024-12-16 13:27:27.696 [warning] [Repository][getDefaultBranch] Failed to get default branch details: Failed to execute git.
2024-12-16 13:27:27.745 [info] > git status -z -uall [64ms]
2024-12-16 13:27:27.747 [info] > git merge-base refs/heads/main refs/remotes/origin/main [31ms]
2024-12-16 13:27:27.755 [info] > git for-each-ref --sort -committerdate --format %(refname) %(objectname) %(*objectname) [60ms]
2024-12-16 13:27:27.758 [info] > git rev-parse refs/remotes/origin/main [420ms]
2024-12-16 13:27:27.776 [info] > git for-each-ref --sort -committerdate --format %(refname) %(objectname) %(*objectname) [499ms]
2024-12-16 13:27:27.789 [info] > git diff --name-status -z --diff-filter=ADMR 5cd9030637160ceea4e800aac11068a3cc210de8...refs/remotes/origin/main [35ms]
2024-12-16 13:27:27.790 [info] > git rev-parse --git-dir --git-common-dir [58ms]
2024-12-16 13:27:27.822 [info] [Model][openRepository] Opened repository: /home/olga/.nvm
2024-12-16 13:27:27.858 [info] > git for-each-ref --sort -committerdate --format %(refname) %(objectname) %(*objectname) [84ms]
2024-12-16 13:27:27.863 [info] > git rev-parse --show-toplevel [14ms]
2024-12-16 13:27:27.867 [info] > git config --get commit.template [24ms]
2024-12-16 13:27:27.903 [info] > git for-each-ref --format %(refname) %(objectname) %(*objectname) refs/tags [7ms]
2024-12-16 13:27:27.928 [info] > git status -z -uall [18ms]
2024-12-16 13:27:27.929 [info] > git rev-parse --show-toplevel [46ms]
2024-12-16 13:27:27.982 [info] > git for-each-ref --sort -committerdate --format %(refname) %(objectname) %(*objectname) [62ms]
2024-12-16 13:27:28.022 [info] > git rev-parse --show-toplevel [43ms]
2024-12-16 13:27:28.043 [info] > git config --get commit.template [27ms]
2024-12-16 13:27:28.419 [info] > git status -z -uall [649ms]
2024-12-16 13:27:28.420 [info] > git for-each-ref --format %(refname) %(objectname) %(*objectname) refs/tags [354ms]
2024-12-16 13:27:28.435 [info] > git rev-parse --show-toplevel [401ms]
2024-12-16 13:27:28.492 [info] > git status -z -uall [65ms]
2024-12-16 13:27:28.493 [info] > git check-ignore -v -z --stdin [45ms]
2024-12-16 13:27:28.494 [info] > git check-ignore -v -z --stdin [41ms]
2024-12-16 13:27:28.497 [info] > git check-ignore -v -z --stdin [34ms]
2024-12-16 13:27:28.503 [info] > git check-ignore -v -z --stdin [37ms]
2024-12-16 13:27:28.505 [info] > git for-each-ref --sort -committerdate --format %(refname) %(objectname) %(*objectname) [70ms]
2024-12-16 13:27:28.661 [info] > git rev-parse --git-dir --git-common-dir [181ms]
2024-12-16 13:27:28.677 [info] [Model][openRepository] Opened repository: /home/olga/frontend-project-44
2024-12-16 13:27:29.517 [info] > git rev-parse --show-toplevel [308ms]
2024-12-16 13:27:29.523 [info] > git config --get commit.template [326ms]
2024-12-16 13:27:29.639 [info] > git rev-parse --git-dir --git-common-dir [76ms]
2024-12-16 13:27:29.655 [info] [Model][openRepository] Opened repository: /home/olga/hexlet-git
2024-12-16 13:27:29.733 [info] > git for-each-ref --format=%(refname)%00%(upstream:short)%00%(objectname)%00%(upstream:track)%00%(upstream:remotename)%00%(upstream:remoteref) refs/heads/main refs/remotes/main [111ms]
2024-12-16 13:27:29.748 [info] > git rev-parse --show-toplevel [17ms]
2024-12-16 13:27:29.749 [info] > git config --get commit.template [22ms]
2024-12-16 13:27:29.809 [info] > git status -z -uall [18ms]
2024-12-16 13:27:29.809 [info] > git for-each-ref --format=%(refname)%00%(upstream:short)%00%(objectname)%00%(upstream:track)%00%(upstream:remotename)%00%(upstream:remoteref) refs/heads/main refs/remotes/main [37ms]
2024-12-16 13:27:29.809 [info] > git rev-parse --show-toplevel [48ms]
2024-12-16 13:27:29.855 [info] > git for-each-ref --sort -committerdate --format %(refname) %(objectname) %(*objectname) [50ms]
2024-12-16 13:27:29.899 [info] > git rev-parse --show-toplevel [59ms]
2024-12-16 13:27:29.904 [info] > git config --get commit.template [14ms]
2024-12-16 13:27:29.904 [info] > git for-each-ref --format=%(refname)%00%(upstream:short)%00%(objectname)%00%(upstream:track)%00%(upstream:remotename)%00%(upstream:remoteref) refs/heads/main refs/remotes/main [33ms]
2024-12-16 13:27:29.938 [info] > git config --local branch.main.vscode-merge-base [30ms]
2024-12-16 13:27:29.964 [info] > git status -z -uall [40ms]
2024-12-16 13:27:29.964 [info] > git for-each-ref --format=%(refname)%00%(upstream:short)%00%(objectname)%00%(upstream:track)%00%(upstream:remotename)%00%(upstream:remoteref) refs/heads/origin/main refs/remotes/origin/main [22ms]
2024-12-16 13:27:29.974 [info] > git for-each-ref --sort -committerdate --format %(refname) %(objectname) %(*objectname) [41ms]
2024-12-16 13:27:29.994 [info] > git rev-parse --git-dir --git-common-dir [77ms]
2024-12-16 13:27:30.009 [info] [Model][openRepository] Opened repository: /home/olga/hexlet-js
2024-12-16 13:27:30.049 [info] > git for-each-ref --format=%(refname)%00%(upstream:short)%00%(objectname)%00%(upstream:track)%00%(upstream:remotename)%00%(upstream:remoteref) refs/heads/main refs/remotes/main [58ms]
2024-12-16 13:27:30.059 [info] > git merge-base refs/heads/main refs/remotes/origin/main [85ms]
2024-12-16 13:27:30.072 [info] > git for-each-ref --format=%(refname)%00%(upstream:short)%00%(objectname)%00%(upstream:track)%00%(upstream:remotename)%00%(upstream:remoteref) refs/heads/main refs/remotes/main [111ms]
2024-12-16 13:27:30.078 [info] > git config --local branch.main.vscode-merge-base [21ms]
2024-12-16 13:27:30.089 [info] > git rev-parse --show-toplevel [49ms]
2024-12-16 13:27:30.090 [info] [Model][doInitialScan] Initial repository scan completed - repositories (7), closed repositories (0), parent repositories (0), unsafe repositories (0)
2024-12-16 13:27:30.109 [info] > git config --get commit.template [79ms]
2024-12-16 13:27:30.110 [info] > git config --get commit.template [93ms]
2024-12-16 13:27:30.124 [info] > git show --textconv :bin/gendiff.js [22ms]
2024-12-16 13:27:30.156 [info] > git for-each-ref --format=%(refname)%00%(upstream:short)%00%(objectname)%00%(upstream:track)%00%(upstream:remotename)%00%(upstream:remoteref) refs/heads/origin/main refs/remotes/origin/main [68ms]
2024-12-16 13:27:30.161 [info] > git diff --name-status -z --diff-filter=ADMR 4d6a7b5311521b182d060240737432bc2bef42f4...refs/remotes/origin/main [90ms]
2024-12-16 13:27:30.193 [info] > git ls-files --stage -- /home/olga/frontend-project-46/bin/gendiff.js [84ms]
2024-12-16 13:27:30.217 [info] > git merge-base refs/heads/main refs/remotes/origin/main [56ms]
2024-12-16 13:27:30.226 [info] > git status -z -uall [17ms]
2024-12-16 13:27:30.227 [info] > git cat-file -s 5b4ab4f27f036b95e68732c3847bc0e7281e5191 [27ms]
2024-12-16 13:27:30.229 [info] > git for-each-ref --format=%(refname)%00%(upstream:short)%00%(objectname)%00%(upstream:track)%00%(upstream:remotename)%00%(upstream:remoteref) refs/heads/main refs/remotes/main [47ms]
2024-12-16 13:27:30.229 [info] > git for-each-ref --format=%(refname)%00%(upstream:short)%00%(objectname)%00%(upstream:track)%00%(upstream:remotename)%00%(upstream:remoteref) refs/heads/main refs/remotes/main [57ms]
2024-12-16 13:27:30.239 [warning] [Git][revParse] Unable to read file: ENOENT: no such file or directory, open '/home/olga/hexlet-js/.git/refs/remotes/origin/main'
2024-12-16 13:27:30.242 [info] > git diff --name-status -z --diff-filter=ADMR 5cd9030637160ceea4e800aac11068a3cc210de8...refs/remotes/origin/main [16ms]
2024-12-16 13:27:30.243 [info] > git for-each-ref --sort -committerdate --format %(refname) %(objectname) %(*objectname) [29ms]
2024-12-16 13:27:30.284 [info] > git check-ignore -v -z --stdin [33ms]
2024-12-16 13:27:30.285 [info] > git check-ignore -v -z --stdin [28ms]
2024-12-16 13:27:30.286 [info] > git check-ignore -v -z --stdin [25ms]
2024-12-16 13:27:30.286 [info] > git check-ignore -v -z --stdin [20ms]
2024-12-16 13:27:30.287 [info] > git check-ignore -v -z --stdin [18ms]
2024-12-16 13:27:30.287 [info] > git check-ignore -v -z --stdin [14ms]
2024-12-16 13:27:30.289 [info] > git rev-parse refs/remotes/origin/main [51ms]
2024-12-16 13:27:30.301 [info] > git status -z -uall [8ms]
2024-12-16 13:27:30.302 [info] > git blame --root --incremental b15481ae881deddd49e025db2abb0102579d4fe3 -- /home/olga/frontend-project-46/bin/gendiff.js [20ms]
2024-12-16 13:27:30.321 [info] > git status -z -uall [9ms]
2024-12-16 13:27:30.321 [info] > git for-each-ref --sort -committerdate --format %(refname) %(objectname) %(*objectname) [22ms]
2024-12-16 13:27:30.338 [info] > git for-each-ref --format=%(refname)%00%(upstream:short)%00%(objectname)%00%(upstream:track)%00%(upstream:remotename)%00%(upstream:remoteref) refs/heads/main refs/remotes/main [11ms]
2024-12-16 13:27:30.343 [info] > git for-each-ref --sort -committerdate --format %(refname) %(objectname) %(*objectname) [24ms]
2024-12-16 13:27:30.348 [info] > git config --local branch.main.vscode-merge-base [6ms]
2024-12-16 13:27:30.355 [info] > git config --get commit.template [19ms]
2024-12-16 13:27:30.365 [info] > git for-each-ref --format=%(refname)%00%(upstream:short)%00%(objectname)%00%(upstream:track)%00%(upstream:remotename)%00%(upstream:remoteref) refs/heads/origin/main refs/remotes/origin/main [9ms]
2024-12-16 13:27:30.379 [info] > git merge-base refs/heads/main refs/remotes/origin/main [11ms]
2024-12-16 13:27:30.386 [info] > git for-each-ref --format=%(refname)%00%(upstream:short)%00%(objectname)%00%(upstream:track)%00%(upstream:remotename)%00%(upstream:remoteref) refs/heads/main refs/remotes/main [9ms]
2024-12-16 13:27:30.392 [warning] [Git][revParse] Unable to read file: ENOENT: no such file or directory, open '/home/olga/hexlet-js/.git/refs/remotes/origin/main'
2024-12-16 13:27:30.393 [info] > git diff --name-status -z --diff-filter=ADMR 2ec9b6fe510f2076127e2aedb2d374ff9f80fac2...refs/remotes/origin/main [10ms]
2024-12-16 13:27:30.395 [info] > git rev-parse refs/remotes/origin/main [4ms]
2024-12-16 13:27:30.411 [info] > git status -z -uall [8ms]
2024-12-16 13:27:30.413 [info] > git for-each-ref --sort -committerdate --format %(refname) %(objectname) %(*objectname) [5ms]
2024-12-16 13:30:56.165 [info] > git config --get commit.template [6ms]
2024-12-16 13:30:56.166 [info] > git for-each-ref --format=%(refname)%00%(upstream:short)%00%(objectname)%00%(upstream:track)%00%(upstream:remotename)%00%(upstream:remoteref) refs/heads/main refs/remotes/main [2ms]
2024-12-16 13:30:56.184 [info] > git for-each-ref --sort -committerdate --format %(refname) %(objectname) %(*objectname) [5ms]
2024-12-16 13:30:56.325 [info] > git status -z -uall [151ms]
2024-12-16 13:30:56.395 [info] > git merge-base refs/heads/main refs/remotes/origin/main [8ms]
2024-12-16 13:30:56.421 [info] > git diff --name-status -z --diff-filter=ADMR 42c110c8103f2b460c3cbefb12a088b6b120aa02...refs/remotes/origin/main [20ms]
2024-12-16 13:31:01.503 [info] > git config --get commit.template [1ms]
2024-12-16 13:31:01.510 [info] > git for-each-ref --format=%(refname)%00%(upstream:short)%00%(objectname)%00%(upstream:track)%00%(upstream:remotename)%00%(upstream:remoteref) refs/heads/main refs/remotes/main [2ms]
2024-12-16 13:31:01.525 [info] > git for-each-ref --sort -committerdate --format %(refname) %(objectname) %(*objectname) [5ms]
2024-12-16 13:31:01.603 [info] > git ls-files --stage -- /home/olga/frontend-project-46/bin/gendiff.js [2ms]
2024-12-16 13:31:01.608 [info] > git cat-file -s 5b4ab4f27f036b95e68732c3847bc0e7281e5191 [2ms]
2024-12-16 13:31:01.618 [info] > git show --textconv :bin/gendiff.js [2ms]
2024-12-16 13:31:01.661 [info] > git status -z -uall [146ms]
2024-12-16 13:32:45.901 [info] > git config --get commit.template [6ms]
2024-12-16 13:32:45.902 [info] > git for-each-ref --format=%(refname)%00%(upstream:short)%00%(objectname)%00%(upstream:track)%00%(upstream:remotename)%00%(upstream:remoteref) refs/heads/main refs/remotes/main [2ms]
2024-12-16 13:32:45.914 [info] > git for-each-ref --sort -committerdate --format %(refname) %(objectname) %(*objectname) [3ms]
2024-12-16 13:32:47.312 [info] > git status -z -uall [1404ms]
