2024-09-21 21:13:46.917 [info] Extension host with pid 257528 started
2024-09-21 21:13:46.965 [info] Lock '/home/olga/.vscode-server/data/User/workspaceStorage/0bb3009dac514289d12237e5ad0f5441/vscode.lock': Lock acquired.
2024-09-21 21:13:47.094 [info] ExtensionService#_doActivateExtension vscode.git-base, startup: true, activationEvent: '*', root cause: vscode.git
2024-09-21 21:13:47.104 [info] ExtensionService#_doActivateExtension vscode.npm, startup: true, activationEvent: 'workspaceContains:package.json'
2024-09-21 21:13:47.477 [info] ExtensionService#_doActivateExtension vscode.git, startup: true, activationEvent: '*'
2024-09-21 21:13:47.478 [info] ExtensionService#_doActivateExtension vscode.github, startup: true, activationEvent: '*'
2024-09-21 21:13:48.181 [info] Eager extensions activated
2024-09-21 21:13:48.181 [info] ExtensionService#_doActivateExtension vscode.debug-auto-launch, startup: false, activationEvent: 'onStartupFinished'
2024-09-21 21:13:48.183 [info] ExtensionService#_doActivateExtension vscode.merge-conflict, startup: false, activationEvent: 'onStartupFinished'
2024-09-21 21:13:48.399 [info] ExtensionService#_doActivateExtension vscode.emmet, startup: false, activationEvent: 'onLanguage'
2024-09-21 21:13:49.781 [warning] [Decorations] CAPPING events from decorations provider vscode.git 2617
2024-09-21 21:13:50.570 [warning] [Decorations] CAPPING events from decorations provider vscode.git 2617
2024-09-21 21:13:52.744 [info] ExtensionService#_doActivateExtension vscode.configuration-editing, startup: false, activationEvent: 'onLanguage:json'
2024-09-21 21:13:52.745 [info] ExtensionService#_doActivateExtension vscode.extension-editing, startup: false, activationEvent: 'onLanguage:json'
2024-09-21 21:13:52.745 [info] ExtensionService#_doActivateExtension vscode.json-language-features, startup: false, activationEvent: 'onLanguage:json'
2024-09-21 21:14:40.022 [info] ExtensionService#_doActivateExtension vscode.typescript-language-features, startup: false, activationEvent: 'onLanguage:javascript'
2024-09-21 21:14:42.990 [warning] [Decorations] CAPPING events from decorations provider vscode.git 2619
2024-09-21 21:15:10.670 [info] ExtensionService#_doActivateExtension ms-vscode.js-debug, startup: false, activationEvent: 'onCommand:extension.js-debug.npmScript'
2024-09-21 21:15:13.192 [info] ExtensionService#_doActivateExtension vscode.debug-server-ready, startup: false, activationEvent: 'onDebugResolve'
2024-09-21 21:15:38.348 [warning] [Decorations] CAPPING events from decorations provider vscode.git 2639
2024-09-21 21:15:45.287 [warning] [Decorations] CAPPING events from decorations provider vscode.git 2639
2024-09-21 21:16:06.874 [warning] [Decorations] CAPPING events from decorations provider vscode.git 2638
2024-09-21 21:16:12.133 [warning] [Decorations] CAPPING events from decorations provider vscode.git 2638
2024-09-21 21:16:17.377 [warning] [Decorations] CAPPING events from decorations provider vscode.git 2638
2024-09-21 21:16:23.274 [warning] [Decorations] CAPPING events from decorations provider vscode.git 2638
2024-09-21 21:16:28.471 [warning] [Decorations] CAPPING events from decorations provider vscode.git 2638
2024-09-21 21:16:35.460 [warning] [Decorations] CAPPING events from decorations provider vscode.git 2638
2024-09-21 21:16:40.668 [warning] [Decorations] CAPPING events from decorations provider vscode.git 2638
2024-09-21 21:16:45.968 [warning] [Decorations] CAPPING events from decorations provider vscode.git 2638
2024-09-21 21:16:51.170 [warning] [Decorations] CAPPING events from decorations provider vscode.git 2640
2024-09-21 21:16:56.341 [warning] [Decorations] CAPPING events from decorations provider vscode.git 2640
2024-09-21 21:17:01.550 [warning] [Decorations] CAPPING events from decorations provider vscode.git 2640
2024-09-21 21:17:06.716 [warning] [Decorations] CAPPING events from decorations provider vscode.git 2640
2024-09-21 21:17:11.980 [warning] [Decorations] CAPPING events from decorations provider vscode.git 2640
2024-09-21 21:17:17.171 [warning] [Decorations] CAPPING events from decorations provider vscode.git 2640
2024-09-21 21:17:22.472 [warning] [Decorations] CAPPING events from decorations provider vscode.git 2640
2024-09-21 21:17:27.674 [warning] [Decorations] CAPPING events from decorations provider vscode.git 2640
2024-09-21 21:17:32.860 [warning] [Decorations] CAPPING events from decorations provider vscode.git 2640
2024-09-21 21:17:38.026 [warning] [Decorations] CAPPING events from decorations provider vscode.git 2640
2024-09-21 21:17:43.222 [warning] [Decorations] CAPPING events from decorations provider vscode.git 2640
2024-09-21 21:17:48.428 [warning] [Decorations] CAPPING events from decorations provider vscode.git 2640
2024-09-21 21:17:53.632 [warning] [Decorations] CAPPING events from decorations provider vscode.git 2640
2024-09-21 21:17:58.922 [warning] [Decorations] CAPPING events from decorations provider vscode.git 2640
2024-09-21 21:18:04.136 [warning] [Decorations] CAPPING events from decorations provider vscode.git 2640
2024-09-21 21:18:50.991 [warning] [Decorations] CAPPING events from decorations provider vscode.git 2640
2024-09-21 21:18:56.180 [warning] [Decorations] CAPPING events from decorations provider vscode.git 2641
2024-09-21 21:19:01.379 [warning] [Decorations] CAPPING events from decorations provider vscode.git 2640
2024-09-21 21:19:06.551 [warning] [Decorations] CAPPING events from decorations provider vscode.git 2640
2024-09-21 21:19:11.734 [warning] [Decorations] CAPPING events from decorations provider vscode.git 2640
2024-09-21 21:19:21.133 [warning] [Decorations] CAPPING events from decorations provider vscode.git 2640
2024-09-21 21:19:26.378 [warning] [Decorations] CAPPING events from decorations provider vscode.git 2640
2024-09-21 21:19:31.554 [warning] [Decorations] CAPPING events from decorations provider vscode.git 2640
2024-09-21 21:19:36.784 [warning] [Decorations] CAPPING events from decorations provider vscode.git 2640
2024-09-21 21:19:41.980 [warning] [Decorations] CAPPING events from decorations provider vscode.git 2640
2024-09-21 21:19:47.189 [warning] [Decorations] CAPPING events from decorations provider vscode.git 2640
2024-09-21 21:19:52.377 [warning] [Decorations] CAPPING events from decorations provider vscode.git 2640
2024-09-21 21:19:57.544 [warning] [Decorations] CAPPING events from decorations provider vscode.git 2640
2024-09-21 21:20:02.744 [warning] [Decorations] CAPPING events from decorations provider vscode.git 2640
2024-09-21 21:20:07.976 [warning] [Decorations] CAPPING events from decorations provider vscode.git 2640
2024-09-21 21:20:13.180 [warning] [Decorations] CAPPING events from decorations provider vscode.git 2640
2024-09-21 21:20:18.354 [warning] [Decorations] CAPPING events from decorations provider vscode.git 2640
2024-09-21 21:20:23.540 [warning] [Decorations] CAPPING events from decorations provider vscode.git 2640
2024-09-21 21:20:34.475 [warning] [Decorations] CAPPING events from decorations provider vscode.git 2640
2024-09-21 21:20:39.730 [warning] [Decorations] CAPPING events from decorations provider vscode.git 2641
2024-09-21 21:20:56.834 [warning] [Decorations] CAPPING events from decorations provider vscode.git 2641
2024-09-21 21:21:11.281 [warning] [Decorations] CAPPING events from decorations provider vscode.git 2643
2024-09-21 21:21:16.463 [warning] [Decorations] CAPPING events from decorations provider vscode.git 2643
2024-09-21 21:21:21.720 [warning] [Decorations] CAPPING events from decorations provider vscode.git 2643
2024-09-21 21:21:26.948 [warning] [Decorations] CAPPING events from decorations provider vscode.git 2643
2024-09-21 21:21:32.759 [warning] [Decorations] CAPPING events from decorations provider vscode.git 2643
2024-09-21 21:21:37.967 [warning] [Decorations] CAPPING events from decorations provider vscode.git 2644
2024-09-21 21:21:44.762 [warning] [Decorations] CAPPING events from decorations provider vscode.git 2643
2024-09-21 21:21:50.319 [warning] [Decorations] CAPPING events from decorations provider vscode.git 2643
2024-09-21 21:21:57.613 [warning] [Decorations] CAPPING events from decorations provider vscode.git 2644
2024-09-21 21:22:02.794 [warning] [Decorations] CAPPING events from decorations provider vscode.git 2643
2024-09-21 21:22:07.981 [warning] [Decorations] CAPPING events from decorations provider vscode.git 2643
2024-09-21 21:22:13.146 [warning] [Decorations] CAPPING events from decorations provider vscode.git 2643
2024-09-21 21:22:30.749 [warning] [Decorations] CAPPING events from decorations provider vscode.git 2643
2024-09-21 21:22:36.027 [warning] [Decorations] CAPPING events from decorations provider vscode.git 2644
2024-09-21 21:22:41.387 [warning] [Decorations] CAPPING events from decorations provider vscode.git 2643
2024-09-21 21:22:47.073 [warning] [Decorations] CAPPING events from decorations provider vscode.git 2644
2024-09-21 21:22:52.248 [warning] [Decorations] CAPPING events from decorations provider vscode.git 2643
2024-09-21 21:22:57.439 [warning] [Decorations] CAPPING events from decorations provider vscode.git 2643
2024-09-21 21:23:02.689 [warning] [Decorations] CAPPING events from decorations provider vscode.git 2643
2024-09-21 21:23:07.903 [warning] [Decorations] CAPPING events from decorations provider vscode.git 2643
2024-09-21 21:23:13.090 [warning] [Decorations] CAPPING events from decorations provider vscode.git 2643
2024-09-21 21:23:18.382 [warning] [Decorations] CAPPING events from decorations provider vscode.git 2643
2024-09-21 21:23:23.574 [warning] [Decorations] CAPPING events from decorations provider vscode.git 2643
2024-09-21 21:23:49.129 [warning] [Decorations] CAPPING events from decorations provider vscode.git 2643
2024-09-21 21:23:54.347 [warning] [Decorations] CAPPING events from decorations provider vscode.git 2643
2024-09-21 21:23:59.607 [warning] [Decorations] CAPPING events from decorations provider vscode.git 2643
2024-09-21 21:24:04.850 [warning] [Decorations] CAPPING events from decorations provider vscode.git 2643
2024-09-21 21:24:10.067 [warning] [Decorations] CAPPING events from decorations provider vscode.git 2644
2024-09-21 21:24:15.260 [warning] [Decorations] CAPPING events from decorations provider vscode.git 2643
2024-09-21 21:24:20.467 [warning] [Decorations] CAPPING events from decorations provider vscode.git 2643
2024-09-21 21:24:25.677 [warning] [Decorations] CAPPING events from decorations provider vscode.git 2643
2024-09-21 21:24:30.912 [warning] [Decorations] CAPPING events from decorations provider vscode.git 2643
2024-09-21 21:24:36.229 [warning] [Decorations] CAPPING events from decorations provider vscode.git 2643
2024-09-21 21:27:06.778 [warning] [Decorations] CAPPING events from decorations provider vscode.git 2643
2024-09-21 21:27:12.065 [warning] [Decorations] CAPPING events from decorations provider vscode.git 2643
2024-09-21 21:27:17.318 [warning] [Decorations] CAPPING events from decorations provider vscode.git 2643
2024-09-21 21:27:22.486 [warning] [Decorations] CAPPING events from decorations provider vscode.git 2643
2024-09-21 21:27:27.680 [warning] [Decorations] CAPPING events from decorations provider vscode.git 2643
2024-09-21 21:27:32.879 [warning] [Decorations] CAPPING events from decorations provider vscode.git 2643
2024-09-21 21:27:38.074 [warning] [Decorations] CAPPING events from decorations provider vscode.git 2643
2024-09-21 21:27:43.272 [warning] [Decorations] CAPPING events from decorations provider vscode.git 2643
2024-09-21 21:27:48.440 [warning] [Decorations] CAPPING events from decorations provider vscode.git 2643
2024-09-21 21:29:53.320 [warning] [Decorations] CAPPING events from decorations provider vscode.git 2643
2024-09-21 21:29:58.526 [warning] [Decorations] CAPPING events from decorations provider vscode.git 2643
2024-09-21 21:30:09.712 [warning] [Decorations] CAPPING events from decorations provider vscode.git 2644
2024-09-21 21:30:14.972 [warning] [Decorations] CAPPING events from decorations provider vscode.git 2643
2024-09-21 21:30:20.216 [warning] [Decorations] CAPPING events from decorations provider vscode.git 2643
2024-09-21 21:30:25.440 [warning] [Decorations] CAPPING events from decorations provider vscode.git 2643
2024-09-21 21:30:30.710 [warning] [Decorations] CAPPING events from decorations provider vscode.git 2643
2024-09-21 21:30:35.952 [warning] [Decorations] CAPPING events from decorations provider vscode.git 2643
2024-09-21 21:30:42.657 [warning] [Decorations] CAPPING events from decorations provider vscode.git 2643
2024-09-21 21:30:47.888 [warning] [Decorations] CAPPING events from decorations provider vscode.git 2643
2024-09-21 21:30:53.106 [warning] [Decorations] CAPPING events from decorations provider vscode.git 2643
2024-09-21 21:30:58.380 [warning] [Decorations] CAPPING events from decorations provider vscode.git 2643
2024-09-21 21:31:03.919 [warning] [Decorations] CAPPING events from decorations provider vscode.git 2643
2024-09-21 21:31:09.214 [warning] [Decorations] CAPPING events from decorations provider vscode.git 2644
2024-09-21 21:31:14.422 [warning] [Decorations] CAPPING events from decorations provider vscode.git 2643
2024-09-21 21:31:19.666 [warning] [Decorations] CAPPING events from decorations provider vscode.git 2643
2024-09-21 21:31:24.869 [warning] [Decorations] CAPPING events from decorations provider vscode.git 2643
2024-09-21 21:31:30.084 [warning] [Decorations] CAPPING events from decorations provider vscode.git 2643
2024-09-21 21:31:35.308 [warning] [Decorations] CAPPING events from decorations provider vscode.git 2643
2024-09-21 21:31:40.489 [warning] [Decorations] CAPPING events from decorations provider vscode.git 2643
2024-09-21 21:31:45.682 [warning] [Decorations] CAPPING events from decorations provider vscode.git 2643
2024-09-21 21:31:49.276 [warning] [Decorations] CAPPING events from decorations provider vscode.git 2643
2024-09-21 21:31:52.810 [warning] [Decorations] CAPPING events from decorations provider vscode.git 2142
2024-09-21 21:31:59.592 [warning] [Decorations] CAPPING events from decorations provider vscode.git 2142
2024-09-21 21:32:06.401 [warning] [Decorations] CAPPING events from decorations provider vscode.git 2142
2024-09-21 21:32:13.548 [warning] [Decorations] CAPPING events from decorations provider vscode.git 2142
2024-09-21 21:32:20.757 [warning] [Decorations] CAPPING events from decorations provider vscode.git 2142
2024-09-21 21:32:27.762 [warning] [Decorations] CAPPING events from decorations provider vscode.git 2142
2024-09-21 21:32:35.234 [warning] [Decorations] CAPPING events from decorations provider vscode.git 2142
2024-09-21 21:32:42.096 [warning] [Decorations] CAPPING events from decorations provider vscode.git 2142
2024-09-21 21:32:48.953 [warning] [Decorations] CAPPING events from decorations provider vscode.git 2142
2024-09-21 21:32:55.848 [warning] [Decorations] CAPPING events from decorations provider vscode.git 2142
2024-09-21 21:33:02.613 [warning] [Decorations] CAPPING events from decorations provider vscode.git 2142
2024-09-21 21:33:09.345 [warning] [Decorations] CAPPING events from decorations provider vscode.git 2142
2024-09-21 21:34:05.856 [warning] [Decorations] CAPPING events from decorations provider vscode.git 2142
2024-09-21 21:34:12.613 [warning] [Decorations] CAPPING events from decorations provider vscode.git 2142
2024-09-21 21:34:17.760 [warning] [Decorations] CAPPING events from decorations provider vscode.git 2142
2024-09-23 14:54:01.025 [info] Extension host terminating: received terminate message from renderer
2024-09-23 14:54:01.032 [info] Lock '/home/olga/.vscode-server/data/User/workspaceStorage/0bb3009dac514289d12237e5ad0f5441/vscode.lock': Marking the lockfile as scheduled to be released in 6000 ms.
2024-09-23 14:54:01.686 [error] Canceled: Canceled
	at new D (/home/olga/.vscode-server/bin/38c31bc77e0dd6ae88a4e9cc93428cc27a56ba40/out/vs/workbench/api/node/extensionHostProcess.js:151:35235)
	at y.U (/home/olga/.vscode-server/bin/38c31bc77e0dd6ae88a4e9cc93428cc27a56ba40/out/vs/workbench/api/node/extensionHostProcess.js:158:6005)
	at V.<computed>.F.charCodeAt.A.CharCode.DollarSign.V.<computed> (/home/olga/.vscode-server/bin/38c31bc77e0dd6ae88a4e9cc93428cc27a56ba40/out/vs/workbench/api/node/extensionHostProcess.js:158:3107)
	at h.g (/home/olga/.vscode-server/bin/38c31bc77e0dd6ae88a4e9cc93428cc27a56ba40/out/vs/workbench/api/node/extensionHostProcess.js:161:210015)
	at h.executeCommand (/home/olga/.vscode-server/bin/38c31bc77e0dd6ae88a4e9cc93428cc27a56ba40/out/vs/workbench/api/node/extensionHostProcess.js:161:209453)
	at C.registerCommand.description (/home/olga/.vscode-server/bin/38c31bc77e0dd6ae88a4e9cc93428cc27a56ba40/out/vs/workbench/api/node/extensionHostProcess.js:161:208777)
	at h (/home/olga/.vscode-server/bin/38c31bc77e0dd6ae88a4e9cc93428cc27a56ba40/out/vs/workbench/api/node/extensionHostProcess.js:161:210554)
	at h.g (/home/olga/.vscode-server/bin/38c31bc77e0dd6ae88a4e9cc93428cc27a56ba40/out/vs/workbench/api/node/extensionHostProcess.js:161:209546)
	at h.executeCommand (/home/olga/.vscode-server/bin/38c31bc77e0dd6ae88a4e9cc93428cc27a56ba40/out/vs/workbench/api/node/extensionHostProcess.js:161:209453)
	at Object.executeCommand (/home/olga/.vscode-server/bin/38c31bc77e0dd6ae88a4e9cc93428cc27a56ba40/out/vs/workbench/api/node/extensionHostProcess.js:171:30683)
	at i.O [as value] (/home/olga/.vscode-server/bin/38c31bc77e0dd6ae88a4e9cc93428cc27a56ba40/extensions/git/dist/main.js:2:952009)
	at r.B (/home/olga/.vscode-server/bin/38c31bc77e0dd6ae88a4e9cc93428cc27a56ba40/out/vs/workbench/api/node/extensionHostProcess.js:90:732)
	at r.C (/home/olga/.vscode-server/bin/38c31bc77e0dd6ae88a4e9cc93428cc27a56ba40/out/vs/workbench/api/node/extensionHostProcess.js:90:802)
	at r.fire (/home/olga/.vscode-server/bin/38c31bc77e0dd6ae88a4e9cc93428cc27a56ba40/out/vs/workbench/api/node/extensionHostProcess.js:90:1018)
	at Object.p [as dispose] (/home/olga/.vscode-server/bin/38c31bc77e0dd6ae88a4e9cc93428cc27a56ba40/extensions/git/dist/main.js:2:972587)
	at /home/olga/.vscode-server/bin/38c31bc77e0dd6ae88a4e9cc93428cc27a56ba40/extensions/git/dist/main.js:2:978709
	at Array.forEach (<anonymous>)
	at f.dispose (/home/olga/.vscode-server/bin/38c31bc77e0dd6ae88a4e9cc93428cc27a56ba40/extensions/git/dist/main.js:2:978695)
	at o.<anonymous> (/home/olga/.vscode-server/bin/38c31bc77e0dd6ae88a4e9cc93428cc27a56ba40/out/vs/workbench/api/node/extensionHostProcess.js:159:4176)
	at o.dispose (/home/olga/.vscode-server/bin/38c31bc77e0dd6ae88a4e9cc93428cc27a56ba40/out/vs/workbench/api/node/extensionHostProcess.js:159:4273)
	at o.<anonymous> (/home/olga/.vscode-server/bin/38c31bc77e0dd6ae88a4e9cc93428cc27a56ba40/extensions/git/dist/main.js:2:954307)
	at o.dispose (/home/olga/.vscode-server/bin/38c31bc77e0dd6ae88a4e9cc93428cc27a56ba40/out/vs/workbench/api/node/extensionHostProcess.js:159:4273)
	at $ (/home/olga/.vscode-server/bin/38c31bc77e0dd6ae88a4e9cc93428cc27a56ba40/out/vs/workbench/api/node/extensionHostProcess.js:30:744)
	at /home/olga/.vscode-server/bin/38c31bc77e0dd6ae88a4e9cc93428cc27a56ba40/out/vs/workbench/api/node/extensionHostProcess.js:167:13607
	at /home/olga/.vscode-server/bin/38c31bc77e0dd6ae88a4e9cc93428cc27a56ba40/out/vs/workbench/api/node/extensionHostProcess.js:30:1112
	at Object.dispose (/home/olga/.vscode-server/bin/38c31bc77e0dd6ae88a4e9cc93428cc27a56ba40/out/vs/workbench/api/node/extensionHostProcess.js:11:11463)
	at m.eb (/home/olga/.vscode-server/bin/38c31bc77e0dd6ae88a4e9cc93428cc27a56ba40/out/vs/workbench/api/node/extensionHostProcess.js:167:10282)
	at /home/olga/.vscode-server/bin/38c31bc77e0dd6ae88a4e9cc93428cc27a56ba40/out/vs/workbench/api/node/extensionHostProcess.js:167:8153
	at Array.map (<anonymous>)
	at m.$ (/home/olga/.vscode-server/bin/38c31bc77e0dd6ae88a4e9cc93428cc27a56ba40/out/vs/workbench/api/node/extensionHostProcess.js:167:8140)
	at m.terminate (/home/olga/.vscode-server/bin/38c31bc77e0dd6ae88a4e9cc93428cc27a56ba40/out/vs/workbench/api/node/extensionHostProcess.js:167:8413)
	at $.terminate (/home/olga/.vscode-server/bin/38c31bc77e0dd6ae88a4e9cc93428cc27a56ba40/out/vs/workbench/api/node/extensionHostProcess.js:171:1513)
	at n (/home/olga/.vscode-server/bin/38c31bc77e0dd6ae88a4e9cc93428cc27a56ba40/out/vs/workbench/api/node/extensionHostProcess.js:184:10613)
	at i.value (/home/olga/.vscode-server/bin/38c31bc77e0dd6ae88a4e9cc93428cc27a56ba40/out/vs/workbench/api/node/extensionHostProcess.js:184:8581)
	at r.B (/home/olga/.vscode-server/bin/38c31bc77e0dd6ae88a4e9cc93428cc27a56ba40/out/vs/workbench/api/node/extensionHostProcess.js:90:732)
	at r.fire (/home/olga/.vscode-server/bin/38c31bc77e0dd6ae88a4e9cc93428cc27a56ba40/out/vs/workbench/api/node/extensionHostProcess.js:90:949)
	at a.fire (/home/olga/.vscode-server/bin/38c31bc77e0dd6ae88a4e9cc93428cc27a56ba40/out/vs/workbench/api/node/extensionHostProcess.js:115:14463)
	at h.A (/home/olga/.vscode-server/bin/38c31bc77e0dd6ae88a4e9cc93428cc27a56ba40/out/vs/workbench/api/node/extensionHostProcess.js:115:17622)
	at i.value (/home/olga/.vscode-server/bin/38c31bc77e0dd6ae88a4e9cc93428cc27a56ba40/out/vs/workbench/api/node/extensionHostProcess.js:115:16996)
	at r.B (/home/olga/.vscode-server/bin/38c31bc77e0dd6ae88a4e9cc93428cc27a56ba40/out/vs/workbench/api/node/extensionHostProcess.js:90:732)
	at r.fire (/home/olga/.vscode-server/bin/38c31bc77e0dd6ae88a4e9cc93428cc27a56ba40/out/vs/workbench/api/node/extensionHostProcess.js:90:949)
	at m.acceptChunk (/home/olga/.vscode-server/bin/38c31bc77e0dd6ae88a4e9cc93428cc27a56ba40/out/vs/workbench/api/node/extensionHostProcess.js:115:12209)
	at i.value (/home/olga/.vscode-server/bin/38c31bc77e0dd6ae88a4e9cc93428cc27a56ba40/out/vs/workbench/api/node/extensionHostProcess.js:115:11479)
	at r.B (/home/olga/.vscode-server/bin/38c31bc77e0dd6ae88a4e9cc93428cc27a56ba40/out/vs/workbench/api/node/extensionHostProcess.js:90:732)
	at r.fire (/home/olga/.vscode-server/bin/38c31bc77e0dd6ae88a4e9cc93428cc27a56ba40/out/vs/workbench/api/node/extensionHostProcess.js:90:949)
	at a.z (/home/olga/.vscode-server/bin/38c31bc77e0dd6ae88a4e9cc93428cc27a56ba40/out/vs/workbench/api/node/extensionHostProcess.js:181:21815)
	at a.acceptFrame (/home/olga/.vscode-server/bin/38c31bc77e0dd6ae88a4e9cc93428cc27a56ba40/out/vs/workbench/api/node/extensionHostProcess.js:181:21621)
	at i.n (/home/olga/.vscode-server/bin/38c31bc77e0dd6ae88a4e9cc93428cc27a56ba40/out/vs/workbench/api/node/extensionHostProcess.js:181:20066)
	at /home/olga/.vscode-server/bin/38c31bc77e0dd6ae88a4e9cc93428cc27a56ba40/out/vs/workbench/api/node/extensionHostProcess.js:181:16993
	at Socket.b (/home/olga/.vscode-server/bin/38c31bc77e0dd6ae88a4e9cc93428cc27a56ba40/out/vs/workbench/api/node/extensionHostProcess.js:181:14623)
	at Socket.emit (node:events:519:28)
	at addChunk (node:internal/streams/readable:559:12)
	at readableAddChunkPushByteMode (node:internal/streams/readable:510:3)
	at Readable.push (node:internal/streams/readable:390:5)
	at TCP.onStreamRead (node:internal/stream_base_commons:191:23) setContext undefined
2024-09-23 14:54:01.687 [error] Canceled: Canceled
	at new D (/home/olga/.vscode-server/bin/38c31bc77e0dd6ae88a4e9cc93428cc27a56ba40/out/vs/workbench/api/node/extensionHostProcess.js:151:35235)
	at y.U (/home/olga/.vscode-server/bin/38c31bc77e0dd6ae88a4e9cc93428cc27a56ba40/out/vs/workbench/api/node/extensionHostProcess.js:158:6005)
	at V.<computed>.F.charCodeAt.A.CharCode.DollarSign.V.<computed> (/home/olga/.vscode-server/bin/38c31bc77e0dd6ae88a4e9cc93428cc27a56ba40/out/vs/workbench/api/node/extensionHostProcess.js:158:3107)
	at h.g (/home/olga/.vscode-server/bin/38c31bc77e0dd6ae88a4e9cc93428cc27a56ba40/out/vs/workbench/api/node/extensionHostProcess.js:161:210015)
	at h.executeCommand (/home/olga/.vscode-server/bin/38c31bc77e0dd6ae88a4e9cc93428cc27a56ba40/out/vs/workbench/api/node/extensionHostProcess.js:161:209453)
	at C.registerCommand.description (/home/olga/.vscode-server/bin/38c31bc77e0dd6ae88a4e9cc93428cc27a56ba40/out/vs/workbench/api/node/extensionHostProcess.js:161:208777)
	at h (/home/olga/.vscode-server/bin/38c31bc77e0dd6ae88a4e9cc93428cc27a56ba40/out/vs/workbench/api/node/extensionHostProcess.js:161:210554)
	at h.g (/home/olga/.vscode-server/bin/38c31bc77e0dd6ae88a4e9cc93428cc27a56ba40/out/vs/workbench/api/node/extensionHostProcess.js:161:209546)
	at h.executeCommand (/home/olga/.vscode-server/bin/38c31bc77e0dd6ae88a4e9cc93428cc27a56ba40/out/vs/workbench/api/node/extensionHostProcess.js:161:209453)
	at Object.executeCommand (/home/olga/.vscode-server/bin/38c31bc77e0dd6ae88a4e9cc93428cc27a56ba40/out/vs/workbench/api/node/extensionHostProcess.js:171:30683)
	at i.O [as value] (/home/olga/.vscode-server/bin/38c31bc77e0dd6ae88a4e9cc93428cc27a56ba40/extensions/git/dist/main.js:2:952009)
	at r.B (/home/olga/.vscode-server/bin/38c31bc77e0dd6ae88a4e9cc93428cc27a56ba40/out/vs/workbench/api/node/extensionHostProcess.js:90:732)
	at r.C (/home/olga/.vscode-server/bin/38c31bc77e0dd6ae88a4e9cc93428cc27a56ba40/out/vs/workbench/api/node/extensionHostProcess.js:90:802)
	at r.fire (/home/olga/.vscode-server/bin/38c31bc77e0dd6ae88a4e9cc93428cc27a56ba40/out/vs/workbench/api/node/extensionHostProcess.js:90:1018)
	at Object.p [as dispose] (/home/olga/.vscode-server/bin/38c31bc77e0dd6ae88a4e9cc93428cc27a56ba40/extensions/git/dist/main.js:2:972587)
	at /home/olga/.vscode-server/bin/38c31bc77e0dd6ae88a4e9cc93428cc27a56ba40/extensions/git/dist/main.js:2:978709
	at Array.forEach (<anonymous>)
	at f.dispose (/home/olga/.vscode-server/bin/38c31bc77e0dd6ae88a4e9cc93428cc27a56ba40/extensions/git/dist/main.js:2:978695)
	at o.<anonymous> (/home/olga/.vscode-server/bin/38c31bc77e0dd6ae88a4e9cc93428cc27a56ba40/out/vs/workbench/api/node/extensionHostProcess.js:159:4176)
	at o.dispose (/home/olga/.vscode-server/bin/38c31bc77e0dd6ae88a4e9cc93428cc27a56ba40/out/vs/workbench/api/node/extensionHostProcess.js:159:4273)
	at o.<anonymous> (/home/olga/.vscode-server/bin/38c31bc77e0dd6ae88a4e9cc93428cc27a56ba40/extensions/git/dist/main.js:2:954307)
	at o.dispose (/home/olga/.vscode-server/bin/38c31bc77e0dd6ae88a4e9cc93428cc27a56ba40/out/vs/workbench/api/node/extensionHostProcess.js:159:4273)
	at $ (/home/olga/.vscode-server/bin/38c31bc77e0dd6ae88a4e9cc93428cc27a56ba40/out/vs/workbench/api/node/extensionHostProcess.js:30:744)
	at /home/olga/.vscode-server/bin/38c31bc77e0dd6ae88a4e9cc93428cc27a56ba40/out/vs/workbench/api/node/extensionHostProcess.js:167:13607
	at /home/olga/.vscode-server/bin/38c31bc77e0dd6ae88a4e9cc93428cc27a56ba40/out/vs/workbench/api/node/extensionHostProcess.js:30:1112
	at Object.dispose (/home/olga/.vscode-server/bin/38c31bc77e0dd6ae88a4e9cc93428cc27a56ba40/out/vs/workbench/api/node/extensionHostProcess.js:11:11463)
	at m.eb (/home/olga/.vscode-server/bin/38c31bc77e0dd6ae88a4e9cc93428cc27a56ba40/out/vs/workbench/api/node/extensionHostProcess.js:167:10282)
	at /home/olga/.vscode-server/bin/38c31bc77e0dd6ae88a4e9cc93428cc27a56ba40/out/vs/workbench/api/node/extensionHostProcess.js:167:8153
	at Array.map (<anonymous>)
	at m.$ (/home/olga/.vscode-server/bin/38c31bc77e0dd6ae88a4e9cc93428cc27a56ba40/out/vs/workbench/api/node/extensionHostProcess.js:167:8140)
	at m.terminate (/home/olga/.vscode-server/bin/38c31bc77e0dd6ae88a4e9cc93428cc27a56ba40/out/vs/workbench/api/node/extensionHostProcess.js:167:8413)
	at $.terminate (/home/olga/.vscode-server/bin/38c31bc77e0dd6ae88a4e9cc93428cc27a56ba40/out/vs/workbench/api/node/extensionHostProcess.js:171:1513)
	at n (/home/olga/.vscode-server/bin/38c31bc77e0dd6ae88a4e9cc93428cc27a56ba40/out/vs/workbench/api/node/extensionHostProcess.js:184:10613)
	at i.value (/home/olga/.vscode-server/bin/38c31bc77e0dd6ae88a4e9cc93428cc27a56ba40/out/vs/workbench/api/node/extensionHostProcess.js:184:8581)
	at r.B (/home/olga/.vscode-server/bin/38c31bc77e0dd6ae88a4e9cc93428cc27a56ba40/out/vs/workbench/api/node/extensionHostProcess.js:90:732)
	at r.fire (/home/olga/.vscode-server/bin/38c31bc77e0dd6ae88a4e9cc93428cc27a56ba40/out/vs/workbench/api/node/extensionHostProcess.js:90:949)
	at a.fire (/home/olga/.vscode-server/bin/38c31bc77e0dd6ae88a4e9cc93428cc27a56ba40/out/vs/workbench/api/node/extensionHostProcess.js:115:14463)
	at h.A (/home/olga/.vscode-server/bin/38c31bc77e0dd6ae88a4e9cc93428cc27a56ba40/out/vs/workbench/api/node/extensionHostProcess.js:115:17622)
	at i.value (/home/olga/.vscode-server/bin/38c31bc77e0dd6ae88a4e9cc93428cc27a56ba40/out/vs/workbench/api/node/extensionHostProcess.js:115:16996)
	at r.B (/home/olga/.vscode-server/bin/38c31bc77e0dd6ae88a4e9cc93428cc27a56ba40/out/vs/workbench/api/node/extensionHostProcess.js:90:732)
	at r.fire (/home/olga/.vscode-server/bin/38c31bc77e0dd6ae88a4e9cc93428cc27a56ba40/out/vs/workbench/api/node/extensionHostProcess.js:90:949)
	at m.acceptChunk (/home/olga/.vscode-server/bin/38c31bc77e0dd6ae88a4e9cc93428cc27a56ba40/out/vs/workbench/api/node/extensionHostProcess.js:115:12209)
	at i.value (/home/olga/.vscode-server/bin/38c31bc77e0dd6ae88a4e9cc93428cc27a56ba40/out/vs/workbench/api/node/extensionHostProcess.js:115:11479)
	at r.B (/home/olga/.vscode-server/bin/38c31bc77e0dd6ae88a4e9cc93428cc27a56ba40/out/vs/workbench/api/node/extensionHostProcess.js:90:732)
	at r.fire (/home/olga/.vscode-server/bin/38c31bc77e0dd6ae88a4e9cc93428cc27a56ba40/out/vs/workbench/api/node/extensionHostProcess.js:90:949)
	at a.z (/home/olga/.vscode-server/bin/38c31bc77e0dd6ae88a4e9cc93428cc27a56ba40/out/vs/workbench/api/node/extensionHostProcess.js:181:21815)
	at a.acceptFrame (/home/olga/.vscode-server/bin/38c31bc77e0dd6ae88a4e9cc93428cc27a56ba40/out/vs/workbench/api/node/extensionHostProcess.js:181:21621)
	at i.n (/home/olga/.vscode-server/bin/38c31bc77e0dd6ae88a4e9cc93428cc27a56ba40/out/vs/workbench/api/node/extensionHostProcess.js:181:20066)
	at /home/olga/.vscode-server/bin/38c31bc77e0dd6ae88a4e9cc93428cc27a56ba40/out/vs/workbench/api/node/extensionHostProcess.js:181:16993
	at Socket.b (/home/olga/.vscode-server/bin/38c31bc77e0dd6ae88a4e9cc93428cc27a56ba40/out/vs/workbench/api/node/extensionHostProcess.js:181:14623)
	at Socket.emit (node:events:519:28)
	at addChunk (node:internal/streams/readable:559:12)
	at readableAddChunkPushByteMode (node:internal/streams/readable:510:3)
	at Readable.push (node:internal/streams/readable:390:5)
	at TCP.onStreamRead (node:internal/stream_base_commons:191:23) setContext undefined
2024-09-23 14:54:01.692 [error] Canceled: Canceled
	at new D (/home/olga/.vscode-server/bin/38c31bc77e0dd6ae88a4e9cc93428cc27a56ba40/out/vs/workbench/api/node/extensionHostProcess.js:151:35235)
	at y.U (/home/olga/.vscode-server/bin/38c31bc77e0dd6ae88a4e9cc93428cc27a56ba40/out/vs/workbench/api/node/extensionHostProcess.js:158:6005)
	at V.<computed>.F.charCodeAt.A.CharCode.DollarSign.V.<computed> (/home/olga/.vscode-server/bin/38c31bc77e0dd6ae88a4e9cc93428cc27a56ba40/out/vs/workbench/api/node/extensionHostProcess.js:158:3107)
	at h.g (/home/olga/.vscode-server/bin/38c31bc77e0dd6ae88a4e9cc93428cc27a56ba40/out/vs/workbench/api/node/extensionHostProcess.js:161:210015)
	at h.executeCommand (/home/olga/.vscode-server/bin/38c31bc77e0dd6ae88a4e9cc93428cc27a56ba40/out/vs/workbench/api/node/extensionHostProcess.js:161:209453)
	at C.registerCommand.description (/home/olga/.vscode-server/bin/38c31bc77e0dd6ae88a4e9cc93428cc27a56ba40/out/vs/workbench/api/node/extensionHostProcess.js:161:208777)
	at h (/home/olga/.vscode-server/bin/38c31bc77e0dd6ae88a4e9cc93428cc27a56ba40/out/vs/workbench/api/node/extensionHostProcess.js:161:210554)
	at h.g (/home/olga/.vscode-server/bin/38c31bc77e0dd6ae88a4e9cc93428cc27a56ba40/out/vs/workbench/api/node/extensionHostProcess.js:161:209546)
	at h.executeCommand (/home/olga/.vscode-server/bin/38c31bc77e0dd6ae88a4e9cc93428cc27a56ba40/out/vs/workbench/api/node/extensionHostProcess.js:161:209453)
	at Object.executeCommand (/home/olga/.vscode-server/bin/38c31bc77e0dd6ae88a4e9cc93428cc27a56ba40/out/vs/workbench/api/node/extensionHostProcess.js:171:30683)
	at i.O [as value] (/home/olga/.vscode-server/bin/38c31bc77e0dd6ae88a4e9cc93428cc27a56ba40/extensions/git/dist/main.js:2:952009)
	at r.B (/home/olga/.vscode-server/bin/38c31bc77e0dd6ae88a4e9cc93428cc27a56ba40/out/vs/workbench/api/node/extensionHostProcess.js:90:732)
	at r.C (/home/olga/.vscode-server/bin/38c31bc77e0dd6ae88a4e9cc93428cc27a56ba40/out/vs/workbench/api/node/extensionHostProcess.js:90:802)
	at r.fire (/home/olga/.vscode-server/bin/38c31bc77e0dd6ae88a4e9cc93428cc27a56ba40/out/vs/workbench/api/node/extensionHostProcess.js:90:1018)
	at Object.p [as dispose] (/home/olga/.vscode-server/bin/38c31bc77e0dd6ae88a4e9cc93428cc27a56ba40/extensions/git/dist/main.js:2:972587)
	at /home/olga/.vscode-server/bin/38c31bc77e0dd6ae88a4e9cc93428cc27a56ba40/extensions/git/dist/main.js:2:978709
	at Array.forEach (<anonymous>)
	at f.dispose (/home/olga/.vscode-server/bin/38c31bc77e0dd6ae88a4e9cc93428cc27a56ba40/extensions/git/dist/main.js:2:978695)
	at o.<anonymous> (/home/olga/.vscode-server/bin/38c31bc77e0dd6ae88a4e9cc93428cc27a56ba40/out/vs/workbench/api/node/extensionHostProcess.js:159:4176)
	at o.dispose (/home/olga/.vscode-server/bin/38c31bc77e0dd6ae88a4e9cc93428cc27a56ba40/out/vs/workbench/api/node/extensionHostProcess.js:159:4273)
	at o.<anonymous> (/home/olga/.vscode-server/bin/38c31bc77e0dd6ae88a4e9cc93428cc27a56ba40/extensions/git/dist/main.js:2:954307)
	at o.dispose (/home/olga/.vscode-server/bin/38c31bc77e0dd6ae88a4e9cc93428cc27a56ba40/out/vs/workbench/api/node/extensionHostProcess.js:159:4273)
	at $ (/home/olga/.vscode-server/bin/38c31bc77e0dd6ae88a4e9cc93428cc27a56ba40/out/vs/workbench/api/node/extensionHostProcess.js:30:744)
	at /home/olga/.vscode-server/bin/38c31bc77e0dd6ae88a4e9cc93428cc27a56ba40/out/vs/workbench/api/node/extensionHostProcess.js:167:13607
	at /home/olga/.vscode-server/bin/38c31bc77e0dd6ae88a4e9cc93428cc27a56ba40/out/vs/workbench/api/node/extensionHostProcess.js:30:1112
	at Object.dispose (/home/olga/.vscode-server/bin/38c31bc77e0dd6ae88a4e9cc93428cc27a56ba40/out/vs/workbench/api/node/extensionHostProcess.js:11:11463)
	at m.eb (/home/olga/.vscode-server/bin/38c31bc77e0dd6ae88a4e9cc93428cc27a56ba40/out/vs/workbench/api/node/extensionHostProcess.js:167:10282)
	at /home/olga/.vscode-server/bin/38c31bc77e0dd6ae88a4e9cc93428cc27a56ba40/out/vs/workbench/api/node/extensionHostProcess.js:167:8153
	at Array.map (<anonymous>)
	at m.$ (/home/olga/.vscode-server/bin/38c31bc77e0dd6ae88a4e9cc93428cc27a56ba40/out/vs/workbench/api/node/extensionHostProcess.js:167:8140)
	at m.terminate (/home/olga/.vscode-server/bin/38c31bc77e0dd6ae88a4e9cc93428cc27a56ba40/out/vs/workbench/api/node/extensionHostProcess.js:167:8413)
	at $.terminate (/home/olga/.vscode-server/bin/38c31bc77e0dd6ae88a4e9cc93428cc27a56ba40/out/vs/workbench/api/node/extensionHostProcess.js:171:1513)
	at n (/home/olga/.vscode-server/bin/38c31bc77e0dd6ae88a4e9cc93428cc27a56ba40/out/vs/workbench/api/node/extensionHostProcess.js:184:10613)
	at i.value (/home/olga/.vscode-server/bin/38c31bc77e0dd6ae88a4e9cc93428cc27a56ba40/out/vs/workbench/api/node/extensionHostProcess.js:184:8581)
	at r.B (/home/olga/.vscode-server/bin/38c31bc77e0dd6ae88a4e9cc93428cc27a56ba40/out/vs/workbench/api/node/extensionHostProcess.js:90:732)
	at r.fire (/home/olga/.vscode-server/bin/38c31bc77e0dd6ae88a4e9cc93428cc27a56ba40/out/vs/workbench/api/node/extensionHostProcess.js:90:949)
	at a.fire (/home/olga/.vscode-server/bin/38c31bc77e0dd6ae88a4e9cc93428cc27a56ba40/out/vs/workbench/api/node/extensionHostProcess.js:115:14463)
	at h.A (/home/olga/.vscode-server/bin/38c31bc77e0dd6ae88a4e9cc93428cc27a56ba40/out/vs/workbench/api/node/extensionHostProcess.js:115:17622)
	at i.value (/home/olga/.vscode-server/bin/38c31bc77e0dd6ae88a4e9cc93428cc27a56ba40/out/vs/workbench/api/node/extensionHostProcess.js:115:16996)
	at r.B (/home/olga/.vscode-server/bin/38c31bc77e0dd6ae88a4e9cc93428cc27a56ba40/out/vs/workbench/api/node/extensionHostProcess.js:90:732)
	at r.fire (/home/olga/.vscode-server/bin/38c31bc77e0dd6ae88a4e9cc93428cc27a56ba40/out/vs/workbench/api/node/extensionHostProcess.js:90:949)
	at m.acceptChunk (/home/olga/.vscode-server/bin/38c31bc77e0dd6ae88a4e9cc93428cc27a56ba40/out/vs/workbench/api/node/extensionHostProcess.js:115:12209)
	at i.value (/home/olga/.vscode-server/bin/38c31bc77e0dd6ae88a4e9cc93428cc27a56ba40/out/vs/workbench/api/node/extensionHostProcess.js:115:11479)
	at r.B (/home/olga/.vscode-server/bin/38c31bc77e0dd6ae88a4e9cc93428cc27a56ba40/out/vs/workbench/api/node/extensionHostProcess.js:90:732)
	at r.fire (/home/olga/.vscode-server/bin/38c31bc77e0dd6ae88a4e9cc93428cc27a56ba40/out/vs/workbench/api/node/extensionHostProcess.js:90:949)
	at a.z (/home/olga/.vscode-server/bin/38c31bc77e0dd6ae88a4e9cc93428cc27a56ba40/out/vs/workbench/api/node/extensionHostProcess.js:181:21815)
	at a.acceptFrame (/home/olga/.vscode-server/bin/38c31bc77e0dd6ae88a4e9cc93428cc27a56ba40/out/vs/workbench/api/node/extensionHostProcess.js:181:21621)
	at i.n (/home/olga/.vscode-server/bin/38c31bc77e0dd6ae88a4e9cc93428cc27a56ba40/out/vs/workbench/api/node/extensionHostProcess.js:181:20066)
	at /home/olga/.vscode-server/bin/38c31bc77e0dd6ae88a4e9cc93428cc27a56ba40/out/vs/workbench/api/node/extensionHostProcess.js:181:16993
	at Socket.b (/home/olga/.vscode-server/bin/38c31bc77e0dd6ae88a4e9cc93428cc27a56ba40/out/vs/workbench/api/node/extensionHostProcess.js:181:14623)
	at Socket.emit (node:events:519:28)
	at addChunk (node:internal/streams/readable:559:12)
	at readableAddChunkPushByteMode (node:internal/streams/readable:510:3)
	at Readable.push (node:internal/streams/readable:390:5)
	at TCP.onStreamRead (node:internal/stream_base_commons:191:23) setContext undefined
2024-09-23 14:54:01.695 [error] Canceled: Canceled
	at new D (/home/olga/.vscode-server/bin/38c31bc77e0dd6ae88a4e9cc93428cc27a56ba40/out/vs/workbench/api/node/extensionHostProcess.js:151:35235)
	at y.U (/home/olga/.vscode-server/bin/38c31bc77e0dd6ae88a4e9cc93428cc27a56ba40/out/vs/workbench/api/node/extensionHostProcess.js:158:6005)
	at V.<computed>.F.charCodeAt.A.CharCode.DollarSign.V.<computed> (/home/olga/.vscode-server/bin/38c31bc77e0dd6ae88a4e9cc93428cc27a56ba40/out/vs/workbench/api/node/extensionHostProcess.js:158:3107)
	at h.g (/home/olga/.vscode-server/bin/38c31bc77e0dd6ae88a4e9cc93428cc27a56ba40/out/vs/workbench/api/node/extensionHostProcess.js:161:210015)
	at h.executeCommand (/home/olga/.vscode-server/bin/38c31bc77e0dd6ae88a4e9cc93428cc27a56ba40/out/vs/workbench/api/node/extensionHostProcess.js:161:209453)
	at C.registerCommand.description (/home/olga/.vscode-server/bin/38c31bc77e0dd6ae88a4e9cc93428cc27a56ba40/out/vs/workbench/api/node/extensionHostProcess.js:161:208777)
	at h (/home/olga/.vscode-server/bin/38c31bc77e0dd6ae88a4e9cc93428cc27a56ba40/out/vs/workbench/api/node/extensionHostProcess.js:161:210554)
	at h.g (/home/olga/.vscode-server/bin/38c31bc77e0dd6ae88a4e9cc93428cc27a56ba40/out/vs/workbench/api/node/extensionHostProcess.js:161:209546)
	at h.executeCommand (/home/olga/.vscode-server/bin/38c31bc77e0dd6ae88a4e9cc93428cc27a56ba40/out/vs/workbench/api/node/extensionHostProcess.js:161:209453)
	at Object.executeCommand (/home/olga/.vscode-server/bin/38c31bc77e0dd6ae88a4e9cc93428cc27a56ba40/out/vs/workbench/api/node/extensionHostProcess.js:171:30683)
	at i.O [as value] (/home/olga/.vscode-server/bin/38c31bc77e0dd6ae88a4e9cc93428cc27a56ba40/extensions/git/dist/main.js:2:952009)
	at r.B (/home/olga/.vscode-server/bin/38c31bc77e0dd6ae88a4e9cc93428cc27a56ba40/out/vs/workbench/api/node/extensionHostProcess.js:90:732)
	at r.C (/home/olga/.vscode-server/bin/38c31bc77e0dd6ae88a4e9cc93428cc27a56ba40/out/vs/workbench/api/node/extensionHostProcess.js:90:802)
	at r.fire (/home/olga/.vscode-server/bin/38c31bc77e0dd6ae88a4e9cc93428cc27a56ba40/out/vs/workbench/api/node/extensionHostProcess.js:90:1018)
	at Object.p [as dispose] (/home/olga/.vscode-server/bin/38c31bc77e0dd6ae88a4e9cc93428cc27a56ba40/extensions/git/dist/main.js:2:972587)
	at /home/olga/.vscode-server/bin/38c31bc77e0dd6ae88a4e9cc93428cc27a56ba40/extensions/git/dist/main.js:2:978709
	at Array.forEach (<anonymous>)
	at f.dispose (/home/olga/.vscode-server/bin/38c31bc77e0dd6ae88a4e9cc93428cc27a56ba40/extensions/git/dist/main.js:2:978695)
	at o.<anonymous> (/home/olga/.vscode-server/bin/38c31bc77e0dd6ae88a4e9cc93428cc27a56ba40/out/vs/workbench/api/node/extensionHostProcess.js:159:4176)
	at o.dispose (/home/olga/.vscode-server/bin/38c31bc77e0dd6ae88a4e9cc93428cc27a56ba40/out/vs/workbench/api/node/extensionHostProcess.js:159:4273)
	at o.<anonymous> (/home/olga/.vscode-server/bin/38c31bc77e0dd6ae88a4e9cc93428cc27a56ba40/extensions/git/dist/main.js:2:954307)
	at o.dispose (/home/olga/.vscode-server/bin/38c31bc77e0dd6ae88a4e9cc93428cc27a56ba40/out/vs/workbench/api/node/extensionHostProcess.js:159:4273)
	at $ (/home/olga/.vscode-server/bin/38c31bc77e0dd6ae88a4e9cc93428cc27a56ba40/out/vs/workbench/api/node/extensionHostProcess.js:30:744)
	at /home/olga/.vscode-server/bin/38c31bc77e0dd6ae88a4e9cc93428cc27a56ba40/out/vs/workbench/api/node/extensionHostProcess.js:167:13607
	at /home/olga/.vscode-server/bin/38c31bc77e0dd6ae88a4e9cc93428cc27a56ba40/out/vs/workbench/api/node/extensionHostProcess.js:30:1112
	at Object.dispose (/home/olga/.vscode-server/bin/38c31bc77e0dd6ae88a4e9cc93428cc27a56ba40/out/vs/workbench/api/node/extensionHostProcess.js:11:11463)
	at m.eb (/home/olga/.vscode-server/bin/38c31bc77e0dd6ae88a4e9cc93428cc27a56ba40/out/vs/workbench/api/node/extensionHostProcess.js:167:10282)
	at /home/olga/.vscode-server/bin/38c31bc77e0dd6ae88a4e9cc93428cc27a56ba40/out/vs/workbench/api/node/extensionHostProcess.js:167:8153
	at Array.map (<anonymous>)
	at m.$ (/home/olga/.vscode-server/bin/38c31bc77e0dd6ae88a4e9cc93428cc27a56ba40/out/vs/workbench/api/node/extensionHostProcess.js:167:8140)
	at m.terminate (/home/olga/.vscode-server/bin/38c31bc77e0dd6ae88a4e9cc93428cc27a56ba40/out/vs/workbench/api/node/extensionHostProcess.js:167:8413)
	at $.terminate (/home/olga/.vscode-server/bin/38c31bc77e0dd6ae88a4e9cc93428cc27a56ba40/out/vs/workbench/api/node/extensionHostProcess.js:171:1513)
	at n (/home/olga/.vscode-server/bin/38c31bc77e0dd6ae88a4e9cc93428cc27a56ba40/out/vs/workbench/api/node/extensionHostProcess.js:184:10613)
	at i.value (/home/olga/.vscode-server/bin/38c31bc77e0dd6ae88a4e9cc93428cc27a56ba40/out/vs/workbench/api/node/extensionHostProcess.js:184:8581)
	at r.B (/home/olga/.vscode-server/bin/38c31bc77e0dd6ae88a4e9cc93428cc27a56ba40/out/vs/workbench/api/node/extensionHostProcess.js:90:732)
	at r.fire (/home/olga/.vscode-server/bin/38c31bc77e0dd6ae88a4e9cc93428cc27a56ba40/out/vs/workbench/api/node/extensionHostProcess.js:90:949)
	at a.fire (/home/olga/.vscode-server/bin/38c31bc77e0dd6ae88a4e9cc93428cc27a56ba40/out/vs/workbench/api/node/extensionHostProcess.js:115:14463)
	at h.A (/home/olga/.vscode-server/bin/38c31bc77e0dd6ae88a4e9cc93428cc27a56ba40/out/vs/workbench/api/node/extensionHostProcess.js:115:17622)
	at i.value (/home/olga/.vscode-server/bin/38c31bc77e0dd6ae88a4e9cc93428cc27a56ba40/out/vs/workbench/api/node/extensionHostProcess.js:115:16996)
	at r.B (/home/olga/.vscode-server/bin/38c31bc77e0dd6ae88a4e9cc93428cc27a56ba40/out/vs/workbench/api/node/extensionHostProcess.js:90:732)
	at r.fire (/home/olga/.vscode-server/bin/38c31bc77e0dd6ae88a4e9cc93428cc27a56ba40/out/vs/workbench/api/node/extensionHostProcess.js:90:949)
	at m.acceptChunk (/home/olga/.vscode-server/bin/38c31bc77e0dd6ae88a4e9cc93428cc27a56ba40/out/vs/workbench/api/node/extensionHostProcess.js:115:12209)
	at i.value (/home/olga/.vscode-server/bin/38c31bc77e0dd6ae88a4e9cc93428cc27a56ba40/out/vs/workbench/api/node/extensionHostProcess.js:115:11479)
	at r.B (/home/olga/.vscode-server/bin/38c31bc77e0dd6ae88a4e9cc93428cc27a56ba40/out/vs/workbench/api/node/extensionHostProcess.js:90:732)
	at r.fire (/home/olga/.vscode-server/bin/38c31bc77e0dd6ae88a4e9cc93428cc27a56ba40/out/vs/workbench/api/node/extensionHostProcess.js:90:949)
	at a.z (/home/olga/.vscode-server/bin/38c31bc77e0dd6ae88a4e9cc93428cc27a56ba40/out/vs/workbench/api/node/extensionHostProcess.js:181:21815)
	at a.acceptFrame (/home/olga/.vscode-server/bin/38c31bc77e0dd6ae88a4e9cc93428cc27a56ba40/out/vs/workbench/api/node/extensionHostProcess.js:181:21621)
	at i.n (/home/olga/.vscode-server/bin/38c31bc77e0dd6ae88a4e9cc93428cc27a56ba40/out/vs/workbench/api/node/extensionHostProcess.js:181:20066)
	at /home/olga/.vscode-server/bin/38c31bc77e0dd6ae88a4e9cc93428cc27a56ba40/out/vs/workbench/api/node/extensionHostProcess.js:181:16993
	at Socket.b (/home/olga/.vscode-server/bin/38c31bc77e0dd6ae88a4e9cc93428cc27a56ba40/out/vs/workbench/api/node/extensionHostProcess.js:181:14623)
	at Socket.emit (node:events:519:28)
	at addChunk (node:internal/streams/readable:559:12)
	at readableAddChunkPushByteMode (node:internal/streams/readable:510:3)
	at Readable.push (node:internal/streams/readable:390:5)
	at TCP.onStreamRead (node:internal/stream_base_commons:191:23) setContext undefined
2024-09-23 14:54:01.696 [error] Canceled: Canceled
	at new D (/home/olga/.vscode-server/bin/38c31bc77e0dd6ae88a4e9cc93428cc27a56ba40/out/vs/workbench/api/node/extensionHostProcess.js:151:35235)
	at y.U (/home/olga/.vscode-server/bin/38c31bc77e0dd6ae88a4e9cc93428cc27a56ba40/out/vs/workbench/api/node/extensionHostProcess.js:158:6005)
	at V.<computed>.F.charCodeAt.A.CharCode.DollarSign.V.<computed> (/home/olga/.vscode-server/bin/38c31bc77e0dd6ae88a4e9cc93428cc27a56ba40/out/vs/workbench/api/node/extensionHostProcess.js:158:3107)
	at h.g (/home/olga/.vscode-server/bin/38c31bc77e0dd6ae88a4e9cc93428cc27a56ba40/out/vs/workbench/api/node/extensionHostProcess.js:161:210015)
	at h.executeCommand (/home/olga/.vscode-server/bin/38c31bc77e0dd6ae88a4e9cc93428cc27a56ba40/out/vs/workbench/api/node/extensionHostProcess.js:161:209453)
	at C.registerCommand.description (/home/olga/.vscode-server/bin/38c31bc77e0dd6ae88a4e9cc93428cc27a56ba40/out/vs/workbench/api/node/extensionHostProcess.js:161:208777)
	at h (/home/olga/.vscode-server/bin/38c31bc77e0dd6ae88a4e9cc93428cc27a56ba40/out/vs/workbench/api/node/extensionHostProcess.js:161:210554)
	at h.g (/home/olga/.vscode-server/bin/38c31bc77e0dd6ae88a4e9cc93428cc27a56ba40/out/vs/workbench/api/node/extensionHostProcess.js:161:209546)
	at h.executeCommand (/home/olga/.vscode-server/bin/38c31bc77e0dd6ae88a4e9cc93428cc27a56ba40/out/vs/workbench/api/node/extensionHostProcess.js:161:209453)
	at Object.executeCommand (/home/olga/.vscode-server/bin/38c31bc77e0dd6ae88a4e9cc93428cc27a56ba40/out/vs/workbench/api/node/extensionHostProcess.js:171:30683)
	at i.O [as value] (/home/olga/.vscode-server/bin/38c31bc77e0dd6ae88a4e9cc93428cc27a56ba40/extensions/git/dist/main.js:2:952009)
	at r.B (/home/olga/.vscode-server/bin/38c31bc77e0dd6ae88a4e9cc93428cc27a56ba40/out/vs/workbench/api/node/extensionHostProcess.js:90:732)
	at r.C (/home/olga/.vscode-server/bin/38c31bc77e0dd6ae88a4e9cc93428cc27a56ba40/out/vs/workbench/api/node/extensionHostProcess.js:90:802)
	at r.fire (/home/olga/.vscode-server/bin/38c31bc77e0dd6ae88a4e9cc93428cc27a56ba40/out/vs/workbench/api/node/extensionHostProcess.js:90:1018)
	at Object.p [as dispose] (/home/olga/.vscode-server/bin/38c31bc77e0dd6ae88a4e9cc93428cc27a56ba40/extensions/git/dist/main.js:2:972587)
	at /home/olga/.vscode-server/bin/38c31bc77e0dd6ae88a4e9cc93428cc27a56ba40/extensions/git/dist/main.js:2:978709
	at Array.forEach (<anonymous>)
	at f.dispose (/home/olga/.vscode-server/bin/38c31bc77e0dd6ae88a4e9cc93428cc27a56ba40/extensions/git/dist/main.js:2:978695)
	at o.<anonymous> (/home/olga/.vscode-server/bin/38c31bc77e0dd6ae88a4e9cc93428cc27a56ba40/out/vs/workbench/api/node/extensionHostProcess.js:159:4176)
	at o.dispose (/home/olga/.vscode-server/bin/38c31bc77e0dd6ae88a4e9cc93428cc27a56ba40/out/vs/workbench/api/node/extensionHostProcess.js:159:4273)
	at o.<anonymous> (/home/olga/.vscode-server/bin/38c31bc77e0dd6ae88a4e9cc93428cc27a56ba40/extensions/git/dist/main.js:2:954307)
	at o.dispose (/home/olga/.vscode-server/bin/38c31bc77e0dd6ae88a4e9cc93428cc27a56ba40/out/vs/workbench/api/node/extensionHostProcess.js:159:4273)
	at $ (/home/olga/.vscode-server/bin/38c31bc77e0dd6ae88a4e9cc93428cc27a56ba40/out/vs/workbench/api/node/extensionHostProcess.js:30:744)
	at /home/olga/.vscode-server/bin/38c31bc77e0dd6ae88a4e9cc93428cc27a56ba40/out/vs/workbench/api/node/extensionHostProcess.js:167:13607
	at /home/olga/.vscode-server/bin/38c31bc77e0dd6ae88a4e9cc93428cc27a56ba40/out/vs/workbench/api/node/extensionHostProcess.js:30:1112
	at Object.dispose (/home/olga/.vscode-server/bin/38c31bc77e0dd6ae88a4e9cc93428cc27a56ba40/out/vs/workbench/api/node/extensionHostProcess.js:11:11463)
	at m.eb (/home/olga/.vscode-server/bin/38c31bc77e0dd6ae88a4e9cc93428cc27a56ba40/out/vs/workbench/api/node/extensionHostProcess.js:167:10282)
	at /home/olga/.vscode-server/bin/38c31bc77e0dd6ae88a4e9cc93428cc27a56ba40/out/vs/workbench/api/node/extensionHostProcess.js:167:8153
	at Array.map (<anonymous>)
	at m.$ (/home/olga/.vscode-server/bin/38c31bc77e0dd6ae88a4e9cc93428cc27a56ba40/out/vs/workbench/api/node/extensionHostProcess.js:167:8140)
	at m.terminate (/home/olga/.vscode-server/bin/38c31bc77e0dd6ae88a4e9cc93428cc27a56ba40/out/vs/workbench/api/node/extensionHostProcess.js:167:8413)
	at $.terminate (/home/olga/.vscode-server/bin/38c31bc77e0dd6ae88a4e9cc93428cc27a56ba40/out/vs/workbench/api/node/extensionHostProcess.js:171:1513)
	at n (/home/olga/.vscode-server/bin/38c31bc77e0dd6ae88a4e9cc93428cc27a56ba40/out/vs/workbench/api/node/extensionHostProcess.js:184:10613)
	at i.value (/home/olga/.vscode-server/bin/38c31bc77e0dd6ae88a4e9cc93428cc27a56ba40/out/vs/workbench/api/node/extensionHostProcess.js:184:8581)
	at r.B (/home/olga/.vscode-server/bin/38c31bc77e0dd6ae88a4e9cc93428cc27a56ba40/out/vs/workbench/api/node/extensionHostProcess.js:90:732)
	at r.fire (/home/olga/.vscode-server/bin/38c31bc77e0dd6ae88a4e9cc93428cc27a56ba40/out/vs/workbench/api/node/extensionHostProcess.js:90:949)
	at a.fire (/home/olga/.vscode-server/bin/38c31bc77e0dd6ae88a4e9cc93428cc27a56ba40/out/vs/workbench/api/node/extensionHostProcess.js:115:14463)
	at h.A (/home/olga/.vscode-server/bin/38c31bc77e0dd6ae88a4e9cc93428cc27a56ba40/out/vs/workbench/api/node/extensionHostProcess.js:115:17622)
	at i.value (/home/olga/.vscode-server/bin/38c31bc77e0dd6ae88a4e9cc93428cc27a56ba40/out/vs/workbench/api/node/extensionHostProcess.js:115:16996)
	at r.B (/home/olga/.vscode-server/bin/38c31bc77e0dd6ae88a4e9cc93428cc27a56ba40/out/vs/workbench/api/node/extensionHostProcess.js:90:732)
	at r.fire (/home/olga/.vscode-server/bin/38c31bc77e0dd6ae88a4e9cc93428cc27a56ba40/out/vs/workbench/api/node/extensionHostProcess.js:90:949)
	at m.acceptChunk (/home/olga/.vscode-server/bin/38c31bc77e0dd6ae88a4e9cc93428cc27a56ba40/out/vs/workbench/api/node/extensionHostProcess.js:115:12209)
	at i.value (/home/olga/.vscode-server/bin/38c31bc77e0dd6ae88a4e9cc93428cc27a56ba40/out/vs/workbench/api/node/extensionHostProcess.js:115:11479)
	at r.B (/home/olga/.vscode-server/bin/38c31bc77e0dd6ae88a4e9cc93428cc27a56ba40/out/vs/workbench/api/node/extensionHostProcess.js:90:732)
	at r.fire (/home/olga/.vscode-server/bin/38c31bc77e0dd6ae88a4e9cc93428cc27a56ba40/out/vs/workbench/api/node/extensionHostProcess.js:90:949)
	at a.z (/home/olga/.vscode-server/bin/38c31bc77e0dd6ae88a4e9cc93428cc27a56ba40/out/vs/workbench/api/node/extensionHostProcess.js:181:21815)
	at a.acceptFrame (/home/olga/.vscode-server/bin/38c31bc77e0dd6ae88a4e9cc93428cc27a56ba40/out/vs/workbench/api/node/extensionHostProcess.js:181:21621)
	at i.n (/home/olga/.vscode-server/bin/38c31bc77e0dd6ae88a4e9cc93428cc27a56ba40/out/vs/workbench/api/node/extensionHostProcess.js:181:20066)
	at /home/olga/.vscode-server/bin/38c31bc77e0dd6ae88a4e9cc93428cc27a56ba40/out/vs/workbench/api/node/extensionHostProcess.js:181:16993
	at Socket.b (/home/olga/.vscode-server/bin/38c31bc77e0dd6ae88a4e9cc93428cc27a56ba40/out/vs/workbench/api/node/extensionHostProcess.js:181:14623)
	at Socket.emit (node:events:519:28)
	at addChunk (node:internal/streams/readable:559:12)
	at readableAddChunkPushByteMode (node:internal/streams/readable:510:3)
	at Readable.push (node:internal/streams/readable:390:5)
	at TCP.onStreamRead (node:internal/stream_base_commons:191:23) setContext undefined
2024-09-23 14:54:01.698 [error] Canceled: Canceled
	at new D (/home/olga/.vscode-server/bin/38c31bc77e0dd6ae88a4e9cc93428cc27a56ba40/out/vs/workbench/api/node/extensionHostProcess.js:151:35235)
	at y.U (/home/olga/.vscode-server/bin/38c31bc77e0dd6ae88a4e9cc93428cc27a56ba40/out/vs/workbench/api/node/extensionHostProcess.js:158:6005)
	at V.<computed>.F.charCodeAt.A.CharCode.DollarSign.V.<computed> (/home/olga/.vscode-server/bin/38c31bc77e0dd6ae88a4e9cc93428cc27a56ba40/out/vs/workbench/api/node/extensionHostProcess.js:158:3107)
	at h.g (/home/olga/.vscode-server/bin/38c31bc77e0dd6ae88a4e9cc93428cc27a56ba40/out/vs/workbench/api/node/extensionHostProcess.js:161:210015)
	at h.executeCommand (/home/olga/.vscode-server/bin/38c31bc77e0dd6ae88a4e9cc93428cc27a56ba40/out/vs/workbench/api/node/extensionHostProcess.js:161:209453)
	at C.registerCommand.description (/home/olga/.vscode-server/bin/38c31bc77e0dd6ae88a4e9cc93428cc27a56ba40/out/vs/workbench/api/node/extensionHostProcess.js:161:208777)
	at h (/home/olga/.vscode-server/bin/38c31bc77e0dd6ae88a4e9cc93428cc27a56ba40/out/vs/workbench/api/node/extensionHostProcess.js:161:210554)
	at h.g (/home/olga/.vscode-server/bin/38c31bc77e0dd6ae88a4e9cc93428cc27a56ba40/out/vs/workbench/api/node/extensionHostProcess.js:161:209546)
	at h.executeCommand (/home/olga/.vscode-server/bin/38c31bc77e0dd6ae88a4e9cc93428cc27a56ba40/out/vs/workbench/api/node/extensionHostProcess.js:161:209453)
	at Object.executeCommand (/home/olga/.vscode-server/bin/38c31bc77e0dd6ae88a4e9cc93428cc27a56ba40/out/vs/workbench/api/node/extensionHostProcess.js:171:30683)
	at i.O [as value] (/home/olga/.vscode-server/bin/38c31bc77e0dd6ae88a4e9cc93428cc27a56ba40/extensions/git/dist/main.js:2:952009)
	at r.B (/home/olga/.vscode-server/bin/38c31bc77e0dd6ae88a4e9cc93428cc27a56ba40/out/vs/workbench/api/node/extensionHostProcess.js:90:732)
	at r.C (/home/olga/.vscode-server/bin/38c31bc77e0dd6ae88a4e9cc93428cc27a56ba40/out/vs/workbench/api/node/extensionHostProcess.js:90:802)
	at r.fire (/home/olga/.vscode-server/bin/38c31bc77e0dd6ae88a4e9cc93428cc27a56ba40/out/vs/workbench/api/node/extensionHostProcess.js:90:1018)
	at Object.p [as dispose] (/home/olga/.vscode-server/bin/38c31bc77e0dd6ae88a4e9cc93428cc27a56ba40/extensions/git/dist/main.js:2:972587)
	at /home/olga/.vscode-server/bin/38c31bc77e0dd6ae88a4e9cc93428cc27a56ba40/extensions/git/dist/main.js:2:978709
	at Array.forEach (<anonymous>)
	at f.dispose (/home/olga/.vscode-server/bin/38c31bc77e0dd6ae88a4e9cc93428cc27a56ba40/extensions/git/dist/main.js:2:978695)
	at o.<anonymous> (/home/olga/.vscode-server/bin/38c31bc77e0dd6ae88a4e9cc93428cc27a56ba40/out/vs/workbench/api/node/extensionHostProcess.js:159:4176)
	at o.dispose (/home/olga/.vscode-server/bin/38c31bc77e0dd6ae88a4e9cc93428cc27a56ba40/out/vs/workbench/api/node/extensionHostProcess.js:159:4273)
	at o.<anonymous> (/home/olga/.vscode-server/bin/38c31bc77e0dd6ae88a4e9cc93428cc27a56ba40/extensions/git/dist/main.js:2:954307)
	at o.dispose (/home/olga/.vscode-server/bin/38c31bc77e0dd6ae88a4e9cc93428cc27a56ba40/out/vs/workbench/api/node/extensionHostProcess.js:159:4273)
	at $ (/home/olga/.vscode-server/bin/38c31bc77e0dd6ae88a4e9cc93428cc27a56ba40/out/vs/workbench/api/node/extensionHostProcess.js:30:744)
	at /home/olga/.vscode-server/bin/38c31bc77e0dd6ae88a4e9cc93428cc27a56ba40/out/vs/workbench/api/node/extensionHostProcess.js:167:13607
	at /home/olga/.vscode-server/bin/38c31bc77e0dd6ae88a4e9cc93428cc27a56ba40/out/vs/workbench/api/node/extensionHostProcess.js:30:1112
	at Object.dispose (/home/olga/.vscode-server/bin/38c31bc77e0dd6ae88a4e9cc93428cc27a56ba40/out/vs/workbench/api/node/extensionHostProcess.js:11:11463)
	at m.eb (/home/olga/.vscode-server/bin/38c31bc77e0dd6ae88a4e9cc93428cc27a56ba40/out/vs/workbench/api/node/extensionHostProcess.js:167:10282)
	at /home/olga/.vscode-server/bin/38c31bc77e0dd6ae88a4e9cc93428cc27a56ba40/out/vs/workbench/api/node/extensionHostProcess.js:167:8153
	at Array.map (<anonymous>)
	at m.$ (/home/olga/.vscode-server/bin/38c31bc77e0dd6ae88a4e9cc93428cc27a56ba40/out/vs/workbench/api/node/extensionHostProcess.js:167:8140)
	at m.terminate (/home/olga/.vscode-server/bin/38c31bc77e0dd6ae88a4e9cc93428cc27a56ba40/out/vs/workbench/api/node/extensionHostProcess.js:167:8413)
	at $.terminate (/home/olga/.vscode-server/bin/38c31bc77e0dd6ae88a4e9cc93428cc27a56ba40/out/vs/workbench/api/node/extensionHostProcess.js:171:1513)
	at n (/home/olga/.vscode-server/bin/38c31bc77e0dd6ae88a4e9cc93428cc27a56ba40/out/vs/workbench/api/node/extensionHostProcess.js:184:10613)
	at i.value (/home/olga/.vscode-server/bin/38c31bc77e0dd6ae88a4e9cc93428cc27a56ba40/out/vs/workbench/api/node/extensionHostProcess.js:184:8581)
	at r.B (/home/olga/.vscode-server/bin/38c31bc77e0dd6ae88a4e9cc93428cc27a56ba40/out/vs/workbench/api/node/extensionHostProcess.js:90:732)
	at r.fire (/home/olga/.vscode-server/bin/38c31bc77e0dd6ae88a4e9cc93428cc27a56ba40/out/vs/workbench/api/node/extensionHostProcess.js:90:949)
	at a.fire (/home/olga/.vscode-server/bin/38c31bc77e0dd6ae88a4e9cc93428cc27a56ba40/out/vs/workbench/api/node/extensionHostProcess.js:115:14463)
	at h.A (/home/olga/.vscode-server/bin/38c31bc77e0dd6ae88a4e9cc93428cc27a56ba40/out/vs/workbench/api/node/extensionHostProcess.js:115:17622)
	at i.value (/home/olga/.vscode-server/bin/38c31bc77e0dd6ae88a4e9cc93428cc27a56ba40/out/vs/workbench/api/node/extensionHostProcess.js:115:16996)
	at r.B (/home/olga/.vscode-server/bin/38c31bc77e0dd6ae88a4e9cc93428cc27a56ba40/out/vs/workbench/api/node/extensionHostProcess.js:90:732)
	at r.fire (/home/olga/.vscode-server/bin/38c31bc77e0dd6ae88a4e9cc93428cc27a56ba40/out/vs/workbench/api/node/extensionHostProcess.js:90:949)
	at m.acceptChunk (/home/olga/.vscode-server/bin/38c31bc77e0dd6ae88a4e9cc93428cc27a56ba40/out/vs/workbench/api/node/extensionHostProcess.js:115:12209)
	at i.value (/home/olga/.vscode-server/bin/38c31bc77e0dd6ae88a4e9cc93428cc27a56ba40/out/vs/workbench/api/node/extensionHostProcess.js:115:11479)
	at r.B (/home/olga/.vscode-server/bin/38c31bc77e0dd6ae88a4e9cc93428cc27a56ba40/out/vs/workbench/api/node/extensionHostProcess.js:90:732)
	at r.fire (/home/olga/.vscode-server/bin/38c31bc77e0dd6ae88a4e9cc93428cc27a56ba40/out/vs/workbench/api/node/extensionHostProcess.js:90:949)
	at a.z (/home/olga/.vscode-server/bin/38c31bc77e0dd6ae88a4e9cc93428cc27a56ba40/out/vs/workbench/api/node/extensionHostProcess.js:181:21815)
	at a.acceptFrame (/home/olga/.vscode-server/bin/38c31bc77e0dd6ae88a4e9cc93428cc27a56ba40/out/vs/workbench/api/node/extensionHostProcess.js:181:21621)
	at i.n (/home/olga/.vscode-server/bin/38c31bc77e0dd6ae88a4e9cc93428cc27a56ba40/out/vs/workbench/api/node/extensionHostProcess.js:181:20066)
	at /home/olga/.vscode-server/bin/38c31bc77e0dd6ae88a4e9cc93428cc27a56ba40/out/vs/workbench/api/node/extensionHostProcess.js:181:16993
	at Socket.b (/home/olga/.vscode-server/bin/38c31bc77e0dd6ae88a4e9cc93428cc27a56ba40/out/vs/workbench/api/node/extensionHostProcess.js:181:14623)
	at Socket.emit (node:events:519:28)
	at addChunk (node:internal/streams/readable:559:12)
	at readableAddChunkPushByteMode (node:internal/streams/readable:510:3)
	at Readable.push (node:internal/streams/readable:390:5)
	at TCP.onStreamRead (node:internal/stream_base_commons:191:23) setContext undefined
2024-09-23 14:54:01.707 [error] Canceled: Canceled
	at new D (/home/olga/.vscode-server/bin/38c31bc77e0dd6ae88a4e9cc93428cc27a56ba40/out/vs/workbench/api/node/extensionHostProcess.js:151:35235)
	at y.U (/home/olga/.vscode-server/bin/38c31bc77e0dd6ae88a4e9cc93428cc27a56ba40/out/vs/workbench/api/node/extensionHostProcess.js:158:6005)
	at V.<computed>.F.charCodeAt.A.CharCode.DollarSign.V.<computed> (/home/olga/.vscode-server/bin/38c31bc77e0dd6ae88a4e9cc93428cc27a56ba40/out/vs/workbench/api/node/extensionHostProcess.js:158:3107)
	at h.g (/home/olga/.vscode-server/bin/38c31bc77e0dd6ae88a4e9cc93428cc27a56ba40/out/vs/workbench/api/node/extensionHostProcess.js:161:210015)
	at h.executeCommand (/home/olga/.vscode-server/bin/38c31bc77e0dd6ae88a4e9cc93428cc27a56ba40/out/vs/workbench/api/node/extensionHostProcess.js:161:209453)
	at C.registerCommand.description (/home/olga/.vscode-server/bin/38c31bc77e0dd6ae88a4e9cc93428cc27a56ba40/out/vs/workbench/api/node/extensionHostProcess.js:161:208777)
	at h (/home/olga/.vscode-server/bin/38c31bc77e0dd6ae88a4e9cc93428cc27a56ba40/out/vs/workbench/api/node/extensionHostProcess.js:161:210554)
	at h.g (/home/olga/.vscode-server/bin/38c31bc77e0dd6ae88a4e9cc93428cc27a56ba40/out/vs/workbench/api/node/extensionHostProcess.js:161:209546)
	at h.executeCommand (/home/olga/.vscode-server/bin/38c31bc77e0dd6ae88a4e9cc93428cc27a56ba40/out/vs/workbench/api/node/extensionHostProcess.js:161:209453)
	at Object.executeCommand (/home/olga/.vscode-server/bin/38c31bc77e0dd6ae88a4e9cc93428cc27a56ba40/out/vs/workbench/api/node/extensionHostProcess.js:171:30683)
	at set hasGitHubRepositories [as hasGitHubRepositories] (/home/olga/.vscode-server/bin/38c31bc77e0dd6ae88a4e9cc93428cc27a56ba40/extensions/github/dist/extension.js:2:322969)
	at /home/olga/.vscode-server/bin/38c31bc77e0dd6ae88a4e9cc93428cc27a56ba40/extensions/github/dist/extension.js:2:323928
	at i.value (/home/olga/.vscode-server/bin/38c31bc77e0dd6ae88a4e9cc93428cc27a56ba40/extensions/git/dist/main.js:2:1060944)
	at r.B (/home/olga/.vscode-server/bin/38c31bc77e0dd6ae88a4e9cc93428cc27a56ba40/out/vs/workbench/api/node/extensionHostProcess.js:90:732)
	at r.C (/home/olga/.vscode-server/bin/38c31bc77e0dd6ae88a4e9cc93428cc27a56ba40/out/vs/workbench/api/node/extensionHostProcess.js:90:802)
	at r.fire (/home/olga/.vscode-server/bin/38c31bc77e0dd6ae88a4e9cc93428cc27a56ba40/out/vs/workbench/api/node/extensionHostProcess.js:90:1018)
	at Object.p [as dispose] (/home/olga/.vscode-server/bin/38c31bc77e0dd6ae88a4e9cc93428cc27a56ba40/extensions/git/dist/main.js:2:972587)
	at /home/olga/.vscode-server/bin/38c31bc77e0dd6ae88a4e9cc93428cc27a56ba40/extensions/git/dist/main.js:2:978709
	at Array.forEach (<anonymous>)
	at f.dispose (/home/olga/.vscode-server/bin/38c31bc77e0dd6ae88a4e9cc93428cc27a56ba40/extensions/git/dist/main.js:2:978695)
	at o.<anonymous> (/home/olga/.vscode-server/bin/38c31bc77e0dd6ae88a4e9cc93428cc27a56ba40/out/vs/workbench/api/node/extensionHostProcess.js:159:4176)
	at o.dispose (/home/olga/.vscode-server/bin/38c31bc77e0dd6ae88a4e9cc93428cc27a56ba40/out/vs/workbench/api/node/extensionHostProcess.js:159:4273)
	at o.<anonymous> (/home/olga/.vscode-server/bin/38c31bc77e0dd6ae88a4e9cc93428cc27a56ba40/extensions/git/dist/main.js:2:954307)
	at o.dispose (/home/olga/.vscode-server/bin/38c31bc77e0dd6ae88a4e9cc93428cc27a56ba40/out/vs/workbench/api/node/extensionHostProcess.js:159:4273)
	at $ (/home/olga/.vscode-server/bin/38c31bc77e0dd6ae88a4e9cc93428cc27a56ba40/out/vs/workbench/api/node/extensionHostProcess.js:30:744)
	at /home/olga/.vscode-server/bin/38c31bc77e0dd6ae88a4e9cc93428cc27a56ba40/out/vs/workbench/api/node/extensionHostProcess.js:167:13607
	at /home/olga/.vscode-server/bin/38c31bc77e0dd6ae88a4e9cc93428cc27a56ba40/out/vs/workbench/api/node/extensionHostProcess.js:30:1112
	at Object.dispose (/home/olga/.vscode-server/bin/38c31bc77e0dd6ae88a4e9cc93428cc27a56ba40/out/vs/workbench/api/node/extensionHostProcess.js:11:11463)
	at m.eb (/home/olga/.vscode-server/bin/38c31bc77e0dd6ae88a4e9cc93428cc27a56ba40/out/vs/workbench/api/node/extensionHostProcess.js:167:10282)
	at /home/olga/.vscode-server/bin/38c31bc77e0dd6ae88a4e9cc93428cc27a56ba40/out/vs/workbench/api/node/extensionHostProcess.js:167:8153
	at Array.map (<anonymous>)
	at m.$ (/home/olga/.vscode-server/bin/38c31bc77e0dd6ae88a4e9cc93428cc27a56ba40/out/vs/workbench/api/node/extensionHostProcess.js:167:8140)
	at m.terminate (/home/olga/.vscode-server/bin/38c31bc77e0dd6ae88a4e9cc93428cc27a56ba40/out/vs/workbench/api/node/extensionHostProcess.js:167:8413)
	at $.terminate (/home/olga/.vscode-server/bin/38c31bc77e0dd6ae88a4e9cc93428cc27a56ba40/out/vs/workbench/api/node/extensionHostProcess.js:171:1513)
	at n (/home/olga/.vscode-server/bin/38c31bc77e0dd6ae88a4e9cc93428cc27a56ba40/out/vs/workbench/api/node/extensionHostProcess.js:184:10613)
	at i.value (/home/olga/.vscode-server/bin/38c31bc77e0dd6ae88a4e9cc93428cc27a56ba40/out/vs/workbench/api/node/extensionHostProcess.js:184:8581)
	at r.B (/home/olga/.vscode-server/bin/38c31bc77e0dd6ae88a4e9cc93428cc27a56ba40/out/vs/workbench/api/node/extensionHostProcess.js:90:732)
	at r.fire (/home/olga/.vscode-server/bin/38c31bc77e0dd6ae88a4e9cc93428cc27a56ba40/out/vs/workbench/api/node/extensionHostProcess.js:90:949)
	at a.fire (/home/olga/.vscode-server/bin/38c31bc77e0dd6ae88a4e9cc93428cc27a56ba40/out/vs/workbench/api/node/extensionHostProcess.js:115:14463)
	at h.A (/home/olga/.vscode-server/bin/38c31bc77e0dd6ae88a4e9cc93428cc27a56ba40/out/vs/workbench/api/node/extensionHostProcess.js:115:17622)
	at i.value (/home/olga/.vscode-server/bin/38c31bc77e0dd6ae88a4e9cc93428cc27a56ba40/out/vs/workbench/api/node/extensionHostProcess.js:115:16996)
	at r.B (/home/olga/.vscode-server/bin/38c31bc77e0dd6ae88a4e9cc93428cc27a56ba40/out/vs/workbench/api/node/extensionHostProcess.js:90:732)
	at r.fire (/home/olga/.vscode-server/bin/38c31bc77e0dd6ae88a4e9cc93428cc27a56ba40/out/vs/workbench/api/node/extensionHostProcess.js:90:949)
	at m.acceptChunk (/home/olga/.vscode-server/bin/38c31bc77e0dd6ae88a4e9cc93428cc27a56ba40/out/vs/workbench/api/node/extensionHostProcess.js:115:12209)
	at i.value (/home/olga/.vscode-server/bin/38c31bc77e0dd6ae88a4e9cc93428cc27a56ba40/out/vs/workbench/api/node/extensionHostProcess.js:115:11479)
	at r.B (/home/olga/.vscode-server/bin/38c31bc77e0dd6ae88a4e9cc93428cc27a56ba40/out/vs/workbench/api/node/extensionHostProcess.js:90:732)
	at r.fire (/home/olga/.vscode-server/bin/38c31bc77e0dd6ae88a4e9cc93428cc27a56ba40/out/vs/workbench/api/node/extensionHostProcess.js:90:949)
	at a.z (/home/olga/.vscode-server/bin/38c31bc77e0dd6ae88a4e9cc93428cc27a56ba40/out/vs/workbench/api/node/extensionHostProcess.js:181:21815)
	at a.acceptFrame (/home/olga/.vscode-server/bin/38c31bc77e0dd6ae88a4e9cc93428cc27a56ba40/out/vs/workbench/api/node/extensionHostProcess.js:181:21621)
	at i.n (/home/olga/.vscode-server/bin/38c31bc77e0dd6ae88a4e9cc93428cc27a56ba40/out/vs/workbench/api/node/extensionHostProcess.js:181:20066)
	at /home/olga/.vscode-server/bin/38c31bc77e0dd6ae88a4e9cc93428cc27a56ba40/out/vs/workbench/api/node/extensionHostProcess.js:181:16993
	at Socket.b (/home/olga/.vscode-server/bin/38c31bc77e0dd6ae88a4e9cc93428cc27a56ba40/out/vs/workbench/api/node/extensionHostProcess.js:181:14623)
	at Socket.emit (node:events:519:28)
	at addChunk (node:internal/streams/readable:559:12)
	at readableAddChunkPushByteMode (node:internal/streams/readable:510:3)
	at Readable.push (node:internal/streams/readable:390:5)
	at TCP.onStreamRead (node:internal/stream_base_commons:191:23) setContext undefined
2024-09-23 14:54:01.722 [info] Extension host with pid 257528 exiting with code 0
