Activating GitHub Actions extension...

Cannot fetch github context
Error: Cannot fetch github context
	at vt (/home/olga/.vscode-server/extensions/github.vscode-github-actions-0.27.0/dist/extension-node.js:2:1447918)
	at process.processTicksAndRejections (node:internal/process/task_queues:95:5)
	at async /home/olga/.vscode-server/extensions/github.vscode-github-actions-0.27.0/dist/extension-node.js:2:1629947
	at async Os (/home/olga/.vscode-server/extensions/github.vscode-github-actions-0.27.0/dist/extension-node.js:2:1629019)
	at async x0.n (file:///home/olga/.vscode-server/bin/384ff7382de624fb94dbaf6da11977bba1ecd427/out/vs/workbench/api/node/extensionHostProcess.js:114:4450)
	at async x0.m (file:///home/olga/.vscode-server/bin/384ff7382de624fb94dbaf6da11977bba1ecd427/out/vs/workbench/api/node/extensionHostProcess.js:114:4413)
	at async x0.l (file:///home/olga/.vscode-server/bin/384ff7382de624fb94dbaf6da11977bba1ecd427/out/vs/workbench/api/node/extensionHostProcess.js:114:3869)

Cannot fetch github context
Error: Cannot fetch github context
	at vt (/home/olga/.vscode-server/extensions/github.vscode-github-actions-0.27.0/dist/extension-node.js:2:1447918)
	at process.processTicksAndRejections (node:internal/process/task_queues:95:5)
	at async Bt (/home/olga/.vscode-server/extensions/github.vscode-github-actions-0.27.0/dist/extension-node.js:2:1448248)
	at async Os (/home/olga/.vscode-server/extensions/github.vscode-github-actions-0.27.0/dist/extension-node.js:2:1640706)
	at async x0.n (file:///home/olga/.vscode-server/bin/384ff7382de624fb94dbaf6da11977bba1ecd427/out/vs/workbench/api/node/extensionHostProcess.js:114:4450)
	at async x0.m (file:///home/olga/.vscode-server/bin/384ff7382de624fb94dbaf6da11977bba1ecd427/out/vs/workbench/api/node/extensionHostProcess.js:114:4413)
	at async x0.l (file:///home/olga/.vscode-server/bin/384ff7382de624fb94dbaf6da11977bba1ecd427/out/vs/workbench/api/node/extensionHostProcess.js:114:3869)
...initialized
