2024-12-10 17:54:50.936 [info] [основное] Уровень ведения журнала: Info
2024-12-10 17:54:50.936 [info] [основное] Проверка найденного Git в: "git"
2024-12-10 17:54:50.936 [info] [основное] Используется Git "2.34.1" из "git"
2024-12-10 17:54:50.936 [info] [Model][doInitialScan] Initial repository scan started
2024-12-10 17:54:50.936 [info] > git rev-parse --show-toplevel [151ms]
2024-12-10 17:54:51.032 [info] > git rev-parse --git-dir --git-common-dir [29ms]
2024-12-10 17:54:51.214 [info] [Model][openRepository] Opened repository: /home/olga
2024-12-10 17:54:51.381 [info] > git rev-parse --show-toplevel [40ms]
2024-12-10 17:54:51.396 [info] > git config --get commit.template [83ms]
2024-12-10 17:54:51.862 [info] > git rev-parse --git-dir --git-common-dir [416ms]
2024-12-10 17:54:51.876 [info] [Model][openRepository] Opened repository: /home/olga/frontend-project-46
2024-12-10 17:54:52.060 [info] > git for-each-ref --format=%(refname)%00%(upstream:short)%00%(objectname)%00%(upstream:track)%00%(upstream:remotename)%00%(upstream:remoteref) refs/heads/main refs/remotes/main [529ms]
2024-12-10 17:54:52.145 [warning] [Git][revParse] Unable to read file: ENOENT: no such file or directory, open '/home/olga/.git/refs/remotes/origin/main'
2024-12-10 17:54:52.347 [info] > git check-ignore -v -z --stdin [405ms]
2024-12-10 17:54:52.359 [info] > git config --get commit.template [374ms]
2024-12-10 17:54:52.375 [info] > git rev-parse refs/remotes/origin/main [230ms]
2024-12-10 17:54:52.469 [info] > git for-each-ref --sort -committerdate --format %(refname) %(objectname) %(*objectname) [48ms]
2024-12-10 17:54:52.530 [info] > git for-each-ref --format=%(refname)%00%(upstream:short)%00%(objectname)%00%(upstream:track)%00%(upstream:remotename)%00%(upstream:remoteref) refs/heads/main refs/remotes/main [89ms]
2024-12-10 17:54:52.577 [warning] [Git][revParse] Unable to read file: ENOENT: no such file or directory, open '/home/olga/frontend-project-46/.git/refs/remotes/origin/main'
2024-12-10 17:54:52.613 [info] > git rev-parse refs/remotes/origin/main [36ms]
2024-12-10 17:54:52.708 [info] > git status -z -uall [66ms]
2024-12-10 17:54:52.718 [info] > git check-ignore -v -z --stdin [47ms]
2024-12-10 17:54:52.723 [info] > git for-each-ref --sort -committerdate --format %(refname) %(objectname) %(*objectname) [63ms]
2024-12-10 17:54:52.885 [info] > git rev-parse --show-toplevel [273ms]
2024-12-10 17:54:53.005 [info] > git status -z -uall [611ms]
2024-12-10 17:54:53.005 [info] > git check-ignore -v -z --stdin [306ms]
2024-12-10 17:54:53.010 [info] > git for-each-ref --format=%(refname)%00%(upstream:short)%00%(objectname)%00%(upstream:track)%00%(upstream:remotename)%00%(upstream:remoteref) refs/heads/main refs/remotes/main [149ms]
2024-12-10 17:54:54.059 [info] > git for-each-ref --format=%(refname)%00%(upstream:short)%00%(objectname)%00%(upstream:track)%00%(upstream:remotename)%00%(upstream:remoteref) refs/heads/main refs/remotes/main [839ms]
2024-12-10 17:54:54.063 [info] > git config --local branch.main.vscode-merge-base [1047ms]
2024-12-10 17:54:54.070 [info] > git rev-parse --git-dir --git-common-dir [1079ms]
2024-12-10 17:54:54.081 [info] [Model][openRepository] Opened repository: /home/olga/.asdf
2024-12-10 17:54:54.084 [info] > git config --get commit.template [1102ms]
2024-12-10 17:54:54.333 [info] > git for-each-ref --format=%(refname)%00%(upstream:short)%00%(objectname)%00%(upstream:track)%00%(upstream:remotename)%00%(upstream:remoteref) refs/heads/origin/main refs/remotes/origin/main [263ms]
2024-12-10 17:54:54.368 [info] > git config --local branch.main.vscode-merge-base [302ms]
2024-12-10 17:54:54.368 [warning] [Git][config] git config failed: Failed to execute git
2024-12-10 17:54:54.395 [info] > git config --get commit.template [382ms]
2024-12-10 17:54:54.444 [info] > git reflog main --grep-reflog=branch: Created from *. [49ms]
2024-12-10 17:54:54.449 [info] > git merge-base refs/heads/main refs/remotes/origin/main [86ms]
2024-12-10 17:54:54.469 [info] > git rev-parse --show-toplevel [206ms]
2024-12-10 17:54:54.470 [info] > git config --get commit.template [226ms]
2024-12-10 17:54:54.507 [info] > git diff --name-status -z --diff-filter=ADMR 266c8897e36b47a81268cae87f85a28f7d19108d...refs/remotes/origin/main [42ms]
2024-12-10 17:54:54.509 [info] > git symbolic-ref --short refs/remotes/origin/HEAD [61ms]
2024-12-10 17:54:54.509 [info] fatal: ref refs/remotes/origin/HEAD is not a symbolic ref
2024-12-10 17:54:54.509 [warning] [Repository][getDefaultBranch] Failed to get default branch details: Failed to execute git.
2024-12-10 17:54:54.529 [info] > git for-each-ref --format=%(refname)%00%(upstream:short)%00%(objectname)%00%(upstream:track)%00%(upstream:remotename)%00%(upstream:remoteref) refs/heads/main refs/remotes/main [100ms]
2024-12-10 17:54:54.560 [warning] [Git][revParse] Unable to read file: ENOENT: no such file or directory, open '/home/olga/frontend-project-46/.git/refs/remotes/origin/main'
2024-12-10 17:54:54.730 [info] > git rev-parse --show-toplevel [239ms]
2024-12-10 17:54:54.731 [info] > git for-each-ref --format=%(refname)%00%(upstream:short)%00%(objectname)%00%(upstream:track)%00%(upstream:remotename)%00%(upstream:remoteref) refs/heads/main refs/remotes/main [254ms]
2024-12-10 17:54:54.750 [warning] [Git][revParse] Unable to read file: ENOENT: no such file or directory, open '/home/olga/.git/refs/remotes/origin/main'
2024-12-10 17:54:54.760 [info] > git rev-parse refs/remotes/origin/main [196ms]
2024-12-10 17:54:54.777 [info] > git for-each-ref --format %(refname) %(objectname) %(*objectname) refs/tags [233ms]
2024-12-10 17:54:54.811 [info] > git merge-base refs/heads/main refs/remotes/origin/main [284ms]
2024-12-10 17:54:54.841 [info] > git status -z -uall [71ms]
2024-12-10 17:54:54.841 [info] > git status -z -uall [59ms]
2024-12-10 17:54:54.841 [info] > git diff --name-status -z --diff-filter=ADMR 5cd9030637160ceea4e800aac11068a3cc210de8...refs/remotes/origin/main [22ms]
2024-12-10 17:54:54.842 [info] > git for-each-ref --sort -committerdate --format %(refname) %(objectname) %(*objectname) [34ms]
2024-12-10 17:54:54.855 [info] > git for-each-ref --sort -committerdate --format %(refname) %(objectname) %(*objectname) [77ms]
2024-12-10 17:54:54.874 [info] > git rev-parse refs/remotes/origin/main [124ms]
2024-12-10 17:54:54.906 [info] > git rev-parse --show-toplevel [159ms]
2024-12-10 17:54:54.992 [info] > git check-ignore -v -z --stdin [34ms]
2024-12-10 17:54:54.992 [info] > git check-ignore -v -z --stdin [19ms]
2024-12-10 17:54:54.993 [info] > git rev-parse --show-toplevel [49ms]
2024-12-10 17:54:54.996 [info] > git config --get commit.template [57ms]
2024-12-10 17:54:54.997 [info] > git for-each-ref --sort -committerdate --format %(refname) %(objectname) %(*objectname) [92ms]
2024-12-10 17:54:55.079 [info] > git check-ignore -v -z --stdin [114ms]
2024-12-10 17:54:55.080 [info] > git rev-parse --show-toplevel [40ms]
2024-12-10 17:54:55.100 [info] > git for-each-ref --format %(refname) %(objectname) %(*objectname) refs/tags [35ms]
2024-12-10 17:54:55.168 [info] > git status -z -uall [37ms]
2024-12-10 17:54:55.182 [info] > git rev-parse --show-toplevel [87ms]
2024-12-10 17:54:55.193 [info] > git for-each-ref --sort -committerdate --format %(refname) %(objectname) %(*objectname) [34ms]
2024-12-10 17:54:55.570 [info] > git status -z -uall [684ms]
2024-12-10 17:54:55.581 [info] > git rev-parse --git-dir --git-common-dir [318ms]
2024-12-10 17:54:55.592 [info] [Model][openRepository] Opened repository: /home/olga/.nvm
2024-12-10 17:54:56.395 [info] > git rev-parse --show-toplevel [188ms]
2024-12-10 17:54:56.396 [info] > git config --get commit.template [197ms]
2024-12-10 17:54:56.476 [info] > git rev-parse --show-toplevel [15ms]
2024-12-10 17:54:56.545 [info] > git rev-parse --show-toplevel [45ms]
2024-12-10 17:54:56.546 [info] > git for-each-ref --format %(refname) %(objectname) %(*objectname) refs/tags [74ms]
2024-12-10 17:54:56.597 [info] > git status -z -uall [36ms]
2024-12-10 17:54:56.597 [info] > git for-each-ref --sort -committerdate --format %(refname) %(objectname) %(*objectname) [22ms]
2024-12-10 17:54:56.619 [info] > git rev-parse --show-toplevel [23ms]
2024-12-10 17:54:56.631 [info] > git config --get commit.template [18ms]
2024-12-10 17:54:56.655 [info] > git for-each-ref --format %(refname) %(objectname) %(*objectname) refs/tags [8ms]
2024-12-10 17:54:56.666 [info] > git rev-parse --git-dir --git-common-dir [23ms]
2024-12-10 17:54:56.679 [info] [Model][openRepository] Opened repository: /home/olga/frontend-project-44
2024-12-10 17:54:56.715 [info] > git status -z -uall [54ms]
2024-12-10 17:54:56.715 [info] > git for-each-ref --sort -committerdate --format %(refname) %(objectname) %(*objectname) [50ms]
2024-12-10 17:54:56.847 [info] > git check-ignore -v -z --stdin [115ms]
2024-12-10 17:54:56.847 [info] > git check-ignore -v -z --stdin [78ms]
2024-12-10 17:54:56.848 [info] > git check-ignore -v -z --stdin [17ms]
2024-12-10 17:54:56.849 [info] > git check-ignore -v -z --stdin [13ms]
2024-12-10 17:54:56.851 [info] > git rev-parse --show-toplevel [139ms]
2024-12-10 17:54:56.852 [info] > git config --get commit.template [154ms]
2024-12-10 17:54:56.917 [info] > git rev-parse --git-dir --git-common-dir [54ms]
2024-12-10 17:54:56.929 [info] [Model][openRepository] Opened repository: /home/olga/hexlet-git
2024-12-10 17:54:56.956 [info] > git for-each-ref --format=%(refname)%00%(upstream:short)%00%(objectname)%00%(upstream:track)%00%(upstream:remotename)%00%(upstream:remoteref) refs/heads/main refs/remotes/main [41ms]
2024-12-10 17:54:56.965 [info] > git rev-parse --show-toplevel [17ms]
2024-12-10 17:54:56.968 [info] > git config --get commit.template [28ms]
2024-12-10 17:54:56.990 [info] > git rev-parse --show-toplevel [12ms]
2024-12-10 17:54:57.043 [info] > git status -z -uall [41ms]
2024-12-10 17:54:57.044 [info] > git for-each-ref --format=%(refname)%00%(upstream:short)%00%(objectname)%00%(upstream:track)%00%(upstream:remotename)%00%(upstream:remoteref) refs/heads/main refs/remotes/main [61ms]
2024-12-10 17:54:57.067 [info] > git rev-parse --show-toplevel [23ms]
2024-12-10 17:54:57.067 [info] > git for-each-ref --sort -committerdate --format %(refname) %(objectname) %(*objectname) [59ms]
2024-12-10 17:54:57.099 [info] > git for-each-ref --format=%(refname)%00%(upstream:short)%00%(objectname)%00%(upstream:track)%00%(upstream:remotename)%00%(upstream:remoteref) refs/heads/main refs/remotes/main [21ms]
2024-12-10 17:54:57.109 [info] > git config --get commit.template [15ms]
2024-12-10 17:54:57.109 [info] > git rev-parse --git-dir --git-common-dir [19ms]
2024-12-10 17:54:57.113 [info] [Model][openRepository] Opened repository: /home/olga/hexlet-js
2024-12-10 17:54:57.146 [info] > git status -z -uall [23ms]
2024-12-10 17:54:57.147 [info] > git config --local branch.main.vscode-merge-base [41ms]
2024-12-10 17:54:57.174 [info] > git rev-parse --show-toplevel [29ms]
2024-12-10 17:54:57.176 [info] [Model][doInitialScan] Initial repository scan completed - repositories (7), closed repositories (0), parent repositories (0), unsafe repositories (0)
2024-12-10 17:54:57.188 [info] > git config --get commit.template [47ms]
2024-12-10 17:54:57.188 [info] > git for-each-ref --sort -committerdate --format %(refname) %(objectname) %(*objectname) [60ms]
2024-12-10 17:54:57.217 [info] > git show --textconv :gendiff.js [35ms]
2024-12-10 17:54:57.217 [info] > git for-each-ref --format=%(refname)%00%(upstream:short)%00%(objectname)%00%(upstream:track)%00%(upstream:remotename)%00%(upstream:remoteref) refs/heads/main refs/remotes/main [18ms]
2024-12-10 17:54:57.230 [info] > git ls-files --stage -- /home/olga/frontend-project-46/gendiff.js [43ms]
2024-12-10 17:54:57.240 [info] > git for-each-ref --format=%(refname)%00%(upstream:short)%00%(objectname)%00%(upstream:track)%00%(upstream:remotename)%00%(upstream:remoteref) refs/heads/main refs/remotes/main [74ms]
2024-12-10 17:54:57.240 [info] > git for-each-ref --format=%(refname)%00%(upstream:short)%00%(objectname)%00%(upstream:track)%00%(upstream:remotename)%00%(upstream:remoteref) refs/heads/origin/main refs/remotes/origin/main [79ms]
2024-12-10 17:54:57.259 [info] > git cat-file -s e69de29bb2d1d6434b8b29ae775ad8c2e48c5391 [20ms]
2024-12-10 17:54:57.260 [info] > git config --local branch.main.vscode-merge-base [30ms]
2024-12-10 17:54:57.266 [info] > git config --get commit.template [52ms]
2024-12-10 17:54:57.268 [info] > git for-each-ref --format=%(refname)%00%(upstream:short)%00%(objectname)%00%(upstream:track)%00%(upstream:remotename)%00%(upstream:remoteref) refs/heads/main refs/remotes/main [19ms]
2024-12-10 17:54:57.269 [info] > git merge-base refs/heads/main refs/remotes/origin/main [25ms]
2024-12-10 17:54:57.294 [warning] [Git][revParse] Unable to read file: ENOENT: no such file or directory, open '/home/olga/hexlet-js/.git/refs/remotes/origin/main'
2024-12-10 17:54:57.296 [info] > git for-each-ref --format=%(refname)%00%(upstream:short)%00%(objectname)%00%(upstream:track)%00%(upstream:remotename)%00%(upstream:remoteref) refs/heads/origin/main refs/remotes/origin/main [31ms]
2024-12-10 17:54:57.316 [info] > git rev-parse refs/remotes/origin/main [22ms]
2024-12-10 17:54:57.332 [info] > git for-each-ref --format=%(refname)%00%(upstream:short)%00%(objectname)%00%(upstream:track)%00%(upstream:remotename)%00%(upstream:remoteref) refs/heads/main refs/remotes/main [43ms]
2024-12-10 17:54:57.332 [info] > git diff --name-status -z --diff-filter=ADMR 4d6a7b5311521b182d060240737432bc2bef42f4...refs/remotes/origin/main [52ms]
2024-12-10 17:54:57.339 [info] > git status -z -uall [30ms]
2024-12-10 17:54:57.339 [info] > git status -z -uall [19ms]
2024-12-10 17:54:57.339 [info] > git for-each-ref --sort -committerdate --format %(refname) %(objectname) %(*objectname) [9ms]
2024-12-10 17:54:57.352 [info] > git for-each-ref --sort -committerdate --format %(refname) %(objectname) %(*objectname) [39ms]
2024-12-10 17:54:57.355 [info] > git merge-base refs/heads/main refs/remotes/origin/main [53ms]
2024-12-10 17:54:57.369 [info] > git for-each-ref --format=%(refname)%00%(upstream:short)%00%(objectname)%00%(upstream:track)%00%(upstream:remotename)%00%(upstream:remoteref) refs/heads/main refs/remotes/main [21ms]
2024-12-10 17:54:57.377 [info] > git config --get commit.template [14ms]
2024-12-10 17:54:57.377 [info] > git diff --name-status -z --diff-filter=ADMR 5cd9030637160ceea4e800aac11068a3cc210de8...refs/remotes/origin/main [19ms]
2024-12-10 17:54:57.389 [info] > git status -z -uall [5ms]
2024-12-10 17:54:57.389 [info] > git config --local branch.main.vscode-merge-base [15ms]
2024-12-10 17:54:57.401 [info] > git for-each-ref --sort -committerdate --format %(refname) %(objectname) %(*objectname) [13ms]
2024-12-10 17:54:57.406 [info] > git for-each-ref --format=%(refname)%00%(upstream:short)%00%(objectname)%00%(upstream:track)%00%(upstream:remotename)%00%(upstream:remoteref) refs/heads/main refs/remotes/main [9ms]
2024-12-10 17:54:57.406 [info] > git for-each-ref --format=%(refname)%00%(upstream:short)%00%(objectname)%00%(upstream:track)%00%(upstream:remotename)%00%(upstream:remoteref) refs/heads/origin/main refs/remotes/origin/main [14ms]
2024-12-10 17:54:57.420 [warning] [Git][revParse] Unable to read file: ENOENT: no such file or directory, open '/home/olga/hexlet-js/.git/refs/remotes/origin/main'
2024-12-10 17:54:57.424 [info] > git merge-base refs/heads/main refs/remotes/origin/main [11ms]
2024-12-10 17:54:57.429 [info] > git rev-parse refs/remotes/origin/main [9ms]
2024-12-10 17:54:57.443 [info] > git status -z -uall [9ms]
2024-12-10 17:54:57.444 [info] > git diff --name-status -z --diff-filter=ADMR 2ec9b6fe510f2076127e2aedb2d374ff9f80fac2...refs/remotes/origin/main [17ms]
2024-12-10 17:54:57.447 [info] > git for-each-ref --sort -committerdate --format %(refname) %(objectname) %(*objectname) [7ms]
2024-12-10 17:54:57.740 [info] > git check-ignore -v -z --stdin [65ms]
2024-12-10 17:54:57.741 [info] > git check-ignore -v -z --stdin [61ms]
2024-12-10 17:54:57.742 [info] > git check-ignore -v -z --stdin [52ms]
2024-12-10 17:54:57.742 [info] > git check-ignore -v -z --stdin [38ms]
2024-12-10 17:54:57.743 [info] > git check-ignore -v -z --stdin [34ms]
2024-12-10 17:54:57.743 [info] > git check-ignore -v -z --stdin [15ms]
2024-12-10 17:54:57.744 [info] > git check-ignore -v -z --stdin [9ms]
2024-12-10 17:55:15.453 [info] > git config --get commit.template [7ms]
2024-12-10 17:55:15.460 [info] > git config --get commit.template [8ms]
2024-12-10 17:55:15.465 [info] > git for-each-ref --format=%(refname)%00%(upstream:short)%00%(objectname)%00%(upstream:track)%00%(upstream:remotename)%00%(upstream:remoteref) refs/heads/main refs/remotes/main [5ms]
2024-12-10 17:55:15.468 [warning] [Git][revParse] Unable to read file: ENOENT: no such file or directory, open '/home/olga/.git/refs/remotes/origin/main'
2024-12-10 17:55:15.469 [info] > git for-each-ref --format %(refname) %(objectname) %(*objectname) refs/tags [5ms]
2024-12-10 17:55:15.477 [info] > git status -z -uall [5ms]
2024-12-10 17:55:15.478 [info] > git rev-parse refs/remotes/origin/main [10ms]
2024-12-10 17:55:15.488 [info] > git for-each-ref --sort -committerdate --format %(refname) %(objectname) %(*objectname) [12ms]
2024-12-10 17:55:15.502 [info] > git for-each-ref --sort -committerdate --format %(refname) %(objectname) %(*objectname) [15ms]
2024-12-10 17:55:15.622 [info] > git status -z -uall [140ms]
2024-12-10 17:57:55.086 [info] > git check-ignore -v -z --stdin [9ms]
2024-12-10 17:57:56.663 [info] > git show --textconv :.github/workflows/hexlet-check.yml [7ms]
2024-12-10 17:57:56.665 [info] > git ls-files --stage -- /home/olga/frontend-project-46/.github/workflows/hexlet-check.yml [2ms]
2024-12-10 17:57:56.673 [info] > git cat-file -s e7a851dc38f78be48b40fc70b10b08a8ae3cc257 [2ms]
2024-12-10 17:58:02.726 [info] > git check-ignore -v -z --stdin [7ms]
2024-12-10 17:58:03.642 [info] > git check-ignore -v -z --stdin [8ms]
2024-12-10 17:58:04.273 [info] > git check-ignore -v -z --stdin [5ms]
2024-12-10 17:58:06.966 [info] > git show --textconv :.bashrc [14ms]
2024-12-10 17:58:06.968 [info] > git ls-files --stage -- /home/olga/.bashrc [9ms]
2024-12-10 17:58:06.975 [info] > git cat-file -s 757c0e8277810e5f1355fec3450946e725e17ef9 [2ms]
2024-12-10 18:01:10.499 [info] > git config --get commit.template [6ms]
2024-12-10 18:01:10.501 [info] > git for-each-ref --format=%(refname)%00%(upstream:short)%00%(objectname)%00%(upstream:track)%00%(upstream:remotename)%00%(upstream:remoteref) refs/heads/main refs/remotes/main [3ms]
2024-12-10 18:01:10.505 [warning] [Git][revParse] Unable to read file: ENOENT: no such file or directory, open '/home/olga/.git/refs/remotes/origin/main'
2024-12-10 18:01:10.506 [info] > git rev-parse refs/remotes/origin/main [1ms]
2024-12-10 18:01:10.520 [info] > git for-each-ref --sort -committerdate --format %(refname) %(objectname) %(*objectname) [4ms]
2024-12-10 18:01:10.646 [info] > git status -z -uall [135ms]
2024-12-10 23:46:24.702 [info] > git check-ignore -v -z --stdin [32ms]
2024-12-10 23:46:30.688 [info] > git check-ignore -v -z --stdin [3ms]
2024-12-10 23:46:32.983 [info] > git check-ignore -v -z --stdin [2ms]
