2024-11-04 14:01:08.821 [info] Extension host with pid 2766 started
2024-11-04 14:01:09.004 [info] ExtensionService#_doActivateExtension vscode.emmet, startup: false, activationEvent: 'onLanguage'
2024-11-04 14:01:09.027 [info] Lock '/home/olga/.vscode-server/data/User/workspaceStorage/0bb3009dac514289d12237e5ad0f5441/vscode.lock': Lock acquired.
2024-11-04 14:01:09.900 [info] ExtensionService#_doActivateExtension vscode.git-base, startup: true, activationEvent: '*', root cause: vscode.git
2024-11-04 14:01:09.916 [info] ExtensionService#_doActivateExtension vscode.npm, startup: true, activationEvent: 'workspaceContains:package.json'
2024-11-04 14:01:10.098 [info] ExtensionService#_doActivateExtension vscode.git, startup: true, activationEvent: '*'
2024-11-04 14:01:10.098 [info] ExtensionService#_doActivateExtension vscode.github, startup: true, activationEvent: '*'
2024-11-04 14:01:11.899 [info] Eager extensions activated
2024-11-04 14:01:11.899 [info] ExtensionService#_doActivateExtension vscode.debug-auto-launch, startup: false, activationEvent: 'onStartupFinished'
2024-11-04 14:01:11.900 [info] ExtensionService#_doActivateExtension vscode.merge-conflict, startup: false, activationEvent: 'onStartupFinished'
2024-11-04 14:01:12.521 [warning] [Decorations] CAPPING events from decorations provider vscode.git 1479
2024-11-04 14:01:14.103 [warning] [Decorations] CAPPING events from decorations provider vscode.git 1479
2024-11-04 14:01:16.413 [info] ExtensionService#_doActivateExtension vscode.configuration-editing, startup: false, activationEvent: 'onLanguage:json'
2024-11-04 14:01:16.414 [info] ExtensionService#_doActivateExtension vscode.extension-editing, startup: false, activationEvent: 'onLanguage:json'
2024-11-04 14:01:16.415 [info] ExtensionService#_doActivateExtension vscode.json-language-features, startup: false, activationEvent: 'onLanguage:json'
2024-11-04 14:01:20.180 [warning] [Decorations] CAPPING events from decorations provider vscode.git 1480
2024-11-04 14:01:27.359 [warning] [Decorations] CAPPING events from decorations provider vscode.git 1482
2024-11-04 14:01:32.588 [warning] [Decorations] CAPPING events from decorations provider vscode.git 1578
2024-11-04 14:01:37.803 [warning] [Decorations] CAPPING events from decorations provider vscode.git 1577
2024-11-04 14:01:43.396 [warning] [Decorations] CAPPING events from decorations provider vscode.git 1577
2024-11-04 14:01:52.354 [info] Extension host terminating: received terminate message from renderer
2024-11-04 14:01:52.365 [info] Lock '/home/olga/.vscode-server/data/User/workspaceStorage/0bb3009dac514289d12237e5ad0f5441/vscode.lock': Marking the lockfile as scheduled to be released in 6000 ms.
2024-11-04 14:01:52.592 [error] Canceled: Canceled
	at new eA (file:///home/olga/.vscode-server/bin/384ff7382de624fb94dbaf6da11977bba1ecd427/out/vs/workbench/api/node/extensionHostProcess.js:31:151177)
	at Zb.U (file:///home/olga/.vscode-server/bin/384ff7382de624fb94dbaf6da11977bba1ecd427/out/vs/workbench/api/node/extensionHostProcess.js:31:155789)
	at s.<computed>.n.charCodeAt.s.<computed> (file:///home/olga/.vscode-server/bin/384ff7382de624fb94dbaf6da11977bba1ecd427/out/vs/workbench/api/node/extensionHostProcess.js:31:153283)
	at T0.g (file:///home/olga/.vscode-server/bin/384ff7382de624fb94dbaf6da11977bba1ecd427/out/vs/workbench/api/node/extensionHostProcess.js:114:32325)
	at T0.executeCommand (file:///home/olga/.vscode-server/bin/384ff7382de624fb94dbaf6da11977bba1ecd427/out/vs/workbench/api/node/extensionHostProcess.js:114:31826)
	at r.registerCommand.description (file:///home/olga/.vscode-server/bin/384ff7382de624fb94dbaf6da11977bba1ecd427/out/vs/workbench/api/node/extensionHostProcess.js:114:31156)
	at T0.h (file:///home/olga/.vscode-server/bin/384ff7382de624fb94dbaf6da11977bba1ecd427/out/vs/workbench/api/node/extensionHostProcess.js:114:32845)
	at T0.g (file:///home/olga/.vscode-server/bin/384ff7382de624fb94dbaf6da11977bba1ecd427/out/vs/workbench/api/node/extensionHostProcess.js:114:31919)
	at T0.executeCommand (file:///home/olga/.vscode-server/bin/384ff7382de624fb94dbaf6da11977bba1ecd427/out/vs/workbench/api/node/extensionHostProcess.js:114:31826)
	at Object.executeCommand (file:///home/olga/.vscode-server/bin/384ff7382de624fb94dbaf6da11977bba1ecd427/out/vs/workbench/api/node/extensionHostProcess.js:156:37049)
	at gh.O [as value] (/home/olga/.vscode-server/bin/384ff7382de624fb94dbaf6da11977bba1ecd427/extensions/git/dist/main.js:2:953034)
	at T.B (file:///home/olga/.vscode-server/bin/384ff7382de624fb94dbaf6da11977bba1ecd427/out/vs/workbench/api/node/extensionHostProcess.js:29:732)
	at T.C (file:///home/olga/.vscode-server/bin/384ff7382de624fb94dbaf6da11977bba1ecd427/out/vs/workbench/api/node/extensionHostProcess.js:29:802)
	at T.fire (file:///home/olga/.vscode-server/bin/384ff7382de624fb94dbaf6da11977bba1ecd427/out/vs/workbench/api/node/extensionHostProcess.js:29:1019)
	at Object.p [as dispose] (/home/olga/.vscode-server/bin/384ff7382de624fb94dbaf6da11977bba1ecd427/extensions/git/dist/main.js:2:973612)
	at /home/olga/.vscode-server/bin/384ff7382de624fb94dbaf6da11977bba1ecd427/extensions/git/dist/main.js:2:979734
	at Array.forEach (<anonymous>)
	at f.dispose (/home/olga/.vscode-server/bin/384ff7382de624fb94dbaf6da11977bba1ecd427/extensions/git/dist/main.js:2:979720)
	at D1.<anonymous> (file:///home/olga/.vscode-server/bin/384ff7382de624fb94dbaf6da11977bba1ecd427/out/vs/workbench/api/node/extensionHostProcess.js:108:19996)
	at D1.dispose (file:///home/olga/.vscode-server/bin/384ff7382de624fb94dbaf6da11977bba1ecd427/out/vs/workbench/api/node/extensionHostProcess.js:108:20092)
	at D1.<anonymous> (/home/olga/.vscode-server/bin/384ff7382de624fb94dbaf6da11977bba1ecd427/extensions/git/dist/main.js:2:955332)
	at D1.dispose (file:///home/olga/.vscode-server/bin/384ff7382de624fb94dbaf6da11977bba1ecd427/out/vs/workbench/api/node/extensionHostProcess.js:108:20092)
	at Si (file:///home/olga/.vscode-server/bin/384ff7382de624fb94dbaf6da11977bba1ecd427/out/vs/workbench/api/node/extensionHostProcess.js:24:701)
	at file:///home/olga/.vscode-server/bin/384ff7382de624fb94dbaf6da11977bba1ecd427/out/vs/workbench/api/node/extensionHostProcess.js:118:14995
	at file:///home/olga/.vscode-server/bin/384ff7382de624fb94dbaf6da11977bba1ecd427/out/vs/workbench/api/node/extensionHostProcess.js:24:1011
	at Object.dispose (file:///home/olga/.vscode-server/bin/384ff7382de624fb94dbaf6da11977bba1ecd427/out/vs/workbench/api/node/extensionHostProcess.js:7:2146)
	at hB.eb (file:///home/olga/.vscode-server/bin/384ff7382de624fb94dbaf6da11977bba1ecd427/out/vs/workbench/api/node/extensionHostProcess.js:118:11922)
	at file:///home/olga/.vscode-server/bin/384ff7382de624fb94dbaf6da11977bba1ecd427/out/vs/workbench/api/node/extensionHostProcess.js:118:9877
	at Array.map (<anonymous>)
	at hB.$ (file:///home/olga/.vscode-server/bin/384ff7382de624fb94dbaf6da11977bba1ecd427/out/vs/workbench/api/node/extensionHostProcess.js:118:9865)
	at hB.terminate (file:///home/olga/.vscode-server/bin/384ff7382de624fb94dbaf6da11977bba1ecd427/out/vs/workbench/api/node/extensionHostProcess.js:118:10108)
	at M3.terminate (file:///home/olga/.vscode-server/bin/384ff7382de624fb94dbaf6da11977bba1ecd427/out/vs/workbench/api/node/extensionHostProcess.js:119:1424)
	at ps (file:///home/olga/.vscode-server/bin/384ff7382de624fb94dbaf6da11977bba1ecd427/out/vs/workbench/api/node/extensionHostProcess.js:174:15058)
	at gh.value (file:///home/olga/.vscode-server/bin/384ff7382de624fb94dbaf6da11977bba1ecd427/out/vs/workbench/api/node/extensionHostProcess.js:174:13218)
	at T.B (file:///home/olga/.vscode-server/bin/384ff7382de624fb94dbaf6da11977bba1ecd427/out/vs/workbench/api/node/extensionHostProcess.js:29:732)
	at T.fire (file:///home/olga/.vscode-server/bin/384ff7382de624fb94dbaf6da11977bba1ecd427/out/vs/workbench/api/node/extensionHostProcess.js:29:950)
	at no.fire (file:///home/olga/.vscode-server/bin/384ff7382de624fb94dbaf6da11977bba1ecd427/out/vs/workbench/api/node/extensionHostProcess.js:31:9399)
	at Im.A (file:///home/olga/.vscode-server/bin/384ff7382de624fb94dbaf6da11977bba1ecd427/out/vs/workbench/api/node/extensionHostProcess.js:31:12515)
	at gh.value (file:///home/olga/.vscode-server/bin/384ff7382de624fb94dbaf6da11977bba1ecd427/out/vs/workbench/api/node/extensionHostProcess.js:31:10935)
	at T.B (file:///home/olga/.vscode-server/bin/384ff7382de624fb94dbaf6da11977bba1ecd427/out/vs/workbench/api/node/extensionHostProcess.js:29:732)
	at T.fire (file:///home/olga/.vscode-server/bin/384ff7382de624fb94dbaf6da11977bba1ecd427/out/vs/workbench/api/node/extensionHostProcess.js:29:950)
	at m5.acceptChunk (file:///home/olga/.vscode-server/bin/384ff7382de624fb94dbaf6da11977bba1ecd427/out/vs/workbench/api/node/extensionHostProcess.js:31:7880)
	at gh.value (file:///home/olga/.vscode-server/bin/384ff7382de624fb94dbaf6da11977bba1ecd427/out/vs/workbench/api/node/extensionHostProcess.js:31:7166)
	at T.B (file:///home/olga/.vscode-server/bin/384ff7382de624fb94dbaf6da11977bba1ecd427/out/vs/workbench/api/node/extensionHostProcess.js:29:732)
	at T.fire (file:///home/olga/.vscode-server/bin/384ff7382de624fb94dbaf6da11977bba1ecd427/out/vs/workbench/api/node/extensionHostProcess.js:29:950)
	at _2.z (file:///home/olga/.vscode-server/bin/384ff7382de624fb94dbaf6da11977bba1ecd427/out/vs/workbench/api/node/extensionHostProcess.js:31:21892)
	at _2.acceptFrame (file:///home/olga/.vscode-server/bin/384ff7382de624fb94dbaf6da11977bba1ecd427/out/vs/workbench/api/node/extensionHostProcess.js:31:21698)
	at z2.n (file:///home/olga/.vscode-server/bin/384ff7382de624fb94dbaf6da11977bba1ecd427/out/vs/workbench/api/node/extensionHostProcess.js:31:20224)
	at file:///home/olga/.vscode-server/bin/384ff7382de624fb94dbaf6da11977bba1ecd427/out/vs/workbench/api/node/extensionHostProcess.js:31:17454
	at Socket.t (file:///home/olga/.vscode-server/bin/384ff7382de624fb94dbaf6da11977bba1ecd427/out/vs/workbench/api/node/extensionHostProcess.js:31:15393)
	at Socket.emit (node:events:519:28)
	at addChunk (node:internal/streams/readable:559:12)
	at readableAddChunkPushByteMode (node:internal/streams/readable:510:3)
	at Readable.push (node:internal/streams/readable:390:5)
	at TCP.onStreamRead (node:internal/stream_base_commons:191:23) setContext undefined
2024-11-04 14:01:52.594 [error] Canceled: Canceled
	at new eA (file:///home/olga/.vscode-server/bin/384ff7382de624fb94dbaf6da11977bba1ecd427/out/vs/workbench/api/node/extensionHostProcess.js:31:151177)
	at Zb.U (file:///home/olga/.vscode-server/bin/384ff7382de624fb94dbaf6da11977bba1ecd427/out/vs/workbench/api/node/extensionHostProcess.js:31:155789)
	at s.<computed>.n.charCodeAt.s.<computed> (file:///home/olga/.vscode-server/bin/384ff7382de624fb94dbaf6da11977bba1ecd427/out/vs/workbench/api/node/extensionHostProcess.js:31:153283)
	at T0.g (file:///home/olga/.vscode-server/bin/384ff7382de624fb94dbaf6da11977bba1ecd427/out/vs/workbench/api/node/extensionHostProcess.js:114:32325)
	at T0.executeCommand (file:///home/olga/.vscode-server/bin/384ff7382de624fb94dbaf6da11977bba1ecd427/out/vs/workbench/api/node/extensionHostProcess.js:114:31826)
	at r.registerCommand.description (file:///home/olga/.vscode-server/bin/384ff7382de624fb94dbaf6da11977bba1ecd427/out/vs/workbench/api/node/extensionHostProcess.js:114:31156)
	at T0.h (file:///home/olga/.vscode-server/bin/384ff7382de624fb94dbaf6da11977bba1ecd427/out/vs/workbench/api/node/extensionHostProcess.js:114:32845)
	at T0.g (file:///home/olga/.vscode-server/bin/384ff7382de624fb94dbaf6da11977bba1ecd427/out/vs/workbench/api/node/extensionHostProcess.js:114:31919)
	at T0.executeCommand (file:///home/olga/.vscode-server/bin/384ff7382de624fb94dbaf6da11977bba1ecd427/out/vs/workbench/api/node/extensionHostProcess.js:114:31826)
	at Object.executeCommand (file:///home/olga/.vscode-server/bin/384ff7382de624fb94dbaf6da11977bba1ecd427/out/vs/workbench/api/node/extensionHostProcess.js:156:37049)
	at gh.O [as value] (/home/olga/.vscode-server/bin/384ff7382de624fb94dbaf6da11977bba1ecd427/extensions/git/dist/main.js:2:953034)
	at T.B (file:///home/olga/.vscode-server/bin/384ff7382de624fb94dbaf6da11977bba1ecd427/out/vs/workbench/api/node/extensionHostProcess.js:29:732)
	at T.C (file:///home/olga/.vscode-server/bin/384ff7382de624fb94dbaf6da11977bba1ecd427/out/vs/workbench/api/node/extensionHostProcess.js:29:802)
	at T.fire (file:///home/olga/.vscode-server/bin/384ff7382de624fb94dbaf6da11977bba1ecd427/out/vs/workbench/api/node/extensionHostProcess.js:29:1019)
	at Object.p [as dispose] (/home/olga/.vscode-server/bin/384ff7382de624fb94dbaf6da11977bba1ecd427/extensions/git/dist/main.js:2:973612)
	at /home/olga/.vscode-server/bin/384ff7382de624fb94dbaf6da11977bba1ecd427/extensions/git/dist/main.js:2:979734
	at Array.forEach (<anonymous>)
	at f.dispose (/home/olga/.vscode-server/bin/384ff7382de624fb94dbaf6da11977bba1ecd427/extensions/git/dist/main.js:2:979720)
	at D1.<anonymous> (file:///home/olga/.vscode-server/bin/384ff7382de624fb94dbaf6da11977bba1ecd427/out/vs/workbench/api/node/extensionHostProcess.js:108:19996)
	at D1.dispose (file:///home/olga/.vscode-server/bin/384ff7382de624fb94dbaf6da11977bba1ecd427/out/vs/workbench/api/node/extensionHostProcess.js:108:20092)
	at D1.<anonymous> (/home/olga/.vscode-server/bin/384ff7382de624fb94dbaf6da11977bba1ecd427/extensions/git/dist/main.js:2:955332)
	at D1.dispose (file:///home/olga/.vscode-server/bin/384ff7382de624fb94dbaf6da11977bba1ecd427/out/vs/workbench/api/node/extensionHostProcess.js:108:20092)
	at Si (file:///home/olga/.vscode-server/bin/384ff7382de624fb94dbaf6da11977bba1ecd427/out/vs/workbench/api/node/extensionHostProcess.js:24:701)
	at file:///home/olga/.vscode-server/bin/384ff7382de624fb94dbaf6da11977bba1ecd427/out/vs/workbench/api/node/extensionHostProcess.js:118:14995
	at file:///home/olga/.vscode-server/bin/384ff7382de624fb94dbaf6da11977bba1ecd427/out/vs/workbench/api/node/extensionHostProcess.js:24:1011
	at Object.dispose (file:///home/olga/.vscode-server/bin/384ff7382de624fb94dbaf6da11977bba1ecd427/out/vs/workbench/api/node/extensionHostProcess.js:7:2146)
	at hB.eb (file:///home/olga/.vscode-server/bin/384ff7382de624fb94dbaf6da11977bba1ecd427/out/vs/workbench/api/node/extensionHostProcess.js:118:11922)
	at file:///home/olga/.vscode-server/bin/384ff7382de624fb94dbaf6da11977bba1ecd427/out/vs/workbench/api/node/extensionHostProcess.js:118:9877
	at Array.map (<anonymous>)
	at hB.$ (file:///home/olga/.vscode-server/bin/384ff7382de624fb94dbaf6da11977bba1ecd427/out/vs/workbench/api/node/extensionHostProcess.js:118:9865)
	at hB.terminate (file:///home/olga/.vscode-server/bin/384ff7382de624fb94dbaf6da11977bba1ecd427/out/vs/workbench/api/node/extensionHostProcess.js:118:10108)
	at M3.terminate (file:///home/olga/.vscode-server/bin/384ff7382de624fb94dbaf6da11977bba1ecd427/out/vs/workbench/api/node/extensionHostProcess.js:119:1424)
	at ps (file:///home/olga/.vscode-server/bin/384ff7382de624fb94dbaf6da11977bba1ecd427/out/vs/workbench/api/node/extensionHostProcess.js:174:15058)
	at gh.value (file:///home/olga/.vscode-server/bin/384ff7382de624fb94dbaf6da11977bba1ecd427/out/vs/workbench/api/node/extensionHostProcess.js:174:13218)
	at T.B (file:///home/olga/.vscode-server/bin/384ff7382de624fb94dbaf6da11977bba1ecd427/out/vs/workbench/api/node/extensionHostProcess.js:29:732)
	at T.fire (file:///home/olga/.vscode-server/bin/384ff7382de624fb94dbaf6da11977bba1ecd427/out/vs/workbench/api/node/extensionHostProcess.js:29:950)
	at no.fire (file:///home/olga/.vscode-server/bin/384ff7382de624fb94dbaf6da11977bba1ecd427/out/vs/workbench/api/node/extensionHostProcess.js:31:9399)
	at Im.A (file:///home/olga/.vscode-server/bin/384ff7382de624fb94dbaf6da11977bba1ecd427/out/vs/workbench/api/node/extensionHostProcess.js:31:12515)
	at gh.value (file:///home/olga/.vscode-server/bin/384ff7382de624fb94dbaf6da11977bba1ecd427/out/vs/workbench/api/node/extensionHostProcess.js:31:10935)
	at T.B (file:///home/olga/.vscode-server/bin/384ff7382de624fb94dbaf6da11977bba1ecd427/out/vs/workbench/api/node/extensionHostProcess.js:29:732)
	at T.fire (file:///home/olga/.vscode-server/bin/384ff7382de624fb94dbaf6da11977bba1ecd427/out/vs/workbench/api/node/extensionHostProcess.js:29:950)
	at m5.acceptChunk (file:///home/olga/.vscode-server/bin/384ff7382de624fb94dbaf6da11977bba1ecd427/out/vs/workbench/api/node/extensionHostProcess.js:31:7880)
	at gh.value (file:///home/olga/.vscode-server/bin/384ff7382de624fb94dbaf6da11977bba1ecd427/out/vs/workbench/api/node/extensionHostProcess.js:31:7166)
	at T.B (file:///home/olga/.vscode-server/bin/384ff7382de624fb94dbaf6da11977bba1ecd427/out/vs/workbench/api/node/extensionHostProcess.js:29:732)
	at T.fire (file:///home/olga/.vscode-server/bin/384ff7382de624fb94dbaf6da11977bba1ecd427/out/vs/workbench/api/node/extensionHostProcess.js:29:950)
	at _2.z (file:///home/olga/.vscode-server/bin/384ff7382de624fb94dbaf6da11977bba1ecd427/out/vs/workbench/api/node/extensionHostProcess.js:31:21892)
	at _2.acceptFrame (file:///home/olga/.vscode-server/bin/384ff7382de624fb94dbaf6da11977bba1ecd427/out/vs/workbench/api/node/extensionHostProcess.js:31:21698)
	at z2.n (file:///home/olga/.vscode-server/bin/384ff7382de624fb94dbaf6da11977bba1ecd427/out/vs/workbench/api/node/extensionHostProcess.js:31:20224)
	at file:///home/olga/.vscode-server/bin/384ff7382de624fb94dbaf6da11977bba1ecd427/out/vs/workbench/api/node/extensionHostProcess.js:31:17454
	at Socket.t (file:///home/olga/.vscode-server/bin/384ff7382de624fb94dbaf6da11977bba1ecd427/out/vs/workbench/api/node/extensionHostProcess.js:31:15393)
	at Socket.emit (node:events:519:28)
	at addChunk (node:internal/streams/readable:559:12)
	at readableAddChunkPushByteMode (node:internal/streams/readable:510:3)
	at Readable.push (node:internal/streams/readable:390:5)
	at TCP.onStreamRead (node:internal/stream_base_commons:191:23) setContext undefined
2024-11-04 14:01:52.595 [error] Canceled: Canceled
	at new eA (file:///home/olga/.vscode-server/bin/384ff7382de624fb94dbaf6da11977bba1ecd427/out/vs/workbench/api/node/extensionHostProcess.js:31:151177)
	at Zb.U (file:///home/olga/.vscode-server/bin/384ff7382de624fb94dbaf6da11977bba1ecd427/out/vs/workbench/api/node/extensionHostProcess.js:31:155789)
	at s.<computed>.n.charCodeAt.s.<computed> (file:///home/olga/.vscode-server/bin/384ff7382de624fb94dbaf6da11977bba1ecd427/out/vs/workbench/api/node/extensionHostProcess.js:31:153283)
	at T0.g (file:///home/olga/.vscode-server/bin/384ff7382de624fb94dbaf6da11977bba1ecd427/out/vs/workbench/api/node/extensionHostProcess.js:114:32325)
	at T0.executeCommand (file:///home/olga/.vscode-server/bin/384ff7382de624fb94dbaf6da11977bba1ecd427/out/vs/workbench/api/node/extensionHostProcess.js:114:31826)
	at r.registerCommand.description (file:///home/olga/.vscode-server/bin/384ff7382de624fb94dbaf6da11977bba1ecd427/out/vs/workbench/api/node/extensionHostProcess.js:114:31156)
	at T0.h (file:///home/olga/.vscode-server/bin/384ff7382de624fb94dbaf6da11977bba1ecd427/out/vs/workbench/api/node/extensionHostProcess.js:114:32845)
	at T0.g (file:///home/olga/.vscode-server/bin/384ff7382de624fb94dbaf6da11977bba1ecd427/out/vs/workbench/api/node/extensionHostProcess.js:114:31919)
	at T0.executeCommand (file:///home/olga/.vscode-server/bin/384ff7382de624fb94dbaf6da11977bba1ecd427/out/vs/workbench/api/node/extensionHostProcess.js:114:31826)
	at Object.executeCommand (file:///home/olga/.vscode-server/bin/384ff7382de624fb94dbaf6da11977bba1ecd427/out/vs/workbench/api/node/extensionHostProcess.js:156:37049)
	at gh.O [as value] (/home/olga/.vscode-server/bin/384ff7382de624fb94dbaf6da11977bba1ecd427/extensions/git/dist/main.js:2:953034)
	at T.B (file:///home/olga/.vscode-server/bin/384ff7382de624fb94dbaf6da11977bba1ecd427/out/vs/workbench/api/node/extensionHostProcess.js:29:732)
	at T.C (file:///home/olga/.vscode-server/bin/384ff7382de624fb94dbaf6da11977bba1ecd427/out/vs/workbench/api/node/extensionHostProcess.js:29:802)
	at T.fire (file:///home/olga/.vscode-server/bin/384ff7382de624fb94dbaf6da11977bba1ecd427/out/vs/workbench/api/node/extensionHostProcess.js:29:1019)
	at Object.p [as dispose] (/home/olga/.vscode-server/bin/384ff7382de624fb94dbaf6da11977bba1ecd427/extensions/git/dist/main.js:2:973612)
	at /home/olga/.vscode-server/bin/384ff7382de624fb94dbaf6da11977bba1ecd427/extensions/git/dist/main.js:2:979734
	at Array.forEach (<anonymous>)
	at f.dispose (/home/olga/.vscode-server/bin/384ff7382de624fb94dbaf6da11977bba1ecd427/extensions/git/dist/main.js:2:979720)
	at D1.<anonymous> (file:///home/olga/.vscode-server/bin/384ff7382de624fb94dbaf6da11977bba1ecd427/out/vs/workbench/api/node/extensionHostProcess.js:108:19996)
	at D1.dispose (file:///home/olga/.vscode-server/bin/384ff7382de624fb94dbaf6da11977bba1ecd427/out/vs/workbench/api/node/extensionHostProcess.js:108:20092)
	at D1.<anonymous> (/home/olga/.vscode-server/bin/384ff7382de624fb94dbaf6da11977bba1ecd427/extensions/git/dist/main.js:2:955332)
	at D1.dispose (file:///home/olga/.vscode-server/bin/384ff7382de624fb94dbaf6da11977bba1ecd427/out/vs/workbench/api/node/extensionHostProcess.js:108:20092)
	at Si (file:///home/olga/.vscode-server/bin/384ff7382de624fb94dbaf6da11977bba1ecd427/out/vs/workbench/api/node/extensionHostProcess.js:24:701)
	at file:///home/olga/.vscode-server/bin/384ff7382de624fb94dbaf6da11977bba1ecd427/out/vs/workbench/api/node/extensionHostProcess.js:118:14995
	at file:///home/olga/.vscode-server/bin/384ff7382de624fb94dbaf6da11977bba1ecd427/out/vs/workbench/api/node/extensionHostProcess.js:24:1011
	at Object.dispose (file:///home/olga/.vscode-server/bin/384ff7382de624fb94dbaf6da11977bba1ecd427/out/vs/workbench/api/node/extensionHostProcess.js:7:2146)
	at hB.eb (file:///home/olga/.vscode-server/bin/384ff7382de624fb94dbaf6da11977bba1ecd427/out/vs/workbench/api/node/extensionHostProcess.js:118:11922)
	at file:///home/olga/.vscode-server/bin/384ff7382de624fb94dbaf6da11977bba1ecd427/out/vs/workbench/api/node/extensionHostProcess.js:118:9877
	at Array.map (<anonymous>)
	at hB.$ (file:///home/olga/.vscode-server/bin/384ff7382de624fb94dbaf6da11977bba1ecd427/out/vs/workbench/api/node/extensionHostProcess.js:118:9865)
	at hB.terminate (file:///home/olga/.vscode-server/bin/384ff7382de624fb94dbaf6da11977bba1ecd427/out/vs/workbench/api/node/extensionHostProcess.js:118:10108)
	at M3.terminate (file:///home/olga/.vscode-server/bin/384ff7382de624fb94dbaf6da11977bba1ecd427/out/vs/workbench/api/node/extensionHostProcess.js:119:1424)
	at ps (file:///home/olga/.vscode-server/bin/384ff7382de624fb94dbaf6da11977bba1ecd427/out/vs/workbench/api/node/extensionHostProcess.js:174:15058)
	at gh.value (file:///home/olga/.vscode-server/bin/384ff7382de624fb94dbaf6da11977bba1ecd427/out/vs/workbench/api/node/extensionHostProcess.js:174:13218)
	at T.B (file:///home/olga/.vscode-server/bin/384ff7382de624fb94dbaf6da11977bba1ecd427/out/vs/workbench/api/node/extensionHostProcess.js:29:732)
	at T.fire (file:///home/olga/.vscode-server/bin/384ff7382de624fb94dbaf6da11977bba1ecd427/out/vs/workbench/api/node/extensionHostProcess.js:29:950)
	at no.fire (file:///home/olga/.vscode-server/bin/384ff7382de624fb94dbaf6da11977bba1ecd427/out/vs/workbench/api/node/extensionHostProcess.js:31:9399)
	at Im.A (file:///home/olga/.vscode-server/bin/384ff7382de624fb94dbaf6da11977bba1ecd427/out/vs/workbench/api/node/extensionHostProcess.js:31:12515)
	at gh.value (file:///home/olga/.vscode-server/bin/384ff7382de624fb94dbaf6da11977bba1ecd427/out/vs/workbench/api/node/extensionHostProcess.js:31:10935)
	at T.B (file:///home/olga/.vscode-server/bin/384ff7382de624fb94dbaf6da11977bba1ecd427/out/vs/workbench/api/node/extensionHostProcess.js:29:732)
	at T.fire (file:///home/olga/.vscode-server/bin/384ff7382de624fb94dbaf6da11977bba1ecd427/out/vs/workbench/api/node/extensionHostProcess.js:29:950)
	at m5.acceptChunk (file:///home/olga/.vscode-server/bin/384ff7382de624fb94dbaf6da11977bba1ecd427/out/vs/workbench/api/node/extensionHostProcess.js:31:7880)
	at gh.value (file:///home/olga/.vscode-server/bin/384ff7382de624fb94dbaf6da11977bba1ecd427/out/vs/workbench/api/node/extensionHostProcess.js:31:7166)
	at T.B (file:///home/olga/.vscode-server/bin/384ff7382de624fb94dbaf6da11977bba1ecd427/out/vs/workbench/api/node/extensionHostProcess.js:29:732)
	at T.fire (file:///home/olga/.vscode-server/bin/384ff7382de624fb94dbaf6da11977bba1ecd427/out/vs/workbench/api/node/extensionHostProcess.js:29:950)
	at _2.z (file:///home/olga/.vscode-server/bin/384ff7382de624fb94dbaf6da11977bba1ecd427/out/vs/workbench/api/node/extensionHostProcess.js:31:21892)
	at _2.acceptFrame (file:///home/olga/.vscode-server/bin/384ff7382de624fb94dbaf6da11977bba1ecd427/out/vs/workbench/api/node/extensionHostProcess.js:31:21698)
	at z2.n (file:///home/olga/.vscode-server/bin/384ff7382de624fb94dbaf6da11977bba1ecd427/out/vs/workbench/api/node/extensionHostProcess.js:31:20224)
	at file:///home/olga/.vscode-server/bin/384ff7382de624fb94dbaf6da11977bba1ecd427/out/vs/workbench/api/node/extensionHostProcess.js:31:17454
	at Socket.t (file:///home/olga/.vscode-server/bin/384ff7382de624fb94dbaf6da11977bba1ecd427/out/vs/workbench/api/node/extensionHostProcess.js:31:15393)
	at Socket.emit (node:events:519:28)
	at addChunk (node:internal/streams/readable:559:12)
	at readableAddChunkPushByteMode (node:internal/streams/readable:510:3)
	at Readable.push (node:internal/streams/readable:390:5)
	at TCP.onStreamRead (node:internal/stream_base_commons:191:23) setContext undefined
2024-11-04 14:01:52.595 [error] Canceled: Canceled
	at new eA (file:///home/olga/.vscode-server/bin/384ff7382de624fb94dbaf6da11977bba1ecd427/out/vs/workbench/api/node/extensionHostProcess.js:31:151177)
	at Zb.U (file:///home/olga/.vscode-server/bin/384ff7382de624fb94dbaf6da11977bba1ecd427/out/vs/workbench/api/node/extensionHostProcess.js:31:155789)
	at s.<computed>.n.charCodeAt.s.<computed> (file:///home/olga/.vscode-server/bin/384ff7382de624fb94dbaf6da11977bba1ecd427/out/vs/workbench/api/node/extensionHostProcess.js:31:153283)
	at T0.g (file:///home/olga/.vscode-server/bin/384ff7382de624fb94dbaf6da11977bba1ecd427/out/vs/workbench/api/node/extensionHostProcess.js:114:32325)
	at T0.executeCommand (file:///home/olga/.vscode-server/bin/384ff7382de624fb94dbaf6da11977bba1ecd427/out/vs/workbench/api/node/extensionHostProcess.js:114:31826)
	at r.registerCommand.description (file:///home/olga/.vscode-server/bin/384ff7382de624fb94dbaf6da11977bba1ecd427/out/vs/workbench/api/node/extensionHostProcess.js:114:31156)
	at T0.h (file:///home/olga/.vscode-server/bin/384ff7382de624fb94dbaf6da11977bba1ecd427/out/vs/workbench/api/node/extensionHostProcess.js:114:32845)
	at T0.g (file:///home/olga/.vscode-server/bin/384ff7382de624fb94dbaf6da11977bba1ecd427/out/vs/workbench/api/node/extensionHostProcess.js:114:31919)
	at T0.executeCommand (file:///home/olga/.vscode-server/bin/384ff7382de624fb94dbaf6da11977bba1ecd427/out/vs/workbench/api/node/extensionHostProcess.js:114:31826)
	at Object.executeCommand (file:///home/olga/.vscode-server/bin/384ff7382de624fb94dbaf6da11977bba1ecd427/out/vs/workbench/api/node/extensionHostProcess.js:156:37049)
	at gh.O [as value] (/home/olga/.vscode-server/bin/384ff7382de624fb94dbaf6da11977bba1ecd427/extensions/git/dist/main.js:2:953034)
	at T.B (file:///home/olga/.vscode-server/bin/384ff7382de624fb94dbaf6da11977bba1ecd427/out/vs/workbench/api/node/extensionHostProcess.js:29:732)
	at T.C (file:///home/olga/.vscode-server/bin/384ff7382de624fb94dbaf6da11977bba1ecd427/out/vs/workbench/api/node/extensionHostProcess.js:29:802)
	at T.fire (file:///home/olga/.vscode-server/bin/384ff7382de624fb94dbaf6da11977bba1ecd427/out/vs/workbench/api/node/extensionHostProcess.js:29:1019)
	at Object.p [as dispose] (/home/olga/.vscode-server/bin/384ff7382de624fb94dbaf6da11977bba1ecd427/extensions/git/dist/main.js:2:973612)
	at /home/olga/.vscode-server/bin/384ff7382de624fb94dbaf6da11977bba1ecd427/extensions/git/dist/main.js:2:979734
	at Array.forEach (<anonymous>)
	at f.dispose (/home/olga/.vscode-server/bin/384ff7382de624fb94dbaf6da11977bba1ecd427/extensions/git/dist/main.js:2:979720)
	at D1.<anonymous> (file:///home/olga/.vscode-server/bin/384ff7382de624fb94dbaf6da11977bba1ecd427/out/vs/workbench/api/node/extensionHostProcess.js:108:19996)
	at D1.dispose (file:///home/olga/.vscode-server/bin/384ff7382de624fb94dbaf6da11977bba1ecd427/out/vs/workbench/api/node/extensionHostProcess.js:108:20092)
	at D1.<anonymous> (/home/olga/.vscode-server/bin/384ff7382de624fb94dbaf6da11977bba1ecd427/extensions/git/dist/main.js:2:955332)
	at D1.dispose (file:///home/olga/.vscode-server/bin/384ff7382de624fb94dbaf6da11977bba1ecd427/out/vs/workbench/api/node/extensionHostProcess.js:108:20092)
	at Si (file:///home/olga/.vscode-server/bin/384ff7382de624fb94dbaf6da11977bba1ecd427/out/vs/workbench/api/node/extensionHostProcess.js:24:701)
	at file:///home/olga/.vscode-server/bin/384ff7382de624fb94dbaf6da11977bba1ecd427/out/vs/workbench/api/node/extensionHostProcess.js:118:14995
	at file:///home/olga/.vscode-server/bin/384ff7382de624fb94dbaf6da11977bba1ecd427/out/vs/workbench/api/node/extensionHostProcess.js:24:1011
	at Object.dispose (file:///home/olga/.vscode-server/bin/384ff7382de624fb94dbaf6da11977bba1ecd427/out/vs/workbench/api/node/extensionHostProcess.js:7:2146)
	at hB.eb (file:///home/olga/.vscode-server/bin/384ff7382de624fb94dbaf6da11977bba1ecd427/out/vs/workbench/api/node/extensionHostProcess.js:118:11922)
	at file:///home/olga/.vscode-server/bin/384ff7382de624fb94dbaf6da11977bba1ecd427/out/vs/workbench/api/node/extensionHostProcess.js:118:9877
	at Array.map (<anonymous>)
	at hB.$ (file:///home/olga/.vscode-server/bin/384ff7382de624fb94dbaf6da11977bba1ecd427/out/vs/workbench/api/node/extensionHostProcess.js:118:9865)
	at hB.terminate (file:///home/olga/.vscode-server/bin/384ff7382de624fb94dbaf6da11977bba1ecd427/out/vs/workbench/api/node/extensionHostProcess.js:118:10108)
	at M3.terminate (file:///home/olga/.vscode-server/bin/384ff7382de624fb94dbaf6da11977bba1ecd427/out/vs/workbench/api/node/extensionHostProcess.js:119:1424)
	at ps (file:///home/olga/.vscode-server/bin/384ff7382de624fb94dbaf6da11977bba1ecd427/out/vs/workbench/api/node/extensionHostProcess.js:174:15058)
	at gh.value (file:///home/olga/.vscode-server/bin/384ff7382de624fb94dbaf6da11977bba1ecd427/out/vs/workbench/api/node/extensionHostProcess.js:174:13218)
	at T.B (file:///home/olga/.vscode-server/bin/384ff7382de624fb94dbaf6da11977bba1ecd427/out/vs/workbench/api/node/extensionHostProcess.js:29:732)
	at T.fire (file:///home/olga/.vscode-server/bin/384ff7382de624fb94dbaf6da11977bba1ecd427/out/vs/workbench/api/node/extensionHostProcess.js:29:950)
	at no.fire (file:///home/olga/.vscode-server/bin/384ff7382de624fb94dbaf6da11977bba1ecd427/out/vs/workbench/api/node/extensionHostProcess.js:31:9399)
	at Im.A (file:///home/olga/.vscode-server/bin/384ff7382de624fb94dbaf6da11977bba1ecd427/out/vs/workbench/api/node/extensionHostProcess.js:31:12515)
	at gh.value (file:///home/olga/.vscode-server/bin/384ff7382de624fb94dbaf6da11977bba1ecd427/out/vs/workbench/api/node/extensionHostProcess.js:31:10935)
	at T.B (file:///home/olga/.vscode-server/bin/384ff7382de624fb94dbaf6da11977bba1ecd427/out/vs/workbench/api/node/extensionHostProcess.js:29:732)
	at T.fire (file:///home/olga/.vscode-server/bin/384ff7382de624fb94dbaf6da11977bba1ecd427/out/vs/workbench/api/node/extensionHostProcess.js:29:950)
	at m5.acceptChunk (file:///home/olga/.vscode-server/bin/384ff7382de624fb94dbaf6da11977bba1ecd427/out/vs/workbench/api/node/extensionHostProcess.js:31:7880)
	at gh.value (file:///home/olga/.vscode-server/bin/384ff7382de624fb94dbaf6da11977bba1ecd427/out/vs/workbench/api/node/extensionHostProcess.js:31:7166)
	at T.B (file:///home/olga/.vscode-server/bin/384ff7382de624fb94dbaf6da11977bba1ecd427/out/vs/workbench/api/node/extensionHostProcess.js:29:732)
	at T.fire (file:///home/olga/.vscode-server/bin/384ff7382de624fb94dbaf6da11977bba1ecd427/out/vs/workbench/api/node/extensionHostProcess.js:29:950)
	at _2.z (file:///home/olga/.vscode-server/bin/384ff7382de624fb94dbaf6da11977bba1ecd427/out/vs/workbench/api/node/extensionHostProcess.js:31:21892)
	at _2.acceptFrame (file:///home/olga/.vscode-server/bin/384ff7382de624fb94dbaf6da11977bba1ecd427/out/vs/workbench/api/node/extensionHostProcess.js:31:21698)
	at z2.n (file:///home/olga/.vscode-server/bin/384ff7382de624fb94dbaf6da11977bba1ecd427/out/vs/workbench/api/node/extensionHostProcess.js:31:20224)
	at file:///home/olga/.vscode-server/bin/384ff7382de624fb94dbaf6da11977bba1ecd427/out/vs/workbench/api/node/extensionHostProcess.js:31:17454
	at Socket.t (file:///home/olga/.vscode-server/bin/384ff7382de624fb94dbaf6da11977bba1ecd427/out/vs/workbench/api/node/extensionHostProcess.js:31:15393)
	at Socket.emit (node:events:519:28)
	at addChunk (node:internal/streams/readable:559:12)
	at readableAddChunkPushByteMode (node:internal/streams/readable:510:3)
	at Readable.push (node:internal/streams/readable:390:5)
	at TCP.onStreamRead (node:internal/stream_base_commons:191:23) setContext undefined
2024-11-04 14:01:52.596 [error] Canceled: Canceled
	at new eA (file:///home/olga/.vscode-server/bin/384ff7382de624fb94dbaf6da11977bba1ecd427/out/vs/workbench/api/node/extensionHostProcess.js:31:151177)
	at Zb.U (file:///home/olga/.vscode-server/bin/384ff7382de624fb94dbaf6da11977bba1ecd427/out/vs/workbench/api/node/extensionHostProcess.js:31:155789)
	at s.<computed>.n.charCodeAt.s.<computed> (file:///home/olga/.vscode-server/bin/384ff7382de624fb94dbaf6da11977bba1ecd427/out/vs/workbench/api/node/extensionHostProcess.js:31:153283)
	at T0.g (file:///home/olga/.vscode-server/bin/384ff7382de624fb94dbaf6da11977bba1ecd427/out/vs/workbench/api/node/extensionHostProcess.js:114:32325)
	at T0.executeCommand (file:///home/olga/.vscode-server/bin/384ff7382de624fb94dbaf6da11977bba1ecd427/out/vs/workbench/api/node/extensionHostProcess.js:114:31826)
	at r.registerCommand.description (file:///home/olga/.vscode-server/bin/384ff7382de624fb94dbaf6da11977bba1ecd427/out/vs/workbench/api/node/extensionHostProcess.js:114:31156)
	at T0.h (file:///home/olga/.vscode-server/bin/384ff7382de624fb94dbaf6da11977bba1ecd427/out/vs/workbench/api/node/extensionHostProcess.js:114:32845)
	at T0.g (file:///home/olga/.vscode-server/bin/384ff7382de624fb94dbaf6da11977bba1ecd427/out/vs/workbench/api/node/extensionHostProcess.js:114:31919)
	at T0.executeCommand (file:///home/olga/.vscode-server/bin/384ff7382de624fb94dbaf6da11977bba1ecd427/out/vs/workbench/api/node/extensionHostProcess.js:114:31826)
	at Object.executeCommand (file:///home/olga/.vscode-server/bin/384ff7382de624fb94dbaf6da11977bba1ecd427/out/vs/workbench/api/node/extensionHostProcess.js:156:37049)
	at gh.O [as value] (/home/olga/.vscode-server/bin/384ff7382de624fb94dbaf6da11977bba1ecd427/extensions/git/dist/main.js:2:953034)
	at T.B (file:///home/olga/.vscode-server/bin/384ff7382de624fb94dbaf6da11977bba1ecd427/out/vs/workbench/api/node/extensionHostProcess.js:29:732)
	at T.C (file:///home/olga/.vscode-server/bin/384ff7382de624fb94dbaf6da11977bba1ecd427/out/vs/workbench/api/node/extensionHostProcess.js:29:802)
	at T.fire (file:///home/olga/.vscode-server/bin/384ff7382de624fb94dbaf6da11977bba1ecd427/out/vs/workbench/api/node/extensionHostProcess.js:29:1019)
	at Object.p [as dispose] (/home/olga/.vscode-server/bin/384ff7382de624fb94dbaf6da11977bba1ecd427/extensions/git/dist/main.js:2:973612)
	at /home/olga/.vscode-server/bin/384ff7382de624fb94dbaf6da11977bba1ecd427/extensions/git/dist/main.js:2:979734
	at Array.forEach (<anonymous>)
	at f.dispose (/home/olga/.vscode-server/bin/384ff7382de624fb94dbaf6da11977bba1ecd427/extensions/git/dist/main.js:2:979720)
	at D1.<anonymous> (file:///home/olga/.vscode-server/bin/384ff7382de624fb94dbaf6da11977bba1ecd427/out/vs/workbench/api/node/extensionHostProcess.js:108:19996)
	at D1.dispose (file:///home/olga/.vscode-server/bin/384ff7382de624fb94dbaf6da11977bba1ecd427/out/vs/workbench/api/node/extensionHostProcess.js:108:20092)
	at D1.<anonymous> (/home/olga/.vscode-server/bin/384ff7382de624fb94dbaf6da11977bba1ecd427/extensions/git/dist/main.js:2:955332)
	at D1.dispose (file:///home/olga/.vscode-server/bin/384ff7382de624fb94dbaf6da11977bba1ecd427/out/vs/workbench/api/node/extensionHostProcess.js:108:20092)
	at Si (file:///home/olga/.vscode-server/bin/384ff7382de624fb94dbaf6da11977bba1ecd427/out/vs/workbench/api/node/extensionHostProcess.js:24:701)
	at file:///home/olga/.vscode-server/bin/384ff7382de624fb94dbaf6da11977bba1ecd427/out/vs/workbench/api/node/extensionHostProcess.js:118:14995
	at file:///home/olga/.vscode-server/bin/384ff7382de624fb94dbaf6da11977bba1ecd427/out/vs/workbench/api/node/extensionHostProcess.js:24:1011
	at Object.dispose (file:///home/olga/.vscode-server/bin/384ff7382de624fb94dbaf6da11977bba1ecd427/out/vs/workbench/api/node/extensionHostProcess.js:7:2146)
	at hB.eb (file:///home/olga/.vscode-server/bin/384ff7382de624fb94dbaf6da11977bba1ecd427/out/vs/workbench/api/node/extensionHostProcess.js:118:11922)
	at file:///home/olga/.vscode-server/bin/384ff7382de624fb94dbaf6da11977bba1ecd427/out/vs/workbench/api/node/extensionHostProcess.js:118:9877
	at Array.map (<anonymous>)
	at hB.$ (file:///home/olga/.vscode-server/bin/384ff7382de624fb94dbaf6da11977bba1ecd427/out/vs/workbench/api/node/extensionHostProcess.js:118:9865)
	at hB.terminate (file:///home/olga/.vscode-server/bin/384ff7382de624fb94dbaf6da11977bba1ecd427/out/vs/workbench/api/node/extensionHostProcess.js:118:10108)
	at M3.terminate (file:///home/olga/.vscode-server/bin/384ff7382de624fb94dbaf6da11977bba1ecd427/out/vs/workbench/api/node/extensionHostProcess.js:119:1424)
	at ps (file:///home/olga/.vscode-server/bin/384ff7382de624fb94dbaf6da11977bba1ecd427/out/vs/workbench/api/node/extensionHostProcess.js:174:15058)
	at gh.value (file:///home/olga/.vscode-server/bin/384ff7382de624fb94dbaf6da11977bba1ecd427/out/vs/workbench/api/node/extensionHostProcess.js:174:13218)
	at T.B (file:///home/olga/.vscode-server/bin/384ff7382de624fb94dbaf6da11977bba1ecd427/out/vs/workbench/api/node/extensionHostProcess.js:29:732)
	at T.fire (file:///home/olga/.vscode-server/bin/384ff7382de624fb94dbaf6da11977bba1ecd427/out/vs/workbench/api/node/extensionHostProcess.js:29:950)
	at no.fire (file:///home/olga/.vscode-server/bin/384ff7382de624fb94dbaf6da11977bba1ecd427/out/vs/workbench/api/node/extensionHostProcess.js:31:9399)
	at Im.A (file:///home/olga/.vscode-server/bin/384ff7382de624fb94dbaf6da11977bba1ecd427/out/vs/workbench/api/node/extensionHostProcess.js:31:12515)
	at gh.value (file:///home/olga/.vscode-server/bin/384ff7382de624fb94dbaf6da11977bba1ecd427/out/vs/workbench/api/node/extensionHostProcess.js:31:10935)
	at T.B (file:///home/olga/.vscode-server/bin/384ff7382de624fb94dbaf6da11977bba1ecd427/out/vs/workbench/api/node/extensionHostProcess.js:29:732)
	at T.fire (file:///home/olga/.vscode-server/bin/384ff7382de624fb94dbaf6da11977bba1ecd427/out/vs/workbench/api/node/extensionHostProcess.js:29:950)
	at m5.acceptChunk (file:///home/olga/.vscode-server/bin/384ff7382de624fb94dbaf6da11977bba1ecd427/out/vs/workbench/api/node/extensionHostProcess.js:31:7880)
	at gh.value (file:///home/olga/.vscode-server/bin/384ff7382de624fb94dbaf6da11977bba1ecd427/out/vs/workbench/api/node/extensionHostProcess.js:31:7166)
	at T.B (file:///home/olga/.vscode-server/bin/384ff7382de624fb94dbaf6da11977bba1ecd427/out/vs/workbench/api/node/extensionHostProcess.js:29:732)
	at T.fire (file:///home/olga/.vscode-server/bin/384ff7382de624fb94dbaf6da11977bba1ecd427/out/vs/workbench/api/node/extensionHostProcess.js:29:950)
	at _2.z (file:///home/olga/.vscode-server/bin/384ff7382de624fb94dbaf6da11977bba1ecd427/out/vs/workbench/api/node/extensionHostProcess.js:31:21892)
	at _2.acceptFrame (file:///home/olga/.vscode-server/bin/384ff7382de624fb94dbaf6da11977bba1ecd427/out/vs/workbench/api/node/extensionHostProcess.js:31:21698)
	at z2.n (file:///home/olga/.vscode-server/bin/384ff7382de624fb94dbaf6da11977bba1ecd427/out/vs/workbench/api/node/extensionHostProcess.js:31:20224)
	at file:///home/olga/.vscode-server/bin/384ff7382de624fb94dbaf6da11977bba1ecd427/out/vs/workbench/api/node/extensionHostProcess.js:31:17454
	at Socket.t (file:///home/olga/.vscode-server/bin/384ff7382de624fb94dbaf6da11977bba1ecd427/out/vs/workbench/api/node/extensionHostProcess.js:31:15393)
	at Socket.emit (node:events:519:28)
	at addChunk (node:internal/streams/readable:559:12)
	at readableAddChunkPushByteMode (node:internal/streams/readable:510:3)
	at Readable.push (node:internal/streams/readable:390:5)
	at TCP.onStreamRead (node:internal/stream_base_commons:191:23) setContext undefined
2024-11-04 14:01:52.597 [error] Canceled: Canceled
	at new eA (file:///home/olga/.vscode-server/bin/384ff7382de624fb94dbaf6da11977bba1ecd427/out/vs/workbench/api/node/extensionHostProcess.js:31:151177)
	at Zb.U (file:///home/olga/.vscode-server/bin/384ff7382de624fb94dbaf6da11977bba1ecd427/out/vs/workbench/api/node/extensionHostProcess.js:31:155789)
	at s.<computed>.n.charCodeAt.s.<computed> (file:///home/olga/.vscode-server/bin/384ff7382de624fb94dbaf6da11977bba1ecd427/out/vs/workbench/api/node/extensionHostProcess.js:31:153283)
	at T0.g (file:///home/olga/.vscode-server/bin/384ff7382de624fb94dbaf6da11977bba1ecd427/out/vs/workbench/api/node/extensionHostProcess.js:114:32325)
	at T0.executeCommand (file:///home/olga/.vscode-server/bin/384ff7382de624fb94dbaf6da11977bba1ecd427/out/vs/workbench/api/node/extensionHostProcess.js:114:31826)
	at r.registerCommand.description (file:///home/olga/.vscode-server/bin/384ff7382de624fb94dbaf6da11977bba1ecd427/out/vs/workbench/api/node/extensionHostProcess.js:114:31156)
	at T0.h (file:///home/olga/.vscode-server/bin/384ff7382de624fb94dbaf6da11977bba1ecd427/out/vs/workbench/api/node/extensionHostProcess.js:114:32845)
	at T0.g (file:///home/olga/.vscode-server/bin/384ff7382de624fb94dbaf6da11977bba1ecd427/out/vs/workbench/api/node/extensionHostProcess.js:114:31919)
	at T0.executeCommand (file:///home/olga/.vscode-server/bin/384ff7382de624fb94dbaf6da11977bba1ecd427/out/vs/workbench/api/node/extensionHostProcess.js:114:31826)
	at Object.executeCommand (file:///home/olga/.vscode-server/bin/384ff7382de624fb94dbaf6da11977bba1ecd427/out/vs/workbench/api/node/extensionHostProcess.js:156:37049)
	at gh.O [as value] (/home/olga/.vscode-server/bin/384ff7382de624fb94dbaf6da11977bba1ecd427/extensions/git/dist/main.js:2:953034)
	at T.B (file:///home/olga/.vscode-server/bin/384ff7382de624fb94dbaf6da11977bba1ecd427/out/vs/workbench/api/node/extensionHostProcess.js:29:732)
	at T.C (file:///home/olga/.vscode-server/bin/384ff7382de624fb94dbaf6da11977bba1ecd427/out/vs/workbench/api/node/extensionHostProcess.js:29:802)
	at T.fire (file:///home/olga/.vscode-server/bin/384ff7382de624fb94dbaf6da11977bba1ecd427/out/vs/workbench/api/node/extensionHostProcess.js:29:1019)
	at Object.p [as dispose] (/home/olga/.vscode-server/bin/384ff7382de624fb94dbaf6da11977bba1ecd427/extensions/git/dist/main.js:2:973612)
	at /home/olga/.vscode-server/bin/384ff7382de624fb94dbaf6da11977bba1ecd427/extensions/git/dist/main.js:2:979734
	at Array.forEach (<anonymous>)
	at f.dispose (/home/olga/.vscode-server/bin/384ff7382de624fb94dbaf6da11977bba1ecd427/extensions/git/dist/main.js:2:979720)
	at D1.<anonymous> (file:///home/olga/.vscode-server/bin/384ff7382de624fb94dbaf6da11977bba1ecd427/out/vs/workbench/api/node/extensionHostProcess.js:108:19996)
	at D1.dispose (file:///home/olga/.vscode-server/bin/384ff7382de624fb94dbaf6da11977bba1ecd427/out/vs/workbench/api/node/extensionHostProcess.js:108:20092)
	at D1.<anonymous> (/home/olga/.vscode-server/bin/384ff7382de624fb94dbaf6da11977bba1ecd427/extensions/git/dist/main.js:2:955332)
	at D1.dispose (file:///home/olga/.vscode-server/bin/384ff7382de624fb94dbaf6da11977bba1ecd427/out/vs/workbench/api/node/extensionHostProcess.js:108:20092)
	at Si (file:///home/olga/.vscode-server/bin/384ff7382de624fb94dbaf6da11977bba1ecd427/out/vs/workbench/api/node/extensionHostProcess.js:24:701)
	at file:///home/olga/.vscode-server/bin/384ff7382de624fb94dbaf6da11977bba1ecd427/out/vs/workbench/api/node/extensionHostProcess.js:118:14995
	at file:///home/olga/.vscode-server/bin/384ff7382de624fb94dbaf6da11977bba1ecd427/out/vs/workbench/api/node/extensionHostProcess.js:24:1011
	at Object.dispose (file:///home/olga/.vscode-server/bin/384ff7382de624fb94dbaf6da11977bba1ecd427/out/vs/workbench/api/node/extensionHostProcess.js:7:2146)
	at hB.eb (file:///home/olga/.vscode-server/bin/384ff7382de624fb94dbaf6da11977bba1ecd427/out/vs/workbench/api/node/extensionHostProcess.js:118:11922)
	at file:///home/olga/.vscode-server/bin/384ff7382de624fb94dbaf6da11977bba1ecd427/out/vs/workbench/api/node/extensionHostProcess.js:118:9877
	at Array.map (<anonymous>)
	at hB.$ (file:///home/olga/.vscode-server/bin/384ff7382de624fb94dbaf6da11977bba1ecd427/out/vs/workbench/api/node/extensionHostProcess.js:118:9865)
	at hB.terminate (file:///home/olga/.vscode-server/bin/384ff7382de624fb94dbaf6da11977bba1ecd427/out/vs/workbench/api/node/extensionHostProcess.js:118:10108)
	at M3.terminate (file:///home/olga/.vscode-server/bin/384ff7382de624fb94dbaf6da11977bba1ecd427/out/vs/workbench/api/node/extensionHostProcess.js:119:1424)
	at ps (file:///home/olga/.vscode-server/bin/384ff7382de624fb94dbaf6da11977bba1ecd427/out/vs/workbench/api/node/extensionHostProcess.js:174:15058)
	at gh.value (file:///home/olga/.vscode-server/bin/384ff7382de624fb94dbaf6da11977bba1ecd427/out/vs/workbench/api/node/extensionHostProcess.js:174:13218)
	at T.B (file:///home/olga/.vscode-server/bin/384ff7382de624fb94dbaf6da11977bba1ecd427/out/vs/workbench/api/node/extensionHostProcess.js:29:732)
	at T.fire (file:///home/olga/.vscode-server/bin/384ff7382de624fb94dbaf6da11977bba1ecd427/out/vs/workbench/api/node/extensionHostProcess.js:29:950)
	at no.fire (file:///home/olga/.vscode-server/bin/384ff7382de624fb94dbaf6da11977bba1ecd427/out/vs/workbench/api/node/extensionHostProcess.js:31:9399)
	at Im.A (file:///home/olga/.vscode-server/bin/384ff7382de624fb94dbaf6da11977bba1ecd427/out/vs/workbench/api/node/extensionHostProcess.js:31:12515)
	at gh.value (file:///home/olga/.vscode-server/bin/384ff7382de624fb94dbaf6da11977bba1ecd427/out/vs/workbench/api/node/extensionHostProcess.js:31:10935)
	at T.B (file:///home/olga/.vscode-server/bin/384ff7382de624fb94dbaf6da11977bba1ecd427/out/vs/workbench/api/node/extensionHostProcess.js:29:732)
	at T.fire (file:///home/olga/.vscode-server/bin/384ff7382de624fb94dbaf6da11977bba1ecd427/out/vs/workbench/api/node/extensionHostProcess.js:29:950)
	at m5.acceptChunk (file:///home/olga/.vscode-server/bin/384ff7382de624fb94dbaf6da11977bba1ecd427/out/vs/workbench/api/node/extensionHostProcess.js:31:7880)
	at gh.value (file:///home/olga/.vscode-server/bin/384ff7382de624fb94dbaf6da11977bba1ecd427/out/vs/workbench/api/node/extensionHostProcess.js:31:7166)
	at T.B (file:///home/olga/.vscode-server/bin/384ff7382de624fb94dbaf6da11977bba1ecd427/out/vs/workbench/api/node/extensionHostProcess.js:29:732)
	at T.fire (file:///home/olga/.vscode-server/bin/384ff7382de624fb94dbaf6da11977bba1ecd427/out/vs/workbench/api/node/extensionHostProcess.js:29:950)
	at _2.z (file:///home/olga/.vscode-server/bin/384ff7382de624fb94dbaf6da11977bba1ecd427/out/vs/workbench/api/node/extensionHostProcess.js:31:21892)
	at _2.acceptFrame (file:///home/olga/.vscode-server/bin/384ff7382de624fb94dbaf6da11977bba1ecd427/out/vs/workbench/api/node/extensionHostProcess.js:31:21698)
	at z2.n (file:///home/olga/.vscode-server/bin/384ff7382de624fb94dbaf6da11977bba1ecd427/out/vs/workbench/api/node/extensionHostProcess.js:31:20224)
	at file:///home/olga/.vscode-server/bin/384ff7382de624fb94dbaf6da11977bba1ecd427/out/vs/workbench/api/node/extensionHostProcess.js:31:17454
	at Socket.t (file:///home/olga/.vscode-server/bin/384ff7382de624fb94dbaf6da11977bba1ecd427/out/vs/workbench/api/node/extensionHostProcess.js:31:15393)
	at Socket.emit (node:events:519:28)
	at addChunk (node:internal/streams/readable:559:12)
	at readableAddChunkPushByteMode (node:internal/streams/readable:510:3)
	at Readable.push (node:internal/streams/readable:390:5)
	at TCP.onStreamRead (node:internal/stream_base_commons:191:23) setContext undefined
2024-11-04 14:01:52.597 [error] Canceled: Canceled
	at new eA (file:///home/olga/.vscode-server/bin/384ff7382de624fb94dbaf6da11977bba1ecd427/out/vs/workbench/api/node/extensionHostProcess.js:31:151177)
	at Zb.U (file:///home/olga/.vscode-server/bin/384ff7382de624fb94dbaf6da11977bba1ecd427/out/vs/workbench/api/node/extensionHostProcess.js:31:155789)
	at s.<computed>.n.charCodeAt.s.<computed> (file:///home/olga/.vscode-server/bin/384ff7382de624fb94dbaf6da11977bba1ecd427/out/vs/workbench/api/node/extensionHostProcess.js:31:153283)
	at T0.g (file:///home/olga/.vscode-server/bin/384ff7382de624fb94dbaf6da11977bba1ecd427/out/vs/workbench/api/node/extensionHostProcess.js:114:32325)
	at T0.executeCommand (file:///home/olga/.vscode-server/bin/384ff7382de624fb94dbaf6da11977bba1ecd427/out/vs/workbench/api/node/extensionHostProcess.js:114:31826)
	at r.registerCommand.description (file:///home/olga/.vscode-server/bin/384ff7382de624fb94dbaf6da11977bba1ecd427/out/vs/workbench/api/node/extensionHostProcess.js:114:31156)
	at T0.h (file:///home/olga/.vscode-server/bin/384ff7382de624fb94dbaf6da11977bba1ecd427/out/vs/workbench/api/node/extensionHostProcess.js:114:32845)
	at T0.g (file:///home/olga/.vscode-server/bin/384ff7382de624fb94dbaf6da11977bba1ecd427/out/vs/workbench/api/node/extensionHostProcess.js:114:31919)
	at T0.executeCommand (file:///home/olga/.vscode-server/bin/384ff7382de624fb94dbaf6da11977bba1ecd427/out/vs/workbench/api/node/extensionHostProcess.js:114:31826)
	at Object.executeCommand (file:///home/olga/.vscode-server/bin/384ff7382de624fb94dbaf6da11977bba1ecd427/out/vs/workbench/api/node/extensionHostProcess.js:156:37049)
	at gh.O [as value] (/home/olga/.vscode-server/bin/384ff7382de624fb94dbaf6da11977bba1ecd427/extensions/git/dist/main.js:2:953034)
	at T.B (file:///home/olga/.vscode-server/bin/384ff7382de624fb94dbaf6da11977bba1ecd427/out/vs/workbench/api/node/extensionHostProcess.js:29:732)
	at T.C (file:///home/olga/.vscode-server/bin/384ff7382de624fb94dbaf6da11977bba1ecd427/out/vs/workbench/api/node/extensionHostProcess.js:29:802)
	at T.fire (file:///home/olga/.vscode-server/bin/384ff7382de624fb94dbaf6da11977bba1ecd427/out/vs/workbench/api/node/extensionHostProcess.js:29:1019)
	at Object.p [as dispose] (/home/olga/.vscode-server/bin/384ff7382de624fb94dbaf6da11977bba1ecd427/extensions/git/dist/main.js:2:973612)
	at /home/olga/.vscode-server/bin/384ff7382de624fb94dbaf6da11977bba1ecd427/extensions/git/dist/main.js:2:979734
	at Array.forEach (<anonymous>)
	at f.dispose (/home/olga/.vscode-server/bin/384ff7382de624fb94dbaf6da11977bba1ecd427/extensions/git/dist/main.js:2:979720)
	at D1.<anonymous> (file:///home/olga/.vscode-server/bin/384ff7382de624fb94dbaf6da11977bba1ecd427/out/vs/workbench/api/node/extensionHostProcess.js:108:19996)
	at D1.dispose (file:///home/olga/.vscode-server/bin/384ff7382de624fb94dbaf6da11977bba1ecd427/out/vs/workbench/api/node/extensionHostProcess.js:108:20092)
	at D1.<anonymous> (/home/olga/.vscode-server/bin/384ff7382de624fb94dbaf6da11977bba1ecd427/extensions/git/dist/main.js:2:955332)
	at D1.dispose (file:///home/olga/.vscode-server/bin/384ff7382de624fb94dbaf6da11977bba1ecd427/out/vs/workbench/api/node/extensionHostProcess.js:108:20092)
	at Si (file:///home/olga/.vscode-server/bin/384ff7382de624fb94dbaf6da11977bba1ecd427/out/vs/workbench/api/node/extensionHostProcess.js:24:701)
	at file:///home/olga/.vscode-server/bin/384ff7382de624fb94dbaf6da11977bba1ecd427/out/vs/workbench/api/node/extensionHostProcess.js:118:14995
	at file:///home/olga/.vscode-server/bin/384ff7382de624fb94dbaf6da11977bba1ecd427/out/vs/workbench/api/node/extensionHostProcess.js:24:1011
	at Object.dispose (file:///home/olga/.vscode-server/bin/384ff7382de624fb94dbaf6da11977bba1ecd427/out/vs/workbench/api/node/extensionHostProcess.js:7:2146)
	at hB.eb (file:///home/olga/.vscode-server/bin/384ff7382de624fb94dbaf6da11977bba1ecd427/out/vs/workbench/api/node/extensionHostProcess.js:118:11922)
	at file:///home/olga/.vscode-server/bin/384ff7382de624fb94dbaf6da11977bba1ecd427/out/vs/workbench/api/node/extensionHostProcess.js:118:9877
	at Array.map (<anonymous>)
	at hB.$ (file:///home/olga/.vscode-server/bin/384ff7382de624fb94dbaf6da11977bba1ecd427/out/vs/workbench/api/node/extensionHostProcess.js:118:9865)
	at hB.terminate (file:///home/olga/.vscode-server/bin/384ff7382de624fb94dbaf6da11977bba1ecd427/out/vs/workbench/api/node/extensionHostProcess.js:118:10108)
	at M3.terminate (file:///home/olga/.vscode-server/bin/384ff7382de624fb94dbaf6da11977bba1ecd427/out/vs/workbench/api/node/extensionHostProcess.js:119:1424)
	at ps (file:///home/olga/.vscode-server/bin/384ff7382de624fb94dbaf6da11977bba1ecd427/out/vs/workbench/api/node/extensionHostProcess.js:174:15058)
	at gh.value (file:///home/olga/.vscode-server/bin/384ff7382de624fb94dbaf6da11977bba1ecd427/out/vs/workbench/api/node/extensionHostProcess.js:174:13218)
	at T.B (file:///home/olga/.vscode-server/bin/384ff7382de624fb94dbaf6da11977bba1ecd427/out/vs/workbench/api/node/extensionHostProcess.js:29:732)
	at T.fire (file:///home/olga/.vscode-server/bin/384ff7382de624fb94dbaf6da11977bba1ecd427/out/vs/workbench/api/node/extensionHostProcess.js:29:950)
	at no.fire (file:///home/olga/.vscode-server/bin/384ff7382de624fb94dbaf6da11977bba1ecd427/out/vs/workbench/api/node/extensionHostProcess.js:31:9399)
	at Im.A (file:///home/olga/.vscode-server/bin/384ff7382de624fb94dbaf6da11977bba1ecd427/out/vs/workbench/api/node/extensionHostProcess.js:31:12515)
	at gh.value (file:///home/olga/.vscode-server/bin/384ff7382de624fb94dbaf6da11977bba1ecd427/out/vs/workbench/api/node/extensionHostProcess.js:31:10935)
	at T.B (file:///home/olga/.vscode-server/bin/384ff7382de624fb94dbaf6da11977bba1ecd427/out/vs/workbench/api/node/extensionHostProcess.js:29:732)
	at T.fire (file:///home/olga/.vscode-server/bin/384ff7382de624fb94dbaf6da11977bba1ecd427/out/vs/workbench/api/node/extensionHostProcess.js:29:950)
	at m5.acceptChunk (file:///home/olga/.vscode-server/bin/384ff7382de624fb94dbaf6da11977bba1ecd427/out/vs/workbench/api/node/extensionHostProcess.js:31:7880)
	at gh.value (file:///home/olga/.vscode-server/bin/384ff7382de624fb94dbaf6da11977bba1ecd427/out/vs/workbench/api/node/extensionHostProcess.js:31:7166)
	at T.B (file:///home/olga/.vscode-server/bin/384ff7382de624fb94dbaf6da11977bba1ecd427/out/vs/workbench/api/node/extensionHostProcess.js:29:732)
	at T.fire (file:///home/olga/.vscode-server/bin/384ff7382de624fb94dbaf6da11977bba1ecd427/out/vs/workbench/api/node/extensionHostProcess.js:29:950)
	at _2.z (file:///home/olga/.vscode-server/bin/384ff7382de624fb94dbaf6da11977bba1ecd427/out/vs/workbench/api/node/extensionHostProcess.js:31:21892)
	at _2.acceptFrame (file:///home/olga/.vscode-server/bin/384ff7382de624fb94dbaf6da11977bba1ecd427/out/vs/workbench/api/node/extensionHostProcess.js:31:21698)
	at z2.n (file:///home/olga/.vscode-server/bin/384ff7382de624fb94dbaf6da11977bba1ecd427/out/vs/workbench/api/node/extensionHostProcess.js:31:20224)
	at file:///home/olga/.vscode-server/bin/384ff7382de624fb94dbaf6da11977bba1ecd427/out/vs/workbench/api/node/extensionHostProcess.js:31:17454
	at Socket.t (file:///home/olga/.vscode-server/bin/384ff7382de624fb94dbaf6da11977bba1ecd427/out/vs/workbench/api/node/extensionHostProcess.js:31:15393)
	at Socket.emit (node:events:519:28)
	at addChunk (node:internal/streams/readable:559:12)
	at readableAddChunkPushByteMode (node:internal/streams/readable:510:3)
	at Readable.push (node:internal/streams/readable:390:5)
	at TCP.onStreamRead (node:internal/stream_base_commons:191:23) setContext undefined
2024-11-04 14:01:52.609 [error] Canceled: Canceled
	at new eA (file:///home/olga/.vscode-server/bin/384ff7382de624fb94dbaf6da11977bba1ecd427/out/vs/workbench/api/node/extensionHostProcess.js:31:151177)
	at Zb.U (file:///home/olga/.vscode-server/bin/384ff7382de624fb94dbaf6da11977bba1ecd427/out/vs/workbench/api/node/extensionHostProcess.js:31:155789)
	at s.<computed>.n.charCodeAt.s.<computed> (file:///home/olga/.vscode-server/bin/384ff7382de624fb94dbaf6da11977bba1ecd427/out/vs/workbench/api/node/extensionHostProcess.js:31:153283)
	at T0.g (file:///home/olga/.vscode-server/bin/384ff7382de624fb94dbaf6da11977bba1ecd427/out/vs/workbench/api/node/extensionHostProcess.js:114:32325)
	at T0.executeCommand (file:///home/olga/.vscode-server/bin/384ff7382de624fb94dbaf6da11977bba1ecd427/out/vs/workbench/api/node/extensionHostProcess.js:114:31826)
	at r.registerCommand.description (file:///home/olga/.vscode-server/bin/384ff7382de624fb94dbaf6da11977bba1ecd427/out/vs/workbench/api/node/extensionHostProcess.js:114:31156)
	at T0.h (file:///home/olga/.vscode-server/bin/384ff7382de624fb94dbaf6da11977bba1ecd427/out/vs/workbench/api/node/extensionHostProcess.js:114:32845)
	at T0.g (file:///home/olga/.vscode-server/bin/384ff7382de624fb94dbaf6da11977bba1ecd427/out/vs/workbench/api/node/extensionHostProcess.js:114:31919)
	at T0.executeCommand (file:///home/olga/.vscode-server/bin/384ff7382de624fb94dbaf6da11977bba1ecd427/out/vs/workbench/api/node/extensionHostProcess.js:114:31826)
	at Object.executeCommand (file:///home/olga/.vscode-server/bin/384ff7382de624fb94dbaf6da11977bba1ecd427/out/vs/workbench/api/node/extensionHostProcess.js:156:37049)
	at set hasGitHubRepositories [as hasGitHubRepositories] (/home/olga/.vscode-server/bin/384ff7382de624fb94dbaf6da11977bba1ecd427/extensions/github/dist/extension.js:2:321578)
	at /home/olga/.vscode-server/bin/384ff7382de624fb94dbaf6da11977bba1ecd427/extensions/github/dist/extension.js:2:322537
	at gh.value (/home/olga/.vscode-server/bin/384ff7382de624fb94dbaf6da11977bba1ecd427/extensions/git/dist/main.js:2:1061875)
	at T.B (file:///home/olga/.vscode-server/bin/384ff7382de624fb94dbaf6da11977bba1ecd427/out/vs/workbench/api/node/extensionHostProcess.js:29:732)
	at T.C (file:///home/olga/.vscode-server/bin/384ff7382de624fb94dbaf6da11977bba1ecd427/out/vs/workbench/api/node/extensionHostProcess.js:29:802)
	at T.fire (file:///home/olga/.vscode-server/bin/384ff7382de624fb94dbaf6da11977bba1ecd427/out/vs/workbench/api/node/extensionHostProcess.js:29:1019)
	at Object.p [as dispose] (/home/olga/.vscode-server/bin/384ff7382de624fb94dbaf6da11977bba1ecd427/extensions/git/dist/main.js:2:973612)
	at /home/olga/.vscode-server/bin/384ff7382de624fb94dbaf6da11977bba1ecd427/extensions/git/dist/main.js:2:979734
	at Array.forEach (<anonymous>)
	at f.dispose (/home/olga/.vscode-server/bin/384ff7382de624fb94dbaf6da11977bba1ecd427/extensions/git/dist/main.js:2:979720)
	at D1.<anonymous> (file:///home/olga/.vscode-server/bin/384ff7382de624fb94dbaf6da11977bba1ecd427/out/vs/workbench/api/node/extensionHostProcess.js:108:19996)
	at D1.dispose (file:///home/olga/.vscode-server/bin/384ff7382de624fb94dbaf6da11977bba1ecd427/out/vs/workbench/api/node/extensionHostProcess.js:108:20092)
	at D1.<anonymous> (/home/olga/.vscode-server/bin/384ff7382de624fb94dbaf6da11977bba1ecd427/extensions/git/dist/main.js:2:955332)
	at D1.dispose (file:///home/olga/.vscode-server/bin/384ff7382de624fb94dbaf6da11977bba1ecd427/out/vs/workbench/api/node/extensionHostProcess.js:108:20092)
	at Si (file:///home/olga/.vscode-server/bin/384ff7382de624fb94dbaf6da11977bba1ecd427/out/vs/workbench/api/node/extensionHostProcess.js:24:701)
	at file:///home/olga/.vscode-server/bin/384ff7382de624fb94dbaf6da11977bba1ecd427/out/vs/workbench/api/node/extensionHostProcess.js:118:14995
	at file:///home/olga/.vscode-server/bin/384ff7382de624fb94dbaf6da11977bba1ecd427/out/vs/workbench/api/node/extensionHostProcess.js:24:1011
	at Object.dispose (file:///home/olga/.vscode-server/bin/384ff7382de624fb94dbaf6da11977bba1ecd427/out/vs/workbench/api/node/extensionHostProcess.js:7:2146)
	at hB.eb (file:///home/olga/.vscode-server/bin/384ff7382de624fb94dbaf6da11977bba1ecd427/out/vs/workbench/api/node/extensionHostProcess.js:118:11922)
	at file:///home/olga/.vscode-server/bin/384ff7382de624fb94dbaf6da11977bba1ecd427/out/vs/workbench/api/node/extensionHostProcess.js:118:9877
	at Array.map (<anonymous>)
	at hB.$ (file:///home/olga/.vscode-server/bin/384ff7382de624fb94dbaf6da11977bba1ecd427/out/vs/workbench/api/node/extensionHostProcess.js:118:9865)
	at hB.terminate (file:///home/olga/.vscode-server/bin/384ff7382de624fb94dbaf6da11977bba1ecd427/out/vs/workbench/api/node/extensionHostProcess.js:118:10108)
	at M3.terminate (file:///home/olga/.vscode-server/bin/384ff7382de624fb94dbaf6da11977bba1ecd427/out/vs/workbench/api/node/extensionHostProcess.js:119:1424)
	at ps (file:///home/olga/.vscode-server/bin/384ff7382de624fb94dbaf6da11977bba1ecd427/out/vs/workbench/api/node/extensionHostProcess.js:174:15058)
	at gh.value (file:///home/olga/.vscode-server/bin/384ff7382de624fb94dbaf6da11977bba1ecd427/out/vs/workbench/api/node/extensionHostProcess.js:174:13218)
	at T.B (file:///home/olga/.vscode-server/bin/384ff7382de624fb94dbaf6da11977bba1ecd427/out/vs/workbench/api/node/extensionHostProcess.js:29:732)
	at T.fire (file:///home/olga/.vscode-server/bin/384ff7382de624fb94dbaf6da11977bba1ecd427/out/vs/workbench/api/node/extensionHostProcess.js:29:950)
	at no.fire (file:///home/olga/.vscode-server/bin/384ff7382de624fb94dbaf6da11977bba1ecd427/out/vs/workbench/api/node/extensionHostProcess.js:31:9399)
	at Im.A (file:///home/olga/.vscode-server/bin/384ff7382de624fb94dbaf6da11977bba1ecd427/out/vs/workbench/api/node/extensionHostProcess.js:31:12515)
	at gh.value (file:///home/olga/.vscode-server/bin/384ff7382de624fb94dbaf6da11977bba1ecd427/out/vs/workbench/api/node/extensionHostProcess.js:31:10935)
	at T.B (file:///home/olga/.vscode-server/bin/384ff7382de624fb94dbaf6da11977bba1ecd427/out/vs/workbench/api/node/extensionHostProcess.js:29:732)
	at T.fire (file:///home/olga/.vscode-server/bin/384ff7382de624fb94dbaf6da11977bba1ecd427/out/vs/workbench/api/node/extensionHostProcess.js:29:950)
	at m5.acceptChunk (file:///home/olga/.vscode-server/bin/384ff7382de624fb94dbaf6da11977bba1ecd427/out/vs/workbench/api/node/extensionHostProcess.js:31:7880)
	at gh.value (file:///home/olga/.vscode-server/bin/384ff7382de624fb94dbaf6da11977bba1ecd427/out/vs/workbench/api/node/extensionHostProcess.js:31:7166)
	at T.B (file:///home/olga/.vscode-server/bin/384ff7382de624fb94dbaf6da11977bba1ecd427/out/vs/workbench/api/node/extensionHostProcess.js:29:732)
	at T.fire (file:///home/olga/.vscode-server/bin/384ff7382de624fb94dbaf6da11977bba1ecd427/out/vs/workbench/api/node/extensionHostProcess.js:29:950)
	at _2.z (file:///home/olga/.vscode-server/bin/384ff7382de624fb94dbaf6da11977bba1ecd427/out/vs/workbench/api/node/extensionHostProcess.js:31:21892)
	at _2.acceptFrame (file:///home/olga/.vscode-server/bin/384ff7382de624fb94dbaf6da11977bba1ecd427/out/vs/workbench/api/node/extensionHostProcess.js:31:21698)
	at z2.n (file:///home/olga/.vscode-server/bin/384ff7382de624fb94dbaf6da11977bba1ecd427/out/vs/workbench/api/node/extensionHostProcess.js:31:20224)
	at file:///home/olga/.vscode-server/bin/384ff7382de624fb94dbaf6da11977bba1ecd427/out/vs/workbench/api/node/extensionHostProcess.js:31:17454
	at Socket.t (file:///home/olga/.vscode-server/bin/384ff7382de624fb94dbaf6da11977bba1ecd427/out/vs/workbench/api/node/extensionHostProcess.js:31:15393)
	at Socket.emit (node:events:519:28)
	at addChunk (node:internal/streams/readable:559:12)
	at readableAddChunkPushByteMode (node:internal/streams/readable:510:3)
	at Readable.push (node:internal/streams/readable:390:5)
	at TCP.onStreamRead (node:internal/stream_base_commons:191:23) setContext undefined
2024-11-04 14:01:52.814 [info] Extension host with pid 2766 exiting with code 0
